0	00:03:38.758	ax_adv_033_2 USDJPY,M5: USDJPY [SELLSTOP ]:(4109)trade is not allowed in the expert properties USDJPY lot=0.01 price=109.275 slippage=3 sl=109.323 tp=109.179 comment= exp=1492734005
0	00:13:45.115	ax_adv_033_2 GBPUSD,M5: GBPUSD [SELLSTOP ]:(4109)trade is not allowed in the expert properties GBPUSD lot=0.01 price=1.28126 slippage=3 sl=1.28170 tp=1.28038 comment= exp=1492734612
0	00:43:41.945	ax_adv_033_2 EURUSD,M5: EURUSD [SELLSTOP ]:(4109)trade is not allowed in the expert properties EURUSD lot=0.01 price=1.07122 slippage=3 sl=1.07170 tp=1.07026 comment= exp=1492736409
0	00:43:42.633	ax_adv_033_2 GBPUSD,M5: GBPUSD [SELLSTOP ]:(4109)trade is not allowed in the expert properties GBPUSD lot=0.01 price=1.28046 slippage=3 sl=1.28104 tp=1.27930 comment= exp=1492736409
0	00:48:38.849	ax_adv_033_2 GBPUSD,M5: GBPUSD [SELLSTOP ]:(4109)trade is not allowed in the expert properties GBPUSD lot=0.01 price=1.28060 slippage=3 sl=1.28107 tp=1.27966 comment= exp=1492736706
0	00:49:08.131	ax_adv_033_2 EURUSD,M5: EURUSD [SELLSTOP ]:(4109)trade is not allowed in the expert properties EURUSD lot=0.01 price=1.07121 slippage=3 sl=1.07163 tp=1.07037 comment= exp=1492736735
0	00:53:35.100	ax_adv_033_2 EURUSD,M5: EURUSD [SELLSTOP ]:(4109)trade is not allowed in the expert properties EURUSD lot=0.01 price=1.07120 slippage=3 sl=1.07163 tp=1.07034 comment= exp=1492737002
0	00:53:35.502	ax_adv_033_2 USDJPY,M5: USDJPY [SELLSTOP ]:(4109)trade is not allowed in the expert properties USDJPY lot=0.01 price=109.251 slippage=3 sl=109.292 tp=109.169 comment= exp=1492737002
0	00:53:37.510	ax_adv_033_2 GBPUSD,M5: GBPUSD [SELLSTOP ]:(4109)trade is not allowed in the expert properties GBPUSD lot=0.01 price=1.28056 slippage=3 sl=1.28115 tp=1.27938 comment= exp=1492737004
0	00:58:34.358	ax_adv_033_2 GBPUSD,M5: GBPUSD [SELLSTOP ]:(4109)trade is not allowed in the expert properties GBPUSD lot=0.01 price=1.28055 slippage=3 sl=1.28103 tp=1.27959 comment= exp=1492737301
0	00:58:34.358	ax_adv_033_2 EURUSD,M5: EURUSD [SELLSTOP ]:(4109)trade is not allowed in the expert properties EURUSD lot=0.01 price=1.07107 slippage=3 sl=1.07164 tp=1.06993 comment= exp=1492737301
0	00:58:34.360	ax_adv_033_2 USDJPY,M5: USDJPY [SELLSTOP ]:(4109)trade is not allowed in the expert properties USDJPY lot=0.01 price=109.254 slippage=3 sl=109.297 tp=109.168 comment= exp=1492737301
0	01:03:33.988	ax_adv_033_2 EURUSD,M5: EURUSD [SELLSTOP ]:(4109)trade is not allowed in the expert properties EURUSD lot=0.01 price=1.07087 slippage=3 sl=1.07161 tp=1.06939 comment= exp=1492737601
0	01:03:34.782	ax_adv_033_2 USDJPY,M5: USDJPY [SELLSTOP ]:(4109)trade is not allowed in the expert properties USDJPY lot=0.01 price=109.269 slippage=3 sl=109.320 tp=109.167 comment= exp=1492737601
0	01:03:34.783	ax_adv_033_2 GBPUSD,M5: GBPUSD [SELLSTOP ]:(4109)trade is not allowed in the expert properties GBPUSD lot=0.01 price=1.28048 slippage=3 sl=1.28104 tp=1.27936 comment= exp=1492737601
0	01:08:34.674	ax_adv_033_2 GBPUSD,M5: GBPUSD [SELLSTOP ]:(4109)trade is not allowed in the expert properties GBPUSD lot=0.01 price=1.28045 slippage=3 sl=1.28091 tp=1.27953 comment= exp=1492737901
0	01:08:34.885	ax_adv_033_2 USDJPY,M5: USDJPY [SELLSTOP ]:(4109)trade is not allowed in the expert properties USDJPY lot=0.01 price=109.291 slippage=3 sl=109.348 tp=109.177 comment= exp=1492737902
0	01:08:34.887	ax_adv_033_2 EURUSD,M5: EURUSD [BUYSTOP ]:(4109)trade is not allowed in the expert properties EURUSD lot=0.01 price=1.07152 slippage=3 sl=1.07097 tp=1.07262 comment= exp=1492737902
0	01:13:33.941	ax_adv_033_2 GBPUSD,M5: GBPUSD [SELLSTOP ]:(4109)trade is not allowed in the expert properties GBPUSD lot=0.01 price=1.28057 slippage=3 sl=1.28102 tp=1.27967 comment= exp=1492738201
0	01:13:34.138	ax_adv_033_2 USDJPY,M5: USDJPY [SELLSTOP ]:(4109)trade is not allowed in the expert properties USDJPY lot=0.01 price=109.319 slippage=3 sl=109.374 tp=109.209 comment= exp=1492738201
0	01:13:35.361	ax_adv_033_2 EURUSD,M5: EURUSD [BUYSTOP ]:(4109)trade is not allowed in the expert properties EURUSD lot=0.01 price=1.07152 slippage=3 sl=1.07099 tp=1.07258 comment= exp=1492738202
0	01:18:34.003	ax_adv_033_2 EURUSD,M5: EURUSD [BUYSTOP ]:(4109)trade is not allowed in the expert properties EURUSD lot=0.01 price=1.07148 slippage=3 sl=1.07101 tp=1.07242 comment= exp=1492738501
0	01:18:35.025	ax_adv_033_2 GBPUSD,M5: GBPUSD [SELLSTOP ]:(4109)trade is not allowed in the expert properties GBPUSD lot=0.01 price=1.28057 slippage=3 sl=1.28105 tp=1.27961 comment= exp=1492738502
0	01:18:37.286	ax_adv_033_2 USDJPY,M5: USDJPY [SELLSTOP ]:(4109)trade is not allowed in the expert properties USDJPY lot=0.01 price=109.330 slippage=3 sl=109.380 tp=109.230 comment= exp=1492738504
0	01:23:34.791	ax_adv_033_2 GBPUSD,M5: GBPUSD [SELLSTOP ]:(4109)trade is not allowed in the expert properties GBPUSD lot=0.01 price=1.28037 slippage=3 sl=1.28105 tp=1.27901 comment= exp=1492738801
0	01:23:37.662	ax_adv_033_2 EURUSD,M5: EURUSD [BUYSTOP ]:(4109)trade is not allowed in the expert properties EURUSD lot=0.01 price=1.07152 slippage=3 sl=1.07102 tp=1.07252 comment= exp=1492738804
0	01:28:35.016	ax_adv_033_2 EURUSD,M5: EURUSD [BUYSTOP ]:(4109)trade is not allowed in the expert properties EURUSD lot=0.01 price=1.07128 slippage=3 sl=1.07056 tp=1.07272 comment= exp=1492739102
0	01:28:35.212	ax_adv_033_2 GBPUSD,M5: GBPUSD [SELLSTOP ]:(4109)trade is not allowed in the expert properties GBPUSD lot=0.01 price=1.27974 slippage=3 sl=1.28079 tp=1.27764 comment= exp=1492739102
0	01:33:34.742	ax_adv_033_2 GBPUSD,M5: GBPUSD [SELLSTOP ]:(4109)trade is not allowed in the expert properties GBPUSD lot=0.01 price=1.27982 slippage=3 sl=1.28031 tp=1.27884 comment= exp=1492739401
0	01:33:43.096	ax_adv_033_2 EURUSD,M5: EURUSD [BUYSTOP ]:(4109)trade is not allowed in the expert properties EURUSD lot=0.01 price=1.07143 slippage=3 sl=1.07080 tp=1.07269 comment= exp=1492739410
0	01:38:34.213	ax_adv_033_2 USDJPY,M5: USDJPY [BUYSTOP ]:(4109)trade is not allowed in the expert properties USDJPY lot=0.01 price=109.385 slippage=3 sl=109.329 tp=109.497 comment= exp=1492739701
0	01:38:34.823	ax_adv_033_2 EURUSD,M5: EURUSD [BUYSTOP ]:(4109)trade is not allowed in the expert properties EURUSD lot=0.01 price=1.07156 slippage=3 sl=1.07098 tp=1.07272 comment= exp=1492739701
0	01:38:35.019	ax_adv_033_2 GBPUSD,M5: GBPUSD [SELLSTOP ]:(4109)trade is not allowed in the expert properties GBPUSD lot=0.01 price=1.27988 slippage=3 sl=1.28032 tp=1.27900 comment= exp=1492739702
0	01:43:34.304	ax_adv_033_2 USDJPY,M5: USDJPY [BUYSTOP ]:(4109)trade is not allowed in the expert properties USDJPY lot=0.01 price=109.393 slippage=3 sl=109.326 tp=109.527 comment= exp=1492740001
0	01:43:34.733	ax_adv_033_2 GBPUSD,M5: GBPUSD [SELLSTOP ]:(4109)trade is not allowed in the expert properties GBPUSD lot=0.01 price=1.28005 slippage=3 sl=1.28058 tp=1.27899 comment= exp=1492740001
0	01:43:37.976	ax_adv_033_2 EURUSD,M5: EURUSD [SELLSTOP ]:(4109)trade is not allowed in the expert properties EURUSD lot=0.01 price=1.07104 slippage=3 sl=1.07146 tp=1.07020 comment= exp=1492740005
0	01:48:37.123	ax_adv_033_2 USDJPY,M5: USDJPY [BUYSTOP ]:(4109)trade is not allowed in the expert properties USDJPY lot=0.01 price=109.396 slippage=3 sl=109.336 tp=109.516 comment= exp=1492740304
0	01:48:37.524	ax_adv_033_2 GBPUSD,M5: GBPUSD [SELLSTOP ]:(4109)trade is not allowed in the expert properties GBPUSD lot=0.01 price=1.28000 slippage=3 sl=1.28048 tp=1.27904 comment= exp=1492740304
0	01:48:37.719	ax_adv_033_2 EURUSD,M5: EURUSD [SELLSTOP ]:(4109)trade is not allowed in the expert properties EURUSD lot=0.01 price=1.07106 slippage=3 sl=1.07147 tp=1.07024 comment= exp=1492740304
0	01:53:43.412	ax_adv_033_2 EURUSD,M5: EURUSD [SELLSTOP ]:(4109)trade is not allowed in the expert properties EURUSD lot=0.01 price=1.07105 slippage=3 sl=1.07146 tp=1.07023 comment= exp=1492740610
0	01:58:33.999	ax_adv_033_2 USDJPY,M5: USDJPY [BUYSTOP ]:(4109)trade is not allowed in the expert properties USDJPY lot=0.01 price=109.422 slippage=3 sl=109.352 tp=109.562 comment= exp=1492740901
0	01:58:34.003	ax_adv_033_2 EURUSD,M5: EURUSD [SELLSTOP ]:(4109)trade is not allowed in the expert properties EURUSD lot=0.01 price=1.07113 slippage=3 sl=1.07170 tp=1.06999 comment= exp=1492740901
0	02:03:34.225	ax_adv_033_2 EURUSD,M5: EURUSD [SELLSTOP ]:(4109)trade is not allowed in the expert properties EURUSD lot=0.01 price=1.07116 slippage=3 sl=1.07167 tp=1.07014 comment= exp=1492741201
0	02:03:34.421	ax_adv_033_2 USDJPY,M5: USDJPY [BUYSTOP ]:(4109)trade is not allowed in the expert properties USDJPY lot=0.01 price=109.414 slippage=3 sl=109.347 tp=109.548 comment= exp=1492741201
0	02:03:34.863	ax_adv_033_2 GBPUSD,M5: GBPUSD [SELLSTOP ]:(4109)trade is not allowed in the expert properties GBPUSD lot=0.01 price=1.28015 slippage=3 sl=1.28084 tp=1.27877 comment= exp=1492741202
0	02:08:34.170	ax_adv_033_2 USDJPY,M5: USDJPY [BUYSTOP ]:(4109)trade is not allowed in the expert properties USDJPY lot=0.01 price=109.405 slippage=3 sl=109.350 tp=109.515 comment= exp=1492741501
0	02:08:34.388	ax_adv_033_2 EURUSD,M5: EURUSD [SELLSTOP ]:(4109)trade is not allowed in the expert properties EURUSD lot=0.01 price=1.07103 slippage=3 sl=1.07159 tp=1.06991 comment= exp=1492741501
0	02:08:38.491	ax_adv_033_2 GBPUSD,M5: GBPUSD [SELLSTOP ]:(4109)trade is not allowed in the expert properties GBPUSD lot=0.01 price=1.28001 slippage=3 sl=1.28084 tp=1.27835 comment= exp=1492741505
0	02:13:34.495	ax_adv_033_2 USDJPY,M5: USDJPY [BUYSTOP ]:(4109)trade is not allowed in the expert properties USDJPY lot=0.01 price=109.431 slippage=3 sl=109.353 tp=109.587 comment= exp=1492741801
0	02:18:35.871	ax_adv_033_2 USDJPY,M5: USDJPY [BUYSTOP ]:(4109)trade is not allowed in the expert properties USDJPY lot=0.01 price=109.434 slippage=3 sl=109.365 tp=109.572 comment= exp=1492742103
0	02:23:40.324	ax_adv_033_2 GBPUSD,M5: GBPUSD [SELLSTOP ]:(4109)trade is not allowed in the expert properties GBPUSD lot=0.01 price=1.28038 slippage=3 sl=1.28083 tp=1.27948 comment= exp=1492742407
0	02:23:41.336	ax_adv_033_2 USDJPY,M5: USDJPY [BUYSTOP ]:(4109)trade is not allowed in the expert properties USDJPY lot=0.01 price=109.430 slippage=3 sl=109.370 tp=109.550 comment= exp=1492742408
0	02:28:34.042	ax_adv_033_2 USDJPY,M5: USDJPY [BUYSTOP ]:(4109)trade is not allowed in the expert properties USDJPY lot=0.01 price=109.437 slippage=3 sl=109.376 tp=109.559 comment= exp=1492742701
0	02:28:34.247	ax_adv_033_2 EURUSD,M5: EURUSD [SELLSTOP ]:(4109)trade is not allowed in the expert properties EURUSD lot=0.01 price=1.07114 slippage=3 sl=1.07167 tp=1.07008 comment= exp=1492742701
0	02:33:34.792	ax_adv_033_2 USDJPY,M5: USDJPY [SELLSTOP ]:(4109)trade is not allowed in the expert properties USDJPY lot=0.01 price=109.378 slippage=3 sl=109.430 tp=109.274 comment= exp=1492743001
0	02:38:37.436	ax_adv_033_2 USDJPY,M5: USDJPY [SELLSTOP ]:(4109)trade is not allowed in the expert properties USDJPY lot=0.01 price=109.381 slippage=3 sl=109.431 tp=109.281 comment= exp=1492743304
0	02:43:34.163	ax_adv_033_2 USDJPY,M5: USDJPY [SELLSTOP ]:(4109)trade is not allowed in the expert properties USDJPY lot=0.01 price=109.355 slippage=3 sl=109.422 tp=109.221 comment= exp=1492743601
0	02:48:33.959	ax_adv_033_2 USDJPY,M5: USDJPY [BUYSTOP ]:(4109)trade is not allowed in the expert properties USDJPY lot=0.01 price=109.414 slippage=3 sl=109.341 tp=109.560 comment= exp=1492743901
0	02:53:33.995	ax_adv_033_2 USDJPY,M5: USDJPY [BUYSTOP ]:(4109)trade is not allowed in the expert properties USDJPY lot=0.01 price=109.404 slippage=3 sl=109.353 tp=109.506 comment= exp=1492744201
0	02:58:34.119	ax_adv_033_2 USDJPY,M5: USDJPY [BUYSTOP ]:(4109)trade is not allowed in the expert properties USDJPY lot=0.01 price=109.421 slippage=3 sl=109.351 tp=109.561 comment= exp=1492744501
0	03:03:35.140	ax_adv_033_2 USDJPY,M5: USDJPY [BUYSTOP ]:(4109)trade is not allowed in the expert properties USDJPY lot=0.01 price=109.407 slippage=3 sl=109.335 tp=109.551 comment= exp=1492744802
0	03:03:35.745	ax_adv_033_2 GBPUSD,M5: GBPUSD [SELLSTOP ]:(4109)trade is not allowed in the expert properties GBPUSD lot=0.01 price=1.27951 slippage=3 sl=1.28013 tp=1.27827 comment= exp=1492744802
0	03:08:33.952	ax_adv_033_2 USDJPY,M5: USDJPY [BUYSTOP ]:(4109)trade is not allowed in the expert properties USDJPY lot=0.01 price=109.380 slippage=3 sl=109.323 tp=109.494 comment= exp=1492745101
0	03:08:34.971	ax_adv_033_2 GBPUSD,M5: GBPUSD [SELLSTOP ]:(4109)trade is not allowed in the expert properties GBPUSD lot=0.01 price=1.27949 slippage=3 sl=1.28000 tp=1.27847 comment= exp=1492745102
0	03:13:34.833	ax_adv_033_2 GBPUSD,M5: GBPUSD [SELLSTOP ]:(4109)trade is not allowed in the expert properties GBPUSD lot=0.01 price=1.27940 slippage=3 sl=1.27998 tp=1.27824 comment= exp=1492745402
0	03:13:36.236	ax_adv_033_2 USDJPY,M5: USDJPY [BUYSTOP ]:(4109)trade is not allowed in the expert properties USDJPY lot=0.01 price=109.402 slippage=3 sl=109.326 tp=109.554 comment= exp=1492745403
0	03:18:34.173	ax_adv_033_2 USDJPY,M5: USDJPY [BUYSTOP ]:(4109)trade is not allowed in the expert properties USDJPY lot=0.01 price=109.407 slippage=3 sl=109.345 tp=109.531 comment= exp=1492745701
0	03:18:35.409	ax_adv_033_2 GBPUSD,M5: GBPUSD [SELLSTOP ]:(4109)trade is not allowed in the expert properties GBPUSD lot=0.01 price=1.27959 slippage=3 sl=1.28004 tp=1.27869 comment= exp=1492745702
0	03:23:34.993	ax_adv_033_2 GBPUSD,M5: GBPUSD [SELLSTOP ]:(4109)trade is not allowed in the expert properties GBPUSD lot=0.01 price=1.27957 slippage=3 sl=1.28012 tp=1.27847 comment= exp=1492746002
0	03:28:34.218	ax_adv_033_2 GBPUSD,M5: GBPUSD [SELLSTOP ]:(4109)trade is not allowed in the expert properties GBPUSD lot=0.01 price=1.27945 slippage=3 sl=1.27998 tp=1.27839 comment= exp=1492746301
0	03:33:35.061	ax_adv_033_2 GBPUSD,M5: GBPUSD [SELLSTOP ]:(4109)trade is not allowed in the expert properties GBPUSD lot=0.01 price=1.27950 slippage=3 sl=1.27994 tp=1.27862 comment= exp=1492746602
0	03:33:37.307	ax_adv_033_2 EURUSD,M5: EURUSD [BUYSTOP ]:(4109)trade is not allowed in the expert properties EURUSD lot=0.01 price=1.07219 slippage=3 sl=1.07171 tp=1.07315 comment= exp=1492746604
0	03:38:34.056	ax_adv_033_2 GBPUSD,M5: GBPUSD [SELLSTOP ]:(4109)trade is not allowed in the expert properties GBPUSD lot=0.01 price=1.27970 slippage=3 sl=1.28012 tp=1.27886 comment= exp=1492746901
0	03:38:34.063	ax_adv_033_2 EURUSD,M5: EURUSD [BUYSTOP ]:(4109)trade is not allowed in the expert properties EURUSD lot=0.01 price=1.07236 slippage=3 sl=1.07176 tp=1.07356 comment= exp=1492746901
0	03:43:42.465	ax_adv_033_2 EURUSD,M5: EURUSD [BUYSTOP ]:(4109)trade is not allowed in the expert properties EURUSD lot=0.01 price=1.07230 slippage=3 sl=1.07177 tp=1.07336 comment= exp=1492747209
0	03:43:48.271	ax_adv_033_2 GBPUSD,M5: GBPUSD [SELLSTOP ]:(4109)trade is not allowed in the expert properties GBPUSD lot=0.01 price=1.27988 slippage=3 sl=1.28032 tp=1.27900 comment= exp=1492747215
0	03:48:34.534	ax_adv_033_2 EURUSD,M5: EURUSD [BUYSTOP ]:(4109)trade is not allowed in the expert properties EURUSD lot=0.01 price=1.07239 slippage=3 sl=1.07186 tp=1.07345 comment= exp=1492747501
0	03:48:51.051	ax_adv_033_2 GBPUSD,M5: GBPUSD [SELLSTOP ]:(4109)trade is not allowed in the expert properties GBPUSD lot=0.01 price=1.27992 slippage=3 sl=1.28042 tp=1.27892 comment= exp=1492747518
0	03:53:34.135	ax_adv_033_2 GBPUSD,M5: GBPUSD [SELLSTOP ]:(4109)trade is not allowed in the expert properties GBPUSD lot=0.01 price=1.27963 slippage=3 sl=1.28039 tp=1.27811 comment= exp=1492747801
0	03:53:34.143	ax_adv_033_2 EURUSD,M5: EURUSD [BUYSTOP ]:(4109)trade is not allowed in the expert properties EURUSD lot=0.01 price=1.07216 slippage=3 sl=1.07154 tp=1.07340 comment= exp=1492747801
0	03:58:34.061	ax_adv_033_2 GBPUSD,M5: GBPUSD [SELLSTOP ]:(4109)trade is not allowed in the expert properties GBPUSD lot=0.01 price=1.27978 slippage=3 sl=1.28039 tp=1.27856 comment= exp=1492748101
0	03:58:37.799	ax_adv_033_2 EURUSD,M5: EURUSD [BUYSTOP ]:(4109)trade is not allowed in the expert properties EURUSD lot=0.01 price=1.07209 slippage=3 sl=1.07144 tp=1.07339 comment= exp=1492748104
0	04:03:36.853	ax_adv_033_2 EURUSD,M5: EURUSD [BUYSTOP ]:(4109)trade is not allowed in the expert properties EURUSD lot=0.01 price=1.07211 slippage=3 sl=1.07155 tp=1.07323 comment= exp=1492748404
0	04:08:36.745	ax_adv_033_2 EURUSD,M5: EURUSD [BUYSTOP ]:(4109)trade is not allowed in the expert properties EURUSD lot=0.01 price=1.07219 slippage=3 sl=1.07157 tp=1.07343 comment= exp=1492748703
0	04:13:35.226	ax_adv_033_2 USDJPY,M5: USDJPY [SELLSTOP ]:(4109)trade is not allowed in the expert properties USDJPY lot=0.01 price=109.267 slippage=3 sl=109.330 tp=109.141 comment= exp=1492749002
0	04:13:46.408	ax_adv_033_2 EURUSD,M5: EURUSD [BUYSTOP ]:(4109)trade is not allowed in the expert properties EURUSD lot=0.01 price=1.07214 slippage=3 sl=1.07163 tp=1.07316 comment= exp=1492749013
0	04:18:34.278	ax_adv_033_2 EURUSD,M5: EURUSD [BUYSTOP ]:(4109)trade is not allowed in the expert properties EURUSD lot=0.01 price=1.07220 slippage=3 sl=1.07170 tp=1.07320 comment= exp=1492749301
0	04:23:36.567	ax_adv_033_2 EURUSD,M5: EURUSD [BUYSTOP ]:(4109)trade is not allowed in the expert properties EURUSD lot=0.01 price=1.07222 slippage=3 sl=1.07169 tp=1.07328 comment= exp=1492749603
0	04:28:34.784	ax_adv_033_2 USDJPY,M5: USDJPY [SELLSTOP ]:(4109)trade is not allowed in the expert properties USDJPY lot=0.01 price=109.184 slippage=3 sl=109.257 tp=109.038 comment= exp=1492749901
0	04:28:35.904	ax_adv_033_2 EURUSD,M5: EURUSD [BUYSTOP ]:(4109)trade is not allowed in the expert properties EURUSD lot=0.01 price=1.07213 slippage=3 sl=1.07170 tp=1.07299 comment= exp=1492749903
0	04:33:36.833	ax_adv_033_2 USDJPY,M5: USDJPY [SELLSTOP ]:(4109)trade is not allowed in the expert properties USDJPY lot=0.01 price=109.177 slippage=3 sl=109.234 tp=109.063 comment= exp=1492750203
0	04:33:36.839	ax_adv_033_2 EURUSD,M5: EURUSD [BUYSTOP ]:(4109)trade is not allowed in the expert properties EURUSD lot=0.01 price=1.07220 slippage=3 sl=1.07170 tp=1.07320 comment= exp=1492750203
0	04:38:33.932	ax_adv_033_2 USDJPY,M5: USDJPY [SELLSTOP ]:(4109)trade is not allowed in the expert properties USDJPY lot=0.01 price=109.182 slippage=3 sl=109.241 tp=109.064 comment= exp=1492750501
0	04:38:35.065	ax_adv_033_2 EURUSD,M5: EURUSD [BUYSTOP ]:(4109)trade is not allowed in the expert properties EURUSD lot=0.01 price=1.07215 slippage=3 sl=1.07166 tp=1.07313 comment= exp=1492750502
0	04:43:34.087	ax_adv_033_2 USDJPY,M5: USDJPY [SELLSTOP ]:(4109)trade is not allowed in the expert properties USDJPY lot=0.01 price=109.189 slippage=3 sl=109.240 tp=109.087 comment= exp=1492750801
0	04:43:37.944	ax_adv_033_2 EURUSD,M5: EURUSD [BUYSTOP ]:(4109)trade is not allowed in the expert properties EURUSD lot=0.01 price=1.07208 slippage=3 sl=1.07160 tp=1.07304 comment= exp=1492750805
0	04:53:42.339	ax_adv_033_2 GBPUSD,M5: GBPUSD [SELLSTOP ]:(4109)trade is not allowed in the expert properties GBPUSD lot=0.01 price=1.28008 slippage=3 sl=1.28076 tp=1.27872 comment= exp=1492751409
0	04:58:34.278	ax_adv_033_2 USDJPY,M5: USDJPY [SELLSTOP ]:(4109)trade is not allowed in the expert properties USDJPY lot=0.01 price=109.216 slippage=3 sl=109.278 tp=109.092 comment= exp=1492751701
0	04:58:34.886	ax_adv_033_2 GBPUSD,M5: GBPUSD [SELLSTOP ]:(4109)trade is not allowed in the expert properties GBPUSD lot=0.01 price=1.27989 slippage=3 sl=1.28048 tp=1.27871 comment= exp=1492751702
0	05:03:33.978	ax_adv_033_2 USDJPY,M5: USDJPY [SELLSTOP ]:(4109)trade is not allowed in the expert properties USDJPY lot=0.01 price=109.220 slippage=3 sl=109.269 tp=109.122 comment= exp=1492752001
0	05:08:35.292	ax_adv_033_2 EURUSD,M5: EURUSD [BUYSTOP ]:(4109)trade is not allowed in the expert properties EURUSD lot=0.01 price=1.07198 slippage=3 sl=1.07148 tp=1.07298 comment= exp=1492752302
0	05:08:37.300	ax_adv_033_2 USDJPY,M5: USDJPY [SELLSTOP ]:(4109)trade is not allowed in the expert properties USDJPY lot=0.01 price=109.225 slippage=3 sl=109.266 tp=109.143 comment= exp=1492752304
0	05:13:40.585	ax_adv_033_2 EURUSD,M5: EURUSD [BUYSTOP ]:(4109)trade is not allowed in the expert properties EURUSD lot=0.01 price=1.07200 slippage=3 sl=1.07154 tp=1.07292 comment= exp=1492752607
0	05:13:48.080	ax_adv_033_2 USDJPY,M5: USDJPY [SELLSTOP ]:(4109)trade is not allowed in the expert properties USDJPY lot=0.01 price=109.232 slippage=3 sl=109.284 tp=109.128 comment= exp=1492752615
0	05:18:34.130	ax_adv_033_2 USDJPY,M5: USDJPY [SELLSTOP ]:(4109)trade is not allowed in the expert properties USDJPY lot=0.01 price=109.232 slippage=3 sl=109.278 tp=109.140 comment= exp=1492752901
0	05:23:45.157	ax_adv_033_2 USDJPY,M5: USDJPY [SELLSTOP ]:(4109)trade is not allowed in the expert properties USDJPY lot=0.01 price=109.237 slippage=3 sl=109.293 tp=109.125 comment= exp=1492753212
0	05:28:33.905	ax_adv_033_2 USDJPY,M5: USDJPY [SELLSTOP ]:(4109)trade is not allowed in the expert properties USDJPY lot=0.01 price=109.228 slippage=3 sl=109.291 tp=109.102 comment= exp=1492753501
0	05:33:34.152	ax_adv_033_2 USDJPY,M5: USDJPY [SELLSTOP ]:(4109)trade is not allowed in the expert properties USDJPY lot=0.01 price=109.228 slippage=3 sl=109.275 tp=109.134 comment= exp=1492753801
0	05:38:34.626	ax_adv_033_2 USDJPY,M5: USDJPY [SELLSTOP ]:(4109)trade is not allowed in the expert properties USDJPY lot=0.01 price=109.201 slippage=3 sl=109.271 tp=109.061 comment= exp=1492754101
0	05:43:34.100	ax_adv_033_2 USDJPY,M5: USDJPY [SELLSTOP ]:(4109)trade is not allowed in the expert properties USDJPY lot=0.01 price=109.180 slippage=3 sl=109.254 tp=109.032 comment= exp=1492754401
0	05:43:34.302	ax_adv_033_2 EURUSD,M5: EURUSD [BUYSTOP ]:(4109)trade is not allowed in the expert properties EURUSD lot=0.01 price=1.07180 slippage=3 sl=1.07125 tp=1.07290 comment= exp=1492754401
0	05:48:37.614	ax_adv_033_2 EURUSD,M5: EURUSD [BUYSTOP ]:(4109)trade is not allowed in the expert properties EURUSD lot=0.01 price=1.07174 slippage=3 sl=1.07126 tp=1.07270 comment= exp=1492754704
0	05:48:42.026	ax_adv_033_2 USDJPY,M5: USDJPY [SELLSTOP ]:(4109)trade is not allowed in the expert properties USDJPY lot=0.01 price=109.190 slippage=3 sl=109.234 tp=109.102 comment= exp=1492754709
0	05:48:45.894	ax_adv_033_2 GBPUSD,M5: GBPUSD [SELLSTOP ]:(4109)trade is not allowed in the expert properties GBPUSD lot=0.01 price=1.27928 slippage=3 sl=1.27985 tp=1.27814 comment= exp=1492754713
0	05:53:34.956	ax_adv_033_2 GBPUSD,M5: GBPUSD [SELLSTOP ]:(4109)trade is not allowed in the expert properties GBPUSD lot=0.01 price=1.27930 slippage=3 sl=1.27971 tp=1.27848 comment= exp=1492755002
0	05:53:36.584	ax_adv_033_2 USDJPY,M5: USDJPY [SELLSTOP ]:(4109)trade is not allowed in the expert properties USDJPY lot=0.01 price=109.195 slippage=3 sl=109.242 tp=109.101 comment= exp=1492755003
0	05:53:38.745	ax_adv_033_2 EURUSD,M5: EURUSD [BUYSTOP ]:(4109)trade is not allowed in the expert properties EURUSD lot=0.01 price=1.07169 slippage=3 sl=1.07123 tp=1.07261 comment= exp=1492755005
0	05:58:34.130	ax_adv_033_2 USDJPY,M5: USDJPY [SELLSTOP ]:(4109)trade is not allowed in the expert properties USDJPY lot=0.01 price=109.191 slippage=3 sl=109.246 tp=109.081 comment= exp=1492755301
0	05:58:44.758	ax_adv_033_2 GBPUSD,M5: GBPUSD [SELLSTOP ]:(4109)trade is not allowed in the expert properties GBPUSD lot=0.01 price=1.27926 slippage=3 sl=1.27974 tp=1.27830 comment= exp=1492755311
0	05:58:46.594	ax_adv_033_2 EURUSD,M5: EURUSD [BUYSTOP ]:(4109)trade is not allowed in the expert properties EURUSD lot=0.01 price=1.07175 slippage=3 sl=1.07121 tp=1.07283 comment= exp=1492755313
0	06:03:33.936	ax_adv_033_2 GBPUSD,M5: GBPUSD [SELLSTOP ]:(4109)trade is not allowed in the expert properties GBPUSD lot=0.01 price=1.27940 slippage=3 sl=1.27981 tp=1.27858 comment= exp=1492755601
0	06:03:33.939	ax_adv_033_2 USDJPY,M5: USDJPY [SELLSTOP ]:(4109)trade is not allowed in the expert properties USDJPY lot=0.01 price=109.170 slippage=3 sl=109.231 tp=109.048 comment= exp=1492755601
0	06:03:33.943	ax_adv_033_2 EURUSD,M5: EURUSD [BUYSTOP ]:(4109)trade is not allowed in the expert properties EURUSD lot=0.01 price=1.07190 slippage=3 sl=1.07130 tp=1.07310 comment= exp=1492755601
0	06:08:34.027	ax_adv_033_2 USDJPY,M5: USDJPY [SELLSTOP ]:(4109)trade is not allowed in the expert properties USDJPY lot=0.01 price=109.169 slippage=3 sl=109.214 tp=109.079 comment= exp=1492755901
0	06:08:41.573	ax_adv_033_2 GBPUSD,M5: GBPUSD [SELLSTOP ]:(4109)trade is not allowed in the expert properties GBPUSD lot=0.01 price=1.27959 slippage=3 sl=1.28001 tp=1.27875 comment= exp=1492755908
0	06:08:41.577	ax_adv_033_2 EURUSD,M5: EURUSD [BUYSTOP ]:(4109)trade is not allowed in the expert properties EURUSD lot=0.01 price=1.07195 slippage=3 sl=1.07145 tp=1.07295 comment= exp=1492755908
0	06:13:34.551	ax_adv_033_2 EURUSD,M5: EURUSD [SELLSTOP ]:(4109)trade is not allowed in the expert properties EURUSD lot=0.01 price=1.07136 slippage=3 sl=1.07179 tp=1.07050 comment= exp=1492756201
0	06:13:34.553	ax_adv_033_2 USDJPY,M5: USDJPY [SELLSTOP ]:(4109)trade is not allowed in the expert properties USDJPY lot=0.01 price=109.189 slippage=3 sl=109.242 tp=109.083 comment= exp=1492756201
0	06:13:37.376	ax_adv_033_2 GBPUSD,M5: GBPUSD [SELLSTOP ]:(4109)trade is not allowed in the expert properties GBPUSD lot=0.01 price=1.27958 slippage=3 sl=1.28003 tp=1.27868 comment= exp=1492756204
0	06:18:33.877	ax_adv_033_2 GBPUSD,M5: GBPUSD [SELLSTOP ]:(4109)trade is not allowed in the expert properties GBPUSD lot=0.01 price=1.27963 slippage=3 sl=1.28006 tp=1.27877 comment= exp=1492756501
0	06:18:33.884	ax_adv_033_2 EURUSD,M5: EURUSD [SELLSTOP ]:(4109)trade is not allowed in the expert properties EURUSD lot=0.01 price=1.07151 slippage=3 sl=1.07191 tp=1.07071 comment= exp=1492756501
0	06:18:34.680	ax_adv_033_2 USDJPY,M5: USDJPY [SELLSTOP ]:(4109)trade is not allowed in the expert properties USDJPY lot=0.01 price=109.205 slippage=3 sl=109.260 tp=109.095 comment= exp=1492756501
0	06:23:35.005	ax_adv_033_2 USDJPY,M5: USDJPY [SELLSTOP ]:(4109)trade is not allowed in the expert properties USDJPY lot=0.01 price=109.190 slippage=3 sl=109.261 tp=109.048 comment= exp=1492756802
0	06:23:57.072	ax_adv_033_2 EURUSD,M5: EURUSD [BUYSTOP ]:(4109)trade is not allowed in the expert properties EURUSD lot=0.01 price=1.07216 slippage=3 sl=1.07167 tp=1.07314 comment= exp=1492756824
0	06:48:34.666	ax_adv_033_2 EURUSD,M5: EURUSD [SELLSTOP ]:(4109)trade is not allowed in the expert properties EURUSD lot=0.01 price=1.07136 slippage=3 sl=1.07195 tp=1.07018 comment= exp=1492758301
0	06:53:36.724	ax_adv_033_2 EURUSD,M5: EURUSD [BUYSTOP ]:(4109)trade is not allowed in the expert properties EURUSD lot=0.01 price=1.07201 slippage=3 sl=1.07151 tp=1.07301 comment= exp=1492758603
0	06:58:34.031	ax_adv_033_2 EURUSD,M5: EURUSD [BUYSTOP ]:(4109)trade is not allowed in the expert properties EURUSD lot=0.01 price=1.07200 slippage=3 sl=1.07152 tp=1.07296 comment= exp=1492758901
0	07:03:50.579	ax_adv_033_2 EURUSD,M5: EURUSD [BUYSTOP ]:(4109)trade is not allowed in the expert properties EURUSD lot=0.01 price=1.07205 slippage=3 sl=1.07156 tp=1.07303 comment= exp=1492759217
0	07:08:42.627	ax_adv_033_2 EURUSD,M5: EURUSD [BUYSTOP ]:(4109)trade is not allowed in the expert properties EURUSD lot=0.01 price=1.07209 slippage=3 sl=1.07159 tp=1.07309 comment= exp=1492759509
0	07:13:34.361	ax_adv_033_2 EURUSD,M5: EURUSD [BUYSTOP ]:(4109)trade is not allowed in the expert properties EURUSD lot=0.01 price=1.07207 slippage=3 sl=1.07161 tp=1.07299 comment= exp=1492759801
0	07:18:34.021	ax_adv_033_2 EURUSD,M5: EURUSD [BUYSTOP ]:(4109)trade is not allowed in the expert properties EURUSD lot=0.01 price=1.07209 slippage=3 sl=1.07164 tp=1.07299 comment= exp=1492760101
0	07:23:33.992	ax_adv_033_2 EURUSD,M5: EURUSD [BUYSTOP ]:(4109)trade is not allowed in the expert properties EURUSD lot=0.01 price=1.07206 slippage=3 sl=1.07160 tp=1.07298 comment= exp=1492760401
0	07:28:35.183	ax_adv_033_2 EURUSD,M5: EURUSD [BUYSTOP ]:(4109)trade is not allowed in the expert properties EURUSD lot=0.01 price=1.07202 slippage=3 sl=1.07158 tp=1.07290 comment= exp=1492760702
0	07:33:34.712	ax_adv_033_2 EURUSD,M5: EURUSD [BUYSTOP ]:(4109)trade is not allowed in the expert properties EURUSD lot=0.01 price=1.07203 slippage=3 sl=1.07157 tp=1.07295 comment= exp=1492761001
0	07:38:33.981	ax_adv_033_2 GBPUSD,M5: GBPUSD [SELLSTOP ]:(4109)trade is not allowed in the expert properties GBPUSD lot=0.01 price=1.27930 slippage=3 sl=1.27983 tp=1.27824 comment= exp=1492761301
0	07:38:33.987	ax_adv_033_2 EURUSD,M5: EURUSD [BUYSTOP ]:(4109)trade is not allowed in the expert properties EURUSD lot=0.01 price=1.07213 slippage=3 sl=1.07159 tp=1.07321 comment= exp=1492761301
0	07:43:35.074	ax_adv_033_2 GBPUSD,M5: GBPUSD [SELLSTOP ]:(4109)trade is not allowed in the expert properties GBPUSD lot=0.01 price=1.27929 slippage=3 sl=1.27978 tp=1.27831 comment= exp=1492761602
0	07:43:35.074	ax_adv_033_2 EURUSD,M5: EURUSD [BUYSTOP ]:(4109)trade is not allowed in the expert properties EURUSD lot=0.01 price=1.07210 slippage=3 sl=1.07166 tp=1.07298 comment= exp=1492761602
0	07:48:34.652	ax_adv_033_2 EURUSD,M5: EURUSD [BUYSTOP ]:(4109)trade is not allowed in the expert properties EURUSD lot=0.01 price=1.07209 slippage=3 sl=1.07166 tp=1.07295 comment= exp=1492761901
0	07:48:36.507	ax_adv_033_2 GBPUSD,M5: GBPUSD [SELLSTOP ]:(4109)trade is not allowed in the expert properties GBPUSD lot=0.01 price=1.27928 slippage=3 sl=1.27978 tp=1.27828 comment= exp=1492761903
0	07:53:34.657	ax_adv_033_2 GBPUSD,M5: GBPUSD [SELLSTOP ]:(4109)trade is not allowed in the expert properties GBPUSD lot=0.01 price=1.27927 slippage=3 sl=1.27972 tp=1.27837 comment= exp=1492762201
0	07:53:34.667	ax_adv_033_2 EURUSD,M5: EURUSD [BUYSTOP ]:(4109)trade is not allowed in the expert properties EURUSD lot=0.01 price=1.07215 slippage=3 sl=1.07167 tp=1.07311 comment= exp=1492762201
0	07:58:34.616	ax_adv_033_2 EURUSD,M5: EURUSD [BUYSTOP ]:(4109)trade is not allowed in the expert properties EURUSD lot=0.01 price=1.07193 slippage=3 sl=1.07151 tp=1.07277 comment= exp=1492762501
0	07:58:35.415	ax_adv_033_2 GBPUSD,M5: GBPUSD [SELLSTOP ]:(4109)trade is not allowed in the expert properties GBPUSD lot=0.01 price=1.27924 slippage=3 sl=1.27968 tp=1.27836 comment= exp=1492762502
0	08:03:36.672	ax_adv_033_2 GBPUSD,M5: GBPUSD [SELLSTOP ]:(4109)trade is not allowed in the expert properties GBPUSD lot=0.01 price=1.27937 slippage=3 sl=1.27977 tp=1.27857 comment= exp=1492762803
0	08:03:39.586	ax_adv_033_2 EURUSD,M5: EURUSD [BUYSTOP ]:(4109)trade is not allowed in the expert properties EURUSD lot=0.01 price=1.07204 slippage=3 sl=1.07148 tp=1.07316 comment= exp=1492762806
0	08:08:35.565	ax_adv_033_2 GBPUSD,M5: GBPUSD [SELLSTOP ]:(4109)trade is not allowed in the expert properties GBPUSD lot=0.01 price=1.27927 slippage=3 sl=1.27978 tp=1.27825 comment= exp=1492763102
0	08:08:38.630	ax_adv_033_2 EURUSD,M5: EURUSD [BUYSTOP ]:(4109)trade is not allowed in the expert properties EURUSD lot=0.01 price=1.07209 slippage=3 sl=1.07161 tp=1.07305 comment= exp=1492763105
0	08:13:34.117	ax_adv_033_2 EURUSD,M5: EURUSD [BUYSTOP ]:(4109)trade is not allowed in the expert properties EURUSD lot=0.01 price=1.07195 slippage=3 sl=1.07149 tp=1.07287 comment= exp=1492763401
0	08:13:36.147	ax_adv_033_2 GBPUSD,M5: GBPUSD [SELLSTOP ]:(4109)trade is not allowed in the expert properties GBPUSD lot=0.01 price=1.27918 slippage=3 sl=1.27969 tp=1.27816 comment= exp=1492763403
0	08:18:35.974	ax_adv_033_2 USDJPY,M5: USDJPY [SELLSTOP ]:(4109)trade is not allowed in the expert properties USDJPY lot=0.01 price=109.209 slippage=3 sl=109.272 tp=109.083 comment= exp=1492763703
0	08:18:36.379	ax_adv_033_2 GBPUSD,M5: GBPUSD [SELLSTOP ]:(4109)trade is not allowed in the expert properties GBPUSD lot=0.01 price=1.27933 slippage=3 sl=1.27973 tp=1.27853 comment= exp=1492763703
0	08:23:34.259	ax_adv_033_2 GBPUSD,M5: GBPUSD [SELLSTOP ]:(4109)trade is not allowed in the expert properties GBPUSD lot=0.01 price=1.27952 slippage=3 sl=1.28005 tp=1.27846 comment= exp=1492764001
0	08:23:37.636	ax_adv_033_2 USDJPY,M5: USDJPY [SELLSTOP ]:(4109)trade is not allowed in the expert properties USDJPY lot=0.01 price=109.225 slippage=3 sl=109.267 tp=109.141 comment= exp=1492764004
0	08:28:36.243	ax_adv_033_2 GBPUSD,M5: GBPUSD [SELLSTOP ]:(4109)trade is not allowed in the expert properties GBPUSD lot=0.01 price=1.27978 slippage=3 sl=1.28041 tp=1.27852 comment= exp=1492764303
0	08:28:36.430	ax_adv_033_2 USDJPY,M5: USDJPY [SELLSTOP ]:(4109)trade is not allowed in the expert properties USDJPY lot=0.01 price=109.199 slippage=3 sl=109.268 tp=109.061 comment= exp=1492764303
0	08:33:34.325	ax_adv_033_2 GBPUSD,M5: GBPUSD [SELLSTOP ]:(4109)trade is not allowed in the expert properties GBPUSD lot=0.01 price=1.28021 slippage=3 sl=1.28067 tp=1.27929 comment= exp=1492764601
0	08:38:34.805	ax_adv_033_2 GBPUSD,M5: GBPUSD [SELLSTOP ]:(4109)trade is not allowed in the expert properties GBPUSD lot=0.01 price=1.28044 slippage=3 sl=1.28127 tp=1.27878 comment= exp=1492764901
0	08:43:38.891	ax_adv_033_2 EURUSD,M5: EURUSD [SELLSTOP ]:(4109)trade is not allowed in the expert properties EURUSD lot=0.01 price=1.07152 slippage=3 sl=1.07196 tp=1.07064 comment= exp=1492765205
0	08:48:33.967	ax_adv_033_2 USDJPY,M5: USDJPY [BUYSTOP ]:(4109)trade is not allowed in the expert properties USDJPY lot=0.01 price=109.323 slippage=3 sl=109.231 tp=109.507 comment= exp=1492765501
0	08:48:34.851	ax_adv_033_2 EURUSD,M5: EURUSD [SELLSTOP ]:(4109)trade is not allowed in the expert properties EURUSD lot=0.01 price=1.07144 slippage=3 sl=1.07192 tp=1.07048 comment= exp=1492765501
0	08:53:34.074	ax_adv_033_2 USDJPY,M5: USDJPY [BUYSTOP ]:(4109)trade is not allowed in the expert properties USDJPY lot=0.01 price=109.314 slippage=3 sl=109.250 tp=109.442 comment= exp=1492765801
0	08:53:35.285	ax_adv_033_2 GBPUSD,M5: GBPUSD [BUYSTOP ]:(4109)trade is not allowed in the expert properties GBPUSD lot=0.01 price=1.28133 slippage=3 sl=1.28060 tp=1.28279 comment= exp=1492765802
0	08:58:34.023	ax_adv_033_2 GBPUSD,M5: GBPUSD [BUYSTOP ]:(4109)trade is not allowed in the expert properties GBPUSD lot=0.01 price=1.28154 slippage=3 sl=1.28071 tp=1.28320 comment= exp=1492766101
0	08:58:34.217	ax_adv_033_2 USDJPY,M5: USDJPY [BUYSTOP ]:(4109)trade is not allowed in the expert properties USDJPY lot=0.01 price=109.360 slippage=3 sl=109.263 tp=109.554 comment= exp=1492766101
0	09:03:33.959	ax_adv_033_2 GBPUSD,M5: GBPUSD [BUYSTOP ]:(4109)trade is not allowed in the expert properties GBPUSD lot=0.01 price=1.28135 slippage=3 sl=1.28086 tp=1.28233 comment= exp=1492766401
0	09:03:34.156	ax_adv_033_2 USDJPY,M5: USDJPY [BUYSTOP ]:(4109)trade is not allowed in the expert properties USDJPY lot=0.01 price=109.351 slippage=3 sl=109.293 tp=109.467 comment= exp=1492766401
0	09:08:34.897	ax_adv_033_2 GBPUSD,M5: GBPUSD [BUYSTOP ]:(4109)trade is not allowed in the expert properties GBPUSD lot=0.01 price=1.28161 slippage=3 sl=1.28090 tp=1.28303 comment= exp=1492766702
0	09:08:36.711	ax_adv_033_2 USDJPY,M5: USDJPY [BUYSTOP ]:(4109)trade is not allowed in the expert properties USDJPY lot=0.01 price=109.343 slippage=3 sl=109.274 tp=109.481 comment= exp=1492766703
0	09:13:35.101	ax_adv_033_2 USDJPY,M5: USDJPY [BUYSTOP ]:(4109)trade is not allowed in the expert properties USDJPY lot=0.01 price=109.345 slippage=3 sl=109.276 tp=109.483 comment= exp=1492767002
0	09:13:35.520	ax_adv_033_2 GBPUSD,M5: GBPUSD [BUYSTOP ]:(4109)trade is not allowed in the expert properties GBPUSD lot=0.01 price=1.28164 slippage=3 sl=1.28098 tp=1.28296 comment= exp=1492767002
0	09:18:34.126	ax_adv_033_2 GBPUSD,M5: GBPUSD [BUYSTOP ]:(4109)trade is not allowed in the expert properties GBPUSD lot=0.01 price=1.28154 slippage=3 sl=1.28057 tp=1.28348 comment= exp=1492767301
0	09:18:34.329	ax_adv_033_2 USDJPY,M5: USDJPY [BUYSTOP ]:(4109)trade is not allowed in the expert properties USDJPY lot=0.01 price=109.400 slippage=3 sl=109.298 tp=109.604 comment= exp=1492767301
0	09:23:34.225	ax_adv_033_2 GBPUSD,M5: GBPUSD [BUYSTOP ]:(4109)trade is not allowed in the expert properties GBPUSD lot=0.01 price=1.28142 slippage=3 sl=1.28068 tp=1.28290 comment= exp=1492767601
0	09:23:34.425	ax_adv_033_2 USDJPY,M5: USDJPY [SELLSTOP ]:(4109)trade is not allowed in the expert properties USDJPY lot=0.01 price=109.324 slippage=3 sl=109.392 tp=109.188 comment= exp=1492767601
0	09:23:36.234	ax_adv_033_2 EURUSD,M5: EURUSD [SELLSTOP ]:(4109)trade is not allowed in the expert properties EURUSD lot=0.01 price=1.07089 slippage=3 sl=1.07142 tp=1.06983 comment= exp=1492767603
0	09:28:34.002	ax_adv_033_2 EURUSD,M5: EURUSD [SELLSTOP ]:(4109)trade is not allowed in the expert properties EURUSD lot=0.01 price=1.07078 slippage=3 sl=1.07141 tp=1.06952 comment= exp=1492767901
0	09:28:34.198	ax_adv_033_2 USDJPY,M5: USDJPY [BUYSTOP ]:(4109)trade is not allowed in the expert properties USDJPY lot=0.01 price=109.382 slippage=3 sl=109.325 tp=109.496 comment= exp=1492767901
0	09:28:34.200	ax_adv_033_2 GBPUSD,M5: GBPUSD [BUYSTOP ]:(4109)trade is not allowed in the expert properties GBPUSD lot=0.01 price=1.28094 slippage=3 sl=1.28016 tp=1.28250 comment= exp=1492767901
0	09:33:33.980	ax_adv_033_2 GBPUSD,M5: GBPUSD [BUYSTOP ]:(4109)trade is not allowed in the expert properties GBPUSD lot=0.01 price=1.28155 slippage=3 sl=1.28022 tp=1.28421 comment= exp=1492768201
0	09:33:34.605	ax_adv_033_2 USDJPY,M5: USDJPY [BUYSTOP ]:(4109)trade is not allowed in the expert properties USDJPY lot=0.01 price=109.359 slippage=3 sl=109.298 tp=109.481 comment= exp=1492768201
0	09:33:34.609	ax_adv_033_2 EURUSD,M5: EURUSD [SELLSTOP ]:(4109)trade is not allowed in the expert properties EURUSD lot=0.01 price=1.07097 slippage=3 sl=1.07167 tp=1.06957 comment= exp=1492768201
0	09:38:34.021	ax_adv_033_2 GBPUSD,M5: GBPUSD [BUYSTOP ]:(4109)trade is not allowed in the expert properties GBPUSD lot=0.01 price=1.28152 slippage=3 sl=1.28057 tp=1.28342 comment= exp=1492768501
0	09:38:34.233	ax_adv_033_2 EURUSD,M5: EURUSD [SELLSTOP ]:(4109)trade is not allowed in the expert properties EURUSD lot=0.01 price=1.07133 slippage=3 sl=1.07227 tp=1.06945 comment= exp=1492768501
0	09:38:38.485	ax_adv_033_2 USDJPY,M5: USDJPY [BUYSTOP ]:(4109)trade is not allowed in the expert properties USDJPY lot=0.01 price=109.353 slippage=3 sl=109.299 tp=109.461 comment= exp=1492768505
0	09:43:34.790	ax_adv_033_2 USDJPY,M5: USDJPY [BUYSTOP ]:(4109)trade is not allowed in the expert properties USDJPY lot=0.01 price=109.374 slippage=3 sl=109.306 tp=109.510 comment= exp=1492768801
0	09:43:34.794	ax_adv_033_2 EURUSD,M5: EURUSD [SELLSTOP ]:(4109)trade is not allowed in the expert properties EURUSD lot=0.01 price=1.07184 slippage=3 sl=1.07248 tp=1.07056 comment= exp=1492768801
0	09:43:35.204	ax_adv_033_2 GBPUSD,M5: GBPUSD [BUYSTOP ]:(4109)trade is not allowed in the expert properties GBPUSD lot=0.01 price=1.28085 slippage=3 sl=1.27991 tp=1.28273 comment= exp=1492768802
0	09:48:34.045	ax_adv_033_2 USDJPY,M5: USDJPY [BUYSTOP ]:(4109)trade is not allowed in the expert properties USDJPY lot=0.01 price=109.360 slippage=3 sl=109.284 tp=109.512 comment= exp=1492769101
0	09:48:34.048	ax_adv_033_2 EURUSD,M5: EURUSD [SELLSTOP ]:(4109)trade is not allowed in the expert properties EURUSD lot=0.01 price=1.07199 slippage=3 sl=1.07254 tp=1.07089 comment= exp=1492769101
0	09:53:34.854	ax_adv_033_2 USDJPY,M5: USDJPY [BUYSTOP ]:(4109)trade is not allowed in the expert properties USDJPY lot=0.01 price=109.349 slippage=3 sl=109.289 tp=109.469 comment= exp=1492769401
0	09:58:34.092	ax_adv_033_2 USDJPY,M5: USDJPY [BUYSTOP ]:(4109)trade is not allowed in the expert properties USDJPY lot=0.01 price=109.326 slippage=3 sl=109.271 tp=109.436 comment= exp=1492769701
0	10:03:34.965	ax_adv_033_2 USDJPY,M5: USDJPY [BUYSTOP ]:(4109)trade is not allowed in the expert properties USDJPY lot=0.01 price=109.378 slippage=3 sl=109.267 tp=109.600 comment= exp=1492770002
0	10:08:34.149	ax_adv_033_2 EURUSD,M5: EURUSD [BUYSTOP ]:(4109)trade is not allowed in the expert properties EURUSD lot=0.01 price=1.07327 slippage=3 sl=1.07231 tp=1.07519 comment= exp=1492770301
0	10:08:35.755	ax_adv_033_2 USDJPY,M5: USDJPY [BUYSTOP ]:(4109)trade is not allowed in the expert properties USDJPY lot=0.01 price=109.362 slippage=3 sl=109.276 tp=109.534 comment= exp=1492770302
0	10:13:33.973	ax_adv_033_2 EURUSD,M5: EURUSD [BUYSTOP ]:(4109)trade is not allowed in the expert properties EURUSD lot=0.01 price=1.07341 slippage=3 sl=1.07272 tp=1.07479 comment= exp=1492770601
0	10:13:34.381	ax_adv_033_2 USDJPY,M5: USDJPY [BUYSTOP ]:(4109)trade is not allowed in the expert properties USDJPY lot=0.01 price=109.335 slippage=3 sl=109.278 tp=109.449 comment= exp=1492770601
0	10:18:36.635	ax_adv_033_2 USDJPY,M5: USDJPY [BUYSTOP ]:(4109)trade is not allowed in the expert properties USDJPY lot=0.01 price=109.313 slippage=3 sl=109.198 tp=109.543 comment= exp=1492770903
0	10:18:36.642	ax_adv_033_2 EURUSD,M5: EURUSD [BUYSTOP ]:(4109)trade is not allowed in the expert properties EURUSD lot=0.01 price=1.07389 slippage=3 sl=1.07278 tp=1.07611 comment= exp=1492770903
0	10:23:35.607	ax_adv_033_2 EURUSD,M5: EURUSD [BUYSTOP ]:(4109)trade is not allowed in the expert properties EURUSD lot=0.01 price=1.07349 slippage=3 sl=1.07283 tp=1.07481 comment= exp=1492771202
0	10:23:36.608	ax_adv_033_2 USDJPY,M5: USDJPY [BUYSTOP ]:(4109)trade is not allowed in the expert properties USDJPY lot=0.01 price=109.259 slippage=3 sl=109.193 tp=109.391 comment= exp=1492771203
0	10:28:34.027	ax_adv_033_2 EURUSD,M5: EURUSD [SELLSTOP ]:(4109)trade is not allowed in the expert properties EURUSD lot=0.01 price=1.07297 slippage=3 sl=1.07359 tp=1.07173 comment= exp=1492771501
0	10:28:34.433	ax_adv_033_2 USDJPY,M5: USDJPY [BUYSTOP ]:(4109)trade is not allowed in the expert properties USDJPY lot=0.01 price=109.258 slippage=3 sl=109.206 tp=109.362 comment= exp=1492771501
0	10:33:34.038	ax_adv_033_2 EURUSD,M5: EURUSD [SELLSTOP ]:(4109)trade is not allowed in the expert properties EURUSD lot=0.01 price=1.07274 slippage=3 sl=1.07358 tp=1.07106 comment= exp=1492771801
0	10:38:35.114	ax_adv_033_2 EURUSD,M5: EURUSD [SELLSTOP ]:(4109)trade is not allowed in the expert properties EURUSD lot=0.01 price=1.07227 slippage=3 sl=1.07318 tp=1.07045 comment= exp=1492772102
0	10:43:34.508	ax_adv_033_2 EURUSD,M5: EURUSD [BUYSTOP ]:(4109)trade is not allowed in the expert properties EURUSD lot=0.01 price=1.07288 slippage=3 sl=1.07235 tp=1.07394 comment= exp=1492772401
0	10:48:34.175	ax_adv_033_2 EURUSD,M5: EURUSD [BUYSTOP ]:(4109)trade is not allowed in the expert properties EURUSD lot=0.01 price=1.07270 slippage=3 sl=1.07194 tp=1.07422 comment= exp=1492772701
0	10:48:34.375	ax_adv_033_2 USDJPY,M5: USDJPY [BUYSTOP ]:(4109)trade is not allowed in the expert properties USDJPY lot=0.01 price=109.212 slippage=3 sl=109.135 tp=109.366 comment= exp=1492772701
0	10:53:34.141	ax_adv_033_2 USDJPY,M5: USDJPY [SELLSTOP ]:(4109)trade is not allowed in the expert properties USDJPY lot=0.01 price=109.163 slippage=3 sl=109.245 tp=108.999 comment= exp=1492773001
0	10:53:34.144	ax_adv_033_2 EURUSD,M5: EURUSD [BUYSTOP ]:(4109)trade is not allowed in the expert properties EURUSD lot=0.01 price=1.07252 slippage=3 sl=1.07181 tp=1.07394 comment= exp=1492773001
0	10:58:34.176	ax_adv_033_2 USDJPY,M5: USDJPY [SELLSTOP ]:(4109)trade is not allowed in the expert properties USDJPY lot=0.01 price=109.168 slippage=3 sl=109.253 tp=108.998 comment= exp=1492773301
0	10:58:34.178	ax_adv_033_2 EURUSD,M5: EURUSD [BUYSTOP ]:(4109)trade is not allowed in the expert properties EURUSD lot=0.01 price=1.07252 slippage=3 sl=1.07163 tp=1.07430 comment= exp=1492773301
0	10:58:34.586	ax_adv_033_2 GBPUSD,M5: GBPUSD [BUYSTOP ]:(4109)trade is not allowed in the expert properties GBPUSD lot=0.01 price=1.28343 slippage=3 sl=1.28200 tp=1.28629 comment= exp=1492773301
0	11:03:34.166	ax_adv_033_2 GBPUSD,M5: GBPUSD [BUYSTOP ]:(4109)trade is not allowed in the expert properties GBPUSD lot=0.01 price=1.28354 slippage=3 sl=1.28232 tp=1.28598 comment= exp=1492773601
0	11:03:34.769	ax_adv_033_2 USDJPY,M5: USDJPY [SELLSTOP ]:(4109)trade is not allowed in the expert properties USDJPY lot=0.01 price=109.132 slippage=3 sl=109.209 tp=108.978 comment= exp=1492773601
0	11:03:34.774	ax_adv_033_2 EURUSD,M5: EURUSD [BUYSTOP ]:(4109)trade is not allowed in the expert properties EURUSD lot=0.01 price=1.07258 slippage=3 sl=1.07186 tp=1.07402 comment= exp=1492773601
0	11:08:34.015	ax_adv_033_2 USDJPY,M5: USDJPY [SELLSTOP ]:(4109)trade is not allowed in the expert properties USDJPY lot=0.01 price=109.116 slippage=3 sl=109.183 tp=108.982 comment= exp=1492773901
0	11:08:34.209	ax_adv_033_2 GBPUSD,M5: GBPUSD [BUYSTOP ]:(4109)trade is not allowed in the expert properties GBPUSD lot=0.01 price=1.28296 slippage=3 sl=1.28207 tp=1.28474 comment= exp=1492773901
0	11:13:36.807	ax_adv_033_2 USDJPY,M5: USDJPY [SELLSTOP ]:(4109)trade is not allowed in the expert properties USDJPY lot=0.01 price=109.139 slippage=3 sl=109.191 tp=109.035 comment= exp=1492774203
0	11:13:38.280	ax_adv_033_2 GBPUSD,M5: GBPUSD [BUYSTOP ]:(4109)trade is not allowed in the expert properties GBPUSD lot=0.01 price=1.28259 slippage=3 sl=1.28140 tp=1.28497 comment= exp=1492774205
0	11:18:34.667	ax_adv_033_2 GBPUSD,M5: GBPUSD [BUYSTOP ]:(4109)trade is not allowed in the expert properties GBPUSD lot=0.01 price=1.28185 slippage=3 sl=1.28072 tp=1.28411 comment= exp=1492774501
0	11:18:41.877	ax_adv_033_2 USDJPY,M5: USDJPY [SELLSTOP ]:(4109)trade is not allowed in the expert properties USDJPY lot=0.01 price=109.132 slippage=3 sl=109.185 tp=109.026 comment= exp=1492774508
0	11:23:34.074	ax_adv_033_2 USDJPY,M5: USDJPY [SELLSTOP ]:(4109)trade is not allowed in the expert properties USDJPY lot=0.01 price=109.151 slippage=3 sl=109.213 tp=109.027 comment= exp=1492774801
0	11:23:34.078	ax_adv_033_2 GBPUSD,M5: GBPUSD [BUYSTOP ]:(4109)trade is not allowed in the expert properties GBPUSD lot=0.01 price=1.28124 slippage=3 sl=1.28027 tp=1.28318 comment= exp=1492774801
0	11:28:34.056	ax_adv_033_2 USDJPY,M5: USDJPY [SELLSTOP ]:(4109)trade is not allowed in the expert properties USDJPY lot=0.01 price=109.161 slippage=3 sl=109.221 tp=109.041 comment= exp=1492775101
0	11:28:34.057	ax_adv_033_2 GBPUSD,M5: GBPUSD [BUYSTOP ]:(4109)trade is not allowed in the expert properties GBPUSD lot=0.01 price=1.28072 slippage=3 sl=1.27866 tp=1.28484 comment= exp=1492775101
0	11:33:34.042	ax_adv_033_2 GBPUSD,M5: GBPUSD [BUYSTOP ]:(4109)trade is not allowed in the expert properties GBPUSD lot=0.01 price=1.28028 slippage=3 sl=1.27822 tp=1.28440 comment= exp=1492775401
0	11:33:34.044	ax_adv_033_2 USDJPY,M5: USDJPY [SELLSTOP ]:(4109)trade is not allowed in the expert properties USDJPY lot=0.01 price=109.111 slippage=3 sl=109.203 tp=108.927 comment= exp=1492775401
0	11:38:34.156	ax_adv_033_2 USDJPY,M5: USDJPY [SELLSTOP ]:(4109)trade is not allowed in the expert properties USDJPY lot=0.01 price=109.057 slippage=3 sl=109.151 tp=108.869 comment= exp=1492775701
0	11:43:35.562	ax_adv_033_2 USDJPY,M5: USDJPY [SELLSTOP ]:(4109)trade is not allowed in the expert properties USDJPY lot=0.01 price=109.058 slippage=3 sl=109.120 tp=108.934 comment= exp=1492776002
0	11:48:34.567	ax_adv_033_2 USDJPY,M5: USDJPY [SELLSTOP ]:(4109)trade is not allowed in the expert properties USDJPY lot=0.01 price=109.048 slippage=3 sl=109.125 tp=108.894 comment= exp=1492776301
0	11:53:34.080	ax_adv_033_2 GBPUSD,M5: GBPUSD [SELLSTOP ]:(4109)trade is not allowed in the expert properties GBPUSD lot=0.01 price=1.27973 slippage=3 sl=1.28088 tp=1.27743 comment= exp=1492776601
0	11:53:35.109	ax_adv_033_2 USDJPY,M5: USDJPY [SELLSTOP ]:(4109)trade is not allowed in the expert properties USDJPY lot=0.01 price=109.070 slippage=3 sl=109.126 tp=108.958 comment= exp=1492776602
0	11:58:34.162	ax_adv_033_2 GBPUSD,M5: GBPUSD [SELLSTOP ]:(4109)trade is not allowed in the expert properties GBPUSD lot=0.01 price=1.27984 slippage=3 sl=1.28049 tp=1.27854 comment= exp=1492776901
0	11:58:34.165	ax_adv_033_2 USDJPY,M5: USDJPY [SELLSTOP ]:(4109)trade is not allowed in the expert properties USDJPY lot=0.01 price=109.062 slippage=3 sl=109.123 tp=108.940 comment= exp=1492776901
0	12:03:34.540	ax_adv_033_2 GBPUSD,M5: GBPUSD [SELLSTOP ]:(4109)trade is not allowed in the expert properties GBPUSD lot=0.01 price=1.27984 slippage=3 sl=1.28058 tp=1.27836 comment= exp=1492777201
0	12:03:35.854	ax_adv_033_2 USDJPY,M5: USDJPY [SELLSTOP ]:(4109)trade is not allowed in the expert properties USDJPY lot=0.01 price=109.083 slippage=3 sl=109.153 tp=108.943 comment= exp=1492777202
0	12:08:34.897	ax_adv_033_2 USDJPY,M5: USDJPY [SELLSTOP ]:(4109)trade is not allowed in the expert properties USDJPY lot=0.01 price=109.075 slippage=3 sl=109.157 tp=108.911 comment= exp=1492777501
0	12:08:34.897	ax_adv_033_2 GBPUSD,M5: GBPUSD [SELLSTOP ]:(4109)trade is not allowed in the expert properties GBPUSD lot=0.01 price=1.27963 slippage=3 sl=1.28042 tp=1.27805 comment= exp=1492777501
0	12:08:35.105	ax_adv_033_2 EURUSD,M5: EURUSD [SELLSTOP ]:(4109)trade is not allowed in the expert properties EURUSD lot=0.01 price=1.07007 slippage=3 sl=1.07130 tp=1.06761 comment= exp=1492777502
0	12:13:34.183	ax_adv_033_2 GBPUSD,M5: GBPUSD [SELLSTOP ]:(4109)trade is not allowed in the expert properties GBPUSD lot=0.01 price=1.27926 slippage=3 sl=1.28032 tp=1.27714 comment= exp=1492777801
0	12:13:34.185	ax_adv_033_2 USDJPY,M5: USDJPY [SELLSTOP ]:(4109)trade is not allowed in the expert properties USDJPY lot=0.01 price=109.089 slippage=3 sl=109.146 tp=108.975 comment= exp=1492777801
0	12:13:34.189	ax_adv_033_2 EURUSD,M5: EURUSD [SELLSTOP ]:(4109)trade is not allowed in the expert properties EURUSD lot=0.01 price=1.06953 slippage=3 sl=1.07050 tp=1.06759 comment= exp=1492777801
0	12:18:35.124	ax_adv_033_2 EURUSD,M5: EURUSD [SELLSTOP ]:(4109)trade is not allowed in the expert properties EURUSD lot=0.01 price=1.06951 slippage=3 sl=1.07058 tp=1.06737 comment= exp=1492778102
0	12:18:35.319	ax_adv_033_2 USDJPY,M5: USDJPY [SELLSTOP ]:(4109)trade is not allowed in the expert properties USDJPY lot=0.01 price=109.064 slippage=3 sl=109.142 tp=108.908 comment= exp=1492778102
0	12:18:36.126	ax_adv_033_2 GBPUSD,M5: GBPUSD [SELLSTOP ]:(4109)trade is not allowed in the expert properties GBPUSD lot=0.01 price=1.27924 slippage=3 sl=1.28021 tp=1.27730 comment= exp=1492778103
0	12:23:34.326	ax_adv_033_2 EURUSD,M5: EURUSD [SELLSTOP ]:(4109)trade is not allowed in the expert properties EURUSD lot=0.01 price=1.06962 slippage=3 sl=1.07059 tp=1.06768 comment= exp=1492778401
0	12:23:35.124	ax_adv_033_2 USDJPY,M5: USDJPY [SELLSTOP ]:(4109)trade is not allowed in the expert properties USDJPY lot=0.01 price=109.048 slippage=3 sl=109.108 tp=108.928 comment= exp=1492778402
0	12:28:34.062	ax_adv_033_2 EURUSD,M5: EURUSD [SELLSTOP ]:(4109)trade is not allowed in the expert properties EURUSD lot=0.01 price=1.07003 slippage=3 sl=1.07078 tp=1.06853 comment= exp=1492778701
0	12:28:34.255	ax_adv_033_2 USDJPY,M5: USDJPY [SELLSTOP ]:(4109)trade is not allowed in the expert properties USDJPY lot=0.01 price=109.053 slippage=3 sl=109.122 tp=108.915 comment= exp=1492778701
0	12:33:34.023	ax_adv_033_2 USDJPY,M5: USDJPY [SELLSTOP ]:(4109)trade is not allowed in the expert properties USDJPY lot=0.01 price=109.065 slippage=3 sl=109.118 tp=108.959 comment= exp=1492779001
0	12:33:34.428	ax_adv_033_2 EURUSD,M5: EURUSD [SELLSTOP ]:(4109)trade is not allowed in the expert properties EURUSD lot=0.01 price=1.07002 slippage=3 sl=1.07055 tp=1.06896 comment= exp=1492779001
0	12:38:34.603	ax_adv_033_2 EURUSD,M5: EURUSD [SELLSTOP ]:(4109)trade is not allowed in the expert properties EURUSD lot=0.01 price=1.06996 slippage=3 sl=1.07058 tp=1.06872 comment= exp=1492779301
0	12:38:34.815	ax_adv_033_2 USDJPY,M5: USDJPY [SELLSTOP ]:(4109)trade is not allowed in the expert properties USDJPY lot=0.01 price=109.059 slippage=3 sl=109.122 tp=108.933 comment= exp=1492779301
0	12:43:34.009	ax_adv_033_2 EURUSD,M5: EURUSD [SELLSTOP ]:(4109)trade is not allowed in the expert properties EURUSD lot=0.01 price=1.07011 slippage=3 sl=1.07078 tp=1.06877 comment= exp=1492779601
0	12:43:34.698	ax_adv_033_2 GBPUSD,M5: GBPUSD [SELLSTOP ]:(4109)trade is not allowed in the expert properties GBPUSD lot=0.01 price=1.28023 slippage=3 sl=1.28105 tp=1.27859 comment= exp=1492779601
0	12:43:36.115	ax_adv_033_2 USDJPY,M5: USDJPY [SELLSTOP ]:(4109)trade is not allowed in the expert properties USDJPY lot=0.01 price=109.080 slippage=3 sl=109.129 tp=108.982 comment= exp=1492779603
0	12:48:33.941	ax_adv_033_2 EURUSD,M5: EURUSD [SELLSTOP ]:(4109)trade is not allowed in the expert properties EURUSD lot=0.01 price=1.07008 slippage=3 sl=1.07073 tp=1.06878 comment= exp=1492779901
0	12:48:34.145	ax_adv_033_2 GBPUSD,M5: GBPUSD [SELLSTOP ]:(4109)trade is not allowed in the expert properties GBPUSD lot=0.01 price=1.27944 slippage=3 sl=1.28064 tp=1.27704 comment= exp=1492779901
0	12:48:34.536	ax_adv_033_2 USDJPY,M5: USDJPY [SELLSTOP ]:(4109)trade is not allowed in the expert properties USDJPY lot=0.01 price=109.096 slippage=3 sl=109.157 tp=108.974 comment= exp=1492779901
0	12:53:34.052	ax_adv_033_2 USDJPY,M5: USDJPY [SELLSTOP ]:(4109)trade is not allowed in the expert properties USDJPY lot=0.01 price=109.131 slippage=3 sl=109.203 tp=108.987 comment= exp=1492780201
0	12:53:34.256	ax_adv_033_2 EURUSD,M5: EURUSD [SELLSTOP ]:(4109)trade is not allowed in the expert properties EURUSD lot=0.01 price=1.06994 slippage=3 sl=1.07063 tp=1.06856 comment= exp=1492780201
0	12:58:34.190	ax_adv_033_2 USDJPY,M5: USDJPY [SELLSTOP ]:(4109)trade is not allowed in the expert properties USDJPY lot=0.01 price=109.116 slippage=3 sl=109.193 tp=108.962 comment= exp=1492780501
0	12:58:34.195	ax_adv_033_2 EURUSD,M5: EURUSD [SELLSTOP ]:(4109)trade is not allowed in the expert properties EURUSD lot=0.01 price=1.07005 slippage=3 sl=1.07069 tp=1.06877 comment= exp=1492780501
0	13:03:34.112	ax_adv_033_2 USDJPY,M5: USDJPY [SELLSTOP ]:(4109)trade is not allowed in the expert properties USDJPY lot=0.01 price=109.131 slippage=3 sl=109.175 tp=109.043 comment= exp=1492780801
0	13:03:34.112	ax_adv_033_2 GBPUSD,M5: GBPUSD [SELLSTOP ]:(4109)trade is not allowed in the expert properties GBPUSD lot=0.01 price=1.27826 slippage=3 sl=1.27950 tp=1.27578 comment= exp=1492780801
0	13:03:34.316	ax_adv_033_2 EURUSD,M5: EURUSD [SELLSTOP ]:(4109)trade is not allowed in the expert properties EURUSD lot=0.01 price=1.06994 slippage=3 sl=1.07077 tp=1.06828 comment= exp=1492780801
0	13:08:35.785	ax_adv_033_2 GBPUSD,M5: GBPUSD [SELLSTOP ]:(4109)trade is not allowed in the expert properties GBPUSD lot=0.01 price=1.27831 slippage=3 sl=1.27903 tp=1.27687 comment= exp=1492781102
0	13:08:36.985	ax_adv_033_2 EURUSD,M5: EURUSD [SELLSTOP ]:(4109)trade is not allowed in the expert properties EURUSD lot=0.01 price=1.06997 slippage=3 sl=1.07043 tp=1.06905 comment= exp=1492781103
0	13:13:34.833	ax_adv_033_2 GBPUSD,M5: GBPUSD [SELLSTOP ]:(4109)trade is not allowed in the expert properties GBPUSD lot=0.01 price=1.27842 slippage=3 sl=1.27914 tp=1.27698 comment= exp=1492781401
0	13:13:37.280	ax_adv_033_2 EURUSD,M5: EURUSD [SELLSTOP ]:(4109)trade is not allowed in the expert properties EURUSD lot=0.01 price=1.06980 slippage=3 sl=1.07041 tp=1.06858 comment= exp=1492781404
0	13:18:34.354	ax_adv_033_2 GBPUSD,M5: GBPUSD [SELLSTOP ]:(4109)trade is not allowed in the expert properties GBPUSD lot=0.01 price=1.27835 slippage=3 sl=1.27906 tp=1.27693 comment= exp=1492781701
0	13:18:34.359	ax_adv_033_2 EURUSD,M5: EURUSD [SELLSTOP ]:(4109)trade is not allowed in the expert properties EURUSD lot=0.01 price=1.06898 slippage=3 sl=1.07027 tp=1.06640 comment= exp=1492781701
0	13:23:34.180	ax_adv_033_2 GBPUSD,M5: GBPUSD [SELLSTOP ]:(4109)trade is not allowed in the expert properties GBPUSD lot=0.01 price=1.27830 slippage=3 sl=1.27876 tp=1.27738 comment= exp=1492782001
0	13:23:34.398	ax_adv_033_2 EURUSD,M5: EURUSD [SELLSTOP ]:(4109)trade is not allowed in the expert properties EURUSD lot=0.01 price=1.06920 slippage=3 sl=1.06978 tp=1.06804 comment= exp=1492782001
0	13:28:34.120	ax_adv_033_2 GBPUSD,M5: GBPUSD [SELLSTOP ]:(4109)trade is not allowed in the expert properties GBPUSD lot=0.01 price=1.27825 slippage=3 sl=1.27889 tp=1.27697 comment= exp=1492782301
0	13:28:34.126	ax_adv_033_2 EURUSD,M5: EURUSD [BUYSTOP ]:(4109)trade is not allowed in the expert properties EURUSD lot=0.01 price=1.06977 slippage=3 sl=1.06879 tp=1.07173 comment= exp=1492782301
0	13:33:36.082	ax_adv_033_2 GBPUSD,M5: GBPUSD [SELLSTOP ]:(4109)trade is not allowed in the expert properties GBPUSD lot=0.01 price=1.27824 slippage=3 sl=1.27876 tp=1.27720 comment= exp=1492782603
0	13:33:36.691	ax_adv_033_2 EURUSD,M5: EURUSD [BUYSTOP ]:(4109)trade is not allowed in the expert properties EURUSD lot=0.01 price=1.06950 slippage=3 sl=1.06867 tp=1.07116 comment= exp=1492782603
0	13:38:36.071	ax_adv_033_2 EURUSD,M5: EURUSD [BUYSTOP ]:(4109)trade is not allowed in the expert properties EURUSD lot=0.01 price=1.06978 slippage=3 sl=1.06883 tp=1.07168 comment= exp=1492782903
0	13:38:36.273	ax_adv_033_2 GBPUSD,M5: GBPUSD [SELLSTOP ]:(4109)trade is not allowed in the expert properties GBPUSD lot=0.01 price=1.27800 slippage=3 sl=1.27867 tp=1.27666 comment= exp=1492782903
0	13:43:33.133	ax_adv_033_2 EURUSD,M5: EURUSD [BUYSTOP ]:(4109)trade is not allowed in the expert properties EURUSD lot=0.01 price=1.06989 slippage=3 sl=1.06935 tp=1.07097 comment= exp=1492783201
0	13:43:33.330	ax_adv_033_2 USDJPY,M5: USDJPY [BUYSTOP ]:(4109)trade is not allowed in the expert properties USDJPY lot=0.01 price=109.095 slippage=3 sl=109.031 tp=109.223 comment= exp=1492783201
0	13:43:33.331	ax_adv_033_2 GBPUSD,M5: GBPUSD [SELLSTOP ]:(4109)trade is not allowed in the expert properties GBPUSD lot=0.01 price=1.27839 slippage=3 sl=1.27932 tp=1.27653 comment= exp=1492783201
0	13:48:33.195	ax_adv_033_2 GBPUSD,M5: GBPUSD [SELLSTOP ]:(4109)trade is not allowed in the expert properties GBPUSD lot=0.01 price=1.27888 slippage=3 sl=1.27959 tp=1.27746 comment= exp=1492783501
0	13:48:33.197	ax_adv_033_2 EURUSD,M5: EURUSD [SELLSTOP ]:(4109)trade is not allowed in the expert properties EURUSD lot=0.01 price=1.06943 slippage=3 sl=1.07007 tp=1.06815 comment= exp=1492783501
0	13:53:33.257	ax_adv_033_2 USDJPY,M5: USDJPY [SELLSTOP ]:(4109)trade is not allowed in the expert properties USDJPY lot=0.01 price=109.044 slippage=3 sl=109.096 tp=108.940 comment= exp=1492783801
0	13:53:33.260	ax_adv_033_2 EURUSD,M5: EURUSD [SELLSTOP ]:(4109)trade is not allowed in the expert properties EURUSD lot=0.01 price=1.06966 slippage=3 sl=1.07012 tp=1.06874 comment= exp=1492783801
0	13:53:35.107	ax_adv_033_2 GBPUSD,M5: GBPUSD [SELLSTOP ]:(4109)trade is not allowed in the expert properties GBPUSD lot=0.01 price=1.27893 slippage=3 sl=1.27960 tp=1.27759 comment= exp=1492783803
0	13:58:33.450	ax_adv_033_2 EURUSD,M5: EURUSD [SELLSTOP ]:(4109)trade is not allowed in the expert properties EURUSD lot=0.01 price=1.06979 slippage=3 sl=1.07021 tp=1.06895 comment= exp=1492784101
0	14:03:33.412	ax_adv_033_2 EURUSD,M5: EURUSD [SELLSTOP ]:(4109)trade is not allowed in the expert properties EURUSD lot=0.01 price=1.06970 slippage=3 sl=1.07032 tp=1.06846 comment= exp=1492784401
0	14:08:33.168	ax_adv_033_2 GBPUSD,M5: GBPUSD [SELLSTOP ]:(4109)trade is not allowed in the expert properties GBPUSD lot=0.01 price=1.27801 slippage=3 sl=1.27920 tp=1.27563 comment= exp=1492784701
0	14:08:34.199	ax_adv_033_2 EURUSD,M5: EURUSD [SELLSTOP ]:(4109)trade is not allowed in the expert properties EURUSD lot=0.01 price=1.06948 slippage=3 sl=1.07021 tp=1.06802 comment= exp=1492784702
0	14:13:33.232	ax_adv_033_2 GBPUSD,M5: GBPUSD [SELLSTOP ]:(4109)trade is not allowed in the expert properties GBPUSD lot=0.01 price=1.27757 slippage=3 sl=1.27870 tp=1.27531 comment= exp=1492785001
0	14:13:33.234	ax_adv_033_2 USDJPY,M5: USDJPY [SELLSTOP ]:(4109)trade is not allowed in the expert properties USDJPY lot=0.01 price=109.081 slippage=3 sl=109.149 tp=108.945 comment= exp=1492785001
0	14:13:33.237	ax_adv_033_2 EURUSD,M5: EURUSD [SELLSTOP ]:(4109)trade is not allowed in the expert properties EURUSD lot=0.01 price=1.06940 slippage=3 sl=1.07000 tp=1.06820 comment= exp=1492785001
0	14:18:33.344	ax_adv_033_2 GBPUSD,M5: GBPUSD [SELLSTOP ]:(4109)trade is not allowed in the expert properties GBPUSD lot=0.01 price=1.27698 slippage=3 sl=1.27813 tp=1.27468 comment= exp=1492785301
0	14:18:33.347	ax_adv_033_2 USDJPY,M5: USDJPY [SELLSTOP ]:(4109)trade is not allowed in the expert properties USDJPY lot=0.01 price=109.089 slippage=3 sl=109.146 tp=108.975 comment= exp=1492785301
0	14:18:33.349	ax_adv_033_2 EURUSD,M5: EURUSD [SELLSTOP ]:(4109)trade is not allowed in the expert properties EURUSD lot=0.01 price=1.06907 slippage=3 sl=1.06980 tp=1.06761 comment= exp=1492785301
0	14:23:33.340	ax_adv_033_2 USDJPY,M5: USDJPY [SELLSTOP ]:(4109)trade is not allowed in the expert properties USDJPY lot=0.01 price=109.058 slippage=3 sl=109.132 tp=108.910 comment= exp=1492785601
0	14:23:33.737	ax_adv_033_2 GBPUSD,M5: GBPUSD [SELLSTOP ]:(4109)trade is not allowed in the expert properties GBPUSD lot=0.01 price=1.27713 slippage=3 sl=1.27778 tp=1.27583 comment= exp=1492785601
0	14:23:37.480	ax_adv_033_2 EURUSD,M5: EURUSD [SELLSTOP ]:(4109)trade is not allowed in the expert properties EURUSD lot=0.01 price=1.06927 slippage=3 sl=1.07003 tp=1.06775 comment= exp=1492785605
0	14:28:33.138	ax_adv_033_2 GBPUSD,M5: GBPUSD [SELLSTOP ]:(4109)trade is not allowed in the expert properties GBPUSD lot=0.01 price=1.27745 slippage=3 sl=1.27802 tp=1.27631 comment= exp=1492785901
0	14:28:33.138	ax_adv_033_2 USDJPY,M5: USDJPY [SELLSTOP ]:(4109)trade is not allowed in the expert properties USDJPY lot=0.01 price=109.052 slippage=3 sl=109.116 tp=108.924 comment= exp=1492785901
0	14:28:33.148	ax_adv_033_2 EURUSD,M5: EURUSD [SELLSTOP ]:(4109)trade is not allowed in the expert properties EURUSD lot=0.01 price=1.06965 slippage=3 sl=1.07046 tp=1.06803 comment= exp=1492785901
0	14:33:33.297	ax_adv_033_2 GBPUSD,M5: GBPUSD [SELLSTOP ]:(4109)trade is not allowed in the expert properties GBPUSD lot=0.01 price=1.27733 slippage=3 sl=1.27805 tp=1.27589 comment= exp=1492786201
0	14:33:33.707	ax_adv_033_2 EURUSD,M5: EURUSD [SELLSTOP ]:(4109)trade is not allowed in the expert properties EURUSD lot=0.01 price=1.07004 slippage=3 sl=1.07057 tp=1.06898 comment= exp=1492786201
0	14:38:33.370	ax_adv_033_2 EURUSD,M5: EURUSD [SELLSTOP ]:(4109)trade is not allowed in the expert properties EURUSD lot=0.01 price=1.06965 slippage=3 sl=1.07051 tp=1.06793 comment= exp=1492786501
0	14:38:37.417	ax_adv_033_2 GBPUSD,M5: GBPUSD [SELLSTOP ]:(4109)trade is not allowed in the expert properties GBPUSD lot=0.01 price=1.27739 slippage=3 sl=1.27806 tp=1.27605 comment= exp=1492786505
0	14:43:33.257	ax_adv_033_2 GBPUSD,M5: GBPUSD [SELLSTOP ]:(4109)trade is not allowed in the expert properties GBPUSD lot=0.01 price=1.27759 slippage=3 sl=1.27806 tp=1.27665 comment= exp=1492786801
0	14:48:33.122	ax_adv_033_2 GBPUSD,M5: GBPUSD [SELLSTOP ]:(4109)trade is not allowed in the expert properties GBPUSD lot=0.01 price=1.27756 slippage=3 sl=1.27949 tp=1.27370 comment= exp=1492787101
0	14:53:33.152	ax_adv_033_2 GBPUSD,M5: GBPUSD [SELLSTOP ]:(4109)trade is not allowed in the expert properties GBPUSD lot=0.01 price=1.27823 slippage=3 sl=1.27892 tp=1.27685 comment= exp=1492787401
0	14:58:33.067	ax_adv_033_2 GBPUSD,M5: GBPUSD [SELLSTOP ]:(4109)trade is not allowed in the expert properties GBPUSD lot=0.01 price=1.27741 slippage=3 sl=1.27896 tp=1.27431 comment= exp=1492787701
0	15:03:33.142	ax_adv_033_2 GBPUSD,M5: GBPUSD [SELLSTOP ]:(4109)trade is not allowed in the expert properties GBPUSD lot=0.01 price=1.27553 slippage=3 sl=1.27785 tp=1.27089 comment= exp=1492788001
0	15:08:32.967	ax_adv_033_2 GBPUSD,M5: GBPUSD [SELLSTOP ]:(4109)trade is not allowed in the expert properties GBPUSD lot=0.01 price=1.27602 slippage=3 sl=1.27734 tp=1.27338 comment= exp=1492788301
0	15:13:33.187	ax_adv_033_2 GBPUSD,M5: GBPUSD [SELLSTOP ]:(4109)trade is not allowed in the expert properties GBPUSD lot=0.01 price=1.27689 slippage=3 sl=1.27799 tp=1.27469 comment= exp=1492788601
0	15:13:33.596	ax_adv_033_2 USDJPY,M5: USDJPY [BUYSTOP ]:(4109)trade is not allowed in the expert properties USDJPY lot=0.01 price=109.148 slippage=3 sl=109.089 tp=109.266 comment= exp=1492788601
0	15:18:33.173	ax_adv_033_2 GBPUSD,M5: GBPUSD [SELLSTOP ]:(4109)trade is not allowed in the expert properties GBPUSD lot=0.01 price=1.27742 slippage=3 sl=1.27811 tp=1.27604 comment= exp=1492788901
0	15:18:33.176	ax_adv_033_2 USDJPY,M5: USDJPY [BUYSTOP ]:(4109)trade is not allowed in the expert properties USDJPY lot=0.01 price=109.133 slippage=3 sl=109.059 tp=109.281 comment= exp=1492788901
0	15:23:38.596	ax_adv_033_2 GBPUSD,M5: GBPUSD [SELLSTOP ]:(4109)trade is not allowed in the expert properties GBPUSD lot=0.01 price=1.27751 slippage=3 sl=1.27839 tp=1.27575 comment= exp=1492789206
0	15:28:33.534	ax_adv_033_2 GBPUSD,M5: GBPUSD [SELLSTOP ]:(4109)trade is not allowed in the expert properties GBPUSD lot=0.01 price=1.27783 slippage=3 sl=1.27861 tp=1.27627 comment= exp=1492789501
0	15:33:33.361	ax_adv_033_2 GBPUSD,M5: GBPUSD [SELLSTOP ]:(4109)trade is not allowed in the expert properties GBPUSD lot=0.01 price=1.27824 slippage=3 sl=1.27912 tp=1.27648 comment= exp=1492789801
0	15:33:33.763	ax_adv_033_2 USDJPY,M5: USDJPY [SELLSTOP ]:(4109)trade is not allowed in the expert properties USDJPY lot=0.01 price=109.061 slippage=3 sl=109.130 tp=108.923 comment= exp=1492789801
0	15:38:34.001	ax_adv_033_2 USDJPY,M5: USDJPY [SELLSTOP ]:(4109)trade is not allowed in the expert properties USDJPY lot=0.01 price=109.077 slippage=3 sl=109.140 tp=108.951 comment= exp=1492790102
0	15:38:34.002	ax_adv_033_2 GBPUSD,M5: GBPUSD [SELLSTOP ]:(4109)trade is not allowed in the expert properties GBPUSD lot=0.01 price=1.27851 slippage=3 sl=1.27958 tp=1.27637 comment= exp=1492790102
0	15:43:33.324	ax_adv_033_2 GBPUSD,M5: GBPUSD [SELLSTOP ]:(4109)trade is not allowed in the expert properties GBPUSD lot=0.01 price=1.27836 slippage=3 sl=1.27953 tp=1.27602 comment= exp=1492790401
0	15:43:33.327	ax_adv_033_2 USDJPY,M5: USDJPY [SELLSTOP ]:(4109)trade is not allowed in the expert properties USDJPY lot=0.01 price=109.087 slippage=3 sl=109.145 tp=108.971 comment= exp=1492790401
0	15:48:32.992	ax_adv_033_2 USDJPY,M5: USDJPY [SELLSTOP ]:(4109)trade is not allowed in the expert properties USDJPY lot=0.01 price=109.104 slippage=3 sl=109.154 tp=109.004 comment= exp=1492790701
0	15:53:33.835	ax_adv_033_2 USDJPY,M5: USDJPY [SELLSTOP ]:(4109)trade is not allowed in the expert properties USDJPY lot=0.01 price=109.108 slippage=3 sl=109.152 tp=109.020 comment= exp=1492791001
0	16:08:33.142	ax_adv_033_2 GBPUSD,M5: GBPUSD [BUYSTOP ]:(4109)trade is not allowed in the expert properties GBPUSD lot=0.01 price=1.27946 slippage=3 sl=1.27880 tp=1.28078 comment= exp=1492791901
0	16:13:33.324	ax_adv_033_2 GBPUSD,M5: GBPUSD [BUYSTOP ]:(4109)trade is not allowed in the expert properties GBPUSD lot=0.01 price=1.27954 slippage=3 sl=1.27882 tp=1.28098 comment= exp=1492792201
0	16:18:33.432	ax_adv_033_2 GBPUSD,M5: GBPUSD [BUYSTOP ]:(4109)trade is not allowed in the expert properties GBPUSD lot=0.01 price=1.27945 slippage=3 sl=1.27868 tp=1.28099 comment= exp=1492792501
0	16:23:33.073	ax_adv_033_2 GBPUSD,M5: GBPUSD [BUYSTOP ]:(4109)trade is not allowed in the expert properties GBPUSD lot=0.01 price=1.27946 slippage=3 sl=1.27879 tp=1.28080 comment= exp=1492792801
0	16:28:33.069	ax_adv_033_2 GBPUSD,M5: GBPUSD [BUYSTOP ]:(4109)trade is not allowed in the expert properties GBPUSD lot=0.01 price=1.27942 slippage=3 sl=1.27863 tp=1.28100 comment= exp=1492793101
0	16:28:33.069	ax_adv_033_2 USDJPY,M5: USDJPY [SELLSTOP ]:(4109)trade is not allowed in the expert properties USDJPY lot=0.01 price=109.055 slippage=3 sl=109.110 tp=108.945 comment= exp=1492793101
0	16:33:33.251	ax_adv_033_2 USDJPY,M5: USDJPY [SELLSTOP ]:(4109)trade is not allowed in the expert properties USDJPY lot=0.01 price=109.066 slippage=3 sl=109.126 tp=108.946 comment= exp=1492793401
0	16:33:33.453	ax_adv_033_2 GBPUSD,M5: GBPUSD [BUYSTOP ]:(4109)trade is not allowed in the expert properties GBPUSD lot=0.01 price=1.27926 slippage=3 sl=1.27851 tp=1.28076 comment= exp=1492793401
0	16:38:33.407	ax_adv_033_2 GBPUSD,M5: GBPUSD [BUYSTOP ]:(4109)trade is not allowed in the expert properties GBPUSD lot=0.01 price=1.27940 slippage=3 sl=1.27861 tp=1.28098 comment= exp=1492793701
0	16:38:33.407	ax_adv_033_2 USDJPY,M5: USDJPY [SELLSTOP ]:(4109)trade is not allowed in the expert properties USDJPY lot=0.01 price=109.062 slippage=3 sl=109.119 tp=108.948 comment= exp=1492793701
0	16:43:33.217	ax_adv_033_2 GBPUSD,M5: GBPUSD [BUYSTOP ]:(4109)trade is not allowed in the expert properties GBPUSD lot=0.01 price=1.28005 slippage=3 sl=1.27894 tp=1.28227 comment= exp=1492794001
0	16:43:33.217	ax_adv_033_2 USDJPY,M5: USDJPY [SELLSTOP ]:(4109)trade is not allowed in the expert properties USDJPY lot=0.01 price=109.094 slippage=3 sl=109.169 tp=108.944 comment= exp=1492794001
0	16:48:35.157	ax_adv_033_2 GBPUSD,M5: GBPUSD [BUYSTOP ]:(4109)trade is not allowed in the expert properties GBPUSD lot=0.01 price=1.28003 slippage=3 sl=1.27942 tp=1.28125 comment= exp=1492794303
0	16:48:35.989	ax_adv_033_2 USDJPY,M5: USDJPY [SELLSTOP ]:(4109)trade is not allowed in the expert properties USDJPY lot=0.01 price=109.049 slippage=3 sl=109.134 tp=108.879 comment= exp=1492794304
0	16:53:33.117	ax_adv_033_2 USDJPY,M5: USDJPY [SELLSTOP ]:(4109)trade is not allowed in the expert properties USDJPY lot=0.01 price=109.045 slippage=3 sl=109.118 tp=108.899 comment= exp=1492794601
0	16:53:33.347	ax_adv_033_2 GBPUSD,M5: GBPUSD [BUYSTOP ]:(4109)trade is not allowed in the expert properties GBPUSD lot=0.01 price=1.27985 slippage=3 sl=1.27931 tp=1.28093 comment= exp=1492794601
0	16:58:32.949	ax_adv_033_2 GBPUSD,M5: GBPUSD [BUYSTOP ]:(4109)trade is not allowed in the expert properties GBPUSD lot=0.01 price=1.27996 slippage=3 sl=1.27848 tp=1.28292 comment= exp=1492794901
0	17:03:33.637	ax_adv_033_2 GBPUSD,M5: GBPUSD [BUYSTOP ]:(4109)trade is not allowed in the expert properties GBPUSD lot=0.01 price=1.27925 slippage=3 sl=1.27815 tp=1.28145 comment= exp=1492795201
0	17:08:33.072	ax_adv_033_2 GBPUSD,M5: GBPUSD [BUYSTOP ]:(4109)trade is not allowed in the expert properties GBPUSD lot=0.01 price=1.27983 slippage=3 sl=1.27853 tp=1.28243 comment= exp=1492795501
0	17:08:35.128	ax_adv_033_2 EURUSD,M5: EURUSD [BUYSTOP ]:(4109)trade is not allowed in the expert properties EURUSD lot=0.01 price=1.06994 slippage=3 sl=1.06857 tp=1.07268 comment= exp=1492795503
0	17:13:33.896	ax_adv_033_2 EURUSD,M5: EURUSD [BUYSTOP ]:(4109)trade is not allowed in the expert properties EURUSD lot=0.01 price=1.06995 slippage=3 sl=1.06888 tp=1.07209 comment= exp=1492795801
0	17:23:35.896	ax_adv_033_2 USDJPY,M5: USDJPY [SELLSTOP ]:(4109)trade is not allowed in the expert properties USDJPY lot=0.01 price=109.123 slippage=3 sl=109.185 tp=108.999 comment= exp=1492796403
0	17:28:33.104	ax_adv_033_2 USDJPY,M5: USDJPY [SELLSTOP ]:(4109)trade is not allowed in the expert properties USDJPY lot=0.01 price=109.110 slippage=3 sl=109.186 tp=108.958 comment= exp=1492796701
0	17:38:33.972	ax_adv_033_2 EURUSD,M5: EURUSD [SELLSTOP ]:(4109)trade is not allowed in the expert properties EURUSD lot=0.01 price=1.06901 slippage=3 sl=1.07005 tp=1.06693 comment= exp=1492797301
0	17:48:33.212	ax_adv_033_2 USDJPY,M5: USDJPY [BUYSTOP ]:(4109)trade is not allowed in the expert properties USDJPY lot=0.01 price=109.112 slippage=3 sl=109.038 tp=109.260 comment= exp=1492797901
0	17:53:33.029	ax_adv_033_2 GBPUSD,M5: GBPUSD [BUYSTOP ]:(4109)trade is not allowed in the expert properties GBPUSD lot=0.01 price=1.27926 slippage=3 sl=1.27831 tp=1.28116 comment= exp=1492798201
0	17:53:33.834	ax_adv_033_2 USDJPY,M5: USDJPY [BUYSTOP ]:(4109)trade is not allowed in the expert properties USDJPY lot=0.01 price=109.101 slippage=3 sl=109.030 tp=109.243 comment= exp=1492798201
0	17:58:33.440	ax_adv_033_2 GBPUSD,M5: GBPUSD [BUYSTOP ]:(4109)trade is not allowed in the expert properties GBPUSD lot=0.01 price=1.27868 slippage=3 sl=1.27723 tp=1.28158 comment= exp=1492798501
0	18:03:33.068	ax_adv_033_2 EURUSD,M5: EURUSD [SELLSTOP ]:(4109)trade is not allowed in the expert properties EURUSD lot=0.01 price=1.06858 slippage=3 sl=1.06937 tp=1.06700 comment= exp=1492798801
0	18:03:33.270	ax_adv_033_2 GBPUSD,M5: GBPUSD [BUYSTOP ]:(4109)trade is not allowed in the expert properties GBPUSD lot=0.01 price=1.27825 slippage=3 sl=1.27732 tp=1.28011 comment= exp=1492798801
0	18:08:33.031	ax_adv_033_2 EURUSD,M5: EURUSD [SELLSTOP ]:(4109)trade is not allowed in the expert properties EURUSD lot=0.01 price=1.06883 slippage=3 sl=1.06945 tp=1.06759 comment= exp=1492799101
0	18:13:33.172	ax_adv_033_2 USDJPY,M5: USDJPY [SELLSTOP ]:(4109)trade is not allowed in the expert properties USDJPY lot=0.01 price=108.932 slippage=3 sl=109.007 tp=108.782 comment= exp=1492799401
0	18:13:33.172	ax_adv_033_2 EURUSD,M5: EURUSD [SELLSTOP ]:(4109)trade is not allowed in the expert properties EURUSD lot=0.01 price=1.06911 slippage=3 sl=1.06979 tp=1.06775 comment= exp=1492799401
0	18:18:33.288	ax_adv_033_2 USDJPY,M5: USDJPY [SELLSTOP ]:(4109)trade is not allowed in the expert properties USDJPY lot=0.01 price=108.949 slippage=3 sl=109.116 tp=108.615 comment= exp=1492799701
0	18:18:33.490	ax_adv_033_2 EURUSD,M5: EURUSD [SELLSTOP ]:(4109)trade is not allowed in the expert properties EURUSD lot=0.01 price=1.06904 slippage=3 sl=1.06994 tp=1.06724 comment= exp=1492799701
0	18:23:33.314	ax_adv_033_2 GBPUSD,M5: GBPUSD [SELLSTOP ]:(4109)trade is not allowed in the expert properties GBPUSD lot=0.01 price=1.27725 slippage=3 sl=1.27799 tp=1.27577 comment= exp=1492800001
0	18:23:34.112	ax_adv_033_2 USDJPY,M5: USDJPY [SELLSTOP ]:(4109)trade is not allowed in the expert properties USDJPY lot=0.01 price=109.016 slippage=3 sl=109.097 tp=108.854 comment= exp=1492800002
0	18:23:36.356	ax_adv_033_2 EURUSD,M5: EURUSD [SELLSTOP ]:(4109)trade is not allowed in the expert properties EURUSD lot=0.01 price=1.06917 slippage=3 sl=1.06985 tp=1.06781 comment= exp=1492800004
0	18:28:33.364	ax_adv_033_2 USDJPY,M5: USDJPY [SELLSTOP ]:(4109)trade is not allowed in the expert properties USDJPY lot=0.01 price=109.011 slippage=3 sl=109.106 tp=108.821 comment= exp=1492800301
0	18:28:33.580	ax_adv_033_2 EURUSD,M5: EURUSD [SELLSTOP ]:(4109)trade is not allowed in the expert properties EURUSD lot=0.01 price=1.06943 slippage=3 sl=1.07011 tp=1.06807 comment= exp=1492800301
0	18:28:34.597	ax_adv_033_2 GBPUSD,M5: GBPUSD [SELLSTOP ]:(4109)trade is not allowed in the expert properties GBPUSD lot=0.01 price=1.27742 slippage=3 sl=1.27838 tp=1.27550 comment= exp=1492800302
0	18:33:33.626	ax_adv_033_2 GBPUSD,M5: GBPUSD [SELLSTOP ]:(4109)trade is not allowed in the expert properties GBPUSD lot=0.01 price=1.27812 slippage=3 sl=1.27892 tp=1.27652 comment= exp=1492800601
0	18:33:34.471	ax_adv_033_2 EURUSD,M5: EURUSD [SELLSTOP ]:(4109)trade is not allowed in the expert properties EURUSD lot=0.01 price=1.06963 slippage=3 sl=1.07016 tp=1.06857 comment= exp=1492800602
0	18:38:33.187	ax_adv_033_2 GBPUSD,M5: GBPUSD [SELLSTOP ]:(4109)trade is not allowed in the expert properties GBPUSD lot=0.01 price=1.27775 slippage=3 sl=1.27865 tp=1.27595 comment= exp=1492800901
0	18:38:33.197	ax_adv_033_2 EURUSD,M5: EURUSD [SELLSTOP ]:(4109)trade is not allowed in the expert properties EURUSD lot=0.01 price=1.06952 slippage=3 sl=1.07013 tp=1.06830 comment= exp=1492800901
0	18:43:33.197	ax_adv_033_2 GBPUSD,M5: GBPUSD [SELLSTOP ]:(4109)trade is not allowed in the expert properties GBPUSD lot=0.01 price=1.27754 slippage=3 sl=1.27834 tp=1.27594 comment= exp=1492801201
0	18:43:33.197	ax_adv_033_2 EURUSD,M5: EURUSD [SELLSTOP ]:(4109)trade is not allowed in the expert properties EURUSD lot=0.01 price=1.06917 slippage=3 sl=1.07002 tp=1.06747 comment= exp=1492801201
0	18:48:36.129	ax_adv_033_2 GBPUSD,M5: GBPUSD [SELLSTOP ]:(4109)trade is not allowed in the expert properties GBPUSD lot=0.01 price=1.27634 slippage=3 sl=1.27797 tp=1.27308 comment= exp=1492801504
0	18:53:33.657	ax_adv_033_2 GBPUSD,M5: GBPUSD [SELLSTOP ]:(4109)trade is not allowed in the expert properties GBPUSD lot=0.01 price=1.27652 slippage=3 sl=1.27786 tp=1.27384 comment= exp=1492801801
0	18:58:33.055	ax_adv_033_2 GBPUSD,M5: GBPUSD [SELLSTOP ]:(4109)trade is not allowed in the expert properties GBPUSD lot=0.01 price=1.27753 slippage=3 sl=1.27825 tp=1.27609 comment= exp=1492802101
0	19:03:33.086	ax_adv_033_2 GBPUSD,M5: GBPUSD [SELLSTOP ]:(4109)trade is not allowed in the expert properties GBPUSD lot=0.01 price=1.27794 slippage=3 sl=1.27877 tp=1.27628 comment= exp=1492802401
0	19:03:34.309	ax_adv_033_2 EURUSD,M5: EURUSD [SELLSTOP ]:(4109)trade is not allowed in the expert properties EURUSD lot=0.01 price=1.06863 slippage=3 sl=1.06951 tp=1.06687 comment= exp=1492802402
0	19:08:37.105	ax_adv_033_2 GBPUSD,M5: GBPUSD [SELLSTOP ]:(4109)trade is not allowed in the expert properties GBPUSD lot=0.01 price=1.27775 slippage=3 sl=1.27874 tp=1.27577 comment= exp=1492802705
0	19:08:37.115	ax_adv_033_2 EURUSD,M5: EURUSD [SELLSTOP ]:(4109)trade is not allowed in the expert properties EURUSD lot=0.01 price=1.06877 slippage=3 sl=1.06927 tp=1.06777 comment= exp=1492802705
0	19:13:34.930	ax_adv_033_2 USDJPY,M5: USDJPY [BUYSTOP ]:(4109)trade is not allowed in the expert properties USDJPY lot=0.01 price=109.042 slippage=3 sl=108.973 tp=109.180 comment= exp=1492803002
0	19:18:35.965	ax_adv_033_2 GBPUSD,M5: GBPUSD [SELLSTOP ]:(4109)trade is not allowed in the expert properties GBPUSD lot=0.01 price=1.27903 slippage=3 sl=1.27993 tp=1.27723 comment= exp=1492803304
0	19:23:33.019	ax_adv_033_2 GBPUSD,M5: GBPUSD [SELLSTOP ]:(4109)trade is not allowed in the expert properties GBPUSD lot=0.01 price=1.27914 slippage=3 sl=1.27988 tp=1.27766 comment= exp=1492803601
0	19:28:33.168	ax_adv_033_2 USDJPY,M5: USDJPY [BUYSTOP ]:(4109)trade is not allowed in the expert properties USDJPY lot=0.01 price=109.025 slippage=3 sl=108.942 tp=109.191 comment= exp=1492803901
0	19:33:44.809	ax_adv_033_2 USDJPY,M5: USDJPY [BUYSTOP ]:(4109)trade is not allowed in the expert properties USDJPY lot=0.01 price=109.080 slippage=3 sl=108.976 tp=109.288 comment= exp=1492804212
0	19:38:34.846	ax_adv_033_2 USDJPY,M5: USDJPY [BUYSTOP ]:(4109)trade is not allowed in the expert properties USDJPY lot=0.01 price=109.072 slippage=3 sl=109.013 tp=109.190 comment= exp=1492804502
0	19:38:36.476	ax_adv_033_2 EURUSD,M5: EURUSD [SELLSTOP ]:(4109)trade is not allowed in the expert properties EURUSD lot=0.01 price=1.06806 slippage=3 sl=1.06877 tp=1.06664 comment= exp=1492804504
0	19:43:35.268	ax_adv_033_2 USDJPY,M5: USDJPY [BUYSTOP ]:(4109)trade is not allowed in the expert properties USDJPY lot=0.01 price=109.062 slippage=3 sl=109.008 tp=109.170 comment= exp=1492804803
0	19:43:35.268	ax_adv_033_2 EURUSD,M5: EURUSD [SELLSTOP ]:(4109)trade is not allowed in the expert properties EURUSD lot=0.01 price=1.06819 slippage=3 sl=1.06866 tp=1.06725 comment= exp=1492804803
0	19:48:33.220	ax_adv_033_2 EURUSD,M5: EURUSD [SELLSTOP ]:(4109)trade is not allowed in the expert properties EURUSD lot=0.01 price=1.06811 slippage=3 sl=1.06863 tp=1.06707 comment= exp=1492805101
0	19:48:38.368	ax_adv_033_2 USDJPY,M5: USDJPY [BUYSTOP ]:(4109)trade is not allowed in the expert properties USDJPY lot=0.01 price=109.055 slippage=3 sl=109.000 tp=109.165 comment= exp=1492805106
0	19:53:33.214	ax_adv_033_2 USDJPY,M5: USDJPY [BUYSTOP ]:(4109)trade is not allowed in the expert properties USDJPY lot=0.01 price=109.040 slippage=3 sl=108.961 tp=109.198 comment= exp=1492805401
0	19:53:34.878	ax_adv_033_2 EURUSD,M5: EURUSD [SELLSTOP ]:(4109)trade is not allowed in the expert properties EURUSD lot=0.01 price=1.06834 slippage=3 sl=1.06901 tp=1.06700 comment= exp=1492805402
0	19:58:33.139	ax_adv_033_2 USDJPY,M5: USDJPY [BUYSTOP ]:(4109)trade is not allowed in the expert properties USDJPY lot=0.01 price=109.018 slippage=3 sl=108.966 tp=109.122 comment= exp=1492805701
0	19:58:33.361	ax_adv_033_2 GBPUSD,M5: GBPUSD [BUYSTOP ]:(4109)trade is not allowed in the expert properties GBPUSD lot=0.01 price=1.28002 slippage=3 sl=1.27933 tp=1.28140 comment= exp=1492805701
0	19:58:33.371	ax_adv_033_2 EURUSD,M5: EURUSD [SELLSTOP ]:(4109)trade is not allowed in the expert properties EURUSD lot=0.01 price=1.06873 slippage=3 sl=1.06953 tp=1.06713 comment= exp=1492805701
0	20:03:32.982	ax_adv_033_2 GBPUSD,M5: GBPUSD [BUYSTOP ]:(4109)trade is not allowed in the expert properties GBPUSD lot=0.01 price=1.27999 slippage=3 sl=1.27921 tp=1.28155 comment= exp=1492806001
0	20:03:33.172	ax_adv_033_2 USDJPY,M5: USDJPY [BUYSTOP ]:(4109)trade is not allowed in the expert properties USDJPY lot=0.01 price=109.020 slippage=3 sl=108.961 tp=109.138 comment= exp=1492806001
0	20:03:34.608	ax_adv_033_2 EURUSD,M5: EURUSD [SELLSTOP ]:(4109)trade is not allowed in the expert properties EURUSD lot=0.01 price=1.06899 slippage=3 sl=1.06959 tp=1.06779 comment= exp=1492806002
0	20:08:33.110	ax_adv_033_2 USDJPY,M5: USDJPY [BUYSTOP ]:(4109)trade is not allowed in the expert properties USDJPY lot=0.01 price=109.015 slippage=3 sl=108.955 tp=109.135 comment= exp=1492806301
0	20:08:33.120	ax_adv_033_2 GBPUSD,M5: GBPUSD [BUYSTOP ]:(4109)trade is not allowed in the expert properties GBPUSD lot=0.01 price=1.27987 slippage=3 sl=1.27914 tp=1.28133 comment= exp=1492806301
0	20:08:33.359	ax_adv_033_2 EURUSD,M5: EURUSD [SELLSTOP ]:(4109)trade is not allowed in the expert properties EURUSD lot=0.01 price=1.06904 slippage=3 sl=1.06959 tp=1.06794 comment= exp=1492806301
0	20:13:34.164	ax_adv_033_2 GBPUSD,M5: GBPUSD [BUYSTOP ]:(4109)trade is not allowed in the expert properties GBPUSD lot=0.01 price=1.28030 slippage=3 sl=1.27915 tp=1.28260 comment= exp=1492806602
0	20:13:34.555	ax_adv_033_2 EURUSD,M5: EURUSD [SELLSTOP ]:(4109)trade is not allowed in the expert properties EURUSD lot=0.01 price=1.06921 slippage=3 sl=1.06996 tp=1.06771 comment= exp=1492806602
0	20:13:38.239	ax_adv_033_2 USDJPY,M5: USDJPY [BUYSTOP ]:(4109)trade is not allowed in the expert properties USDJPY lot=0.01 price=108.994 slippage=3 sl=108.869 tp=109.244 comment= exp=1492806606
0	20:18:33.235	ax_adv_033_2 USDJPY,M5: USDJPY [BUYSTOP ]:(4109)trade is not allowed in the expert properties USDJPY lot=0.01 price=108.956 slippage=3 sl=108.898 tp=109.072 comment= exp=1492806901
0	20:18:33.236	ax_adv_033_2 GBPUSD,M5: GBPUSD [BUYSTOP ]:(4109)trade is not allowed in the expert properties GBPUSD lot=0.01 price=1.28004 slippage=3 sl=1.27925 tp=1.28162 comment= exp=1492806901
0	20:23:33.097	ax_adv_033_2 USDJPY,M5: USDJPY [BUYSTOP ]:(4109)trade is not allowed in the expert properties USDJPY lot=0.01 price=109.026 slippage=3 sl=108.890 tp=109.298 comment= exp=1492807201
0	20:23:33.293	ax_adv_033_2 GBPUSD,M5: GBPUSD [BUYSTOP ]:(4109)trade is not allowed in the expert properties GBPUSD lot=0.01 price=1.27992 slippage=3 sl=1.27932 tp=1.28112 comment= exp=1492807201
0	20:28:33.272	ax_adv_033_2 USDJPY,M5: USDJPY [BUYSTOP ]:(4109)trade is not allowed in the expert properties USDJPY lot=0.01 price=108.999 slippage=3 sl=108.926 tp=109.145 comment= exp=1492807501
0	20:28:35.097	ax_adv_033_2 GBPUSD,M5: GBPUSD [BUYSTOP ]:(4109)trade is not allowed in the expert properties GBPUSD lot=0.01 price=1.28019 slippage=3 sl=1.27946 tp=1.28165 comment= exp=1492807503
0	20:33:33.083	ax_adv_033_2 GBPUSD,M5: GBPUSD [BUYSTOP ]:(4109)trade is not allowed in the expert properties GBPUSD lot=0.01 price=1.28018 slippage=3 sl=1.27959 tp=1.28136 comment= exp=1492807801
0	20:33:37.001	ax_adv_033_2 USDJPY,M5: USDJPY [BUYSTOP ]:(4109)trade is not allowed in the expert properties USDJPY lot=0.01 price=108.991 slippage=3 sl=108.936 tp=109.101 comment= exp=1492807805
0	20:38:34.856	ax_adv_033_2 GBPUSD,M5: GBPUSD [BUYSTOP ]:(4109)trade is not allowed in the expert properties GBPUSD lot=0.01 price=1.28021 slippage=3 sl=1.27949 tp=1.28165 comment= exp=1492808102
0	20:38:36.908	ax_adv_033_2 USDJPY,M5: USDJPY [BUYSTOP ]:(4109)trade is not allowed in the expert properties USDJPY lot=0.01 price=108.972 slippage=3 sl=108.910 tp=109.096 comment= exp=1492808104
0	20:43:33.145	ax_adv_033_2 GBPUSD,M5: GBPUSD [BUYSTOP ]:(4109)trade is not allowed in the expert properties GBPUSD lot=0.01 price=1.28036 slippage=3 sl=1.27974 tp=1.28160 comment= exp=1492808401
0	20:43:34.371	ax_adv_033_2 USDJPY,M5: USDJPY [BUYSTOP ]:(4109)trade is not allowed in the expert properties USDJPY lot=0.01 price=109.037 slippage=3 sl=108.911 tp=109.289 comment= exp=1492808402
0	20:43:37.244	ax_adv_033_2 EURUSD,M5: EURUSD [SELLSTOP ]:(4109)trade is not allowed in the expert properties EURUSD lot=0.01 price=1.07020 slippage=3 sl=1.07070 tp=1.06920 comment= exp=1492808405
0	20:48:37.495	ax_adv_033_2 EURUSD,M5: EURUSD [SELLSTOP ]:(4109)trade is not allowed in the expert properties EURUSD lot=0.01 price=1.07040 slippage=3 sl=1.07108 tp=1.06904 comment= exp=1492808705
0	20:48:38.805	ax_adv_033_2 USDJPY,M5: USDJPY [SELLSTOP ]:(4109)trade is not allowed in the expert properties USDJPY lot=0.01 price=108.967 slippage=3 sl=109.043 tp=108.815 comment= exp=1492808706
0	20:48:48.780	ax_adv_033_2 GBPUSD,M5: GBPUSD [BUYSTOP ]:(4109)trade is not allowed in the expert properties GBPUSD lot=0.01 price=1.28059 slippage=3 sl=1.27989 tp=1.28199 comment= exp=1492808716
0	20:53:34.017	ax_adv_033_2 EURUSD,M5: EURUSD [SELLSTOP ]:(4109)trade is not allowed in the expert properties EURUSD lot=0.01 price=1.07057 slippage=3 sl=1.07107 tp=1.06957 comment= exp=1492809001
0	20:53:34.800	ax_adv_033_2 USDJPY,M5: USDJPY [SELLSTOP ]:(4109)trade is not allowed in the expert properties USDJPY lot=0.01 price=108.980 slippage=3 sl=109.054 tp=108.832 comment= exp=1492809002
0	20:53:35.211	ax_adv_033_2 GBPUSD,M5: GBPUSD [BUYSTOP ]:(4109)trade is not allowed in the expert properties GBPUSD lot=0.01 price=1.28059 slippage=3 sl=1.27992 tp=1.28193 comment= exp=1492809003
0	20:58:33.184	ax_adv_033_2 USDJPY,M5: USDJPY [SELLSTOP ]:(4109)trade is not allowed in the expert properties USDJPY lot=0.01 price=108.996 slippage=3 sl=109.336 tp=108.316 comment= exp=1492809301
0	20:58:33.184	ax_adv_033_2 GBPUSD,M5: GBPUSD [BUYSTOP ]:(4109)trade is not allowed in the expert properties GBPUSD lot=0.01 price=1.28035 slippage=3 sl=1.27928 tp=1.28249 comment= exp=1492809301
0	20:58:33.393	ax_adv_033_2 EURUSD,M5: EURUSD [SELLSTOP ]:(4109)trade is not allowed in the expert properties EURUSD lot=0.01 price=1.06951 slippage=3 sl=1.07098 tp=1.06657 comment= exp=1492809301
0	21:03:33.533	ax_adv_033_2 EURUSD,M5: EURUSD [SELLSTOP ]:(4109)trade is not allowed in the expert properties EURUSD lot=0.01 price=1.06953 slippage=3 sl=1.07008 tp=1.06843 comment= exp=1492809601
0	21:03:33.725	ax_adv_033_2 USDJPY,M5: USDJPY [SELLSTOP ]:(4109)trade is not allowed in the expert properties USDJPY lot=0.01 price=109.140 slippage=3 sl=109.259 tp=108.902 comment= exp=1492809601
0	21:03:33.725	ax_adv_033_2 GBPUSD,M5: GBPUSD [BUYSTOP ]:(4109)trade is not allowed in the expert properties GBPUSD lot=0.01 price=1.27988 slippage=3 sl=1.27895 tp=1.28174 comment= exp=1492809601
0	21:08:37.012	ax_adv_033_2 GBPUSD,M5: GBPUSD [BUYSTOP ]:(4109)trade is not allowed in the expert properties GBPUSD lot=0.01 price=1.27979 slippage=3 sl=1.27913 tp=1.28111 comment= exp=1492809905
0	21:08:37.012	ax_adv_033_2 EURUSD,M5: EURUSD [SELLSTOP ]:(4109)trade is not allowed in the expert properties EURUSD lot=0.01 price=1.06942 slippage=3 sl=1.06993 tp=1.06840 comment= exp=1492809905
0	21:13:33.363	ax_adv_033_2 GBPUSD,M5: GBPUSD [BUYSTOP ]:(4109)trade is not allowed in the expert properties GBPUSD lot=0.01 price=1.27954 slippage=3 sl=1.27891 tp=1.28080 comment= exp=1492810201
0	21:13:33.363	ax_adv_033_2 EURUSD,M5: EURUSD [BUYSTOP ]:(4109)trade is not allowed in the expert properties EURUSD lot=0.01 price=1.06988 slippage=3 sl=1.06925 tp=1.07114 comment= exp=1492810201
0	21:18:33.568	ax_adv_033_2 GBPUSD,M5: GBPUSD [BUYSTOP ]:(4109)trade is not allowed in the expert properties GBPUSD lot=0.01 price=1.27921 slippage=3 sl=1.27868 tp=1.28027 comment= exp=1492810501
0	21:18:33.618	ax_adv_033_2 EURUSD,M5: EURUSD [BUYSTOP ]:(4109)trade is not allowed in the expert properties EURUSD lot=0.01 price=1.06950 slippage=3 sl=1.06877 tp=1.07096 comment= exp=1492810501
0	21:23:33.221	ax_adv_033_2 USDJPY,M5: USDJPY [SELLSTOP ]:(4109)trade is not allowed in the expert properties USDJPY lot=0.01 price=109.183 slippage=3 sl=109.253 tp=109.043 comment= exp=1492810801
0	21:23:33.221	ax_adv_033_2 EURUSD,M5: EURUSD [BUYSTOP ]:(4109)trade is not allowed in the expert properties EURUSD lot=0.01 price=1.06951 slippage=3 sl=1.06862 tp=1.07129 comment= exp=1492810801
0	21:28:33.324	ax_adv_033_2 USDJPY,M5: USDJPY [SELLSTOP ]:(4109)trade is not allowed in the expert properties USDJPY lot=0.01 price=109.186 slippage=3 sl=109.255 tp=109.048 comment= exp=1492811101
0	21:33:33.846	ax_adv_033_2 USDJPY,M5: USDJPY [BUYSTOP ]:(4109)trade is not allowed in the expert properties USDJPY lot=0.01 price=109.239 slippage=3 sl=109.137 tp=109.443 comment= exp=1492811401
0	21:38:33.641	ax_adv_033_2 USDJPY,M5: USDJPY [BUYSTOP ]:(4109)trade is not allowed in the expert properties USDJPY lot=0.01 price=109.260 slippage=3 sl=109.176 tp=109.428 comment= exp=1492811701
0	21:43:33.180	ax_adv_033_2 EURUSD,M5: EURUSD [SELLSTOP ]:(4109)trade is not allowed in the expert properties EURUSD lot=0.01 price=1.06933 slippage=3 sl=1.06980 tp=1.06839 comment= exp=1492812001
0	21:43:34.189	ax_adv_033_2 USDJPY,M5: USDJPY [BUYSTOP ]:(4109)trade is not allowed in the expert properties USDJPY lot=0.01 price=109.256 slippage=3 sl=109.195 tp=109.378 comment= exp=1492812002
0	21:48:33.218	ax_adv_033_2 USDJPY,M5: USDJPY [BUYSTOP ]:(4109)trade is not allowed in the expert properties USDJPY lot=0.01 price=109.237 slippage=3 sl=109.109 tp=109.493 comment= exp=1492812301
0	21:48:33.228	ax_adv_033_2 EURUSD,M5: EURUSD [SELLSTOP ]:(4109)trade is not allowed in the expert properties EURUSD lot=0.01 price=1.06938 slippage=3 sl=1.07006 tp=1.06802 comment= exp=1492812301
0	21:53:33.279	ax_adv_033_2 USDJPY,M5: USDJPY [BUYSTOP ]:(4109)trade is not allowed in the expert properties USDJPY lot=0.01 price=109.171 slippage=3 sl=109.115 tp=109.283 comment= exp=1492812601
0	21:53:33.279	ax_adv_033_2 EURUSD,M5: EURUSD [SELLSTOP ]:(4109)trade is not allowed in the expert properties EURUSD lot=0.01 price=1.06939 slippage=3 sl=1.06995 tp=1.06827 comment= exp=1492812601
0	21:58:33.215	ax_adv_033_2 USDJPY,M5: USDJPY [BUYSTOP ]:(4109)trade is not allowed in the expert properties USDJPY lot=0.01 price=109.259 slippage=3 sl=109.110 tp=109.557 comment= exp=1492812901
0	21:58:33.426	ax_adv_033_2 EURUSD,M5: EURUSD [SELLSTOP ]:(4109)trade is not allowed in the expert properties EURUSD lot=0.01 price=1.06908 slippage=3 sl=1.06985 tp=1.06754 comment= exp=1492812901
0	22:03:34.793	ax_adv_033_2 USDJPY,M5: USDJPY [BUYSTOP ]:(4109)trade is not allowed in the expert properties USDJPY lot=0.01 price=109.217 slippage=3 sl=109.101 tp=109.449 comment= exp=1492813202
0	22:08:33.289	ax_adv_033_2 USDJPY,M5: USDJPY [BUYSTOP ]:(4109)trade is not allowed in the expert properties USDJPY lot=0.01 price=109.160 slippage=3 sl=109.067 tp=109.346 comment= exp=1492813501
0	22:13:33.133	ax_adv_033_2 USDJPY,M5: USDJPY [BUYSTOP ]:(4109)trade is not allowed in the expert properties USDJPY lot=0.01 price=109.167 slippage=3 sl=109.073 tp=109.355 comment= exp=1492813801
0	22:23:33.346	ax_adv_033_2 USDJPY,M5: USDJPY [BUYSTOP ]:(4109)trade is not allowed in the expert properties USDJPY lot=0.01 price=109.147 slippage=3 sl=109.068 tp=109.305 comment= exp=1492814401
0	22:23:33.946	ax_adv_033_2 GBPUSD,M5: GBPUSD [BUYSTOP ]:(4109)trade is not allowed in the expert properties GBPUSD lot=0.01 price=1.28053 slippage=3 sl=1.27985 tp=1.28189 comment= exp=1492814401
0	22:48:33.371	ax_adv_033_2 GBPUSD,M5: GBPUSD [BUYSTOP ]:(4109)trade is not allowed in the expert properties GBPUSD lot=0.01 price=1.28052 slippage=3 sl=1.27967 tp=1.28222 comment= exp=1492815901
0	22:53:33.283	ax_adv_033_2 GBPUSD,M5: GBPUSD [BUYSTOP ]:(4109)trade is not allowed in the expert properties GBPUSD lot=0.01 price=1.28032 slippage=3 sl=1.27967 tp=1.28162 comment= exp=1492816201
0	22:53:33.911	ax_adv_033_2 EURUSD,M5: EURUSD [SELLSTOP ]:(4109)trade is not allowed in the expert properties EURUSD lot=0.01 price=1.06972 slippage=3 sl=1.07036 tp=1.06844 comment= exp=1492816201
0	22:58:33.079	ax_adv_033_2 EURUSD,M5: EURUSD [SELLSTOP ]:(4109)trade is not allowed in the expert properties EURUSD lot=0.01 price=1.06990 slippage=3 sl=1.07062 tp=1.06846 comment= exp=1492816501
0	22:58:33.332	ax_adv_033_2 GBPUSD,M5: GBPUSD [BUYSTOP ]:(4109)trade is not allowed in the expert properties GBPUSD lot=0.01 price=1.28042 slippage=3 sl=1.27952 tp=1.28222 comment= exp=1492816501
0	23:03:41.122	ax_adv_033_2 GBPUSD,M5: GBPUSD [BUYSTOP ]:(4109)trade is not allowed in the expert properties GBPUSD lot=0.01 price=1.28023 slippage=3 sl=1.27959 tp=1.28151 comment= exp=1492816809
0	23:08:33.180	ax_adv_033_2 GBPUSD,M5: GBPUSD [BUYSTOP ]:(4109)trade is not allowed in the expert properties GBPUSD lot=0.01 price=1.28015 slippage=3 sl=1.27962 tp=1.28121 comment= exp=1492817101
0	23:13:33.158	ax_adv_033_2 GBPUSD,M5: GBPUSD [BUYSTOP ]:(4109)trade is not allowed in the expert properties GBPUSD lot=0.01 price=1.28045 slippage=3 sl=1.27961 tp=1.28213 comment= exp=1492817401
0	23:13:33.558	ax_adv_033_2 EURUSD,M5: EURUSD [BUYSTOP ]:(4109)trade is not allowed in the expert properties EURUSD lot=0.01 price=1.07059 slippage=3 sl=1.06997 tp=1.07183 comment= exp=1492817401
0	23:18:33.153	ax_adv_033_2 GBPUSD,M5: GBPUSD [BUYSTOP ]:(4109)trade is not allowed in the expert properties GBPUSD lot=0.01 price=1.28052 slippage=3 sl=1.27991 tp=1.28174 comment= exp=1492817701
0	23:18:33.768	ax_adv_033_2 EURUSD,M5: EURUSD [BUYSTOP ]:(4109)trade is not allowed in the expert properties EURUSD lot=0.01 price=1.07099 slippage=3 sl=1.07011 tp=1.07275 comment= exp=1492817701
0	23:23:39.369	ax_adv_033_2 EURUSD,M5: EURUSD [BUYSTOP ]:(4109)trade is not allowed in the expert properties EURUSD lot=0.01 price=1.07116 slippage=3 sl=1.07049 tp=1.07250 comment= exp=1492818007
0	23:23:41.365	ax_adv_033_2 GBPUSD,M5: GBPUSD [BUYSTOP ]:(4109)trade is not allowed in the expert properties GBPUSD lot=0.01 price=1.28041 slippage=3 sl=1.27990 tp=1.28143 comment= exp=1492818009
0	23:28:33.408	ax_adv_033_2 EURUSD,M5: EURUSD [BUYSTOP ]:(4109)trade is not allowed in the expert properties EURUSD lot=0.01 price=1.07108 slippage=3 sl=1.07061 tp=1.07202 comment= exp=1492818301
0	23:28:33.819	ax_adv_033_2 GBPUSD,M5: GBPUSD [BUYSTOP ]:(4109)trade is not allowed in the expert properties GBPUSD lot=0.01 price=1.28036 slippage=3 sl=1.27978 tp=1.28152 comment= exp=1492818301
0	23:33:33.143	ax_adv_033_2 GBPUSD,M5: GBPUSD [BUYSTOP ]:(4109)trade is not allowed in the expert properties GBPUSD lot=0.01 price=1.28050 slippage=3 sl=1.27985 tp=1.28180 comment= exp=1492818601
0	23:33:33.153	ax_adv_033_2 EURUSD,M5: EURUSD [BUYSTOP ]:(4109)trade is not allowed in the expert properties EURUSD lot=0.01 price=1.07086 slippage=3 sl=1.07036 tp=1.07186 comment= exp=1492818601
0	23:38:33.116	ax_adv_033_2 GBPUSD,M5: GBPUSD [BUYSTOP ]:(4109)trade is not allowed in the expert properties GBPUSD lot=0.01 price=1.28104 slippage=3 sl=1.27985 tp=1.28342 comment= exp=1492818901
0	23:38:33.126	ax_adv_033_2 EURUSD,M5: EURUSD [BUYSTOP ]:(4109)trade is not allowed in the expert properties EURUSD lot=0.01 price=1.07222 slippage=3 sl=1.07031 tp=1.07604 comment= exp=1492818901
0	23:38:33.317	ax_adv_033_2 USDJPY,M5: USDJPY [BUYSTOP ]:(4109)trade is not allowed in the expert properties USDJPY lot=0.01 price=109.208 slippage=3 sl=109.148 tp=109.328 comment= exp=1492818901
0	23:43:33.166	ax_adv_033_2 GBPUSD,M5: GBPUSD [BUYSTOP ]:(4109)trade is not allowed in the expert properties GBPUSD lot=0.01 price=1.28113 slippage=3 sl=1.28015 tp=1.28309 comment= exp=1492819201
0	23:43:33.166	ax_adv_033_2 USDJPY,M5: USDJPY [BUYSTOP ]:(4109)trade is not allowed in the expert properties USDJPY lot=0.01 price=109.183 slippage=3 sl=109.135 tp=109.279 comment= exp=1492819201
0	23:43:33.166	ax_adv_033_2 EURUSD,M5: EURUSD [BUYSTOP ]:(4109)trade is not allowed in the expert properties EURUSD lot=0.01 price=1.07256 slippage=3 sl=1.07137 tp=1.07494 comment= exp=1492819201
0	23:48:33.215	ax_adv_033_2 GBPUSD,M5: GBPUSD [SELLSTOP ]:(4109)trade is not allowed in the expert properties GBPUSD lot=0.01 price=1.28018 slippage=3 sl=1.28082 tp=1.27890 comment= exp=1492819501
0	23:48:33.416	ax_adv_033_2 USDJPY,M5: USDJPY [BUYSTOP ]:(4109)trade is not allowed in the expert properties USDJPY lot=0.01 price=109.167 slippage=3 sl=109.114 tp=109.273 comment= exp=1492819501
0	23:48:34.022	ax_adv_033_2 EURUSD,M5: EURUSD [BUYSTOP ]:(4109)trade is not allowed in the expert properties EURUSD lot=0.01 price=1.07253 slippage=3 sl=1.07131 tp=1.07497 comment= exp=1492819502
0	23:53:33.188	ax_adv_033_2 GBPUSD,M5: GBPUSD [SELLSTOP ]:(4109)trade is not allowed in the expert properties GBPUSD lot=0.01 price=1.27994 slippage=3 sl=1.28129 tp=1.27724 comment= exp=1492819801
0	23:53:33.188	ax_adv_033_2 USDJPY,M5: USDJPY [BUYSTOP ]:(4109)trade is not allowed in the expert properties USDJPY lot=0.01 price=109.217 slippage=3 sl=109.098 tp=109.455 comment= exp=1492819801
0	23:53:33.188	ax_adv_033_2 EURUSD,M5: EURUSD [BUYSTOP ]:(4109)trade is not allowed in the expert properties EURUSD lot=0.01 price=1.07304 slippage=3 sl=1.07194 tp=1.07524 comment= exp=1492819801
