2	00:27:49.847	ax_adv_023 GBPUSD,M15: open #71401585 sell stop 0.01 GBPUSD at 1.25472 sl: 1.25571 ok
2	00:57:49.849	ax_adv_023 GBPUSD,M15: open #71403681 sell stop 0.01 GBPUSD at 1.25491 sl: 1.25625 ok
2	01:28:02.654	ax_adv_023 GBPUSD,M15: open #71405122 sell stop 0.01 GBPUSD at 1.25479 sl: 1.25625 ok
2	01:43:04.809	ax_adv_023 GBPUSD,M15: open #71405638 sell stop 0.01 GBPUSD at 1.25503 sl: 1.25580 ok
2	02:12:50.551	ax_adv_023 GBPUSD,M15: open #71407570 sell stop 0.01 GBPUSD at 1.25487 sl: 1.25621 ok
2	04:12:50.645	ax_adv_023 EURUSD,M15: open #71416253 buy stop 0.01 EURUSD at 1.05780 sl: 1.05687 ok
0	04:27:49.485	ax_adv_023 GBPUSD,M15: GBPUSD (130) invalid stops GBPUSD sl=1.25485
2	05:27:50.674	ax_adv_023 GBPUSD,M15: modify #71403681 sell 0.01 GBPUSD at 1.25491 sl: 1.25509 tp: 0.00000 ok
2	05:27:50.676	ax_adv_023 EURUSD,M15: open #71422193 buy stop 0.01 EURUSD at 1.05764 sl: 1.05668 ok
2	05:42:49.744	ax_adv_023 GBPUSD,M15: modify #71403681 sell 0.01 GBPUSD at 1.25491 sl: 1.25510 tp: 0.00000 ok
2	06:12:56.692	ax_adv_023 GBPUSD,M15: modify #71403681 sell 0.01 GBPUSD at 1.25491 sl: 1.25506 tp: 0.00000 ok
2	06:42:51.508	ax_adv_023 EURUSD,M15: open #71427556 sell stop 0.01 EURUSD at 1.05759 sl: 1.05844 ok
2	09:12:54.685	ax_adv_023 GBPUSD,M15: open #71439769 sell stop 0.01 GBPUSD at 1.25470 sl: 1.25599 ok
2	10:12:52.820	ax_adv_023 EURUSD,M15: open #71446029 sell stop 0.01 EURUSD at 1.05818 sl: 1.05954 ok
2	10:42:50.662	ax_adv_023 EURUSD,M15: open #71449242 sell stop 0.01 EURUSD at 1.05856 sl: 1.06006 ok
2	10:57:50.013	ax_adv_023 EURUSD,M15: open #71450885 sell stop 0.01 EURUSD at 1.05895 sl: 1.06015 ok
2	11:12:51.037	ax_adv_023 EURUSD,M15: open #71452838 sell stop 0.01 EURUSD at 1.05907 sl: 1.06039 ok
2	12:12:50.606	ax_adv_023 GBPUSD,M15: open #71460782 buy stop 0.01 GBPUSD at 1.25398 sl: 1.25234 ok
2	14:57:49.761	ax_adv_023 AUDUSD,M15: open #71480461 buy stop 0.01 AUDUSD at 0.76902 sl: 0.76792 ok
2	15:12:49.825	ax_adv_023 GBPUSD,M15: open #71482479 sell stop 0.01 GBPUSD at 1.25452 sl: 1.25585 ok
2	15:42:48.860	ax_adv_023 EURUSD,M15: open #71486352 sell stop 0.01 EURUSD at 1.06016 sl: 1.06205 ok
2	16:12:48.843	ax_adv_023 AUDUSD,M15: open #71490404 buy stop 0.01 AUDUSD at 0.76864 sl: 0.76719 ok
2	17:12:50.049	ax_adv_023 AUDUSD,M15: open #71498983 buy stop 0.01 AUDUSD at 0.76799 sl: 0.76611 ok
2	17:27:48.969	ax_adv_023 GBPUSD,M15: open #71501363 buy stop 0.01 GBPUSD at 1.25252 sl: 1.24942 ok
2	17:42:48.894	ax_adv_023 EURUSD,M15: open #71503369 buy stop 0.01 EURUSD at 1.05867 sl: 1.05706 ok
2	18:27:49.876	ax_adv_023 GBPUSD,M15: open #71509693 buy stop 0.01 GBPUSD at 1.25150 sl: 1.24973 ok
2	19:12:49.639	ax_adv_023 EURUSD,M15: open #71515449 buy stop 0.01 EURUSD at 1.05790 sl: 1.05629 ok
2	19:42:51.807	ax_adv_023 GBPUSD,M15: open #71518964 buy stop 0.01 GBPUSD at 1.25009 sl: 1.24844 ok
2	20:42:48.894	ax_adv_023 GBPUSD,M15: open #71526193 buy stop 0.01 GBPUSD at 1.24879 sl: 1.24682 ok
2	20:57:49.667	ax_adv_023 EURUSD,M15: open #71528159 buy stop 0.01 EURUSD at 1.05832 sl: 1.05624 ok
2	21:57:48.935	ax_adv_023 EURUSD,M15: open #71534129 buy stop 0.01 EURUSD at 1.05757 sl: 1.05657 ok
2	22:12:49.681	ax_adv_023 EURUSD,M15: open #71535658 buy stop 0.01 EURUSD at 1.05743 sl: 1.05619 ok
2	22:57:48.992	ax_adv_023 AUDUSD,M15: open #71540149 buy stop 0.01 AUDUSD at 0.76787 sl: 0.76686 ok
2	22:57:49.959	ax_adv_023 EURUSD,M15: open #71540160 buy stop 0.01 EURUSD at 1.05677 sl: 1.05540 ok
2	23:27:49.871	ax_adv_023 EURUSD,M15: open #71543422 buy stop 0.01 EURUSD at 1.05643 sl: 1.05540 ok
