0	00:00:33.302	CPIv1.5 EURUSD,M1: 2017.03.27 00:031 in EURUSD
0	00:02:40.641	CPIv1.5 EURUSD,M1: 2017.03.27 00:051 in EURUSD
0	00:06:30.039	CPIv1.5 EURUSD,M1: 2017.03.27 00:091 in EURUSD
0	00:08:38.100	CPIv1.5 EURUSD,M1: 2017.03.27 00:111Падающая звезда in EURUSD
0	00:09:37.691	CPIv1.5 EURUSD,M1: 2017.03.27 00:121 in EURUSD
0	00:10:30.100	CPIv1.5 EURUSD,M1: 2017.03.27 00:131 in EURUSD
0	00:12:30.487	CPIv1.5 EURUSD,M1: 2017.03.27 00:151Бычий Доджи in EURUSD
0	00:14:30.189	CPIv1.5 EURUSD,M1: 2017.03.27 00:171 in EURUSD
0	00:15:30.788	CPIv1.5 EURUSD,M1: 2017.03.27 00:181 in EURUSD
0	00:16:30.167	CPIv1.5 EURUSD,M1: 2017.03.27 00:191 in EURUSD
0	00:19:30.196	CPIv1.5 EURUSD,M1: 2017.03.27 00:221 in EURUSD
0	00:20:34.299	CPIv1.5 EURUSD,M1: 2017.03.27 00:231 in EURUSD
0	00:23:36.171	CPIv1.5 EURUSD,M1: 2017.03.27 00:261 in EURUSD
0	00:24:31.568	CPIv1.5 EURUSD,M1: 2017.03.27 00:271 in EURUSD
0	00:25:59.597	CPIv1.5 EURUSD,M1: 2017.03.27 00:281 in EURUSD
0	00:26:35.467	CPIv1.5 EURUSD,M1: 2017.03.27 00:291 in EURUSD
0	00:27:31.030	CPIv1.5 EURUSD,M1: 2017.03.27 00:301 in EURUSD
0	00:28:46.234	CPIv1.5 EURUSD,M1: 2017.03.27 00:311Падающая звезда in EURUSD
0	00:30:31.340	CPIv1.5 EURUSD,M1: 2017.03.27 00:331 in EURUSD
0	00:31:41.195	CPIv1.5 EURUSD,M1: 2017.03.27 00:341 in EURUSD
0	00:32:30.939	CPIv1.5 EURUSD,M1: 2017.03.27 00:351Падающая звезда in EURUSD
0	00:33:30.247	CPIv1.5 EURUSD,M1: 2017.03.27 00:361Падающая звезда in EURUSD
0	00:34:53.385	CPIv1.5 EURUSD,M1: 2017.03.27 00:371 in EURUSD
0	00:40:48.103	CPIv1.5 EURUSD,M1: 2017.03.27 00:431 in EURUSD
0	00:43:31.875	CPIv1.5 EURUSD,M1: 2017.03.27 00:461 in EURUSD
0	00:45:59.863	CPIv1.5 EURUSD,M1: 2017.03.27 00:481 in EURUSD
0	00:46:36.383	CPIv1.5 EURUSD,M1: 2017.03.27 00:491 in EURUSD
0	00:47:38.953	CPIv1.5 EURUSD,M1: 2017.03.27 00:501 in EURUSD
0	00:49:31.087	CPIv1.5 EURUSD,M1: 2017.03.27 00:521 in EURUSD
0	00:50:54.184	CPIv1.5 EURUSD,M1: 2017.03.27 00:531 in EURUSD
0	00:52:09.588	CPIv1.5 EURUSD,M1: 2017.03.27 00:541Бычий Доджи in EURUSD
0	00:52:32.023	CPIv1.5 EURUSD,M1: 2017.03.27 00:551 in EURUSD
0	00:56:30.587	CPIv1.5 EURUSD,M1: 2017.03.27 00:591 in EURUSD
0	00:57:30.229	CPIv1.5 EURUSD,M1: 2017.03.27 01:001 in EURUSD
0	00:58:30.728	CPIv1.5 EURUSD,M1: 2017.03.27 01:011 in EURUSD
0	01:00:34.087	CPIv1.5 EURUSD,M1: 2017.03.27 01:031 in EURUSD
0	01:01:35.657	CPIv1.5 EURUSD,M1: 2017.03.27 01:041 in EURUSD
0	01:02:30.282	CPIv1.5 EURUSD,M1: 2017.03.27 01:051 in EURUSD
0	01:02:36.104	CPIv1.5 YM,H1: 2017.03.27 01:0060 in YM
0	01:03:06.106	CPIv1.5 NQ,H1: 2017.03.27 01:0060Бычий Доджи in NQ
0	01:03:30.235	CPIv1.5 EURUSD,M1: 2017.03.27 01:061 in EURUSD
0	01:04:30.202	CPIv1.5 EURUSD,M1: 2017.03.27 01:071Утрення звезда in EURUSD
0	01:05:30.163	CPIv1.5 EURUSD,M1: 2017.03.27 01:081Медвежий Доджи in EURUSD
0	01:06:30.140	CPIv1.5 EURUSD,M1: 2017.03.27 01:091 in EURUSD
0	01:07:30.070	CPIv1.5 EURUSD,M1: 2017.03.27 01:101 in EURUSD
0	01:08:30.493	CPIv1.5 EURUSD,M1: 2017.03.27 01:111 in EURUSD
0	01:09:30.086	CPIv1.5 EURUSD,M1: 2017.03.27 01:121 in EURUSD
0	01:13:33.355	CPIv1.5 EURUSD,M1: 2017.03.27 01:161 in EURUSD
0	01:14:30.173	CPIv1.5 EURUSD,M1: 2017.03.27 01:171 in EURUSD
0	01:16:33.931	CPIv1.5 EURUSD,M1: 2017.03.27 01:191 in EURUSD
0	01:17:30.042	CPIv1.5 EURUSD,M1: 2017.03.27 01:201 in EURUSD
0	01:18:30.123	CPIv1.5 EURUSD,M1: 2017.03.27 01:211 in EURUSD
0	01:20:30.012	CPIv1.5 EURUSD,M1: 2017.03.27 01:231 in EURUSD
0	01:21:30.348	CPIv1.5 EURUSD,M1: 2017.03.27 01:241 in EURUSD
0	01:22:30.092	CPIv1.5 EURUSD,M1: 2017.03.27 01:251 in EURUSD
0	01:23:30.325	CPIv1.5 EURUSD,M1: 2017.03.27 01:261 in EURUSD
0	01:28:32.246	CPIv1.5 EURUSD,M1: 2017.03.27 01:311 in EURUSD
0	01:29:29.980	CPIv1.5 EURUSD,M1: 2017.03.27 01:321 in EURUSD
0	01:30:31.402	CPIv1.5 EURUSD,M1: 2017.03.27 01:331 in EURUSD
0	01:31:37.220	CPIv1.5 EURUSD,M1: 2017.03.27 01:341 in EURUSD
0	01:32:29.963	CPIv1.5 EURUSD,M1: 2017.03.27 01:351 in EURUSD
0	01:33:30.039	CPIv1.5 EURUSD,M1: 2017.03.27 01:361Вечерняя звезда in EURUSD
0	01:34:33.028	CPIv1.5 EURUSD,M1: 2017.03.27 01:371 in EURUSD
0	01:37:30.630	CPIv1.5 EURUSD,M1: 2017.03.27 01:401 in EURUSD
0	01:38:30.081	CPIv1.5 EURUSD,M1: 2017.03.27 01:411 in EURUSD
0	01:39:30.006	CPIv1.5 EURUSD,M1: 2017.03.27 01:421 in EURUSD
0	01:42:30.155	CPIv1.5 EURUSD,M1: 2017.03.27 01:451Падающая звезда in EURUSD
0	01:43:31.094	CPIv1.5 EURUSD,M1: 2017.03.27 01:461 in EURUSD
0	01:44:32.946	CPIv1.5 EURUSD,M1: 2017.03.27 01:471 in EURUSD
0	01:45:31.030	CPIv1.5 EURUSD,M1: 2017.03.27 01:481 in EURUSD
0	01:48:29.966	CPIv1.5 EURUSD,M1: 2017.03.27 01:511Медвежий Доджи in EURUSD
0	01:49:30.368	CPIv1.5 EURUSD,M1: 2017.03.27 01:521 in EURUSD
0	01:50:30.524	CPIv1.5 EURUSD,M1: 2017.03.27 01:531 in EURUSD
0	01:53:31.197	CPIv1.5 EURUSD,M1: 2017.03.27 01:561 in EURUSD
0	01:54:30.400	CPIv1.5 EURUSD,M1: 2017.03.27 01:571 in EURUSD
0	01:55:30.206	CPIv1.5 EURUSD,M1: 2017.03.27 01:581Падающая звезда in EURUSD
0	01:56:31.180	CPIv1.5 EURUSD,M1: 2017.03.27 01:591 in EURUSD
0	01:57:30.039	CPIv1.5 EURUSD,M1: 2017.03.27 02:001 in EURUSD
0	01:57:34.542	CPIv1.5 NQ,H1: 2017.03.27 02:0060 in NQ
0	01:57:37.542	CPIv1.5 YM,H1: 2017.03.27 02:0060 in YM
0	02:00:31.312	CPIv1.5 EURUSD,M1: 2017.03.27 02:031 in EURUSD
0	02:01:31.402	CPIv1.5 EURUSD,M1: 2017.03.27 02:041 in EURUSD
0	02:05:31.957	CPIv1.5 EURUSD,M1: 2017.03.27 02:081 in EURUSD
0	02:07:31.002	CPIv1.5 EURUSD,M1: 2017.03.27 02:101 in EURUSD
0	02:09:31.650	CPIv1.5 EURUSD,M1: 2017.03.27 02:121 in EURUSD
0	02:10:31.195	CPIv1.5 EURUSD,M1: 2017.03.27 02:131 in EURUSD
0	02:12:30.267	CPIv1.5 EURUSD,M1: 2017.03.27 02:151Медвежий Доджи in EURUSD
0	02:14:31.781	CPIv1.5 EURUSD,M1: 2017.03.27 02:171 in EURUSD
0	02:15:33.507	CPIv1.5 EURUSD,M1: 2017.03.27 02:181 in EURUSD
0	02:18:30.694	CPIv1.5 EURUSD,M1: 2017.03.27 02:211 in EURUSD
0	02:19:31.417	CPIv1.5 EURUSD,M1: 2017.03.27 02:221 in EURUSD
0	02:21:30.155	CPIv1.5 EURUSD,M1: 2017.03.27 02:241 in EURUSD
0	02:22:30.460	CPIv1.5 EURUSD,M1: 2017.03.27 02:251 in EURUSD
0	02:23:29.919	CPIv1.5 EURUSD,M1: 2017.03.27 02:261 in EURUSD
0	02:24:30.249	CPIv1.5 EURUSD,M1: 2017.03.27 02:271Модель поглощения in EURUSD
0	02:25:34.293	CPIv1.5 EURUSD,M1: 2017.03.27 02:281 in EURUSD
0	02:33:32.741	CPIv1.5 EURUSD,M1: 2017.03.27 02:361 in EURUSD
0	02:35:33.107	CPIv1.5 EURUSD,M1: 2017.03.27 02:381Падающая звезда in EURUSD
0	02:36:34.109	CPIv1.5 EURUSD,M1: 2017.03.27 02:391 in EURUSD
0	02:37:32.035	CPIv1.5 EURUSD,M1: 2017.03.27 02:401 in EURUSD
0	02:38:30.735	CPIv1.5 EURUSD,M1: 2017.03.27 02:411 in EURUSD
0	02:41:34.892	CPIv1.5 EURUSD,M1: 2017.03.27 02:441 in EURUSD
0	02:42:31.107	CPIv1.5 EURUSD,M1: 2017.03.27 02:451 in EURUSD
0	02:43:30.362	CPIv1.5 EURUSD,M1: 2017.03.27 02:461 in EURUSD
0	02:44:30.194	CPIv1.5 EURUSD,M1: 2017.03.27 02:471Бычий Доджи in EURUSD
0	02:45:30.751	CPIv1.5 EURUSD,M1: 2017.03.27 02:481 in EURUSD
0	02:49:32.590	CPIv1.5 EURUSD,M1: 2017.03.27 02:521 in EURUSD
0	02:50:30.130	CPIv1.5 EURUSD,M1: 2017.03.27 02:531 in EURUSD
0	02:54:32.493	CPIv1.5 EURUSD,M1: 2017.03.27 02:571 in EURUSD
0	02:57:30.163	CPIv1.5 EURUSD,M1: 2017.03.27 03:001 in EURUSD
0	02:57:30.387	CPIv1.5 YM,H1: 2017.03.27 03:0060Бычий Доджи in YM
0	02:57:30.525	CPIv1.5 NQ,H1: 2017.03.27 03:0060Бычий Доджи in NQ
0	02:58:30.283	CPIv1.5 EURUSD,M1: 2017.03.27 03:011 in EURUSD
0	02:59:30.113	CPIv1.5 EURUSD,M1: 2017.03.27 03:021 in EURUSD
0	03:00:30.783	CPIv1.5 EURUSD,M1: 2017.03.27 03:031Бычий Доджи in EURUSD
0	03:01:31.807	CPIv1.5 EURUSD,M1: 2017.03.27 03:041 in EURUSD
0	03:06:30.932	CPIv1.5 EURUSD,M1: 2017.03.27 03:091 in EURUSD
0	03:07:29.976	CPIv1.5 EURUSD,M1: 2017.03.27 03:101 in EURUSD
0	03:09:31.281	CPIv1.5 EURUSD,M1: 2017.03.27 03:121Медвежий Доджи in EURUSD
0	03:10:30.624	CPIv1.5 EURUSD,M1: 2017.03.27 03:131 in EURUSD
0	03:11:30.877	CPIv1.5 EURUSD,M1: 2017.03.27 03:141Бычий Доджи in EURUSD
0	03:12:30.147	CPIv1.5 EURUSD,M1: 2017.03.27 03:151Бычий Доджи in EURUSD
0	03:13:32.145	CPIv1.5 EURUSD,M1: 2017.03.27 03:161Утрення звезда in EURUSD
0	03:17:29.924	CPIv1.5 EURUSD,M1: 2017.03.27 03:201 in EURUSD
0	03:20:31.557	CPIv1.5 EURUSD,M1: 2017.03.27 03:231 in EURUSD
0	03:24:32.823	CPIv1.5 EURUSD,M1: 2017.03.27 03:271Падающая звезда in EURUSD
0	03:25:30.552	CPIv1.5 EURUSD,M1: 2017.03.27 03:281 in EURUSD
0	03:30:40.543	CPIv1.5 EURUSD,M1: 2017.03.27 03:331 in EURUSD
0	03:31:31.744	CPIv1.5 EURUSD,M1: 2017.03.27 03:341 in EURUSD
0	03:32:30.470	CPIv1.5 EURUSD,M1: 2017.03.27 03:351 in EURUSD
0	03:33:30.054	CPIv1.5 EURUSD,M1: 2017.03.27 03:361 in EURUSD
0	03:35:33.405	CPIv1.5 EURUSD,M1: 2017.03.27 03:381 in EURUSD
0	03:36:30.294	CPIv1.5 EURUSD,M1: 2017.03.27 03:391 in EURUSD
0	03:37:30.158	CPIv1.5 EURUSD,M1: 2017.03.27 03:401 in EURUSD
0	03:38:35.863	CPIv1.5 EURUSD,M1: 2017.03.27 03:411 in EURUSD
0	03:39:29.979	CPIv1.5 EURUSD,M1: 2017.03.27 03:421 in EURUSD
0	03:41:30.431	CPIv1.5 EURUSD,M1: 2017.03.27 03:441Бычий Доджи in EURUSD
0	03:42:30.182	CPIv1.5 EURUSD,M1: 2017.03.27 03:451 in EURUSD
0	03:43:30.273	CPIv1.5 EURUSD,M1: 2017.03.27 03:461 in EURUSD
0	03:45:30.727	CPIv1.5 EURUSD,M1: 2017.03.27 03:481 in EURUSD
0	03:46:30.197	CPIv1.5 EURUSD,M1: 2017.03.27 03:491 in EURUSD
0	03:47:30.468	CPIv1.5 EURUSD,M1: 2017.03.27 03:501Медвежий Доджи in EURUSD
0	03:48:31.869	CPIv1.5 EURUSD,M1: 2017.03.27 03:511 in EURUSD
0	03:49:30.062	CPIv1.5 EURUSD,M1: 2017.03.27 03:521 in EURUSD
0	03:51:30.283	CPIv1.5 EURUSD,M1: 2017.03.27 03:541 in EURUSD
0	03:53:31.225	CPIv1.5 EURUSD,M1: 2017.03.27 03:561Медвежий Доджи in EURUSD
0	03:54:34.027	CPIv1.5 EURUSD,M1: 2017.03.27 03:571 in EURUSD
0	03:55:30.237	CPIv1.5 EURUSD,M1: 2017.03.27 03:581 in EURUSD
0	03:56:31.322	CPIv1.5 EURUSD,M1: 2017.03.27 03:591Падающая звезда in EURUSD
0	03:57:30.603	CPIv1.5 NQ,H1: 2017.03.27 04:0060 in NQ
0	03:57:30.649	CPIv1.5 YM,H1: 2017.03.27 04:0060 in YM
0	03:58:30.964	CPIv1.5 EURUSD,M1: 2017.03.27 04:011 in EURUSD
0	04:01:29.963	CPIv1.5 EURUSD,M1: 2017.03.27 04:041 in EURUSD
0	04:02:37.174	CPIv1.5 EURUSD,M1: 2017.03.27 04:051 in EURUSD
0	04:03:31.249	CPIv1.5 EURUSD,M1: 2017.03.27 04:061Падающая звезда in EURUSD
0	04:04:30.240	CPIv1.5 EURUSD,M1: 2017.03.27 04:071 in EURUSD
0	04:05:30.489	CPIv1.5 EURUSD,M1: 2017.03.27 04:081 in EURUSD
0	04:09:30.460	CPIv1.5 EURUSD,M1: 2017.03.27 04:121 in EURUSD
0	04:11:30.052	CPIv1.5 EURUSD,M1: 2017.03.27 04:141Бычий Доджи in EURUSD
0	04:12:30.407	CPIv1.5 EURUSD,M1: 2017.03.27 04:151 in EURUSD
0	04:13:30.500	CPIv1.5 EURUSD,M1: 2017.03.27 04:161 in EURUSD
0	04:14:30.610	CPIv1.5 EURUSD,M1: 2017.03.27 04:171 in EURUSD
0	04:15:30.196	CPIv1.5 EURUSD,M1: 2017.03.27 04:181 in EURUSD
0	04:18:30.475	CPIv1.5 EURUSD,M1: 2017.03.27 04:211Бычий Доджи in EURUSD
0	04:19:32.984	CPIv1.5 EURUSD,M1: 2017.03.27 04:221 in EURUSD
0	04:20:31.044	CPIv1.5 EURUSD,M1: 2017.03.27 04:231 in EURUSD
0	04:21:31.420	CPIv1.5 EURUSD,M1: 2017.03.27 04:241Медвежий Доджи in EURUSD
0	04:22:31.369	CPIv1.5 EURUSD,M1: 2017.03.27 04:251 in EURUSD
0	04:23:33.562	CPIv1.5 EURUSD,M1: 2017.03.27 04:261 in EURUSD
0	04:24:30.309	CPIv1.5 EURUSD,M1: 2017.03.27 04:271 in EURUSD
0	04:27:31.331	CPIv1.5 EURUSD,M1: 2017.03.27 04:301 in EURUSD
0	04:28:32.390	CPIv1.5 EURUSD,M1: 2017.03.27 04:311 in EURUSD
0	04:30:30.101	CPIv1.5 EURUSD,M1: 2017.03.27 04:331 in EURUSD
0	04:31:37.362	CPIv1.5 EURUSD,M1: 2017.03.27 04:341 in EURUSD
0	04:32:30.316	CPIv1.5 EURUSD,M1: 2017.03.27 04:351 in EURUSD
0	04:33:38.136	CPIv1.5 EURUSD,M1: 2017.03.27 04:361 in EURUSD
0	04:35:33.974	CPIv1.5 EURUSD,M1: 2017.03.27 04:381 in EURUSD
0	04:38:31.737	CPIv1.5 EURUSD,M1: 2017.03.27 04:411 in EURUSD
0	04:40:30.426	CPIv1.5 EURUSD,M1: 2017.03.27 04:431 in EURUSD
0	04:42:30.065	CPIv1.5 EURUSD,M1: 2017.03.27 04:451 in EURUSD
0	04:46:30.852	CPIv1.5 EURUSD,M1: 2017.03.27 04:491 in EURUSD
0	04:48:30.413	CPIv1.5 EURUSD,M1: 2017.03.27 04:511 in EURUSD
0	04:49:31.074	CPIv1.5 EURUSD,M1: 2017.03.27 04:521 in EURUSD
0	04:50:31.147	CPIv1.5 EURUSD,M1: 2017.03.27 04:531 in EURUSD
0	04:53:30.016	CPIv1.5 EURUSD,M1: 2017.03.27 04:561 in EURUSD
0	04:54:30.006	CPIv1.5 EURUSD,M1: 2017.03.27 04:571 in EURUSD
0	04:55:31.901	CPIv1.5 EURUSD,M1: 2017.03.27 04:581 in EURUSD
0	04:57:32.773	CPIv1.5 YM,H1: 2017.03.27 05:0060Бычий Доджи in YM
0	04:57:32.981	CPIv1.5 NQ,H1: 2017.03.27 05:0060Бычий Доджи in NQ
0	04:58:41.839	CPIv1.5 EURUSD,M1: 2017.03.27 05:011Утрення звезда in EURUSD
0	04:59:33.269	CPIv1.5 EURUSD,M1: 2017.03.27 05:021 in EURUSD
0	05:02:33.878	CPIv1.5 EURUSD,M1: 2017.03.27 05:051Медвежий Доджи in EURUSD
0	05:03:30.487	CPIv1.5 EURUSD,M1: 2017.03.27 05:061 in EURUSD
0	05:04:30.902	CPIv1.5 EURUSD,M1: 2017.03.27 05:071 in EURUSD
0	05:05:31.264	CPIv1.5 EURUSD,M1: 2017.03.27 05:081 in EURUSD
0	05:08:30.043	CPIv1.5 EURUSD,M1: 2017.03.27 05:111 in EURUSD
0	05:09:31.105	CPIv1.5 EURUSD,M1: 2017.03.27 05:121 in EURUSD
0	05:10:32.624	CPIv1.5 EURUSD,M1: 2017.03.27 05:131Медвежий Доджи in EURUSD
0	05:11:36.221	CPIv1.5 EURUSD,M1: 2017.03.27 05:141 in EURUSD
0	05:12:32.139	CPIv1.5 EURUSD,M1: 2017.03.27 05:151 in EURUSD
0	05:14:30.944	CPIv1.5 EURUSD,M1: 2017.03.27 05:171 in EURUSD
0	05:17:30.598	CPIv1.5 EURUSD,M1: 2017.03.27 05:201 in EURUSD
0	05:18:30.147	CPIv1.5 EURUSD,M1: 2017.03.27 05:211Падающая звезда in EURUSD
0	05:20:30.264	CPIv1.5 EURUSD,M1: 2017.03.27 05:231 in EURUSD
0	05:21:31.735	CPIv1.5 EURUSD,M1: 2017.03.27 05:241 in EURUSD
0	05:24:31.627	CPIv1.5 EURUSD,M1: 2017.03.27 05:271Утрення звезда in EURUSD
0	05:25:32.378	CPIv1.5 EURUSD,M1: 2017.03.27 05:281 in EURUSD
0	05:26:31.517	CPIv1.5 EURUSD,M1: 2017.03.27 05:291 in EURUSD
0	05:30:32.985	CPIv1.5 EURUSD,M1: 2017.03.27 05:331 in EURUSD
0	05:31:33.405	CPIv1.5 EURUSD,M1: 2017.03.27 05:341Падающая звезда in EURUSD
0	05:32:44.368	CPIv1.5 EURUSD,M1: 2017.03.27 05:351 in EURUSD
0	05:33:34.370	CPIv1.5 EURUSD,M1: 2017.03.27 05:361 in EURUSD
0	05:36:36.128	CPIv1.5 EURUSD,M1: 2017.03.27 05:391Утрення звезда in EURUSD
0	05:37:30.665	CPIv1.5 EURUSD,M1: 2017.03.27 05:401 in EURUSD
0	05:39:30.334	CPIv1.5 EURUSD,M1: 2017.03.27 05:421 in EURUSD
0	05:45:30.714	CPIv1.5 EURUSD,M1: 2017.03.27 05:481 in EURUSD
0	05:47:37.362	CPIv1.5 EURUSD,M1: 2017.03.27 05:501 in EURUSD
0	05:49:30.955	CPIv1.5 EURUSD,M1: 2017.03.27 05:521 in EURUSD
0	05:50:30.071	CPIv1.5 EURUSD,M1: 2017.03.27 05:531 in EURUSD
0	05:53:39.940	CPIv1.5 EURUSD,M1: 2017.03.27 05:561 in EURUSD
0	05:54:31.207	CPIv1.5 EURUSD,M1: 2017.03.27 05:571 in EURUSD
0	05:55:33.460	CPIv1.5 EURUSD,M1: 2017.03.27 05:581 in EURUSD
0	05:57:30.274	CPIv1.5 EURUSD,M1: 2017.03.27 06:001 in EURUSD
0	05:57:32.533	CPIv1.5 YM,H1: 2017.03.27 06:0060 in YM
0	05:57:36.637	CPIv1.5 NQ,H1: 2017.03.27 06:0060Бычий Доджи in NQ
0	05:59:36.334	CPIv1.5 EURUSD,M1: 2017.03.27 06:021 in EURUSD
0	06:00:32.652	CPIv1.5 EURUSD,M1: 2017.03.27 06:031 in EURUSD
0	06:02:32.261	CPIv1.5 EURUSD,M1: 2017.03.27 06:051 in EURUSD
0	06:06:30.359	CPIv1.5 EURUSD,M1: 2017.03.27 06:091 in EURUSD
0	06:07:30.667	CPIv1.5 EURUSD,M1: 2017.03.27 06:101 in EURUSD
0	06:09:32.340	CPIv1.5 EURUSD,M1: 2017.03.27 06:121 in EURUSD
0	06:10:36.651	CPIv1.5 EURUSD,M1: 2017.03.27 06:131 in EURUSD
0	06:13:30.887	CPIv1.5 EURUSD,M1: 2017.03.27 06:161 in EURUSD
0	06:14:31.874	CPIv1.5 EURUSD,M1: 2017.03.27 06:171 in EURUSD
0	06:15:34.823	CPIv1.5 EURUSD,M1: 2017.03.27 06:181 in EURUSD
0	06:17:30.596	CPIv1.5 EURUSD,M1: 2017.03.27 06:201 in EURUSD
0	06:18:32.078	CPIv1.5 EURUSD,M1: 2017.03.27 06:211 in EURUSD
0	06:19:44.243	CPIv1.5 EURUSD,M1: 2017.03.27 06:221 in EURUSD
0	06:23:31.797	CPIv1.5 EURUSD,M1: 2017.03.27 06:261Модель поглощения in EURUSD
0	06:24:39.738	CPIv1.5 EURUSD,M1: 2017.03.27 06:271 in EURUSD
0	06:28:30.082	CPIv1.5 EURUSD,M1: 2017.03.27 06:311 in EURUSD
0	06:29:32.109	CPIv1.5 EURUSD,M1: 2017.03.27 06:321 in EURUSD
0	06:32:30.918	CPIv1.5 EURUSD,M1: 2017.03.27 06:351 in EURUSD
0	06:33:38.129	CPIv1.5 EURUSD,M1: 2017.03.27 06:361 in EURUSD
0	06:36:31.397	CPIv1.5 EURUSD,M1: 2017.03.27 06:391 in EURUSD
0	06:39:35.471	CPIv1.5 EURUSD,M1: 2017.03.27 06:421 in EURUSD
0	06:40:32.326	CPIv1.5 EURUSD,M1: 2017.03.27 06:431 in EURUSD
0	06:45:36.628	CPIv1.5 EURUSD,M1: 2017.03.27 06:481 in EURUSD
0	06:46:32.581	CPIv1.5 EURUSD,M1: 2017.03.27 06:491 in EURUSD
0	06:48:35.852	CPIv1.5 EURUSD,M1: 2017.03.27 06:511 in EURUSD
0	06:49:31.143	CPIv1.5 EURUSD,M1: 2017.03.27 06:521 in EURUSD
0	06:52:30.711	CPIv1.5 EURUSD,M1: 2017.03.27 06:551 in EURUSD
0	06:53:50.899	CPIv1.5 EURUSD,M1: 2017.03.27 06:561 in EURUSD
0	06:54:55.752	CPIv1.5 EURUSD,M1: 2017.03.27 06:571 in EURUSD
0	06:55:36.126	CPIv1.5 EURUSD,M1: 2017.03.27 06:581 in EURUSD
0	06:57:36.005	CPIv1.5 NQ,H1: 2017.03.27 07:0060 in NQ
0	06:57:36.058	CPIv1.5 YM,H1: 2017.03.27 07:0060 in YM
0	06:58:30.401	CPIv1.5 EURUSD,M1: 2017.03.27 07:011 in EURUSD
0	06:59:33.778	CPIv1.5 EURUSD,M1: 2017.03.27 07:021 in EURUSD
0	07:00:43.309	CPIv1.5 EURUSD,M1: 2017.03.27 07:031 in EURUSD
0	07:01:32.862	CPIv1.5 EURUSD,M1: 2017.03.27 07:041 in EURUSD
0	07:03:31.696	CPIv1.5 EURUSD,M1: 2017.03.27 07:061 in EURUSD
0	07:05:34.600	CPIv1.5 EURUSD,M1: 2017.03.27 07:081Медвежий Доджи in EURUSD
0	07:07:30.664	CPIv1.5 EURUSD,M1: 2017.03.27 07:101 in EURUSD
0	07:08:33.003	CPIv1.5 EURUSD,M1: 2017.03.27 07:111 in EURUSD
0	07:10:53.929	CPIv1.5 EURUSD,M1: 2017.03.27 07:131 in EURUSD
0	07:12:30.809	CPIv1.5 EURUSD,M1: 2017.03.27 07:151 in EURUSD
0	07:14:37.920	CPIv1.5 EURUSD,M1: 2017.03.27 07:171 in EURUSD
0	07:15:34.246	CPIv1.5 EURUSD,M1: 2017.03.27 07:181 in EURUSD
0	07:18:30.128	CPIv1.5 EURUSD,M1: 2017.03.27 07:211 in EURUSD
0	07:20:31.719	CPIv1.5 EURUSD,M1: 2017.03.27 07:231 in EURUSD
0	07:24:31.640	CPIv1.5 EURUSD,M1: 2017.03.27 07:271 in EURUSD
0	07:25:35.399	CPIv1.5 EURUSD,M1: 2017.03.27 07:281 in EURUSD
0	07:26:31.245	CPIv1.5 EURUSD,M1: 2017.03.27 07:291 in EURUSD
0	07:29:35.713	CPIv1.5 EURUSD,M1: 2017.03.27 07:321 in EURUSD
0	07:30:35.024	CPIv1.5 EURUSD,M1: 2017.03.27 07:331 in EURUSD
0	07:33:35.668	CPIv1.5 EURUSD,M1: 2017.03.27 07:361 in EURUSD
0	07:34:36.546	CPIv1.5 EURUSD,M1: 2017.03.27 07:371 in EURUSD
0	07:36:30.767	CPIv1.5 EURUSD,M1: 2017.03.27 07:391 in EURUSD
0	07:37:29.892	CPIv1.5 EURUSD,M1: 2017.03.27 07:401Бычий Доджи in EURUSD
0	07:38:31.040	CPIv1.5 EURUSD,M1: 2017.03.27 07:411 in EURUSD
0	07:39:30.275	CPIv1.5 EURUSD,M1: 2017.03.27 07:421 in EURUSD
0	07:41:30.113	CPIv1.5 EURUSD,M1: 2017.03.27 07:441 in EURUSD
0	07:44:38.257	CPIv1.5 EURUSD,M1: 2017.03.27 07:471 in EURUSD
0	07:45:30.371	CPIv1.5 EURUSD,M1: 2017.03.27 07:481 in EURUSD
0	07:46:30.974	CPIv1.5 EURUSD,M1: 2017.03.27 07:491 in EURUSD
0	07:47:36.311	CPIv1.5 EURUSD,M1: 2017.03.27 07:501 in EURUSD
0	07:49:34.016	CPIv1.5 EURUSD,M1: 2017.03.27 07:521 in EURUSD
0	07:52:36.636	CPIv1.5 EURUSD,M1: 2017.03.27 07:551 in EURUSD
0	07:55:42.796	CPIv1.5 EURUSD,M1: 2017.03.27 07:581 in EURUSD
0	07:57:32.116	CPIv1.5 EURUSD,M1: 2017.03.27 08:001 in EURUSD
0	07:59:33.709	CPIv1.5 EURUSD,M1: 2017.03.27 08:021 in EURUSD
0	08:00:38.888	CPIv1.5 EURUSD,M1: 2017.03.27 08:031 in EURUSD
0	08:03:32.181	CPIv1.5 EURUSD,M1: 2017.03.27 08:061 in EURUSD
0	08:04:32.178	CPIv1.5 EURUSD,M1: 2017.03.27 08:071 in EURUSD
0	08:05:32.672	CPIv1.5 EURUSD,M1: 2017.03.27 08:081 in EURUSD
0	08:08:30.630	CPIv1.5 EURUSD,M1: 2017.03.27 08:111 in EURUSD
0	08:09:31.254	CPIv1.5 EURUSD,M1: 2017.03.27 08:121 in EURUSD
0	08:10:30.946	CPIv1.5 EURUSD,M1: 2017.03.27 08:131 in EURUSD
0	08:11:31.599	CPIv1.5 EURUSD,M1: 2017.03.27 08:141Падающая звезда in EURUSD
0	08:13:30.162	CPIv1.5 EURUSD,M1: 2017.03.27 08:161 in EURUSD
0	08:16:36.190	CPIv1.5 EURUSD,M1: 2017.03.27 08:191 in EURUSD
0	08:18:31.847	CPIv1.5 EURUSD,M1: 2017.03.27 08:211 in EURUSD
0	08:21:34.359	CPIv1.5 EURUSD,M1: 2017.03.27 08:241 in EURUSD
0	08:23:33.740	CPIv1.5 EURUSD,M1: 2017.03.27 08:261 in EURUSD
0	08:26:37.120	CPIv1.5 EURUSD,M1: 2017.03.27 08:291 in EURUSD
0	08:27:30.205	CPIv1.5 EURUSD,M1: 2017.03.27 08:301 in EURUSD
0	08:28:30.347	CPIv1.5 EURUSD,M1: 2017.03.27 08:311 in EURUSD
0	08:30:32.931	CPIv1.5 EURUSD,M1: 2017.03.27 08:331 in EURUSD
0	08:33:34.153	CPIv1.5 EURUSD,M1: 2017.03.27 08:361 in EURUSD
0	08:34:42.499	CPIv1.5 EURUSD,M1: 2017.03.27 08:371 in EURUSD
0	08:35:35.709	CPIv1.5 EURUSD,M1: 2017.03.27 08:381 in EURUSD
0	08:38:32.512	CPIv1.5 EURUSD,M1: 2017.03.27 08:411 in EURUSD
0	08:39:30.670	CPIv1.5 EURUSD,M1: 2017.03.27 08:421Модель поглощения in EURUSD
0	08:40:32.210	CPIv1.5 EURUSD,M1: 2017.03.27 08:431 in EURUSD
0	08:41:32.271	CPIv1.5 EURUSD,M1: 2017.03.27 08:441 in EURUSD
0	08:42:31.665	CPIv1.5 EURUSD,M1: 2017.03.27 08:451Вечерняя звезда in EURUSD
0	08:43:35.735	CPIv1.5 EURUSD,M1: 2017.03.27 08:461 in EURUSD
0	08:46:33.197	CPIv1.5 EURUSD,M1: 2017.03.27 08:491 in EURUSD
0	08:48:30.306	CPIv1.5 EURUSD,M1: 2017.03.27 08:511 in EURUSD
0	08:50:41.330	CPIv1.5 EURUSD,M1: 2017.03.27 08:531 in EURUSD
0	08:51:33.706	CPIv1.5 EURUSD,M1: 2017.03.27 08:541 in EURUSD
0	08:54:30.284	CPIv1.5 EURUSD,M1: 2017.03.27 08:571 in EURUSD
0	08:55:30.488	CPIv1.5 EURUSD,M1: 2017.03.27 08:581 in EURUSD
0	08:56:35.698	CPIv1.5 EURUSD,M1: 2017.03.27 08:591 in EURUSD
0	08:57:30.034	CPIv1.5 YM,H1: 2017.03.27 09:0060Модель поглощения in YM
0	08:58:30.156	CPIv1.5 EURUSD,M1: 2017.03.27 09:011 in EURUSD
0	08:59:30.057	CPIv1.5 EURUSD,M1: 2017.03.27 09:021 in EURUSD
0	09:00:34.093	CPIv1.5 EURUSD,M1: 2017.03.27 09:031 in EURUSD
0	09:03:30.263	CPIv1.5 EURUSD,M1: 2017.03.27 09:061 in EURUSD
0	09:04:33.851	CPIv1.5 EURUSD,M1: 2017.03.27 09:071 in EURUSD
0	09:07:30.390	CPIv1.5 EURUSD,M1: 2017.03.27 09:101Утрення звезда in EURUSD
0	09:08:16.131	ACD EURUSD,M1: uninit reason 3
0	09:08:16.131	CPIv1.5 EURUSD,M1: uninit reason 3
0	09:08:16.196	ACD EURUSD,M5: initialized
0	09:08:16.197	CPIv1.5 EURUSD,M5: initialized
0	09:08:16.375	CPIv1.5 EURUSD,M5: 2017.03.09 12:505 in EURUSD
0	09:08:16.649	CPIv1.5 EURUSD,M5: 2017.03.27 09:105 in EURUSD
0	09:12:35.386	ACD EURUSD,M5: uninit reason 3
0	09:12:35.386	CPIv1.5 EURUSD,M5: uninit reason 3
0	09:12:35.408	ACD EURUSD,M15: initialized
0	09:12:35.410	CPIv1.5 EURUSD,M15: initialized
0	09:12:35.442	CPIv1.5 EURUSD,M15: 2017.03.24 14:4515Модель поглощения in EURUSD
0	09:12:35.690	CPIv1.5 EURUSD,M15: 2017.03.27 09:1515Медвежий Доджи in EURUSD
0	09:12:38.642	ACD EURUSD,M15: uninit reason 3
0	09:12:38.642	CPIv1.5 EURUSD,M15: uninit reason 3
0	09:12:38.700	ACD EURUSD,M30: initialized
0	09:12:38.701	CPIv1.5 EURUSD,M30: initialized
0	09:12:38.734	CPIv1.5 EURUSD,M30: 2017.03.24 13:0030Модель поглощения in EURUSD
0	09:12:39.128	CPIv1.5 EURUSD,M30: 2017.03.27 09:0030 in EURUSD
0	09:27:29.870	CPIv1.5 EURUSD,M30: 2017.03.27 09:3030Медвежий Доджи in EURUSD
0	09:57:29.882	CPIv1.5 NQ,H1: 2017.03.27 10:0060Медвежий Доджи in NQ
0	09:57:29.995	CPIv1.5 EURUSD,M30: 2017.03.27 10:0030Медвежий Доджи in EURUSD
0	10:08:49.340	Custom indicator CPIv1.5 USDJPY,M15: loaded successfully
0	10:08:51.249	CPIv1.5 USDJPY,M15: initialized
0	10:08:51.293	CPIv1.5 USDJPY,M15: 2017.03.27 10:0015Бычий Доджи in USDJPY
0	10:08:53.690	ACD USDJPY,M15: uninit reason 3
0	10:08:53.711	CPIv1.5 USDJPY,M15: uninit reason 3
0	10:08:53.840	BetterVolume 1.4 USDJPY,M15: uninit reason 3
0	10:08:53.887	ACD USDJPY,H1: initialized
0	10:08:53.928	CPIv1.5 USDJPY,H1: initialized
0	10:08:53.930	BetterVolume 1.4 USDJPY,H1: initialized
0	10:08:54.304	CPIv1.5 USDJPY,H1: 2017.03.27 10:0060Бычий Доджи in USDJPY
0	10:08:57.921	ACD USDJPY,H1: uninit reason 3
0	10:08:57.921	CPIv1.5 USDJPY,H1: uninit reason 3
0	10:08:58.076	BetterVolume 1.4 USDJPY,H1: uninit reason 3
0	10:08:58.088	ACD USDJPY,M5: initialized
0	10:08:58.088	CPIv1.5 USDJPY,M5: initialized
0	10:08:58.088	BetterVolume 1.4 USDJPY,M5: initialized
0	10:08:58.111	CPIv1.5 USDJPY,M5: 2017.03.09 08:455Бычий Доджи in USDJPY
0	10:08:58.381	CPIv1.5 USDJPY,M5: 2017.03.27 10:105Медвежий Доджи in USDJPY
0	10:12:30.079	CPIv1.5 USDJPY,M5: 2017.03.27 10:155Медвежий Доджи in USDJPY
0	10:17:38.459	CPIv1.5 USDJPY,M5: 2017.03.27 10:205Модель поглощения in USDJPY
0	10:22:30.099	CPIv1.5 USDJPY,M5: 2017.03.27 10:255 in USDJPY
0	10:27:30.022	CPIv1.5 USDJPY,M5: 2017.03.27 10:305Бычий Доджи in USDJPY
0	10:27:30.050	CPIv1.5 EURUSD,M30: 2017.03.27 10:3030Медвежий Доджи in EURUSD
0	10:32:29.991	CPIv1.5 USDJPY,M5: 2017.03.27 10:355 in USDJPY
0	10:40:22.851	ACD USDJPY,M5: uninit reason 3
0	10:40:22.864	CPIv1.5 USDJPY,M5: uninit reason 3
0	10:40:22.946	BetterVolume 1.4 USDJPY,M5: uninit reason 3
0	10:40:22.948	ACD USDJPY,H1: initialized
0	10:40:22.948	CPIv1.5 USDJPY,H1: initialized
0	10:40:22.948	BetterVolume 1.4 USDJPY,H1: initialized
0	10:40:22.960	CPIv1.5 USDJPY,H1: 2017.03.27 10:0060Бычий Доджи in USDJPY
0	10:40:29.257	ACD USDJPY,H1: uninit reason 3
0	10:40:29.257	CPIv1.5 USDJPY,H1: uninit reason 3
0	10:40:29.406	BetterVolume 1.4 USDJPY,H1: uninit reason 3
0	10:40:29.506	ACD USDJPY,M1: initialized
0	10:40:29.506	CPIv1.5 USDJPY,M1: initialized
0	10:40:29.506	BetterVolume 1.4 USDJPY,M1: initialized
0	10:40:30.162	CPIv1.5 USDJPY,M1: 2017.03.27 10:421 in USDJPY
0	10:40:31.103	CPIv1.5 USDJPY,M1: 2017.03.27 10:431 in USDJPY
0	10:41:30.923	CPIv1.5 USDJPY,M1: 2017.03.27 10:441Бычий Доджи in USDJPY
0	10:42:30.377	CPIv1.5 USDJPY,M1: 2017.03.27 10:451 in USDJPY
0	10:43:30.416	CPIv1.5 USDJPY,M1: 2017.03.27 10:461 in USDJPY
0	10:44:31.224	CPIv1.5 USDJPY,M1: 2017.03.27 10:471Падающая звезда in USDJPY
0	10:45:31.686	CPIv1.5 USDJPY,M1: 2017.03.27 10:481 in USDJPY
0	10:46:30.745	CPIv1.5 USDJPY,M1: 2017.03.27 10:491 in USDJPY
0	10:47:30.399	CPIv1.5 USDJPY,M1: 2017.03.27 10:501Бычий Доджи in USDJPY
0	10:48:30.790	CPIv1.5 USDJPY,M1: 2017.03.27 10:511 in USDJPY
0	10:49:30.377	CPIv1.5 USDJPY,M1: 2017.03.27 10:521 in USDJPY
0	10:50:31.360	CPIv1.5 USDJPY,M1: 2017.03.27 10:531 in USDJPY
0	10:51:30.377	CPIv1.5 USDJPY,M1: 2017.03.27 10:541Медвежий Доджи in USDJPY
0	10:53:32.004	CPIv1.5 USDJPY,M1: 2017.03.27 10:561 in USDJPY
0	10:54:30.300	CPIv1.5 USDJPY,M1: 2017.03.27 10:571 in USDJPY
0	10:57:30.251	CPIv1.5 USDJPY,M1: 2017.03.27 11:001Медвежий Доджи in USDJPY
0	10:57:30.279	CPIv1.5 EURUSD,M30: 2017.03.27 11:0030Медвежий Доджи in EURUSD
0	10:57:30.285	CPIv1.5 NQ,H1: 2017.03.27 11:0060Бычий Доджи in NQ
0	10:57:32.355	CPIv1.5 YM,H1: 2017.03.27 11:0060Бычий Доджи in YM
0	10:58:30.860	CPIv1.5 USDJPY,M1: 2017.03.27 11:011 in USDJPY
0	10:59:30.904	CPIv1.5 USDJPY,M1: 2017.03.27 11:021 in USDJPY
0	11:00:31.929	CPIv1.5 USDJPY,M1: 2017.03.27 11:031Медвежий Доджи in USDJPY
0	11:01:30.997	CPIv1.5 USDJPY,M1: 2017.03.27 11:041 in USDJPY
0	11:02:30.602	CPIv1.5 USDJPY,M1: 2017.03.27 11:051Бычий Доджи in USDJPY
0	11:03:30.693	CPIv1.5 USDJPY,M1: 2017.03.27 11:061 in USDJPY
0	11:07:31.706	CPIv1.5 USDJPY,M1: 2017.03.27 11:101Падающая звезда in USDJPY
0	11:08:30.483	CPIv1.5 USDJPY,M1: 2017.03.27 11:111 in USDJPY
0	11:09:30.231	CPIv1.5 USDJPY,M1: 2017.03.27 11:121 in USDJPY
0	11:10:31.201	CPIv1.5 USDJPY,M1: 2017.03.27 11:131Бычий Доджи in USDJPY
0	11:11:30.488	CPIv1.5 USDJPY,M1: 2017.03.27 11:141 in USDJPY
0	11:12:31.080	CPIv1.5 USDJPY,M1: 2017.03.27 11:151 in USDJPY
0	11:16:30.377	CPIv1.5 USDJPY,M1: 2017.03.27 11:191Падающая звезда in USDJPY
0	11:18:30.844	CPIv1.5 USDJPY,M1: 2017.03.27 11:211 in USDJPY
0	11:19:30.637	CPIv1.5 USDJPY,M1: 2017.03.27 11:221Бычий Доджи in USDJPY
0	11:20:30.337	CPIv1.5 USDJPY,M1: 2017.03.27 11:231 in USDJPY
0	11:21:32.204	CPIv1.5 USDJPY,M1: 2017.03.27 11:241Медвежий Доджи in USDJPY
0	11:22:29.126	CPIv1.5 USDJPY,M1: 2017.03.27 11:251 in USDJPY
0	11:23:29.258	CPIv1.5 USDJPY,M1: 2017.03.27 11:261 in USDJPY
0	11:27:29.252	CPIv1.5 USDJPY,M1: 2017.03.27 11:301 in USDJPY
0	11:27:30.455	CPIv1.5 EURUSD,M30: 2017.03.27 11:3030 in EURUSD
0	11:29:29.552	CPIv1.5 USDJPY,M1: 2017.03.27 11:321 in USDJPY
0	11:30:29.333	CPIv1.5 USDJPY,M1: 2017.03.27 11:331 in USDJPY
0	11:31:29.491	CPIv1.5 USDJPY,M1: 2017.03.27 11:341 in USDJPY
0	11:33:29.767	CPIv1.5 USDJPY,M1: 2017.03.27 11:361 in USDJPY
0	11:34:29.207	CPIv1.5 USDJPY,M1: 2017.03.27 11:371Модель поглощения in USDJPY
0	11:35:33.785	CPIv1.5 USDJPY,M1: 2017.03.27 11:381 in USDJPY
0	11:37:29.814	CPIv1.5 USDJPY,M1: 2017.03.27 11:401 in USDJPY
0	11:38:30.693	CPIv1.5 USDJPY,M1: 2017.03.27 11:411Утрення звезда in USDJPY
0	11:39:29.106	CPIv1.5 USDJPY,M1: 2017.03.27 11:421 in USDJPY
0	11:41:29.201	CPIv1.5 USDJPY,M1: 2017.03.27 11:441 in USDJPY
0	11:44:29.730	CPIv1.5 USDJPY,M1: 2017.03.27 11:471 in USDJPY
0	11:45:32.192	CPIv1.5 USDJPY,M1: 2017.03.27 11:481 in USDJPY
0	11:48:29.479	CPIv1.5 USDJPY,M1: 2017.03.27 11:511Модель поглощения in USDJPY
0	11:49:30.031	CPIv1.5 USDJPY,M1: 2017.03.27 11:521 in USDJPY
0	11:51:29.496	CPIv1.5 USDJPY,M1: 2017.03.27 11:541 in USDJPY
0	11:52:29.484	CPIv1.5 USDJPY,M1: 2017.03.27 11:551Медвежий Доджи in USDJPY
0	11:53:29.291	CPIv1.5 USDJPY,M1: 2017.03.27 11:561 in USDJPY
0	11:56:32.810	CPIv1.5 USDJPY,M1: 2017.03.27 11:591 in USDJPY
0	11:57:29.048	CPIv1.5 EURUSD,M30: 2017.03.27 12:0030Модель поглощения in EURUSD
0	11:57:29.054	CPIv1.5 NQ,H1: 2017.03.27 12:0060 in NQ
0	11:57:29.683	CPIv1.5 YM,H1: 2017.03.27 12:0060 in YM
0	11:58:29.525	CPIv1.5 USDJPY,M1: 2017.03.27 12:011 in USDJPY
0	11:59:29.425	CPIv1.5 USDJPY,M1: 2017.03.27 12:021 in USDJPY
0	12:02:29.734	CPIv1.5 USDJPY,M1: 2017.03.27 12:051Падающая звезда in USDJPY
0	12:03:29.996	CPIv1.5 USDJPY,M1: 2017.03.27 12:061Модель поглощения in USDJPY
0	12:04:29.075	CPIv1.5 USDJPY,M1: 2017.03.27 12:071 in USDJPY
0	12:06:29.639	CPIv1.5 USDJPY,M1: 2017.03.27 12:091 in USDJPY
0	12:07:30.045	CPIv1.5 USDJPY,M1: 2017.03.27 12:101 in USDJPY
0	12:10:29.384	CPIv1.5 USDJPY,M1: 2017.03.27 12:131 in USDJPY
0	12:11:31.315	CPIv1.5 USDJPY,M1: 2017.03.27 12:141 in USDJPY
0	12:12:30.403	CPIv1.5 USDJPY,M1: 2017.03.27 12:151 in USDJPY
0	12:14:31.744	CPIv1.5 USDJPY,M1: 2017.03.27 12:171Вечерняя звезда in USDJPY
0	12:15:29.373	CPIv1.5 USDJPY,M1: 2017.03.27 12:181 in USDJPY
0	12:18:31.032	CPIv1.5 USDJPY,M1: 2017.03.27 12:211Вечерняя звезда in USDJPY
0	12:19:30.501	CPIv1.5 USDJPY,M1: 2017.03.27 12:221 in USDJPY
0	12:23:29.340	CPIv1.5 USDJPY,M1: 2017.03.27 12:261 in USDJPY
0	12:24:29.467	CPIv1.5 USDJPY,M1: 2017.03.27 12:271Медвежий Доджи in USDJPY
0	12:25:30.045	CPIv1.5 USDJPY,M1: 2017.03.27 12:281 in USDJPY
0	12:26:29.560	CPIv1.5 USDJPY,M1: 2017.03.27 12:291 in USDJPY
0	12:27:31.410	CPIv1.5 EURUSD,M30: 2017.03.27 12:3030Бычий Доджи in EURUSD
0	12:31:30.079	CPIv1.5 USDJPY,M1: 2017.03.27 12:341Бычий Доджи in USDJPY
0	12:32:29.134	CPIv1.5 USDJPY,M1: 2017.03.27 12:351Утрення звезда in USDJPY
0	12:33:32.981	CPIv1.5 USDJPY,M1: 2017.03.27 12:361 in USDJPY
0	12:35:31.451	CPIv1.5 USDJPY,M1: 2017.03.27 12:381 in USDJPY
0	12:36:30.223	CPIv1.5 USDJPY,M1: 2017.03.27 12:391 in USDJPY
0	12:37:29.473	CPIv1.5 USDJPY,M1: 2017.03.27 12:401 in USDJPY
0	12:38:29.450	CPIv1.5 USDJPY,M1: 2017.03.27 12:411 in USDJPY
0	12:39:33.896	CPIv1.5 USDJPY,M1: 2017.03.27 12:421 in USDJPY
0	12:41:29.639	CPIv1.5 USDJPY,M1: 2017.03.27 12:441Вечерняя звезда in USDJPY
0	12:42:29.146	CPIv1.5 USDJPY,M1: 2017.03.27 12:451 in USDJPY
0	12:44:29.494	CPIv1.5 USDJPY,M1: 2017.03.27 12:471Модель поглощения in USDJPY
0	12:45:30.066	CPIv1.5 USDJPY,M1: 2017.03.27 12:481 in USDJPY
0	12:47:29.840	CPIv1.5 USDJPY,M1: 2017.03.27 12:501 in USDJPY
0	12:50:29.508	CPIv1.5 USDJPY,M1: 2017.03.27 12:531 in USDJPY
0	12:52:30.166	CPIv1.5 USDJPY,M1: 2017.03.27 12:551 in USDJPY
0	12:53:30.969	CPIv1.5 USDJPY,M1: 2017.03.27 12:561 in USDJPY
0	12:55:30.561	CPIv1.5 USDJPY,M1: 2017.03.27 12:581 in USDJPY
0	12:56:30.740	CPIv1.5 USDJPY,M1: 2017.03.27 12:591 in USDJPY
0	12:57:29.635	CPIv1.5 YM,H1: 2017.03.27 13:0060 in YM
0	12:57:30.117	CPIv1.5 NQ,H1: 2017.03.27 13:0060Падающая звезда in NQ
0	12:57:31.065	CPIv1.5 EURUSD,M30: 2017.03.27 13:0030Бычий Доджи in EURUSD
0	12:58:29.560	CPIv1.5 USDJPY,M1: 2017.03.27 13:011Падающая звезда in USDJPY
0	12:59:29.485	CPIv1.5 USDJPY,M1: 2017.03.27 13:021Падающая звезда in USDJPY
0	13:00:30.333	CPIv1.5 USDJPY,M1: 2017.03.27 13:031 in USDJPY
0	13:01:30.041	CPIv1.5 USDJPY,M1: 2017.03.27 13:041 in USDJPY
0	13:02:29.928	CPIv1.5 USDJPY,M1: 2017.03.27 13:051 in USDJPY
0	13:03:30.083	CPIv1.5 USDJPY,M1: 2017.03.27 13:061Утрення звезда in USDJPY
0	13:12:30.672	CPIv1.5 USDJPY,M1: 2017.03.27 13:151 in USDJPY
0	13:13:29.255	CPIv1.5 USDJPY,M1: 2017.03.27 13:161 in USDJPY
0	13:14:29.533	CPIv1.5 USDJPY,M1: 2017.03.27 13:171Падающая звезда in USDJPY
0	13:15:29.784	CPIv1.5 USDJPY,M1: 2017.03.27 13:181 in USDJPY
0	13:16:30.617	CPIv1.5 USDJPY,M1: 2017.03.27 13:191Медвежий Доджи in USDJPY
0	13:17:29.333	CPIv1.5 USDJPY,M1: 2017.03.27 13:201 in USDJPY
0	13:18:29.261	CPIv1.5 USDJPY,M1: 2017.03.27 13:211 in USDJPY
0	13:19:33.617	CPIv1.5 USDJPY,M1: 2017.03.27 13:221 in USDJPY
0	13:22:29.126	CPIv1.5 USDJPY,M1: 2017.03.27 13:251 in USDJPY
0	13:23:29.990	CPIv1.5 USDJPY,M1: 2017.03.27 13:261 in USDJPY
0	13:27:29.052	CPIv1.5 EURUSD,M30: 2017.03.27 13:3030Падающая звезда in EURUSD
0	13:27:29.957	CPIv1.5 USDJPY,M1: 2017.03.27 13:301Падающая звезда in USDJPY
0	13:28:30.228	CPIv1.5 USDJPY,M1: 2017.03.27 13:311 in USDJPY
0	13:29:32.155	CPIv1.5 USDJPY,M1: 2017.03.27 13:321Вечерняя звезда in USDJPY
0	13:30:29.614	CPIv1.5 USDJPY,M1: 2017.03.27 13:331 in USDJPY
0	13:31:29.370	CPIv1.5 USDJPY,M1: 2017.03.27 13:341 in USDJPY
0	13:32:29.171	CPIv1.5 USDJPY,M1: 2017.03.27 13:351 in USDJPY
0	13:35:30.166	CPIv1.5 USDJPY,M1: 2017.03.27 13:381 in USDJPY
0	13:36:30.788	CPIv1.5 USDJPY,M1: 2017.03.27 13:391 in USDJPY
0	13:38:30.929	CPIv1.5 USDJPY,M1: 2017.03.27 13:411Бычий Доджи in USDJPY
0	13:39:32.971	CPIv1.5 USDJPY,M1: 2017.03.27 13:421 in USDJPY
0	13:40:29.428	CPIv1.5 USDJPY,M1: 2017.03.27 13:431 in USDJPY
0	13:43:29.501	CPIv1.5 USDJPY,M1: 2017.03.27 13:461 in USDJPY
0	13:46:31.873	CPIv1.5 USDJPY,M1: 2017.03.27 13:491Бычий Доджи in USDJPY
0	13:47:30.667	CPIv1.5 USDJPY,M1: 2017.03.27 13:501Утрення звезда in USDJPY
0	13:48:29.307	CPIv1.5 USDJPY,M1: 2017.03.27 13:511 in USDJPY
0	13:49:30.877	CPIv1.5 USDJPY,M1: 2017.03.27 13:521Медвежий Доджи in USDJPY
0	13:50:30.982	CPIv1.5 USDJPY,M1: 2017.03.27 13:531 in USDJPY
0	13:51:29.336	CPIv1.5 USDJPY,M1: 2017.03.27 13:541 in USDJPY
0	13:54:31.269	CPIv1.5 USDJPY,M1: 2017.03.27 13:571 in USDJPY
0	13:56:31.276	CPIv1.5 USDJPY,M1: 2017.03.27 13:591 in USDJPY
0	13:57:29.134	ax_adv_023 AUDUSD,M15: AUDUSD [SELLSTOP ]:(4109)trade is not allowed in the expert properties AUDUSD lot=0.01 price=0.76295 slippage=3 sl=0.76394 tp=0.00000 comment= exp=1490624101
0	13:57:29.429	CPIv1.5 USDJPY,M1: 2017.03.27 14:001 in USDJPY
0	13:57:29.445	CPIv1.5 NQ,H1: 2017.03.27 14:0060Медвежий Доджи in NQ
0	13:58:29.686	CPIv1.5 USDJPY,M1: 2017.03.27 14:011 in USDJPY
0	14:00:30.803	CPIv1.5 USDJPY,M1: 2017.03.27 14:031Модель поглощения in USDJPY
0	14:01:29.845	CPIv1.5 USDJPY,M1: 2017.03.27 14:041Бычий Доджи in USDJPY
0	14:02:29.382	CPIv1.5 USDJPY,M1: 2017.03.27 14:051 in USDJPY
0	14:04:31.188	CPIv1.5 USDJPY,M1: 2017.03.27 14:071 in USDJPY
0	14:07:29.426	CPIv1.5 USDJPY,M1: 2017.03.27 14:101 in USDJPY
0	14:08:29.905	CPIv1.5 USDJPY,M1: 2017.03.27 14:111 in USDJPY
0	14:10:30.431	CPIv1.5 USDJPY,M1: 2017.03.27 14:131 in USDJPY
0	14:12:29.343	CPIv1.5 USDJPY,M1: 2017.03.27 14:151 in USDJPY
0	14:13:29.312	CPIv1.5 USDJPY,M1: 2017.03.27 14:161 in USDJPY
0	14:14:31.039	CPIv1.5 USDJPY,M1: 2017.03.27 14:171Бычий Доджи in USDJPY
0	14:15:30.164	CPIv1.5 USDJPY,M1: 2017.03.27 14:181 in USDJPY
0	14:17:29.541	CPIv1.5 USDJPY,M1: 2017.03.27 14:201 in USDJPY
0	14:18:29.290	CPIv1.5 USDJPY,M1: 2017.03.27 14:211 in USDJPY
0	14:19:30.526	CPIv1.5 USDJPY,M1: 2017.03.27 14:221 in USDJPY
0	14:21:29.639	CPIv1.5 USDJPY,M1: 2017.03.27 14:241 in USDJPY
0	14:22:29.262	CPIv1.5 USDJPY,M1: 2017.03.27 14:251Бычий Доджи in USDJPY
0	14:23:30.918	CPIv1.5 USDJPY,M1: 2017.03.27 14:261 in USDJPY
0	14:25:30.323	CPIv1.5 USDJPY,M1: 2017.03.27 14:281 in USDJPY
0	14:27:29.096	CPIv1.5 EURUSD,M30: 2017.03.27 14:3030 in EURUSD
0	14:28:30.465	CPIv1.5 USDJPY,M1: 2017.03.27 14:311 in USDJPY
0	14:32:29.565	CPIv1.5 USDJPY,M1: 2017.03.27 14:351 in USDJPY
0	14:33:31.315	CPIv1.5 USDJPY,M1: 2017.03.27 14:361 in USDJPY
0	14:36:29.253	CPIv1.5 USDJPY,M1: 2017.03.27 14:391 in USDJPY
0	14:38:29.624	CPIv1.5 USDJPY,M1: 2017.03.27 14:411Утрення звезда in USDJPY
0	14:39:29.643	CPIv1.5 USDJPY,M1: 2017.03.27 14:421 in USDJPY
0	14:44:29.294	CPIv1.5 USDJPY,M1: 2017.03.27 14:471Бычий Доджи in USDJPY
0	14:46:29.426	CPIv1.5 USDJPY,M1: 2017.03.27 14:491 in USDJPY
0	14:47:29.292	CPIv1.5 USDJPY,M1: 2017.03.27 14:501 in USDJPY
0	14:48:29.606	CPIv1.5 USDJPY,M1: 2017.03.27 14:511Бычий Доджи in USDJPY
0	14:49:29.340	CPIv1.5 USDJPY,M1: 2017.03.27 14:521 in USDJPY
0	14:50:30.212	CPIv1.5 USDJPY,M1: 2017.03.27 14:531 in USDJPY
0	14:51:30.126	CPIv1.5 USDJPY,M1: 2017.03.27 14:541 in USDJPY
0	14:54:29.396	CPIv1.5 USDJPY,M1: 2017.03.27 14:571 in USDJPY
0	14:55:32.204	CPIv1.5 USDJPY,M1: 2017.03.27 14:581 in USDJPY
0	14:57:29.622	ax_adv_023 AUDUSD,M15: AUDUSD [SELLSTOP ]:(4109)trade is not allowed in the expert properties AUDUSD lot=0.01 price=0.76366 slippage=3 sl=0.76511 tp=0.00000 comment= exp=1490627701
0	14:57:29.623	CPIv1.5 NQ,H1: 2017.03.27 15:0060Медвежий Доджи in NQ
0	14:58:29.215	CPIv1.5 USDJPY,M1: 2017.03.27 15:011 in USDJPY
0	14:59:29.543	CPIv1.5 USDJPY,M1: 2017.03.27 15:021 in USDJPY
0	15:00:30.274	CPIv1.5 USDJPY,M1: 2017.03.27 15:031Модель поглощения in USDJPY
0	15:01:30.036	CPIv1.5 USDJPY,M1: 2017.03.27 15:041 in USDJPY
0	15:05:29.497	CPIv1.5 USDJPY,M1: 2017.03.27 15:081 in USDJPY
0	15:06:29.547	CPIv1.5 USDJPY,M1: 2017.03.27 15:091Бычий Доджи in USDJPY
0	15:07:29.290	CPIv1.5 USDJPY,M1: 2017.03.27 15:101 in USDJPY
0	15:10:29.797	CPIv1.5 USDJPY,M1: 2017.03.27 15:131 in USDJPY
0	15:11:29.387	CPIv1.5 USDJPY,M1: 2017.03.27 15:141 in USDJPY
0	15:13:29.435	CPIv1.5 USDJPY,M1: 2017.03.27 15:161 in USDJPY
0	15:15:29.239	CPIv1.5 USDJPY,M1: 2017.03.27 15:181 in USDJPY
0	15:16:31.180	CPIv1.5 USDJPY,M1: 2017.03.27 15:191Медвежий Доджи in USDJPY
0	15:17:29.335	CPIv1.5 USDJPY,M1: 2017.03.27 15:201 in USDJPY
0	15:18:29.385	CPIv1.5 USDJPY,M1: 2017.03.27 15:211 in USDJPY
0	15:19:29.338	CPIv1.5 USDJPY,M1: 2017.03.27 15:221 in USDJPY
0	15:20:30.144	CPIv1.5 USDJPY,M1: 2017.03.27 15:231 in USDJPY
0	15:22:29.517	CPIv1.5 USDJPY,M1: 2017.03.27 15:251Медвежий Доджи in USDJPY
0	15:23:29.327	CPIv1.5 USDJPY,M1: 2017.03.27 15:261 in USDJPY
0	15:24:31.267	CPIv1.5 USDJPY,M1: 2017.03.27 15:271 in USDJPY
0	15:25:29.799	CPIv1.5 USDJPY,M1: 2017.03.27 15:281Бычий Доджи in USDJPY
0	15:26:29.447	CPIv1.5 USDJPY,M1: 2017.03.27 15:291 in USDJPY
0	15:27:29.162	CPIv1.5 EURUSD,M30: 2017.03.27 15:3030Медвежий Доджи in EURUSD
0	15:28:29.656	CPIv1.5 USDJPY,M1: 2017.03.27 15:311 in USDJPY
0	15:30:29.550	CPIv1.5 USDJPY,M1: 2017.03.27 15:331Бычий Доджи in USDJPY
0	15:31:33.293	CPIv1.5 USDJPY,M1: 2017.03.27 15:341 in USDJPY
0	15:33:29.300	CPIv1.5 USDJPY,M1: 2017.03.27 15:361Медвежий Доджи in USDJPY
0	15:34:29.377	CPIv1.5 USDJPY,M1: 2017.03.27 15:371Бычий Доджи in USDJPY
0	15:35:30.084	CPIv1.5 USDJPY,M1: 2017.03.27 15:381 in USDJPY
0	15:36:31.070	CPIv1.5 USDJPY,M1: 2017.03.27 15:391 in USDJPY
0	15:38:30.435	CPIv1.5 USDJPY,M1: 2017.03.27 15:411Бычий Доджи in USDJPY
0	15:39:30.584	CPIv1.5 USDJPY,M1: 2017.03.27 15:421 in USDJPY
0	15:40:33.472	CPIv1.5 USDJPY,M1: 2017.03.27 15:431Модель поглощения in USDJPY
0	15:44:29.487	CPIv1.5 USDJPY,M1: 2017.03.27 15:471Медвежий Доджи in USDJPY
0	15:45:29.689	CPIv1.5 USDJPY,M1: 2017.03.27 15:481 in USDJPY
0	15:46:29.705	CPIv1.5 USDJPY,M1: 2017.03.27 15:491 in USDJPY
0	15:48:30.082	CPIv1.5 USDJPY,M1: 2017.03.27 15:511 in USDJPY
0	15:49:29.780	CPIv1.5 USDJPY,M1: 2017.03.27 15:521Медвежий Доджи in USDJPY
0	15:50:29.702	CPIv1.5 USDJPY,M1: 2017.03.27 15:531 in USDJPY
0	15:51:29.808	CPIv1.5 USDJPY,M1: 2017.03.27 15:541 in USDJPY
0	15:54:30.342	CPIv1.5 USDJPY,M1: 2017.03.27 15:571Бычий Доджи in USDJPY
0	15:55:29.564	CPIv1.5 USDJPY,M1: 2017.03.27 15:581 in USDJPY
0	15:56:35.346	CPIv1.5 USDJPY,M1: 2017.03.27 15:591Перевернутый молот in USDJPY
0	15:57:29.128	CPIv1.5 EURUSD,M30: 2017.03.27 16:0030Медвежий Доджи in EURUSD
0	15:57:34.937	CPIv1.5 NQ,H1: 2017.03.27 16:0060Медвежий Доджи in NQ
0	15:58:29.722	CPIv1.5 USDJPY,M1: 2017.03.27 16:011Бычий Доджи in USDJPY
0	15:59:29.864	CPIv1.5 USDJPY,M1: 2017.03.27 16:021 in USDJPY
0	16:00:29.995	CPIv1.5 USDJPY,M1: 2017.03.27 16:031 in USDJPY
0	16:01:29.806	CPIv1.5 USDJPY,M1: 2017.03.27 16:041 in USDJPY
0	16:02:30.040	CPIv1.5 USDJPY,M1: 2017.03.27 16:051Медвежий Доджи in USDJPY
0	16:03:29.408	CPIv1.5 USDJPY,M1: 2017.03.27 16:061 in USDJPY
0	16:04:29.538	CPIv1.5 USDJPY,M1: 2017.03.27 16:071Бычий Доджи in USDJPY
0	16:05:29.599	CPIv1.5 USDJPY,M1: 2017.03.27 16:081 in USDJPY
0	16:09:31.754	CPIv1.5 USDJPY,M1: 2017.03.27 16:121 in USDJPY
0	16:11:29.346	CPIv1.5 USDJPY,M1: 2017.03.27 16:141Медвежий Доджи in USDJPY
0	16:12:29.694	CPIv1.5 USDJPY,M1: 2017.03.27 16:151 in USDJPY
0	16:13:29.729	CPIv1.5 USDJPY,M1: 2017.03.27 16:161Медвежий Доджи in USDJPY
0	16:14:29.759	CPIv1.5 USDJPY,M1: 2017.03.27 16:171 in USDJPY
0	16:17:29.558	CPIv1.5 USDJPY,M1: 2017.03.27 16:201Бычий Доджи in USDJPY
0	16:18:29.554	CPIv1.5 USDJPY,M1: 2017.03.27 16:211 in USDJPY
0	16:19:29.295	CPIv1.5 USDJPY,M1: 2017.03.27 16:221 in USDJPY
0	16:20:29.633	CPIv1.5 USDJPY,M1: 2017.03.27 16:231 in USDJPY
0	16:22:29.391	CPIv1.5 USDJPY,M1: 2017.03.27 16:251 in USDJPY
0	16:23:29.506	CPIv1.5 USDJPY,M1: 2017.03.27 16:261 in USDJPY
0	16:24:29.481	CPIv1.5 USDJPY,M1: 2017.03.27 16:271 in USDJPY
0	16:26:29.552	CPIv1.5 USDJPY,M1: 2017.03.27 16:291 in USDJPY
0	16:27:29.413	CPIv1.5 USDJPY,M1: 2017.03.27 16:301Падающая звезда in USDJPY
0	16:27:29.449	CPIv1.5 EURUSD,M30: 2017.03.27 16:3030Падающая звезда in EURUSD
0	16:29:29.619	CPIv1.5 USDJPY,M1: 2017.03.27 16:321Бычий Доджи in USDJPY
0	16:30:29.624	CPIv1.5 USDJPY,M1: 2017.03.27 16:331Медвежий Доджи in USDJPY
0	16:31:29.305	CPIv1.5 USDJPY,M1: 2017.03.27 16:341Медвежий Доджи in USDJPY
0	16:32:29.318	CPIv1.5 USDJPY,M1: 2017.03.27 16:351 in USDJPY
0	16:34:29.374	CPIv1.5 USDJPY,M1: 2017.03.27 16:371Бычий Доджи in USDJPY
0	16:35:29.361	CPIv1.5 USDJPY,M1: 2017.03.27 16:381Бычий Доджи in USDJPY
0	16:36:29.247	CPIv1.5 USDJPY,M1: 2017.03.27 16:391 in USDJPY
0	16:37:32.391	CPIv1.5 USDJPY,M1: 2017.03.27 16:401 in USDJPY
0	16:40:29.465	CPIv1.5 USDJPY,M1: 2017.03.27 16:431 in USDJPY
0	16:42:29.664	CPIv1.5 USDJPY,M1: 2017.03.27 16:451Падающая звезда in USDJPY
0	16:43:29.225	CPIv1.5 USDJPY,M1: 2017.03.27 16:461 in USDJPY
0	16:44:29.438	CPIv1.5 USDJPY,M1: 2017.03.27 16:471 in USDJPY
0	16:46:29.550	CPIv1.5 USDJPY,M1: 2017.03.27 16:491Медвежий Доджи in USDJPY
0	16:47:29.717	CPIv1.5 USDJPY,M1: 2017.03.27 16:501Медвежий Доджи in USDJPY
0	16:48:30.620	CPIv1.5 USDJPY,M1: 2017.03.27 16:511 in USDJPY
0	16:49:29.443	CPIv1.5 USDJPY,M1: 2017.03.27 16:521 in USDJPY
0	16:51:29.302	CPIv1.5 USDJPY,M1: 2017.03.27 16:541Медвежий Доджи in USDJPY
0	16:52:29.262	CPIv1.5 USDJPY,M1: 2017.03.27 16:551 in USDJPY
0	16:57:29.249	CPIv1.5 EURUSD,M30: 2017.03.27 17:0030Медвежий Доджи in EURUSD
0	16:57:29.264	CPIv1.5 NQ,H1: 2017.03.27 17:0060 in NQ
0	16:57:29.596	CPIv1.5 USDJPY,M1: 2017.03.27 17:001Медвежий Доджи in USDJPY
0	16:58:29.493	CPIv1.5 USDJPY,M1: 2017.03.27 17:011 in USDJPY
0	16:59:30.102	CPIv1.5 USDJPY,M1: 2017.03.27 17:021Бычий Доджи in USDJPY
0	17:00:29.364	CPIv1.5 USDJPY,M1: 2017.03.27 17:031 in USDJPY
0	17:01:31.095	CPIv1.5 USDJPY,M1: 2017.03.27 17:041 in USDJPY
0	17:04:29.562	CPIv1.5 USDJPY,M1: 2017.03.27 17:071Медвежий Доджи in USDJPY
0	17:05:29.563	CPIv1.5 USDJPY,M1: 2017.03.27 17:081 in USDJPY
0	17:08:30.037	CPIv1.5 USDJPY,M1: 2017.03.27 17:111 in USDJPY
0	17:09:29.287	CPIv1.5 USDJPY,M1: 2017.03.27 17:121 in USDJPY
0	17:11:29.095	CPIv1.5 USDJPY,M1: 2017.03.27 17:141 in USDJPY
0	17:12:29.466	CPIv1.5 USDJPY,M1: 2017.03.27 17:151 in USDJPY
0	17:13:29.544	CPIv1.5 USDJPY,M1: 2017.03.27 17:161Медвежий Доджи in USDJPY
0	17:14:29.692	CPIv1.5 USDJPY,M1: 2017.03.27 17:171 in USDJPY
0	17:16:29.271	CPIv1.5 USDJPY,M1: 2017.03.27 17:191Бычий Доджи in USDJPY
0	17:17:29.159	CPIv1.5 USDJPY,M1: 2017.03.27 17:201 in USDJPY
0	17:18:30.508	CPIv1.5 USDJPY,M1: 2017.03.27 17:211 in USDJPY
0	17:19:29.368	CPIv1.5 USDJPY,M1: 2017.03.27 17:221Медвежий Доджи in USDJPY
0	17:20:29.261	CPIv1.5 USDJPY,M1: 2017.03.27 17:231 in USDJPY
0	17:23:31.689	CPIv1.5 USDJPY,M1: 2017.03.27 17:261Падающая звезда in USDJPY
0	17:24:29.440	CPIv1.5 USDJPY,M1: 2017.03.27 17:271 in USDJPY
0	17:25:29.377	CPIv1.5 USDJPY,M1: 2017.03.27 17:281 in USDJPY
0	17:27:29.214	CPIv1.5 USDJPY,M1: 2017.03.27 17:301Падающая звезда in USDJPY
0	17:27:29.333	CPIv1.5 EURUSD,M30: 2017.03.27 17:3030 in EURUSD
0	17:28:29.400	CPIv1.5 USDJPY,M1: 2017.03.27 17:311 in USDJPY
0	17:29:29.299	CPIv1.5 USDJPY,M1: 2017.03.27 17:321Бычий Доджи in USDJPY
0	17:30:29.348	CPIv1.5 USDJPY,M1: 2017.03.27 17:331 in USDJPY
0	17:32:30.086	CPIv1.5 USDJPY,M1: 2017.03.27 17:351Повешенный in USDJPY
0	17:34:29.363	CPIv1.5 USDJPY,M1: 2017.03.27 17:371 in USDJPY
0	17:35:29.831	CPIv1.5 USDJPY,M1: 2017.03.27 17:381Падающая звезда in USDJPY
0	17:36:29.189	CPIv1.5 USDJPY,M1: 2017.03.27 17:391 in USDJPY
0	17:37:29.687	CPIv1.5 USDJPY,M1: 2017.03.27 17:401 in USDJPY
0	17:40:29.275	CPIv1.5 USDJPY,M1: 2017.03.27 17:431 in USDJPY
0	17:41:29.196	CPIv1.5 USDJPY,M1: 2017.03.27 17:441 in USDJPY
0	17:42:29.514	CPIv1.5 USDJPY,M1: 2017.03.27 17:451Медвежий Доджи in USDJPY
0	17:43:29.328	CPIv1.5 USDJPY,M1: 2017.03.27 17:461Медвежий Доджи in USDJPY
0	17:44:30.006	CPIv1.5 USDJPY,M1: 2017.03.27 17:471 in USDJPY
0	17:48:30.481	CPIv1.5 USDJPY,M1: 2017.03.27 17:511 in USDJPY
0	17:50:29.613	CPIv1.5 USDJPY,M1: 2017.03.27 17:531 in USDJPY
0	17:51:29.616	CPIv1.5 USDJPY,M1: 2017.03.27 17:541Бычий Доджи in USDJPY
0	17:52:29.462	CPIv1.5 USDJPY,M1: 2017.03.27 17:551 in USDJPY
0	17:53:29.484	CPIv1.5 USDJPY,M1: 2017.03.27 17:561Бычий Доджи in USDJPY
0	17:54:29.486	CPIv1.5 USDJPY,M1: 2017.03.27 17:571 in USDJPY
0	17:55:29.455	CPIv1.5 USDJPY,M1: 2017.03.27 17:581Медвежий Доджи in USDJPY
0	17:56:29.408	CPIv1.5 USDJPY,M1: 2017.03.27 17:591Падающая звезда in USDJPY
0	17:57:29.735	CPIv1.5 NQ,H1: 2017.03.27 18:0060Бычий Доджи in NQ
0	17:57:29.791	CPIv1.5 YM,H1: 2017.03.27 18:0060 in YM
0	17:59:29.375	CPIv1.5 USDJPY,M1: 2017.03.27 18:021Бычий Доджи in USDJPY
0	18:00:34.145	CPIv1.5 USDJPY,M1: 2017.03.27 18:031 in USDJPY
0	18:01:29.249	CPIv1.5 USDJPY,M1: 2017.03.27 18:041 in USDJPY
0	18:02:29.617	CPIv1.5 USDJPY,M1: 2017.03.27 18:051 in USDJPY
0	18:05:29.398	CPIv1.5 USDJPY,M1: 2017.03.27 18:081 in USDJPY
0	18:06:29.950	CPIv1.5 USDJPY,M1: 2017.03.27 18:091 in USDJPY
0	18:07:29.443	CPIv1.5 USDJPY,M1: 2017.03.27 18:101Бычий Доджи in USDJPY
0	18:08:29.265	CPIv1.5 USDJPY,M1: 2017.03.27 18:111 in USDJPY
0	18:09:29.529	CPIv1.5 USDJPY,M1: 2017.03.27 18:121 in USDJPY
0	18:11:29.510	CPIv1.5 USDJPY,M1: 2017.03.27 18:141Медвежий Доджи in USDJPY
0	18:12:29.640	CPIv1.5 USDJPY,M1: 2017.03.27 18:151Вечерняя звезда in USDJPY
0	18:13:29.439	CPIv1.5 USDJPY,M1: 2017.03.27 18:161 in USDJPY
0	18:14:29.357	CPIv1.5 USDJPY,M1: 2017.03.27 18:171Модель поглощения in USDJPY
0	18:15:29.418	CPIv1.5 USDJPY,M1: 2017.03.27 18:181Бычий Доджи in USDJPY
0	18:16:29.271	CPIv1.5 USDJPY,M1: 2017.03.27 18:191 in USDJPY
0	18:17:29.310	CPIv1.5 USDJPY,M1: 2017.03.27 18:201 in USDJPY
0	18:18:29.402	CPIv1.5 USDJPY,M1: 2017.03.27 18:211Бычий Доджи in USDJPY
0	18:20:29.280	CPIv1.5 USDJPY,M1: 2017.03.27 18:231 in USDJPY
0	18:22:29.713	CPIv1.5 USDJPY,M1: 2017.03.27 18:251Медвежий Доджи in USDJPY
0	18:23:29.167	CPIv1.5 USDJPY,M1: 2017.03.27 18:261Медвежий Доджи in USDJPY
0	18:24:29.163	CPIv1.5 USDJPY,M1: 2017.03.27 18:271 in USDJPY
0	18:25:30.177	CPIv1.5 USDJPY,M1: 2017.03.27 18:281Вечерняя звезда in USDJPY
0	18:27:29.329	CPIv1.5 EURUSD,M30: 2017.03.27 18:3030Бычий Доджи in EURUSD
0	18:28:29.462	CPIv1.5 USDJPY,M1: 2017.03.27 18:311Медвежий Доджи in USDJPY
0	18:29:29.477	CPIv1.5 USDJPY,M1: 2017.03.27 18:321 in USDJPY
0	18:30:29.316	CPIv1.5 USDJPY,M1: 2017.03.27 18:331Медвежий Доджи in USDJPY
0	18:31:29.244	CPIv1.5 USDJPY,M1: 2017.03.27 18:341 in USDJPY
0	18:32:29.478	CPIv1.5 USDJPY,M1: 2017.03.27 18:351 in USDJPY
0	18:35:30.611	CPIv1.5 USDJPY,M1: 2017.03.27 18:381 in USDJPY
0	18:37:30.169	CPIv1.5 USDJPY,M1: 2017.03.27 18:401 in USDJPY
0	18:39:31.519	CPIv1.5 USDJPY,M1: 2017.03.27 18:421Медвежий Доджи in USDJPY
0	18:40:29.213	CPIv1.5 USDJPY,M1: 2017.03.27 18:431 in USDJPY
0	18:42:29.620	CPIv1.5 USDJPY,M1: 2017.03.27 18:451Бычий Доджи in USDJPY
0	18:43:29.562	CPIv1.5 USDJPY,M1: 2017.03.27 18:461 in USDJPY
0	18:44:30.313	CPIv1.5 USDJPY,M1: 2017.03.27 18:471 in USDJPY
0	18:45:31.128	CPIv1.5 USDJPY,M1: 2017.03.27 18:481 in USDJPY
0	18:49:29.132	CPIv1.5 USDJPY,M1: 2017.03.27 18:521 in USDJPY
0	18:50:29.688	CPIv1.5 USDJPY,M1: 2017.03.27 18:531 in USDJPY
0	18:51:29.487	CPIv1.5 USDJPY,M1: 2017.03.27 18:541 in USDJPY
0	18:53:30.615	CPIv1.5 USDJPY,M1: 2017.03.27 18:561 in USDJPY
0	18:54:29.416	CPIv1.5 USDJPY,M1: 2017.03.27 18:571 in USDJPY
0	18:55:31.072	CPIv1.5 USDJPY,M1: 2017.03.27 18:581 in USDJPY
0	18:56:33.836	CPIv1.5 USDJPY,M1: 2017.03.27 18:591 in USDJPY
0	18:57:29.312	CPIv1.5 NQ,H1: 2017.03.27 19:0060Медвежий Доджи in NQ
0	18:57:29.358	CPIv1.5 YM,H1: 2017.03.27 19:0060 in YM
0	18:57:29.653	CPIv1.5 EURUSD,M30: 2017.03.27 19:0030 in EURUSD
0	18:58:31.812	CPIv1.5 USDJPY,M1: 2017.03.27 19:011 in USDJPY
0	19:00:29.917	CPIv1.5 USDJPY,M1: 2017.03.27 19:031Бычий Доджи in USDJPY
0	19:01:29.669	CPIv1.5 USDJPY,M1: 2017.03.27 19:041 in USDJPY
0	19:03:29.198	CPIv1.5 USDJPY,M1: 2017.03.27 19:061Медвежий Доджи in USDJPY
0	19:04:29.379	CPIv1.5 USDJPY,M1: 2017.03.27 19:071 in USDJPY
0	19:05:30.069	CPIv1.5 USDJPY,M1: 2017.03.27 19:081 in USDJPY
0	19:06:29.312	CPIv1.5 USDJPY,M1: 2017.03.27 19:091Медвежий Доджи in USDJPY
0	19:08:31.816	CPIv1.5 USDJPY,M1: 2017.03.27 19:111Вечерняя звезда in USDJPY
0	19:10:32.546	CPIv1.5 USDJPY,M1: 2017.03.27 19:131 in USDJPY
0	19:11:29.555	CPIv1.5 USDJPY,M1: 2017.03.27 19:141 in USDJPY
0	19:14:29.377	CPIv1.5 USDJPY,M1: 2017.03.27 19:171 in USDJPY
0	19:15:31.811	CPIv1.5 USDJPY,M1: 2017.03.27 19:181 in USDJPY
0	19:19:29.199	CPIv1.5 USDJPY,M1: 2017.03.27 19:221Падающая звезда in USDJPY
0	19:21:30.216	CPIv1.5 USDJPY,M1: 2017.03.27 19:241 in USDJPY
0	19:24:30.339	CPIv1.5 USDJPY,M1: 2017.03.27 19:271Бычий Доджи in USDJPY
0	19:25:30.401	CPIv1.5 USDJPY,M1: 2017.03.27 19:281 in USDJPY
0	19:26:29.839	CPIv1.5 USDJPY,M1: 2017.03.27 19:291 in USDJPY
0	19:27:29.349	CPIv1.5 USDJPY,M1: 2017.03.27 19:301 in USDJPY
0	19:28:30.285	CPIv1.5 USDJPY,M1: 2017.03.27 19:311 in USDJPY
0	19:29:29.378	CPIv1.5 USDJPY,M1: 2017.03.27 19:321 in USDJPY
0	19:30:29.690	CPIv1.5 USDJPY,M1: 2017.03.27 19:331Падающая звезда in USDJPY
0	19:32:29.414	CPIv1.5 USDJPY,M1: 2017.03.27 19:351Медвежий Доджи in USDJPY
0	19:33:29.354	CPIv1.5 USDJPY,M1: 2017.03.27 19:361 in USDJPY
0	19:34:30.318	CPIv1.5 USDJPY,M1: 2017.03.27 19:371Падающая звезда in USDJPY
0	19:36:31.813	CPIv1.5 USDJPY,M1: 2017.03.27 19:391Бычий Доджи in USDJPY
0	19:37:29.207	CPIv1.5 USDJPY,M1: 2017.03.27 19:401Бычий Доджи in USDJPY
0	19:38:29.650	CPIv1.5 USDJPY,M1: 2017.03.27 19:411Утрення звезда in USDJPY
0	19:39:29.504	CPIv1.5 USDJPY,M1: 2017.03.27 19:421 in USDJPY
0	19:41:29.380	CPIv1.5 USDJPY,M1: 2017.03.27 19:441 in USDJPY
0	19:44:29.315	CPIv1.5 USDJPY,M1: 2017.03.27 19:471Медвежий Доджи in USDJPY
0	19:45:30.193	CPIv1.5 USDJPY,M1: 2017.03.27 19:481 in USDJPY
0	19:46:31.071	CPIv1.5 USDJPY,M1: 2017.03.27 19:491Медвежий Доджи in USDJPY
0	19:47:29.572	CPIv1.5 USDJPY,M1: 2017.03.27 19:501 in USDJPY
0	19:48:29.321	CPIv1.5 USDJPY,M1: 2017.03.27 19:511 in USDJPY
0	19:49:29.405	CPIv1.5 USDJPY,M1: 2017.03.27 19:521 in USDJPY
0	19:50:29.584	CPIv1.5 USDJPY,M1: 2017.03.27 19:531 in USDJPY
0	19:51:30.431	CPIv1.5 USDJPY,M1: 2017.03.27 19:541Повешенный in USDJPY
0	19:52:29.659	CPIv1.5 USDJPY,M1: 2017.03.27 19:551 in USDJPY
0	19:53:31.686	CPIv1.5 USDJPY,M1: 2017.03.27 19:561 in USDJPY
0	19:54:33.796	CPIv1.5 USDJPY,M1: 2017.03.27 19:571 in USDJPY
0	19:55:29.723	CPIv1.5 USDJPY,M1: 2017.03.27 19:581 in USDJPY
0	19:56:30.222	CPIv1.5 USDJPY,M1: 2017.03.27 19:591 in USDJPY
0	19:57:29.156	CPIv1.5 EURUSD,M30: 2017.03.27 20:0030Бычий Доджи in EURUSD
0	19:57:29.611	CPIv1.5 USDJPY,M1: 2017.03.27 20:001 in USDJPY
0	19:57:29.643	CPIv1.5 NQ,H1: 2017.03.27 20:0060Медвежий Доджи in NQ
0	19:57:31.707	CPIv1.5 YM,H1: 2017.03.27 20:0060Медвежий Доджи in YM
0	19:58:29.526	CPIv1.5 USDJPY,M1: 2017.03.27 20:011 in USDJPY
0	19:59:29.732	CPIv1.5 USDJPY,M1: 2017.03.27 20:021 in USDJPY
0	20:00:29.440	CPIv1.5 USDJPY,M1: 2017.03.27 20:031Бычий Доджи in USDJPY
0	20:01:29.754	CPIv1.5 USDJPY,M1: 2017.03.27 20:041Медвежий Доджи in USDJPY
0	20:02:29.687	CPIv1.5 USDJPY,M1: 2017.03.27 20:051Просвет в облаках in USDJPY
0	20:07:29.221	CPIv1.5 USDJPY,M1: 2017.03.27 20:101Бычий Доджи in USDJPY
0	20:09:29.382	CPIv1.5 USDJPY,M1: 2017.03.27 20:121 in USDJPY
0	20:10:29.722	CPIv1.5 USDJPY,M1: 2017.03.27 20:131 in USDJPY
0	20:11:35.031	CPIv1.5 USDJPY,M1: 2017.03.27 20:141Бычий Доджи in USDJPY
0	20:12:30.337	CPIv1.5 USDJPY,M1: 2017.03.27 20:151 in USDJPY
0	20:13:29.761	CPIv1.5 USDJPY,M1: 2017.03.27 20:161 in USDJPY
0	20:14:29.657	CPIv1.5 USDJPY,M1: 2017.03.27 20:171 in USDJPY
0	20:15:29.462	CPIv1.5 USDJPY,M1: 2017.03.27 20:181 in USDJPY
0	20:17:36.877	CPIv1.5 USDJPY,M1: 2017.03.27 20:201Бычий Доджи in USDJPY
0	20:18:30.547	CPIv1.5 USDJPY,M1: 2017.03.27 20:211 in USDJPY
0	20:20:29.364	CPIv1.5 USDJPY,M1: 2017.03.27 20:231Падающая звезда in USDJPY
0	20:22:29.407	CPIv1.5 USDJPY,M1: 2017.03.27 20:251 in USDJPY
0	20:24:32.236	CPIv1.5 USDJPY,M1: 2017.03.27 20:271 in USDJPY
0	20:25:32.449	CPIv1.5 USDJPY,M1: 2017.03.27 20:281Бычий Доджи in USDJPY
0	20:26:33.667	CPIv1.5 USDJPY,M1: 2017.03.27 20:291 in USDJPY
0	20:27:29.737	CPIv1.5 USDJPY,M1: 2017.03.27 20:301 in USDJPY
0	20:27:30.496	CPIv1.5 EURUSD,M30: 2017.03.27 20:3030Бычий Доджи in EURUSD
0	20:28:29.185	CPIv1.5 USDJPY,M1: 2017.03.27 20:311 in USDJPY
0	20:31:29.201	CPIv1.5 USDJPY,M1: 2017.03.27 20:341 in USDJPY
0	20:32:29.937	CPIv1.5 USDJPY,M1: 2017.03.27 20:351Медвежий Доджи in USDJPY
0	20:33:31.961	CPIv1.5 USDJPY,M1: 2017.03.27 20:361 in USDJPY
0	20:34:30.090	CPIv1.5 USDJPY,M1: 2017.03.27 20:371 in USDJPY
0	20:35:29.726	CPIv1.5 USDJPY,M1: 2017.03.27 20:381 in USDJPY
0	20:36:29.570	CPIv1.5 USDJPY,M1: 2017.03.27 20:391Бычий Доджи in USDJPY
0	20:37:32.472	CPIv1.5 USDJPY,M1: 2017.03.27 20:401 in USDJPY
0	20:38:32.265	CPIv1.5 USDJPY,M1: 2017.03.27 20:411 in USDJPY
0	20:41:30.362	CPIv1.5 USDJPY,M1: 2017.03.27 20:441Падающая звезда in USDJPY
0	20:42:29.488	CPIv1.5 USDJPY,M1: 2017.03.27 20:451 in USDJPY
0	20:48:31.569	CPIv1.5 USDJPY,M1: 2017.03.27 20:511 in USDJPY
0	20:49:29.241	CPIv1.5 USDJPY,M1: 2017.03.27 20:521 in USDJPY
0	20:50:29.206	CPIv1.5 USDJPY,M1: 2017.03.27 20:531 in USDJPY
0	20:51:29.548	CPIv1.5 USDJPY,M1: 2017.03.27 20:541 in USDJPY
0	20:52:30.158	CPIv1.5 USDJPY,M1: 2017.03.27 20:551 in USDJPY
0	20:53:29.708	CPIv1.5 USDJPY,M1: 2017.03.27 20:561 in USDJPY
0	20:54:31.582	CPIv1.5 USDJPY,M1: 2017.03.27 20:571 in USDJPY
0	20:55:30.017	CPIv1.5 USDJPY,M1: 2017.03.27 20:581 in USDJPY
0	20:56:30.292	CPIv1.5 USDJPY,M1: 2017.03.27 20:591 in USDJPY
0	20:57:28.866	CPIv1.5 EURUSD,M30: 2017.03.27 21:0030 in EURUSD
0	20:57:29.040	CPIv1.5 NQ,H1: 2017.03.27 21:0060Медвежий Доджи in NQ
0	20:57:29.744	CPIv1.5 USDJPY,M1: 2017.03.27 21:001 in USDJPY
0	20:57:30.508	CPIv1.5 YM,H1: 2017.03.27 21:0060Медвежий Доджи in YM
0	20:58:29.415	CPIv1.5 USDJPY,M1: 2017.03.27 21:011 in USDJPY
0	21:03:33.710	CPIv1.5 USDJPY,M1: 2017.03.27 21:061 in USDJPY
0	21:05:29.600	CPIv1.5 USDJPY,M1: 2017.03.27 21:081Медвежий Доджи in USDJPY
0	21:06:29.666	CPIv1.5 USDJPY,M1: 2017.03.27 21:091 in USDJPY
0	21:07:29.780	CPIv1.5 USDJPY,M1: 2017.03.27 21:101 in USDJPY
0	21:08:30.737	CPIv1.5 USDJPY,M1: 2017.03.27 21:111 in USDJPY
0	21:10:29.851	CPIv1.5 USDJPY,M1: 2017.03.27 21:131Бычий Доджи in USDJPY
0	21:11:29.408	CPIv1.5 USDJPY,M1: 2017.03.27 21:141Бычий Доджи in USDJPY
0	21:12:29.546	CPIv1.5 USDJPY,M1: 2017.03.27 21:151 in USDJPY
0	21:12:30.288	ax_adv_023 AUDUSD,M15: AUDUSD [BUYSTOP ]:(4109)trade is not allowed in the expert properties AUDUSD lot=0.01 price=0.76239 slippage=3 sl=0.76126 tp=0.00000 comment= exp=1490650202
0	21:13:29.400	CPIv1.5 USDJPY,M1: 2017.03.27 21:161Перевернутый молот in USDJPY
0	21:14:29.474	CPIv1.5 USDJPY,M1: 2017.03.27 21:171Перевернутый молот in USDJPY
0	21:15:29.468	CPIv1.5 USDJPY,M1: 2017.03.27 21:181 in USDJPY
0	21:16:32.626	CPIv1.5 USDJPY,M1: 2017.03.27 21:191Бычий Доджи in USDJPY
0	21:17:29.606	CPIv1.5 USDJPY,M1: 2017.03.27 21:201 in USDJPY
0	21:18:31.289	CPIv1.5 USDJPY,M1: 2017.03.27 21:211Бычий Доджи in USDJPY
0	21:19:29.575	CPIv1.5 USDJPY,M1: 2017.03.27 21:221 in USDJPY
0	21:20:29.392	CPIv1.5 USDJPY,M1: 2017.03.27 21:231 in USDJPY
0	21:23:30.026	CPIv1.5 USDJPY,M1: 2017.03.27 21:261 in USDJPY
0	21:24:32.645	CPIv1.5 USDJPY,M1: 2017.03.27 21:271 in USDJPY
0	21:25:29.550	CPIv1.5 USDJPY,M1: 2017.03.27 21:281 in USDJPY
0	21:27:29.979	CPIv1.5 EURUSD,M30: 2017.03.27 21:3030Модель поглощения in EURUSD
0	21:28:31.380	CPIv1.5 USDJPY,M1: 2017.03.27 21:311 in USDJPY
0	21:29:29.752	CPIv1.5 USDJPY,M1: 2017.03.27 21:321 in USDJPY
0	21:30:29.993	CPIv1.5 USDJPY,M1: 2017.03.27 21:331Медвежий Доджи in USDJPY
0	21:31:31.191	CPIv1.5 USDJPY,M1: 2017.03.27 21:341 in USDJPY
0	21:32:30.893	CPIv1.5 USDJPY,M1: 2017.03.27 21:351 in USDJPY
0	21:37:31.234	CPIv1.5 USDJPY,M1: 2017.03.27 21:401 in USDJPY
0	21:38:31.490	CPIv1.5 USDJPY,M1: 2017.03.27 21:411 in USDJPY
0	21:41:29.308	CPIv1.5 USDJPY,M1: 2017.03.27 21:441 in USDJPY
0	21:42:29.531	CPIv1.5 USDJPY,M1: 2017.03.27 21:451 in USDJPY
0	21:43:34.552	CPIv1.5 USDJPY,M1: 2017.03.27 21:461 in USDJPY
0	21:45:29.486	CPIv1.5 USDJPY,M1: 2017.03.27 21:481 in USDJPY
0	21:47:33.671	CPIv1.5 USDJPY,M1: 2017.03.27 21:501Медвежий Доджи in USDJPY
0	21:48:30.755	CPIv1.5 USDJPY,M1: 2017.03.27 21:511 in USDJPY
0	21:52:29.484	CPIv1.5 USDJPY,M1: 2017.03.27 21:551 in USDJPY
0	21:53:29.324	CPIv1.5 USDJPY,M1: 2017.03.27 21:561 in USDJPY
0	21:54:29.828	CPIv1.5 USDJPY,M1: 2017.03.27 21:571 in USDJPY
0	21:55:29.448	CPIv1.5 USDJPY,M1: 2017.03.27 21:581 in USDJPY
0	21:57:28.892	CPIv1.5 EURUSD,M30: 2017.03.27 22:0030Модель поглощения in EURUSD
0	21:57:29.478	CPIv1.5 USDJPY,M1: 2017.03.27 22:001Медвежий Доджи in USDJPY
0	21:57:29.511	CPIv1.5 NQ,H1: 2017.03.27 22:0060Медвежий Доджи in NQ
0	21:57:33.635	CPIv1.5 YM,H1: 2017.03.27 22:0060 in YM
0	21:58:30.014	CPIv1.5 USDJPY,M1: 2017.03.27 22:011 in USDJPY
0	21:59:30.441	CPIv1.5 USDJPY,M1: 2017.03.27 22:021 in USDJPY
0	22:00:29.895	CPIv1.5 USDJPY,M1: 2017.03.27 22:031Бычий Доджи in USDJPY
0	22:01:29.380	CPIv1.5 USDJPY,M1: 2017.03.27 22:041 in USDJPY
0	22:02:30.813	CPIv1.5 USDJPY,M1: 2017.03.27 22:051Медвежий Доджи in USDJPY
0	22:03:31.269	CPIv1.5 USDJPY,M1: 2017.03.27 22:061 in USDJPY
0	22:04:33.630	CPIv1.5 USDJPY,M1: 2017.03.27 22:071 in USDJPY
0	22:06:33.603	CPIv1.5 USDJPY,M1: 2017.03.27 22:091 in USDJPY
0	22:08:29.431	CPIv1.5 USDJPY,M1: 2017.03.27 22:111Падающая звезда in USDJPY
0	22:09:29.440	CPIv1.5 USDJPY,M1: 2017.03.27 22:121 in USDJPY
0	22:10:29.342	CPIv1.5 USDJPY,M1: 2017.03.27 22:131Медвежий Доджи in USDJPY
0	22:11:29.785	CPIv1.5 USDJPY,M1: 2017.03.27 22:141 in USDJPY
0	22:12:29.262	CPIv1.5 USDJPY,M1: 2017.03.27 22:151Медвежий Доджи in USDJPY
0	22:13:32.759	CPIv1.5 USDJPY,M1: 2017.03.27 22:161 in USDJPY
0	22:14:30.875	CPIv1.5 USDJPY,M1: 2017.03.27 22:171 in USDJPY
0	22:15:30.188	CPIv1.5 USDJPY,M1: 2017.03.27 22:181 in USDJPY
0	22:16:29.290	CPIv1.5 USDJPY,M1: 2017.03.27 22:191 in USDJPY
0	22:18:31.199	CPIv1.5 USDJPY,M1: 2017.03.27 22:211 in USDJPY
0	22:19:29.370	CPIv1.5 USDJPY,M1: 2017.03.27 22:221Бычий Доджи in USDJPY
0	22:20:29.178	CPIv1.5 USDJPY,M1: 2017.03.27 22:231 in USDJPY
0	22:21:29.415	CPIv1.5 USDJPY,M1: 2017.03.27 22:241 in USDJPY
0	22:25:29.459	CPIv1.5 USDJPY,M1: 2017.03.27 22:281 in USDJPY
0	22:26:31.692	CPIv1.5 USDJPY,M1: 2017.03.27 22:291 in USDJPY
0	22:27:29.729	CPIv1.5 USDJPY,M1: 2017.03.27 22:301 in USDJPY
0	22:28:29.526	CPIv1.5 USDJPY,M1: 2017.03.27 22:311 in USDJPY
0	22:29:29.986	CPIv1.5 USDJPY,M1: 2017.03.27 22:321 in USDJPY
0	22:30:30.040	CPIv1.5 USDJPY,M1: 2017.03.27 22:331 in USDJPY
0	22:32:31.667	CPIv1.5 USDJPY,M1: 2017.03.27 22:351Бычий Доджи in USDJPY
0	22:34:29.530	CPIv1.5 USDJPY,M1: 2017.03.27 22:371 in USDJPY
0	22:35:33.126	CPIv1.5 USDJPY,M1: 2017.03.27 22:381 in USDJPY
0	22:36:29.374	CPIv1.5 USDJPY,M1: 2017.03.27 22:391 in USDJPY
0	22:38:29.149	CPIv1.5 USDJPY,M1: 2017.03.27 22:411 in USDJPY
0	22:39:29.279	CPIv1.5 USDJPY,M1: 2017.03.27 22:421 in USDJPY
0	22:42:29.407	CPIv1.5 USDJPY,M1: 2017.03.27 22:451Медвежий Доджи in USDJPY
0	22:43:33.813	CPIv1.5 USDJPY,M1: 2017.03.27 22:461Вечерняя звезда in USDJPY
0	22:44:30.273	CPIv1.5 USDJPY,M1: 2017.03.27 22:471 in USDJPY
0	22:45:29.536	CPIv1.5 USDJPY,M1: 2017.03.27 22:481 in USDJPY
0	22:48:32.641	CPIv1.5 USDJPY,M1: 2017.03.27 22:511 in USDJPY
0	22:49:30.544	CPIv1.5 USDJPY,M1: 2017.03.27 22:521 in USDJPY
0	22:51:33.439	CPIv1.5 USDJPY,M1: 2017.03.27 22:541 in USDJPY
0	22:52:29.322	CPIv1.5 USDJPY,M1: 2017.03.27 22:551 in USDJPY
0	22:54:29.263	CPIv1.5 USDJPY,M1: 2017.03.27 22:571 in USDJPY
0	22:55:29.342	CPIv1.5 USDJPY,M1: 2017.03.27 22:581 in USDJPY
0	22:56:31.233	CPIv1.5 USDJPY,M1: 2017.03.27 22:591Медвежий Доджи in USDJPY
0	22:57:29.038	CPIv1.5 NQ,H1: 2017.03.27 23:0060 in NQ
0	22:57:29.189	CPIv1.5 YM,H1: 2017.03.27 23:0060 in YM
0	22:57:29.472	CPIv1.5 USDJPY,M1: 2017.03.27 23:001 in USDJPY
0	22:57:30.494	CPIv1.5 EURUSD,M30: 2017.03.27 23:0030Бычий Доджи in EURUSD
0	22:59:30.578	CPIv1.5 USDJPY,M1: 2017.03.27 23:021Медвежий Доджи in USDJPY
0	23:00:29.317	CPIv1.5 USDJPY,M1: 2017.03.27 23:031 in USDJPY
0	23:01:31.408	CPIv1.5 USDJPY,M1: 2017.03.27 23:041Падающая звезда in USDJPY
0	23:02:30.426	CPIv1.5 USDJPY,M1: 2017.03.27 23:051 in USDJPY
0	23:03:34.080	CPIv1.5 USDJPY,M1: 2017.03.27 23:061 in USDJPY
0	23:04:29.245	CPIv1.5 USDJPY,M1: 2017.03.27 23:071 in USDJPY
0	23:07:30.188	CPIv1.5 USDJPY,M1: 2017.03.27 23:101Вечерняя звезда in USDJPY
0	23:08:35.528	CPIv1.5 USDJPY,M1: 2017.03.27 23:111 in USDJPY
0	23:10:41.408	CPIv1.5 USDJPY,M1: 2017.03.27 23:131 in USDJPY
0	23:12:54.329	CPIv1.5 USDJPY,M1: 2017.03.27 23:151 in USDJPY
0	23:13:30.001	CPIv1.5 USDJPY,M1: 2017.03.27 23:161 in USDJPY
0	23:14:30.072	CPIv1.5 USDJPY,M1: 2017.03.27 23:171 in USDJPY
0	23:15:31.862	CPIv1.5 USDJPY,M1: 2017.03.27 23:181 in USDJPY
0	23:16:37.801	CPIv1.5 USDJPY,M1: 2017.03.27 23:191 in USDJPY
0	23:18:31.490	CPIv1.5 USDJPY,M1: 2017.03.27 23:211 in USDJPY
0	23:19:29.417	CPIv1.5 USDJPY,M1: 2017.03.27 23:221 in USDJPY
0	23:20:33.496	CPIv1.5 USDJPY,M1: 2017.03.27 23:231 in USDJPY
0	23:21:29.719	CPIv1.5 USDJPY,M1: 2017.03.27 23:241 in USDJPY
0	23:24:46.661	CPIv1.5 USDJPY,M1: 2017.03.27 23:271 in USDJPY
0	23:27:29.274	CPIv1.5 USDJPY,M1: 2017.03.27 23:301 in USDJPY
0	23:27:29.596	CPIv1.5 EURUSD,M30: 2017.03.27 23:3030 in EURUSD
0	23:30:29.611	CPIv1.5 USDJPY,M1: 2017.03.27 23:331 in USDJPY
0	23:31:30.238	CPIv1.5 USDJPY,M1: 2017.03.27 23:341 in USDJPY
0	23:33:44.553	CPIv1.5 USDJPY,M1: 2017.03.27 23:361Падающая звезда in USDJPY
0	23:35:46.722	CPIv1.5 USDJPY,M1: 2017.03.27 23:381 in USDJPY
0	23:36:32.231	CPIv1.5 USDJPY,M1: 2017.03.27 23:391 in USDJPY
0	23:38:32.276	CPIv1.5 USDJPY,M1: 2017.03.27 23:411 in USDJPY
0	23:39:59.717	CPIv1.5 USDJPY,M1: 2017.03.27 23:421 in USDJPY
0	23:40:31.799	CPIv1.5 USDJPY,M1: 2017.03.27 23:431 in USDJPY
0	23:43:32.959	CPIv1.5 USDJPY,M1: 2017.03.27 23:461Вечерняя звезда in USDJPY
0	23:44:29.797	CPIv1.5 USDJPY,M1: 2017.03.27 23:471 in USDJPY
0	23:45:30.429	CPIv1.5 USDJPY,M1: 2017.03.27 23:481 in USDJPY
0	23:46:31.460	CPIv1.5 USDJPY,M1: 2017.03.27 23:491 in USDJPY
0	23:48:47.071	CPIv1.5 USDJPY,M1: 2017.03.27 23:511Падающая звезда in USDJPY
0	23:50:40.467	CPIv1.5 USDJPY,M1: 2017.03.27 23:531Падающая звезда in USDJPY
0	23:52:23.459	CPIv1.5 USDJPY,M1: 2017.03.27 23:541 in USDJPY
0	23:55:33.944	CPIv1.5 USDJPY,M1: 2017.03.27 23:581 in USDJPY
0	23:57:29.690	CPIv1.5 EURUSD,M30: 2017.03.28 00:0030 in EURUSD
0	23:57:45.736	CPIv1.5 USDJPY,M1: 2017.03.28 00:001 in USDJPY
0	23:59:10.112	CPIv1.5 USDJPY,M1: 2017.03.28 00:011 in USDJPY
