0	00:00:25.667	CPIv1.5 USDJPY,M1: 2017.03.31 00:031 in USDJPY
0	00:02:40.847	CPIv1.5 USDJPY,M1: 2017.03.31 00:051 in USDJPY
0	00:02:45.734	CPIv1.5 EURUSD,M5: 2017.03.31 00:055Разрыв Тасуки in EURUSD
0	00:07:26.328	CPIv1.5 EURUSD,M5: 2017.03.31 00:105Разрыв Тасуки in EURUSD
0	00:07:30.250	CPIv1.5 USDJPY,M1: 2017.03.31 00:101Бычий Доджи in USDJPY
0	00:08:24.998	CPIv1.5 USDJPY,M1: 2017.03.31 00:111 in USDJPY
0	00:09:40.595	CPIv1.5 USDJPY,M1: 2017.03.31 00:121 in USDJPY
0	00:10:27.627	CPIv1.5 USDJPY,M1: 2017.03.31 00:131 in USDJPY
0	00:12:30.142	CPIv1.5 EURUSD,M5: 2017.03.31 00:155Разрыв Тасуки in EURUSD
0	00:13:24.617	CPIv1.5 USDJPY,M1: 2017.03.31 00:161Падающая звезда in USDJPY
0	00:14:29.924	CPIv1.5 USDJPY,M1: 2017.03.31 00:171 in USDJPY
0	00:15:28.766	CPIv1.5 USDJPY,M1: 2017.03.31 00:181 in USDJPY
0	00:17:32.766	CPIv1.5 USDJPY,M1: 2017.03.31 00:201 in USDJPY
0	00:21:34.979	CPIv1.5 USDJPY,M1: 2017.03.31 00:241Утрення звезда in USDJPY
0	00:22:33.935	CPIv1.5 EURUSD,M5: 2017.03.31 00:255Разрыв Тасуки in EURUSD
0	00:27:24.439	CPIv1.5 EURUSD,M5: 2017.03.31 00:305Разрыв Тасуки in EURUSD
0	00:27:29.752	CPIv1.5 USDJPY,M1: 2017.03.31 00:301 in USDJPY
0	00:28:26.573	CPIv1.5 USDJPY,M1: 2017.03.31 00:311 in USDJPY
0	00:31:12.610	CPIv1.5 USDJPY,M1: 2017.03.31 00:331 in USDJPY
0	00:31:39.943	CPIv1.5 USDJPY,M1: 2017.03.31 00:341 in USDJPY
0	00:33:38.595	CPIv1.5 USDJPY,M1: 2017.03.31 00:361 in USDJPY
0	00:35:26.376	CPIv1.5 USDJPY,M1: 2017.03.31 00:381 in USDJPY
0	00:36:27.275	CPIv1.5 USDJPY,M1: 2017.03.31 00:391 in USDJPY
0	00:37:28.863	CPIv1.5 EURUSD,M5: 2017.03.31 00:405 in EURUSD
0	00:38:04.793	CPIv1.5 USDJPY,M1: 2017.03.31 00:401 in USDJPY
0	00:41:27.050	CPIv1.5 USDJPY,M1: 2017.03.31 00:441 in USDJPY
0	00:42:27.165	CPIv1.5 USDJPY,M1: 2017.03.31 00:451 in USDJPY
0	00:44:21.693	CPIv1.5 USDJPY,M1: 2017.03.31 00:461 in USDJPY
0	00:45:31.005	CPIv1.5 USDJPY,M1: 2017.03.31 00:481 in USDJPY
0	00:47:25.095	CPIv1.5 EURUSD,M5: 2017.03.31 00:505Разрыв Тасуки in EURUSD
0	00:47:25.379	CPIv1.5 USDJPY,M1: 2017.03.31 00:501Падающая звезда in USDJPY
0	00:48:38.122	CPIv1.5 USDJPY,M1: 2017.03.31 00:511 in USDJPY
0	00:49:33.309	CPIv1.5 USDJPY,M1: 2017.03.31 00:521 in USDJPY
0	00:51:31.741	CPIv1.5 USDJPY,M1: 2017.03.31 00:541Падающая звезда in USDJPY
0	00:52:27.189	CPIv1.5 USDJPY,M1: 2017.03.31 00:551 in USDJPY
0	00:53:34.705	CPIv1.5 USDJPY,M1: 2017.03.31 00:561 in USDJPY
0	00:55:49.315	CPIv1.5 USDJPY,M1: 2017.03.31 00:581 in USDJPY
0	00:57:24.632	CPIv1.5 USDJPY,M1: 2017.03.31 01:001Модель поглощения in USDJPY
0	00:57:24.837	ax_adv_023 AUDUSD,M15: AUDUSD [BUYSTOP ]:(4109)trade is not allowed in the expert properties AUDUSD lot=0.01 price=0.76510 slippage=3 sl=0.76382 tp=0.00000 comment= exp=1490922901
0	00:57:28.218	CPIv1.5 YM,H1: 2017.03.31 01:0060 in YM
0	00:59:25.612	CPIv1.5 USDJPY,M1: 2017.03.31 01:021 in USDJPY
0	01:00:28.273	CPIv1.5 USDJPY,M1: 2017.03.31 01:031 in USDJPY
0	01:01:25.798	CPIv1.5 USDJPY,M1: 2017.03.31 01:041 in USDJPY
0	01:04:25.529	CPIv1.5 USDJPY,M1: 2017.03.31 01:071 in USDJPY
0	01:05:26.589	CPIv1.5 USDJPY,M1: 2017.03.31 01:081Бычий Доджи in USDJPY
0	01:06:27.959	CPIv1.5 USDJPY,M1: 2017.03.31 01:091 in USDJPY
0	01:07:24.894	CPIv1.5 USDJPY,M1: 2017.03.31 01:101 in USDJPY
0	01:07:35.922	CPIv1.5 EURUSD,M5: 2017.03.31 01:105Разрыв Тасуки in EURUSD
0	01:09:24.527	CPIv1.5 USDJPY,M1: 2017.03.31 01:121 in USDJPY
0	01:10:25.403	CPIv1.5 USDJPY,M1: 2017.03.31 01:131 in USDJPY
0	01:12:24.828	CPIv1.5 EURUSD,M5: 2017.03.31 01:155 in EURUSD
0	01:12:25.831	CPIv1.5 USDJPY,M1: 2017.03.31 01:151 in USDJPY
0	01:13:28.998	CPIv1.5 USDJPY,M1: 2017.03.31 01:161 in USDJPY
0	01:14:36.370	CPIv1.5 USDJPY,M1: 2017.03.31 01:171 in USDJPY
0	01:16:28.876	CPIv1.5 USDJPY,M1: 2017.03.31 01:191Бычий Доджи in USDJPY
0	01:17:29.487	CPIv1.5 USDJPY,M1: 2017.03.31 01:201 in USDJPY
0	01:17:31.026	CPIv1.5 EURUSD,M5: 2017.03.31 01:205 in EURUSD
0	01:18:24.598	CPIv1.5 USDJPY,M1: 2017.03.31 01:211 in USDJPY
0	01:21:46.780	CPIv1.5 USDJPY,M1: 2017.03.31 01:241 in USDJPY
0	01:22:24.191	CPIv1.5 USDJPY,M1: 2017.03.31 01:251 in USDJPY
0	01:27:24.128	CPIv1.5 USDJPY,M1: 2017.03.31 01:301Утрення звезда in USDJPY
0	01:29:30.080	CPIv1.5 USDJPY,M1: 2017.03.31 01:321 in USDJPY
0	01:32:30.741	CPIv1.5 USDJPY,M1: 2017.03.31 01:351 in USDJPY
0	01:33:30.432	CPIv1.5 USDJPY,M1: 2017.03.31 01:361 in USDJPY
0	01:35:23.599	CPIv1.5 USDJPY,M1: 2017.03.31 01:381 in USDJPY
0	01:36:24.534	CPIv1.5 USDJPY,M1: 2017.03.31 01:391Падающая звезда in USDJPY
0	01:37:23.790	CPIv1.5 EURUSD,M5: 2017.03.31 01:405Разрыв Тасуки in EURUSD
0	01:37:24.670	CPIv1.5 USDJPY,M1: 2017.03.31 01:401 in USDJPY
0	01:38:31.033	CPIv1.5 USDJPY,M1: 2017.03.31 01:411 in USDJPY
0	01:42:25.161	CPIv1.5 EURUSD,M5: 2017.03.31 01:455Разрыв Тасуки in EURUSD
0	01:43:24.339	CPIv1.5 USDJPY,M1: 2017.03.31 01:461 in USDJPY
0	01:47:23.546	CPIv1.5 USDJPY,M1: 2017.03.31 01:501 in USDJPY
0	01:47:23.735	CPIv1.5 EURUSD,M5: 2017.03.31 01:505Разрыв Тасуки in EURUSD
0	01:49:24.136	CPIv1.5 USDJPY,M1: 2017.03.31 01:521 in USDJPY
0	01:50:34.496	CPIv1.5 USDJPY,M1: 2017.03.31 01:531 in USDJPY
0	01:53:29.654	CPIv1.5 USDJPY,M1: 2017.03.31 01:561 in USDJPY
0	01:54:33.245	CPIv1.5 USDJPY,M1: 2017.03.31 01:571 in USDJPY
0	01:55:30.367	CPIv1.5 USDJPY,M1: 2017.03.31 01:581 in USDJPY
0	01:57:23.561	CPIv1.5 EURUSD,M5: 2017.03.31 02:005Разрыв Тасуки in EURUSD
0	01:57:23.833	CPIv1.5 USDJPY,M1: 2017.03.31 02:001 in USDJPY
0	01:57:33.554	CPIv1.5 YM,H1: 2017.03.31 02:0060Падающая звезда in YM
0	01:58:24.305	CPIv1.5 USDJPY,M1: 2017.03.31 02:011Падающая звезда in USDJPY
0	02:00:24.032	CPIv1.5 USDJPY,M1: 2017.03.31 02:031Бычий Доджи in USDJPY
0	02:01:28.601	CPIv1.5 USDJPY,M1: 2017.03.31 02:041Бычий Доджи in USDJPY
0	02:02:23.881	CPIv1.5 USDJPY,M1: 2017.03.31 02:051 in USDJPY
0	02:02:24.067	CPIv1.5 EURUSD,M5: 2017.03.31 02:055Разрыв Тасуки in EURUSD
0	02:03:25.435	CPIv1.5 USDJPY,M1: 2017.03.31 02:061 in USDJPY
0	02:07:39.608	CPIv1.5 USDJPY,M1: 2017.03.31 02:101 in USDJPY
0	02:12:24.834	CPIv1.5 EURUSD,M5: 2017.03.31 02:155Разрыв Тасуки in EURUSD
0	02:12:25.532	CPIv1.5 USDJPY,M1: 2017.03.31 02:151 in USDJPY
0	02:13:39.821	CPIv1.5 USDJPY,M1: 2017.03.31 02:161 in USDJPY
0	02:18:23.963	CPIv1.5 USDJPY,M1: 2017.03.31 02:211 in USDJPY
0	02:20:25.284	CPIv1.5 USDJPY,M1: 2017.03.31 02:231Бычий Доджи in USDJPY
0	02:21:24.492	CPIv1.5 USDJPY,M1: 2017.03.31 02:241 in USDJPY
0	02:22:35.311	CPIv1.5 USDJPY,M1: 2017.03.31 02:251 in USDJPY
0	02:25:23.993	CPIv1.5 USDJPY,M1: 2017.03.31 02:281 in USDJPY
0	02:26:24.574	CPIv1.5 USDJPY,M1: 2017.03.31 02:291 in USDJPY
0	02:27:24.504	CPIv1.5 EURUSD,M5: 2017.03.31 02:305 in EURUSD
0	02:28:26.015	CPIv1.5 USDJPY,M1: 2017.03.31 02:311 in USDJPY
0	02:29:23.925	CPIv1.5 USDJPY,M1: 2017.03.31 02:321Модель поглощения in USDJPY
0	02:32:24.131	CPIv1.5 EURUSD,M5: 2017.03.31 02:355Разрыв Тасуки in EURUSD
0	02:32:24.607	CPIv1.5 USDJPY,M1: 2017.03.31 02:351Модель поглощения in USDJPY
0	02:33:23.917	CPIv1.5 USDJPY,M1: 2017.03.31 02:361 in USDJPY
0	02:36:23.640	CPIv1.5 USDJPY,M1: 2017.03.31 02:391 in USDJPY
0	02:37:38.321	CPIv1.5 USDJPY,M1: 2017.03.31 02:401Модель поглощения in USDJPY
0	02:38:24.554	CPIv1.5 USDJPY,M1: 2017.03.31 02:411 in USDJPY
0	02:41:29.614	CPIv1.5 USDJPY,M1: 2017.03.31 02:441 in USDJPY
0	02:42:23.628	CPIv1.5 USDJPY,M1: 2017.03.31 02:451 in USDJPY
0	02:42:24.084	CPIv1.5 EURUSD,M5: 2017.03.31 02:455Разрыв Тасуки in EURUSD
0	02:43:23.674	CPIv1.5 USDJPY,M1: 2017.03.31 02:461Медвежий Доджи in USDJPY
0	02:44:27.673	CPIv1.5 USDJPY,M1: 2017.03.31 02:471 in USDJPY
0	02:45:25.851	CPIv1.5 USDJPY,M1: 2017.03.31 02:481 in USDJPY
0	02:47:23.931	CPIv1.5 EURUSD,M5: 2017.03.31 02:505 in EURUSD
0	02:48:23.546	CPIv1.5 USDJPY,M1: 2017.03.31 02:511 in USDJPY
0	02:49:24.756	CPIv1.5 USDJPY,M1: 2017.03.31 02:521 in USDJPY
0	02:52:25.771	CPIv1.5 USDJPY,M1: 2017.03.31 02:551Медвежий Доджи in USDJPY
0	02:52:29.794	CPIv1.5 EURUSD,M5: 2017.03.31 02:555Разрыв Тасуки in EURUSD
0	02:53:23.751	CPIv1.5 USDJPY,M1: 2017.03.31 02:561 in USDJPY
0	02:56:23.669	CPIv1.5 USDJPY,M1: 2017.03.31 02:591 in USDJPY
0	02:57:23.610	CPIv1.5 USDJPY,M1: 2017.03.31 03:001Бычий Доджи in USDJPY
0	02:58:23.766	CPIv1.5 USDJPY,M1: 2017.03.31 03:011Бычий Доджи in USDJPY
0	02:59:23.540	CPIv1.5 USDJPY,M1: 2017.03.31 03:021 in USDJPY
0	03:01:23.693	CPIv1.5 USDJPY,M1: 2017.03.31 03:041Медвежий Доджи in USDJPY
0	03:02:23.427	CPIv1.5 USDJPY,M1: 2017.03.31 03:051Модель поглощения in USDJPY
0	03:02:23.620	CPIv1.5 EURUSD,M5: 2017.03.31 03:055 in EURUSD
0	03:03:23.994	CPIv1.5 USDJPY,M1: 2017.03.31 03:061Медвежий Доджи in USDJPY
0	03:04:23.440	CPIv1.5 USDJPY,M1: 2017.03.31 03:071 in USDJPY
0	03:05:24.450	CPIv1.5 USDJPY,M1: 2017.03.31 03:081Медвежий Доджи in USDJPY
0	03:06:23.868	CPIv1.5 USDJPY,M1: 2017.03.31 03:091 in USDJPY
0	03:07:24.144	CPIv1.5 USDJPY,M1: 2017.03.31 03:101 in USDJPY
0	03:07:24.659	CPIv1.5 EURUSD,M5: 2017.03.31 03:105Разрыв Тасуки in EURUSD
0	03:09:24.050	CPIv1.5 USDJPY,M1: 2017.03.31 03:121Бычий Доджи in USDJPY
0	03:10:24.615	CPIv1.5 USDJPY,M1: 2017.03.31 03:131 in USDJPY
0	03:12:23.835	CPIv1.5 EURUSD,M5: 2017.03.31 03:155Разрыв Тасуки in EURUSD
0	03:12:28.663	CPIv1.5 USDJPY,M1: 2017.03.31 03:151 in USDJPY
0	03:13:24.192	CPIv1.5 USDJPY,M1: 2017.03.31 03:161 in USDJPY
0	03:16:24.041	CPIv1.5 USDJPY,M1: 2017.03.31 03:191 in USDJPY
0	03:17:23.531	CPIv1.5 USDJPY,M1: 2017.03.31 03:201 in USDJPY
0	03:18:23.964	CPIv1.5 USDJPY,M1: 2017.03.31 03:211Бычий Доджи in USDJPY
0	03:19:24.034	CPIv1.5 USDJPY,M1: 2017.03.31 03:221 in USDJPY
0	03:20:32.086	CPIv1.5 USDJPY,M1: 2017.03.31 03:231Падающая звезда in USDJPY
0	03:21:23.623	CPIv1.5 USDJPY,M1: 2017.03.31 03:241Падающая звезда in USDJPY
0	03:25:23.659	CPIv1.5 USDJPY,M1: 2017.03.31 03:281Медвежий Доджи in USDJPY
0	03:26:24.273	CPIv1.5 USDJPY,M1: 2017.03.31 03:291 in USDJPY
0	03:30:23.444	CPIv1.5 USDJPY,M1: 2017.03.31 03:331 in USDJPY
0	03:31:23.880	CPIv1.5 USDJPY,M1: 2017.03.31 03:341 in USDJPY
0	03:32:23.501	CPIv1.5 USDJPY,M1: 2017.03.31 03:351Медвежий Доджи in USDJPY
0	03:32:23.962	CPIv1.5 EURUSD,M5: 2017.03.31 03:355 in EURUSD
0	03:33:23.718	CPIv1.5 USDJPY,M1: 2017.03.31 03:361Медвежий Доджи in USDJPY
0	03:34:26.311	CPIv1.5 USDJPY,M1: 2017.03.31 03:371 in USDJPY
0	03:35:24.492	CPIv1.5 USDJPY,M1: 2017.03.31 03:381 in USDJPY
0	03:38:23.890	CPIv1.5 USDJPY,M1: 2017.03.31 03:411 in USDJPY
0	03:39:24.346	CPIv1.5 USDJPY,M1: 2017.03.31 03:421 in USDJPY
0	03:41:24.280	CPIv1.5 USDJPY,M1: 2017.03.31 03:441Медвежий Доджи in USDJPY
0	03:42:23.514	CPIv1.5 EURUSD,M5: 2017.03.31 03:455Разрыв Тасуки in EURUSD
0	03:42:23.789	CPIv1.5 USDJPY,M1: 2017.03.31 03:451 in USDJPY
0	03:45:23.490	CPIv1.5 USDJPY,M1: 2017.03.31 03:481Утрення звезда in USDJPY
0	03:46:24.056	CPIv1.5 USDJPY,M1: 2017.03.31 03:491 in USDJPY
0	03:47:23.787	CPIv1.5 EURUSD,M5: 2017.03.31 03:505Разрыв Тасуки in EURUSD
0	03:49:25.043	CPIv1.5 USDJPY,M1: 2017.03.31 03:521Медвежий Доджи in USDJPY
0	03:50:24.440	CPIv1.5 USDJPY,M1: 2017.03.31 03:531 in USDJPY
0	03:52:24.081	CPIv1.5 USDJPY,M1: 2017.03.31 03:551Медвежий Доджи in USDJPY
0	03:53:23.951	CPIv1.5 USDJPY,M1: 2017.03.31 03:561Медвежий Доджи in USDJPY
0	03:54:24.072	CPIv1.5 USDJPY,M1: 2017.03.31 03:571 in USDJPY
0	03:55:23.737	CPIv1.5 USDJPY,M1: 2017.03.31 03:581 in USDJPY
0	03:57:24.069	CPIv1.5 EURUSD,M5: 2017.03.31 04:005 in EURUSD
0	03:57:26.320	CPIv1.5 NQ,H1: 2017.03.31 04:0060Бычий Доджи in NQ
0	03:58:23.875	CPIv1.5 USDJPY,M1: 2017.03.31 04:011Модель поглощения in USDJPY
0	03:59:23.563	CPIv1.5 USDJPY,M1: 2017.03.31 04:021Медвежий Доджи in USDJPY
0	04:00:23.801	CPIv1.5 USDJPY,M1: 2017.03.31 04:031 in USDJPY
0	04:01:23.731	CPIv1.5 USDJPY,M1: 2017.03.31 04:041Модель поглощения in USDJPY
0	04:02:23.602	CPIv1.5 EURUSD,M5: 2017.03.31 04:055Разрыв Тасуки in EURUSD
0	04:02:23.889	CPIv1.5 USDJPY,M1: 2017.03.31 04:051 in USDJPY
0	04:03:23.736	CPIv1.5 USDJPY,M1: 2017.03.31 04:061 in USDJPY
0	04:04:24.900	CPIv1.5 USDJPY,M1: 2017.03.31 04:071 in USDJPY
0	04:06:23.581	CPIv1.5 USDJPY,M1: 2017.03.31 04:091Бычий Доджи in USDJPY
0	04:07:24.268	CPIv1.5 USDJPY,M1: 2017.03.31 04:101 in USDJPY
0	04:08:23.614	CPIv1.5 USDJPY,M1: 2017.03.31 04:111 in USDJPY
0	04:09:23.772	CPIv1.5 USDJPY,M1: 2017.03.31 04:121 in USDJPY
0	04:11:23.731	CPIv1.5 USDJPY,M1: 2017.03.31 04:141Медвежий Доджи in USDJPY
0	04:12:24.124	CPIv1.5 USDJPY,M1: 2017.03.31 04:151 in USDJPY
0	04:13:24.008	CPIv1.5 USDJPY,M1: 2017.03.31 04:161 in USDJPY
0	04:15:23.663	CPIv1.5 USDJPY,M1: 2017.03.31 04:181 in USDJPY
0	04:22:24.102	CPIv1.5 EURUSD,M5: 2017.03.31 04:255 in EURUSD
0	04:23:24.389	CPIv1.5 USDJPY,M1: 2017.03.31 04:261Бычий Доджи in USDJPY
0	04:24:23.858	CPIv1.5 USDJPY,M1: 2017.03.31 04:271 in USDJPY
0	04:27:23.802	CPIv1.5 USDJPY,M1: 2017.03.31 04:301Модель поглощения in USDJPY
0	04:27:24.000	CPIv1.5 EURUSD,M5: 2017.03.31 04:305 in EURUSD
0	04:28:25.016	CPIv1.5 USDJPY,M1: 2017.03.31 04:311 in USDJPY
0	04:29:25.411	CPIv1.5 USDJPY,M1: 2017.03.31 04:321 in USDJPY
0	04:32:29.611	CPIv1.5 EURUSD,M5: 2017.03.31 04:355 in EURUSD
0	04:34:24.678	CPIv1.5 USDJPY,M1: 2017.03.31 04:371Бычий Доджи in USDJPY
0	04:35:24.023	CPIv1.5 USDJPY,M1: 2017.03.31 04:381 in USDJPY
0	04:36:24.349	CPIv1.5 USDJPY,M1: 2017.03.31 04:391 in USDJPY
0	04:40:24.130	CPIv1.5 USDJPY,M1: 2017.03.31 04:431 in USDJPY
0	04:41:31.299	CPIv1.5 USDJPY,M1: 2017.03.31 04:441 in USDJPY
0	04:42:23.861	CPIv1.5 USDJPY,M1: 2017.03.31 04:451 in USDJPY
0	04:44:24.037	CPIv1.5 USDJPY,M1: 2017.03.31 04:471 in USDJPY
0	04:45:23.657	CPIv1.5 USDJPY,M1: 2017.03.31 04:481 in USDJPY
0	04:47:24.179	CPIv1.5 USDJPY,M1: 2017.03.31 04:501Бычий Доджи in USDJPY
0	04:47:24.371	CPIv1.5 EURUSD,M5: 2017.03.31 04:505Разрыв Тасуки in EURUSD
0	04:48:36.737	CPIv1.5 USDJPY,M1: 2017.03.31 04:511Бычий Доджи in USDJPY
0	04:49:23.719	CPIv1.5 USDJPY,M1: 2017.03.31 04:521 in USDJPY
0	04:51:23.545	CPIv1.5 USDJPY,M1: 2017.03.31 04:541Утрення звезда in USDJPY
0	04:52:23.519	CPIv1.5 USDJPY,M1: 2017.03.31 04:551Медвежий Доджи in USDJPY
0	04:52:23.981	CPIv1.5 EURUSD,M5: 2017.03.31 04:555Разрыв Тасуки in EURUSD
0	04:53:26.529	CPIv1.5 USDJPY,M1: 2017.03.31 04:561 in USDJPY
0	04:54:23.818	CPIv1.5 USDJPY,M1: 2017.03.31 04:571Медвежий Доджи in USDJPY
0	04:55:24.532	CPIv1.5 USDJPY,M1: 2017.03.31 04:581 in USDJPY
0	04:56:25.328	CPIv1.5 USDJPY,M1: 2017.03.31 04:591Падающая звезда in USDJPY
0	04:57:24.105	CPIv1.5 USDJPY,M1: 2017.03.31 05:001 in USDJPY
0	04:57:24.292	CPIv1.5 EURUSD,M5: 2017.03.31 05:005Разрыв Тасуки in EURUSD
0	04:57:26.342	CPIv1.5 NQ,H1: 2017.03.31 05:0060Бычий Доджи in NQ
0	05:00:26.138	CPIv1.5 USDJPY,M1: 2017.03.31 05:031 in USDJPY
0	05:01:27.286	CPIv1.5 USDJPY,M1: 2017.03.31 05:041Медвежий Доджи in USDJPY
0	05:02:23.744	CPIv1.5 USDJPY,M1: 2017.03.31 05:051 in USDJPY
0	05:02:23.933	CPIv1.5 EURUSD,M5: 2017.03.31 05:055 in EURUSD
0	05:03:24.492	CPIv1.5 USDJPY,M1: 2017.03.31 05:061Вечерняя звезда in USDJPY
0	05:04:26.719	CPIv1.5 USDJPY,M1: 2017.03.31 05:071 in USDJPY
0	05:05:23.756	CPIv1.5 USDJPY,M1: 2017.03.31 05:081Бычий Доджи in USDJPY
0	05:06:24.817	CPIv1.5 USDJPY,M1: 2017.03.31 05:091 in USDJPY
0	05:11:23.662	CPIv1.5 USDJPY,M1: 2017.03.31 05:141 in USDJPY
0	05:12:23.629	CPIv1.5 USDJPY,M1: 2017.03.31 05:151 in USDJPY
0	05:12:31.089	CPIv1.5 EURUSD,M5: 2017.03.31 05:155 in EURUSD
0	05:13:26.366	CPIv1.5 USDJPY,M1: 2017.03.31 05:161Утрення звезда in USDJPY
0	05:14:25.634	CPIv1.5 USDJPY,M1: 2017.03.31 05:171 in USDJPY
0	05:15:25.438	CPIv1.5 USDJPY,M1: 2017.03.31 05:181 in USDJPY
0	05:17:27.890	CPIv1.5 EURUSD,M5: 2017.03.31 05:205Разрыв Тасуки in EURUSD
0	05:18:24.038	CPIv1.5 USDJPY,M1: 2017.03.31 05:211 in USDJPY
0	05:19:25.464	CPIv1.5 USDJPY,M1: 2017.03.31 05:221 in USDJPY
0	05:22:24.386	CPIv1.5 EURUSD,M5: 2017.03.31 05:255 in EURUSD
0	05:23:24.219	CPIv1.5 USDJPY,M1: 2017.03.31 05:261 in USDJPY
0	05:24:23.702	CPIv1.5 USDJPY,M1: 2017.03.31 05:271 in USDJPY
0	05:25:24.399	CPIv1.5 USDJPY,M1: 2017.03.31 05:281 in USDJPY
0	05:26:24.011	CPIv1.5 USDJPY,M1: 2017.03.31 05:291 in USDJPY
0	05:27:23.460	CPIv1.5 USDJPY,M1: 2017.03.31 05:301 in USDJPY
0	05:27:23.647	CPIv1.5 EURUSD,M5: 2017.03.31 05:305Разрыв Тасуки in EURUSD
0	05:28:23.587	CPIv1.5 USDJPY,M1: 2017.03.31 05:311 in USDJPY
0	05:29:23.860	CPIv1.5 USDJPY,M1: 2017.03.31 05:321 in USDJPY
0	05:30:23.685	CPIv1.5 USDJPY,M1: 2017.03.31 05:331Падающая звезда in USDJPY
0	05:31:23.831	CPIv1.5 USDJPY,M1: 2017.03.31 05:341 in USDJPY
0	05:32:23.587	CPIv1.5 USDJPY,M1: 2017.03.31 05:351 in USDJPY
0	05:32:24.051	CPIv1.5 EURUSD,M5: 2017.03.31 05:355 in EURUSD
0	05:34:24.246	CPIv1.5 USDJPY,M1: 2017.03.31 05:371Бычий Доджи in USDJPY
0	05:35:23.825	CPIv1.5 USDJPY,M1: 2017.03.31 05:381 in USDJPY
0	05:36:23.665	CPIv1.5 USDJPY,M1: 2017.03.31 05:391Бычий Доджи in USDJPY
0	05:37:23.472	CPIv1.5 USDJPY,M1: 2017.03.31 05:401 in USDJPY
0	05:37:23.943	CPIv1.5 EURUSD,M5: 2017.03.31 05:405Разрыв Тасуки in EURUSD
0	05:38:24.471	CPIv1.5 USDJPY,M1: 2017.03.31 05:411 in USDJPY
0	05:40:25.545	CPIv1.5 USDJPY,M1: 2017.03.31 05:431 in USDJPY
0	05:41:23.591	CPIv1.5 USDJPY,M1: 2017.03.31 05:441 in USDJPY
0	05:42:24.056	CPIv1.5 EURUSD,M5: 2017.03.31 05:455Разрыв Тасуки in EURUSD
0	05:42:25.531	CPIv1.5 USDJPY,M1: 2017.03.31 05:451 in USDJPY
0	05:43:25.986	CPIv1.5 USDJPY,M1: 2017.03.31 05:461Медвежий Доджи in USDJPY
0	05:44:24.459	CPIv1.5 USDJPY,M1: 2017.03.31 05:471Падающая звезда in USDJPY
0	05:45:24.044	CPIv1.5 USDJPY,M1: 2017.03.31 05:481 in USDJPY
0	05:46:23.971	CPIv1.5 USDJPY,M1: 2017.03.31 05:491 in USDJPY
0	05:47:23.679	CPIv1.5 EURUSD,M5: 2017.03.31 05:505Разрыв Тасуки in EURUSD
0	05:47:25.235	CPIv1.5 USDJPY,M1: 2017.03.31 05:501Падающая звезда in USDJPY
0	05:49:01.861	CPIv1.5 USDJPY,M1: 2017.03.31 05:511 in USDJPY
0	05:49:24.568	CPIv1.5 USDJPY,M1: 2017.03.31 05:521 in USDJPY
0	05:50:26.010	CPIv1.5 USDJPY,M1: 2017.03.31 05:531 in USDJPY
0	05:51:23.590	CPIv1.5 USDJPY,M1: 2017.03.31 05:541 in USDJPY
0	05:52:24.493	CPIv1.5 EURUSD,M5: 2017.03.31 05:555Разрыв Тасуки in EURUSD
0	05:53:35.143	CPIv1.5 USDJPY,M1: 2017.03.31 05:561Медвежий Доджи in USDJPY
0	05:54:27.780	CPIv1.5 USDJPY,M1: 2017.03.31 05:571Вечерняя звезда in USDJPY
0	05:55:33.256	CPIv1.5 USDJPY,M1: 2017.03.31 05:581 in USDJPY
0	05:57:23.711	CPIv1.5 USDJPY,M1: 2017.03.31 06:001Утрення звезда in USDJPY
0	05:57:26.501	CPIv1.5 NQ,H1: 2017.03.31 06:0060 in NQ
0	05:57:28.256	CPIv1.5 YM,H1: 2017.03.31 06:0060 in YM
0	06:00:24.167	CPIv1.5 USDJPY,M1: 2017.03.31 06:031Бычий Доджи in USDJPY
0	06:01:29.920	CPIv1.5 USDJPY,M1: 2017.03.31 06:041 in USDJPY
0	06:02:24.340	CPIv1.5 USDJPY,M1: 2017.03.31 06:051 in USDJPY
0	06:04:23.552	CPIv1.5 USDJPY,M1: 2017.03.31 06:071 in USDJPY
0	06:05:23.973	CPIv1.5 USDJPY,M1: 2017.03.31 06:081 in USDJPY
0	06:06:23.472	CPIv1.5 USDJPY,M1: 2017.03.31 06:091Бычий Доджи in USDJPY
0	06:07:26.199	CPIv1.5 USDJPY,M1: 2017.03.31 06:101Медвежий Доджи in USDJPY
0	06:07:26.620	CPIv1.5 EURUSD,M5: 2017.03.31 06:105 in EURUSD
0	06:08:26.178	CPIv1.5 USDJPY,M1: 2017.03.31 06:111 in USDJPY
0	06:09:23.532	CPIv1.5 USDJPY,M1: 2017.03.31 06:121 in USDJPY
0	06:10:23.829	CPIv1.5 USDJPY,M1: 2017.03.31 06:131 in USDJPY
0	06:11:23.659	CPIv1.5 USDJPY,M1: 2017.03.31 06:141Медвежий Доджи in USDJPY
0	06:12:23.805	CPIv1.5 USDJPY,M1: 2017.03.31 06:151Медвежий Доджи in USDJPY
0	06:13:24.002	CPIv1.5 USDJPY,M1: 2017.03.31 06:161 in USDJPY
0	06:17:30.851	CPIv1.5 EURUSD,M5: 2017.03.31 06:205Разрыв Тасуки in EURUSD
0	06:17:37.410	CPIv1.5 USDJPY,M1: 2017.03.31 06:201Бычий Доджи in USDJPY
0	06:18:25.462	CPIv1.5 USDJPY,M1: 2017.03.31 06:211 in USDJPY
0	06:20:55.644	CPIv1.5 USDJPY,M1: 2017.03.31 06:231 in USDJPY
0	06:24:23.773	CPIv1.5 USDJPY,M1: 2017.03.31 06:271 in USDJPY
0	06:25:25.263	CPIv1.5 USDJPY,M1: 2017.03.31 06:281 in USDJPY
0	06:26:26.411	CPIv1.5 USDJPY,M1: 2017.03.31 06:291 in USDJPY
0	06:27:23.491	CPIv1.5 EURUSD,M5: 2017.03.31 06:305Разрыв Тасуки in EURUSD
0	06:27:23.809	CPIv1.5 USDJPY,M1: 2017.03.31 06:301 in USDJPY
0	06:28:24.191	CPIv1.5 USDJPY,M1: 2017.03.31 06:311Бычий Доджи in USDJPY
0	06:29:25.489	CPIv1.5 USDJPY,M1: 2017.03.31 06:321Бычий Доджи in USDJPY
0	06:30:23.765	CPIv1.5 USDJPY,M1: 2017.03.31 06:331 in USDJPY
0	06:32:23.677	CPIv1.5 USDJPY,M1: 2017.03.31 06:351Бычий Доджи in USDJPY
0	06:34:23.931	CPIv1.5 USDJPY,M1: 2017.03.31 06:371 in USDJPY
0	06:35:24.128	CPIv1.5 USDJPY,M1: 2017.03.31 06:381Медвежий Доджи in USDJPY
0	06:36:27.230	CPIv1.5 USDJPY,M1: 2017.03.31 06:391Повешенный in USDJPY
0	06:37:23.714	CPIv1.5 USDJPY,M1: 2017.03.31 06:401 in USDJPY
0	06:38:23.662	CPIv1.5 USDJPY,M1: 2017.03.31 06:411 in USDJPY
0	06:40:34.717	CPIv1.5 USDJPY,M1: 2017.03.31 06:431 in USDJPY
0	06:42:24.155	CPIv1.5 USDJPY,M1: 2017.03.31 06:451 in USDJPY
0	06:42:24.619	CPIv1.5 EURUSD,M5: 2017.03.31 06:455Разрыв Тасуки in EURUSD
0	06:43:27.414	CPIv1.5 USDJPY,M1: 2017.03.31 06:461 in USDJPY
0	06:44:23.903	CPIv1.5 USDJPY,M1: 2017.03.31 06:471Бычий Доджи in USDJPY
0	06:45:27.456	CPIv1.5 USDJPY,M1: 2017.03.31 06:481Бычий Доджи in USDJPY
0	06:46:23.877	CPIv1.5 USDJPY,M1: 2017.03.31 06:491 in USDJPY
0	06:47:23.968	CPIv1.5 EURUSD,M5: 2017.03.31 06:505Разрыв Тасуки in EURUSD
0	06:47:28.042	CPIv1.5 USDJPY,M1: 2017.03.31 06:501 in USDJPY
0	06:48:27.919	CPIv1.5 USDJPY,M1: 2017.03.31 06:511Падающая звезда in USDJPY
0	06:50:23.958	CPIv1.5 USDJPY,M1: 2017.03.31 06:531 in USDJPY
0	06:52:29.627	CPIv1.5 EURUSD,M5: 2017.03.31 06:555Разрыв Тасуки in EURUSD
0	06:52:33.899	CPIv1.5 USDJPY,M1: 2017.03.31 06:551Падающая звезда in USDJPY
0	06:53:24.079	CPIv1.5 USDJPY,M1: 2017.03.31 06:561 in USDJPY
0	06:54:47.355	CPIv1.5 USDJPY,M1: 2017.03.31 06:571 in USDJPY
0	06:57:25.901	CPIv1.5 USDJPY,M1: 2017.03.31 07:001 in USDJPY
0	06:58:22.401	CPIv1.5 NQ,H1: 2017.03.31 07:0060Бычий Доджи in NQ
0	07:00:23.690	CPIv1.5 USDJPY,M1: 2017.03.31 07:031 in USDJPY
0	07:03:25.207	CPIv1.5 USDJPY,M1: 2017.03.31 07:061Модель поглощения in USDJPY
0	07:04:38.638	CPIv1.5 USDJPY,M1: 2017.03.31 07:071 in USDJPY
0	07:07:26.176	CPIv1.5 USDJPY,M1: 2017.03.31 07:101 in USDJPY
0	07:08:24.035	CPIv1.5 USDJPY,M1: 2017.03.31 07:111Падающая звезда in USDJPY
0	07:09:24.081	CPIv1.5 USDJPY,M1: 2017.03.31 07:121Медвежий Доджи in USDJPY
0	07:11:23.739	CPIv1.5 USDJPY,M1: 2017.03.31 07:141 in USDJPY
0	07:15:23.872	CPIv1.5 USDJPY,M1: 2017.03.31 07:181Бычий Доджи in USDJPY
0	07:16:25.654	CPIv1.5 USDJPY,M1: 2017.03.31 07:191 in USDJPY
0	07:17:24.047	CPIv1.5 EURUSD,M5: 2017.03.31 07:205Разрыв Тасуки in EURUSD
0	07:18:25.151	CPIv1.5 USDJPY,M1: 2017.03.31 07:211 in USDJPY
0	07:19:23.979	CPIv1.5 USDJPY,M1: 2017.03.31 07:221 in USDJPY
0	07:20:25.086	CPIv1.5 USDJPY,M1: 2017.03.31 07:231 in USDJPY
0	07:22:27.335	CPIv1.5 EURUSD,M5: 2017.03.31 07:255Разрыв Тасуки in EURUSD
0	07:22:29.463	CPIv1.5 USDJPY,M1: 2017.03.31 07:251Бычий Доджи in USDJPY
0	07:23:26.141	CPIv1.5 USDJPY,M1: 2017.03.31 07:261Бычий Доджи in USDJPY
0	07:24:23.959	CPIv1.5 USDJPY,M1: 2017.03.31 07:271 in USDJPY
0	07:25:23.870	CPIv1.5 USDJPY,M1: 2017.03.31 07:281 in USDJPY
0	07:26:25.856	CPIv1.5 USDJPY,M1: 2017.03.31 07:291 in USDJPY
0	07:27:27.625	CPIv1.5 EURUSD,M5: 2017.03.31 07:305 in EURUSD
0	07:28:24.726	CPIv1.5 USDJPY,M1: 2017.03.31 07:311 in USDJPY
0	07:29:24.924	CPIv1.5 USDJPY,M1: 2017.03.31 07:321 in USDJPY
0	07:32:27.317	CPIv1.5 EURUSD,M5: 2017.03.31 07:355Разрыв Тасуки in EURUSD
0	07:32:35.333	CPIv1.5 USDJPY,M1: 2017.03.31 07:351 in USDJPY
0	07:34:37.390	CPIv1.5 USDJPY,M1: 2017.03.31 07:371 in USDJPY
0	07:35:23.785	CPIv1.5 USDJPY,M1: 2017.03.31 07:381 in USDJPY
0	07:36:25.582	CPIv1.5 USDJPY,M1: 2017.03.31 07:391Модель поглощения in USDJPY
0	07:37:23.782	CPIv1.5 USDJPY,M1: 2017.03.31 07:401 in USDJPY
0	07:38:24.412	CPIv1.5 USDJPY,M1: 2017.03.31 07:411 in USDJPY
0	07:39:23.971	CPIv1.5 USDJPY,M1: 2017.03.31 07:421 in USDJPY
0	07:40:23.660	CPIv1.5 USDJPY,M1: 2017.03.31 07:431 in USDJPY
0	07:42:23.965	CPIv1.5 EURUSD,M5: 2017.03.31 07:455Разрыв Тасуки in EURUSD
0	07:44:29.793	CPIv1.5 USDJPY,M1: 2017.03.31 07:471Бычий Доджи in USDJPY
0	07:45:23.929	CPIv1.5 USDJPY,M1: 2017.03.31 07:481 in USDJPY
0	07:46:25.730	CPIv1.5 USDJPY,M1: 2017.03.31 07:491 in USDJPY
0	07:49:24.089	CPIv1.5 USDJPY,M1: 2017.03.31 07:521 in USDJPY
0	07:50:24.001	CPIv1.5 USDJPY,M1: 2017.03.31 07:531 in USDJPY
0	07:52:23.798	CPIv1.5 EURUSD,M5: 2017.03.31 07:555 in EURUSD
0	07:52:28.783	CPIv1.5 USDJPY,M1: 2017.03.31 07:551 in USDJPY
0	07:53:24.208	CPIv1.5 USDJPY,M1: 2017.03.31 07:561 in USDJPY
0	07:55:24.066	CPIv1.5 USDJPY,M1: 2017.03.31 07:581Медвежий Доджи in USDJPY
0	07:56:24.028	CPIv1.5 USDJPY,M1: 2017.03.31 07:591 in USDJPY
0	07:57:23.757	CPIv1.5 USDJPY,M1: 2017.03.31 08:001 in USDJPY
0	07:57:26.101	CPIv1.5 EURUSD,M5: 2017.03.31 08:005Разрыв Тасуки in EURUSD
0	07:57:38.764	CPIv1.5 NQ,H1: 2017.03.31 08:0060 in NQ
0	07:59:23.696	CPIv1.5 USDJPY,M1: 2017.03.31 08:021 in USDJPY
0	08:00:24.694	CPIv1.5 USDJPY,M1: 2017.03.31 08:031Бычий Доджи in USDJPY
0	08:01:25.764	CPIv1.5 USDJPY,M1: 2017.03.31 08:041 in USDJPY
0	08:02:24.262	CPIv1.5 EURUSD,M5: 2017.03.31 08:055 in EURUSD
0	08:03:24.157	CPIv1.5 USDJPY,M1: 2017.03.31 08:061Повешенный in USDJPY
0	08:04:23.725	CPIv1.5 USDJPY,M1: 2017.03.31 08:071Медвежий Доджи in USDJPY
0	08:05:27.555	CPIv1.5 USDJPY,M1: 2017.03.31 08:081 in USDJPY
0	08:06:26.424	CPIv1.5 USDJPY,M1: 2017.03.31 08:091Падающая звезда in USDJPY
0	08:07:23.805	CPIv1.5 USDJPY,M1: 2017.03.31 08:101 in USDJPY
0	08:07:23.997	CPIv1.5 EURUSD,M5: 2017.03.31 08:105Разрыв Тасуки in EURUSD
0	08:08:23.603	CPIv1.5 USDJPY,M1: 2017.03.31 08:111 in USDJPY
0	08:10:25.694	CPIv1.5 USDJPY,M1: 2017.03.31 08:131 in USDJPY
0	08:11:24.157	CPIv1.5 USDJPY,M1: 2017.03.31 08:141Модель поглощения in USDJPY
0	08:12:23.835	CPIv1.5 USDJPY,M1: 2017.03.31 08:151 in USDJPY
0	08:13:24.631	CPIv1.5 USDJPY,M1: 2017.03.31 08:161 in USDJPY
0	08:14:23.822	CPIv1.5 USDJPY,M1: 2017.03.31 08:171 in USDJPY
0	08:15:23.729	CPIv1.5 USDJPY,M1: 2017.03.31 08:181Бычий Доджи in USDJPY
0	08:16:24.682	CPIv1.5 USDJPY,M1: 2017.03.31 08:191Бычий Доджи in USDJPY
0	08:17:28.564	CPIv1.5 USDJPY,M1: 2017.03.31 08:201 in USDJPY
0	08:19:23.636	CPIv1.5 USDJPY,M1: 2017.03.31 08:221Модель поглощения in USDJPY
0	08:20:23.839	CPIv1.5 USDJPY,M1: 2017.03.31 08:231Бычий Доджи in USDJPY
0	08:21:23.905	CPIv1.5 USDJPY,M1: 2017.03.31 08:241 in USDJPY
0	08:22:24.208	CPIv1.5 USDJPY,M1: 2017.03.31 08:251Утрення звезда in USDJPY
0	08:22:24.397	CPIv1.5 EURUSD,M5: 2017.03.31 08:255 in EURUSD
0	08:23:24.061	CPIv1.5 USDJPY,M1: 2017.03.31 08:261 in USDJPY
0	08:27:23.723	CPIv1.5 EURUSD,M5: 2017.03.31 08:305Разрыв Тасуки in EURUSD
0	08:28:23.807	CPIv1.5 USDJPY,M1: 2017.03.31 08:311 in USDJPY
0	08:29:24.258	CPIv1.5 USDJPY,M1: 2017.03.31 08:321 in USDJPY
0	08:30:27.563	CPIv1.5 USDJPY,M1: 2017.03.31 08:331 in USDJPY
0	08:32:23.960	CPIv1.5 USDJPY,M1: 2017.03.31 08:351 in USDJPY
0	08:32:29.696	CPIv1.5 EURUSD,M5: 2017.03.31 08:355Разрыв Тасуки in EURUSD
0	08:33:24.347	CPIv1.5 USDJPY,M1: 2017.03.31 08:361 in USDJPY
0	08:34:23.563	CPIv1.5 USDJPY,M1: 2017.03.31 08:371Бычий Доджи in USDJPY
0	08:36:23.726	CPIv1.5 USDJPY,M1: 2017.03.31 08:391 in USDJPY
0	08:37:23.632	CPIv1.5 EURUSD,M5: 2017.03.31 08:405Разрыв Тасуки in EURUSD
0	08:37:25.696	CPIv1.5 USDJPY,M1: 2017.03.31 08:401Бычий Доджи in USDJPY
0	08:38:23.996	CPIv1.5 USDJPY,M1: 2017.03.31 08:411 in USDJPY
0	08:39:23.758	CPIv1.5 USDJPY,M1: 2017.03.31 08:421Бычий Доджи in USDJPY
0	08:40:23.972	CPIv1.5 USDJPY,M1: 2017.03.31 08:431 in USDJPY
0	08:41:23.693	CPIv1.5 USDJPY,M1: 2017.03.31 08:441 in USDJPY
0	08:42:24.663	CPIv1.5 EURUSD,M5: 2017.03.31 08:455 in EURUSD
0	08:44:23.990	CPIv1.5 USDJPY,M1: 2017.03.31 08:471 in USDJPY
0	08:45:24.142	CPIv1.5 USDJPY,M1: 2017.03.31 08:481Вечерняя звезда in USDJPY
0	08:46:24.409	CPIv1.5 USDJPY,M1: 2017.03.31 08:491Вечерняя звезда in USDJPY
0	08:47:24.081	CPIv1.5 EURUSD,M5: 2017.03.31 08:505Разрыв Тасуки in EURUSD
0	08:48:24.323	CPIv1.5 USDJPY,M1: 2017.03.31 08:511 in USDJPY
0	08:49:24.821	CPIv1.5 USDJPY,M1: 2017.03.31 08:521Бычий Доджи in USDJPY
0	08:50:23.858	CPIv1.5 USDJPY,M1: 2017.03.31 08:531 in USDJPY
0	08:51:24.143	CPIv1.5 USDJPY,M1: 2017.03.31 08:541 in USDJPY
0	08:52:24.007	CPIv1.5 EURUSD,M5: 2017.03.31 08:555Разрыв Тасуки in EURUSD
0	08:53:24.381	CPIv1.5 USDJPY,M1: 2017.03.31 08:561Медвежий Доджи in USDJPY
0	08:54:24.298	CPIv1.5 USDJPY,M1: 2017.03.31 08:571Медвежий Доджи in USDJPY
0	08:55:24.245	CPIv1.5 USDJPY,M1: 2017.03.31 08:581Бычий Доджи in USDJPY
0	08:57:24.138	CPIv1.5 USDJPY,M1: 2017.03.31 09:001 in USDJPY
0	08:58:23.819	CPIv1.5 USDJPY,M1: 2017.03.31 09:011 in USDJPY
0	08:59:24.025	CPIv1.5 USDJPY,M1: 2017.03.31 09:021 in USDJPY
0	09:01:23.829	CPIv1.5 USDJPY,M1: 2017.03.31 09:041 in USDJPY
0	09:04:24.076	CPIv1.5 USDJPY,M1: 2017.03.31 09:071Бычий Доджи in USDJPY
0	09:05:24.795	CPIv1.5 USDJPY,M1: 2017.03.31 09:081 in USDJPY
0	09:06:26.188	CPIv1.5 USDJPY,M1: 2017.03.31 09:091 in USDJPY
0	09:08:24.639	CPIv1.5 USDJPY,M1: 2017.03.31 09:111 in USDJPY
0	09:10:23.960	CPIv1.5 USDJPY,M1: 2017.03.31 09:131Медвежий Доджи in USDJPY
0	09:11:23.894	CPIv1.5 USDJPY,M1: 2017.03.31 09:141 in USDJPY
0	09:12:24.247	CPIv1.5 USDJPY,M1: 2017.03.31 09:151Медвежий Доджи in USDJPY
0	09:12:24.439	CPIv1.5 EURUSD,M5: 2017.03.31 09:155 in EURUSD
0	09:13:23.753	CPIv1.5 USDJPY,M1: 2017.03.31 09:161 in USDJPY
0	09:16:24.694	CPIv1.5 USDJPY,M1: 2017.03.31 09:191 in USDJPY
0	09:17:23.743	CPIv1.5 EURUSD,M5: 2017.03.31 09:205Разрыв Тасуки in EURUSD
0	09:18:23.566	CPIv1.5 USDJPY,M1: 2017.03.31 09:211 in USDJPY
0	09:19:23.883	CPIv1.5 USDJPY,M1: 2017.03.31 09:221 in USDJPY
0	09:22:23.581	CPIv1.5 EURUSD,M5: 2017.03.31 09:255Разрыв Тасуки in EURUSD
0	09:23:25.882	CPIv1.5 USDJPY,M1: 2017.03.31 09:261Бычий Доджи in USDJPY
0	09:24:25.556	CPIv1.5 USDJPY,M1: 2017.03.31 09:271 in USDJPY
0	09:27:24.061	CPIv1.5 EURUSD,M5: 2017.03.31 09:305Разрыв Тасуки in EURUSD
0	09:27:24.365	CPIv1.5 USDJPY,M1: 2017.03.31 09:301Бычий Доджи in USDJPY
0	09:28:24.142	CPIv1.5 USDJPY,M1: 2017.03.31 09:311Модель поглощения in USDJPY
0	09:29:24.147	CPIv1.5 USDJPY,M1: 2017.03.31 09:321 in USDJPY
0	09:32:25.042	CPIv1.5 EURUSD,M5: 2017.03.31 09:355Разрыв Тасуки in EURUSD
0	09:33:25.891	CPIv1.5 USDJPY,M1: 2017.03.31 09:361 in USDJPY
0	09:34:24.066	CPIv1.5 USDJPY,M1: 2017.03.31 09:371 in USDJPY
0	09:35:26.435	CPIv1.5 USDJPY,M1: 2017.03.31 09:381 in USDJPY
0	09:36:24.283	CPIv1.5 USDJPY,M1: 2017.03.31 09:391 in USDJPY
0	09:37:23.963	CPIv1.5 EURUSD,M5: 2017.03.31 09:405Разрыв Тасуки in EURUSD
0	09:41:24.203	CPIv1.5 USDJPY,M1: 2017.03.31 09:441Бычий Доджи in USDJPY
0	09:42:24.443	CPIv1.5 EURUSD,M5: 2017.03.31 09:455Разрыв Тасуки in EURUSD
0	09:42:24.931	CPIv1.5 USDJPY,M1: 2017.03.31 09:451 in USDJPY
0	09:44:23.677	CPIv1.5 USDJPY,M1: 2017.03.31 09:471 in USDJPY
0	09:45:24.871	CPIv1.5 USDJPY,M1: 2017.03.31 09:481Медвежий Доджи in USDJPY
0	09:46:23.936	CPIv1.5 USDJPY,M1: 2017.03.31 09:491Медвежий Доджи in USDJPY
0	09:47:23.833	CPIv1.5 EURUSD,M5: 2017.03.31 09:505 in EURUSD
0	09:48:23.904	CPIv1.5 USDJPY,M1: 2017.03.31 09:511 in USDJPY
0	09:49:32.380	CPIv1.5 USDJPY,M1: 2017.03.31 09:521 in USDJPY
0	09:50:23.832	CPIv1.5 USDJPY,M1: 2017.03.31 09:531 in USDJPY
0	09:51:24.177	CPIv1.5 USDJPY,M1: 2017.03.31 09:541 in USDJPY
0	09:52:26.489	CPIv1.5 EURUSD,M5: 2017.03.31 09:555Разрыв Тасуки in EURUSD
0	09:53:25.111	CPIv1.5 USDJPY,M1: 2017.03.31 09:561 in USDJPY
0	09:56:23.764	CPIv1.5 USDJPY,M1: 2017.03.31 09:591 in USDJPY
0	09:57:23.691	CPIv1.5 YM,H1: 2017.03.31 10:0060 in YM
0	09:57:23.884	CPIv1.5 EURUSD,M5: 2017.03.31 10:005Разрыв Тасуки in EURUSD
0	09:57:24.809	CPIv1.5 USDJPY,M1: 2017.03.31 10:001Бычий Доджи in USDJPY
0	09:57:25.530	CPIv1.5 NQ,H1: 2017.03.31 10:0060Бычий Доджи in NQ
0	09:59:25.633	CPIv1.5 USDJPY,M1: 2017.03.31 10:021Бычий Доджи in USDJPY
0	10:00:24.101	CPIv1.5 USDJPY,M1: 2017.03.31 10:031Медвежий Доджи in USDJPY
0	10:02:24.850	CPIv1.5 USDJPY,M1: 2017.03.31 10:051 in USDJPY
0	10:02:28.812	CPIv1.5 EURUSD,M5: 2017.03.31 10:055 in EURUSD
0	10:05:24.276	CPIv1.5 USDJPY,M1: 2017.03.31 10:081Бычий Доджи in USDJPY
0	10:06:24.622	CPIv1.5 USDJPY,M1: 2017.03.31 10:091 in USDJPY
0	10:07:24.212	CPIv1.5 USDJPY,M1: 2017.03.31 10:101 in USDJPY
0	10:07:24.410	CPIv1.5 EURUSD,M5: 2017.03.31 10:105 in EURUSD
0	10:08:24.873	CPIv1.5 USDJPY,M1: 2017.03.31 10:111Бычий Доджи in USDJPY
0	10:09:24.604	CPIv1.5 USDJPY,M1: 2017.03.31 10:121Утрення звезда in USDJPY
0	10:10:24.116	CPIv1.5 USDJPY,M1: 2017.03.31 10:131 in USDJPY
0	10:12:24.048	CPIv1.5 EURUSD,M5: 2017.03.31 10:155Разрыв Тасуки in EURUSD
0	10:12:24.749	ax_adv_023 AUDUSD,M15: AUDUSD [SELLSTOP ]:(4109)trade is not allowed in the expert properties AUDUSD lot=0.01 price=0.76517 slippage=3 sl=0.76651 tp=0.00000 comment= exp=1490956202
0	10:13:23.903	CPIv1.5 USDJPY,M1: 2017.03.31 10:161 in USDJPY
0	10:14:23.840	CPIv1.5 USDJPY,M1: 2017.03.31 10:171 in USDJPY
0	10:17:24.062	CPIv1.5 USDJPY,M1: 2017.03.31 10:201Медвежий Доджи in USDJPY
0	10:18:24.831	CPIv1.5 USDJPY,M1: 2017.03.31 10:211Медвежий Доджи in USDJPY
0	10:19:25.235	CPIv1.5 USDJPY,M1: 2017.03.31 10:221 in USDJPY
0	10:22:23.702	CPIv1.5 USDJPY,M1: 2017.03.31 10:251 in USDJPY
0	10:22:23.898	CPIv1.5 EURUSD,M5: 2017.03.31 10:255Разрыв Тасуки in EURUSD
0	10:23:24.799	CPIv1.5 USDJPY,M1: 2017.03.31 10:261 in USDJPY
0	10:24:24.001	CPIv1.5 USDJPY,M1: 2017.03.31 10:271Бычий Доджи in USDJPY
0	10:25:25.700	CPIv1.5 USDJPY,M1: 2017.03.31 10:281 in USDJPY
0	10:26:24.294	CPIv1.5 USDJPY,M1: 2017.03.31 10:291 in USDJPY
0	10:30:25.707	CPIv1.5 USDJPY,M1: 2017.03.31 10:331 in USDJPY
0	10:31:24.131	CPIv1.5 USDJPY,M1: 2017.03.31 10:341Бычий Доджи in USDJPY
0	10:32:24.283	CPIv1.5 USDJPY,M1: 2017.03.31 10:351 in USDJPY
0	10:32:24.481	CPIv1.5 EURUSD,M5: 2017.03.31 10:355 in EURUSD
0	10:33:24.289	CPIv1.5 USDJPY,M1: 2017.03.31 10:361Медвежий Доджи in USDJPY
0	10:34:25.006	CPIv1.5 USDJPY,M1: 2017.03.31 10:371 in USDJPY
0	10:35:26.297	CPIv1.5 USDJPY,M1: 2017.03.31 10:381Медвежий Доджи in USDJPY
0	10:36:24.825	CPIv1.5 USDJPY,M1: 2017.03.31 10:391 in USDJPY
0	10:37:23.698	CPIv1.5 USDJPY,M1: 2017.03.31 10:401 in USDJPY
0	10:37:24.540	CPIv1.5 EURUSD,M5: 2017.03.31 10:405 in EURUSD
0	10:38:24.436	CPIv1.5 USDJPY,M1: 2017.03.31 10:411 in USDJPY
0	10:39:24.707	CPIv1.5 USDJPY,M1: 2017.03.31 10:421 in USDJPY
0	10:40:24.087	CPIv1.5 USDJPY,M1: 2017.03.31 10:431 in USDJPY
0	10:42:23.797	CPIv1.5 EURUSD,M5: 2017.03.31 10:455Разрыв Тасуки in EURUSD
0	10:43:24.674	CPIv1.5 USDJPY,M1: 2017.03.31 10:461Вечерняя звезда in USDJPY
0	10:44:31.427	CPIv1.5 USDJPY,M1: 2017.03.31 10:471 in USDJPY
0	10:45:23.711	CPIv1.5 USDJPY,M1: 2017.03.31 10:481 in USDJPY
0	10:46:24.072	CPIv1.5 USDJPY,M1: 2017.03.31 10:491Бычий Доджи in USDJPY
0	10:47:24.073	CPIv1.5 USDJPY,M1: 2017.03.31 10:501Бычий Доджи in USDJPY
0	10:48:26.122	CPIv1.5 USDJPY,M1: 2017.03.31 10:511 in USDJPY
0	10:49:23.947	CPIv1.5 USDJPY,M1: 2017.03.31 10:521 in USDJPY
0	10:50:24.333	CPIv1.5 USDJPY,M1: 2017.03.31 10:531 in USDJPY
0	10:52:25.725	CPIv1.5 EURUSD,M5: 2017.03.31 10:555 in EURUSD
0	10:54:27.335	CPIv1.5 USDJPY,M1: 2017.03.31 10:571Модель поглощения in USDJPY
0	10:55:25.225	CPIv1.5 USDJPY,M1: 2017.03.31 10:581 in USDJPY
0	10:57:24.286	CPIv1.5 EURUSD,M5: 2017.03.31 11:005Разрыв Тасуки in EURUSD
0	10:57:25.360	CPIv1.5 USDJPY,M1: 2017.03.31 11:001 in USDJPY
0	10:57:30.090	CPIv1.5 NQ,H1: 2017.03.31 11:0060 in NQ
0	10:57:30.150	CPIv1.5 YM,H1: 2017.03.31 11:0060Утрення звезда in YM
0	10:58:25.900	CPIv1.5 USDJPY,M1: 2017.03.31 11:011Падающая звезда in USDJPY
0	10:59:23.825	CPIv1.5 USDJPY,M1: 2017.03.31 11:021 in USDJPY
0	11:00:26.363	CPIv1.5 USDJPY,M1: 2017.03.31 11:031 in USDJPY
0	11:02:24.068	CPIv1.5 USDJPY,M1: 2017.03.31 11:051 in USDJPY
0	11:05:23.769	CPIv1.5 USDJPY,M1: 2017.03.31 11:081 in USDJPY
0	11:06:24.167	CPIv1.5 USDJPY,M1: 2017.03.31 11:091Медвежий Доджи in USDJPY
0	11:07:24.504	CPIv1.5 EURUSD,M5: 2017.03.31 11:105 in EURUSD
0	11:07:24.793	CPIv1.5 USDJPY,M1: 2017.03.31 11:101 in USDJPY
0	11:08:24.577	CPIv1.5 USDJPY,M1: 2017.03.31 11:111 in USDJPY
0	11:10:25.880	CPIv1.5 USDJPY,M1: 2017.03.31 11:131 in USDJPY
0	11:11:23.759	CPIv1.5 USDJPY,M1: 2017.03.31 11:141 in USDJPY
0	11:12:23.609	CPIv1.5 EURUSD,M5: 2017.03.31 11:155Разрыв Тасуки in EURUSD
0	11:14:23.876	CPIv1.5 USDJPY,M1: 2017.03.31 11:171Модель поглощения in USDJPY
0	11:15:23.731	CPIv1.5 USDJPY,M1: 2017.03.31 11:181Бычий Доджи in USDJPY
0	11:16:24.693	CPIv1.5 USDJPY,M1: 2017.03.31 11:191 in USDJPY
0	11:17:25.907	CPIv1.5 EURUSD,M5: 2017.03.31 11:205Разрыв Тасуки in EURUSD
0	11:18:24.104	CPIv1.5 USDJPY,M1: 2017.03.31 11:211 in USDJPY
0	11:19:25.315	CPIv1.5 USDJPY,M1: 2017.03.31 11:221Вечерняя звезда in USDJPY
0	11:20:26.951	CPIv1.5 USDJPY,M1: 2017.03.31 11:231 in USDJPY
0	11:22:23.946	CPIv1.5 USDJPY,M1: 2017.03.31 11:251 in USDJPY
0	11:22:24.473	CPIv1.5 EURUSD,M5: 2017.03.31 11:255 in EURUSD
0	11:23:29.723	CPIv1.5 USDJPY,M1: 2017.03.31 11:261Падающая звезда in USDJPY
0	11:25:28.456	CPIv1.5 USDJPY,M1: 2017.03.31 11:281 in USDJPY
0	11:26:29.654	CPIv1.5 USDJPY,M1: 2017.03.31 11:291 in USDJPY
0	11:27:24.122	CPIv1.5 EURUSD,M5: 2017.03.31 11:305Разрыв Тасуки in EURUSD
0	11:29:24.225	CPIv1.5 USDJPY,M1: 2017.03.31 11:321Вечерняя звезда in USDJPY
0	11:30:24.425	CPIv1.5 USDJPY,M1: 2017.03.31 11:331Вечерняя звезда in USDJPY
0	11:32:24.639	CPIv1.5 EURUSD,M5: 2017.03.31 11:355 in EURUSD
0	11:33:24.540	CPIv1.5 USDJPY,M1: 2017.03.31 11:361 in USDJPY
0	11:37:23.710	CPIv1.5 EURUSD,M5: 2017.03.31 11:405Разрыв Тасуки in EURUSD
0	11:38:25.457	CPIv1.5 USDJPY,M1: 2017.03.31 11:411Медвежий Доджи in USDJPY
0	11:39:24.250	CPIv1.5 USDJPY,M1: 2017.03.31 11:421Модель поглощения in USDJPY
0	11:40:26.214	CPIv1.5 USDJPY,M1: 2017.03.31 11:431 in USDJPY
0	11:42:25.601	CPIv1.5 EURUSD,M5: 2017.03.31 11:455Разрыв Тасуки in EURUSD
0	11:44:23.888	CPIv1.5 USDJPY,M1: 2017.03.31 11:471Бычий Доджи in USDJPY
0	11:45:24.162	CPIv1.5 USDJPY,M1: 2017.03.31 11:481 in USDJPY
0	11:46:23.758	CPIv1.5 USDJPY,M1: 2017.03.31 11:491 in USDJPY
0	11:47:23.716	CPIv1.5 EURUSD,M5: 2017.03.31 11:505Разрыв Тасуки in EURUSD
0	11:48:24.344	CPIv1.5 USDJPY,M1: 2017.03.31 11:511Бычий Доджи in USDJPY
0	11:49:24.045	CPIv1.5 USDJPY,M1: 2017.03.31 11:521 in USDJPY
0	11:50:24.037	CPIv1.5 USDJPY,M1: 2017.03.31 11:531 in USDJPY
0	11:51:24.732	CPIv1.5 USDJPY,M1: 2017.03.31 11:541 in USDJPY
0	11:53:24.239	CPIv1.5 USDJPY,M1: 2017.03.31 11:561 in USDJPY
0	11:57:27.296	CPIv1.5 NQ,H1: 2017.03.31 12:0060 in NQ
0	11:57:27.821	CPIv1.5 EURUSD,M5: 2017.03.31 12:005Разрыв Тасуки in EURUSD
0	11:58:28.964	CPIv1.5 USDJPY,M1: 2017.03.31 12:011 in USDJPY
0	11:59:23.925	CPIv1.5 USDJPY,M1: 2017.03.31 12:021 in USDJPY
0	12:01:26.057	CPIv1.5 USDJPY,M1: 2017.03.31 12:041 in USDJPY
0	12:02:23.615	CPIv1.5 EURUSD,M5: 2017.03.31 12:055Разрыв Тасуки in EURUSD
0	12:04:26.787	CPIv1.5 USDJPY,M1: 2017.03.31 12:071Модель поглощения in USDJPY
0	12:07:25.650	CPIv1.5 USDJPY,M1: 2017.03.31 12:101Медвежий Доджи in USDJPY
0	12:08:24.050	CPIv1.5 USDJPY,M1: 2017.03.31 12:111 in USDJPY
0	12:09:23.914	CPIv1.5 USDJPY,M1: 2017.03.31 12:121 in USDJPY
0	12:11:23.850	CPIv1.5 USDJPY,M1: 2017.03.31 12:141 in USDJPY
0	12:12:25.824	CPIv1.5 EURUSD,M5: 2017.03.31 12:155Разрыв Тасуки in EURUSD
0	12:13:23.778	CPIv1.5 USDJPY,M1: 2017.03.31 12:161 in USDJPY
0	12:14:24.667	CPIv1.5 USDJPY,M1: 2017.03.31 12:171Бычий Доджи in USDJPY
0	12:15:24.712	CPIv1.5 USDJPY,M1: 2017.03.31 12:181 in USDJPY
0	12:16:25.500	CPIv1.5 USDJPY,M1: 2017.03.31 12:191Утрення звезда in USDJPY
0	12:17:25.860	CPIv1.5 EURUSD,M5: 2017.03.31 12:205Разрыв Тасуки in EURUSD
0	12:18:28.014	CPIv1.5 USDJPY,M1: 2017.03.31 12:211Падающая звезда in USDJPY
0	12:19:24.072	CPIv1.5 USDJPY,M1: 2017.03.31 12:221 in USDJPY
0	12:20:24.289	CPIv1.5 USDJPY,M1: 2017.03.31 12:231Медвежий Доджи in USDJPY
0	12:21:29.100	CPIv1.5 USDJPY,M1: 2017.03.31 12:241 in USDJPY
0	12:22:23.732	CPIv1.5 EURUSD,M5: 2017.03.31 12:255Разрыв Тасуки in EURUSD
0	12:25:27.281	CPIv1.5 USDJPY,M1: 2017.03.31 12:281 in USDJPY
0	12:26:24.911	CPIv1.5 USDJPY,M1: 2017.03.31 12:291 in USDJPY
0	12:27:24.660	CPIv1.5 EURUSD,M5: 2017.03.31 12:305Разрыв Тасуки in EURUSD
0	12:27:25.785	CPIv1.5 USDJPY,M1: 2017.03.31 12:301 in USDJPY
0	12:29:25.730	CPIv1.5 USDJPY,M1: 2017.03.31 12:321 in USDJPY
0	12:30:23.898	CPIv1.5 USDJPY,M1: 2017.03.31 12:331 in USDJPY
0	12:31:23.840	CPIv1.5 USDJPY,M1: 2017.03.31 12:341Медвежий Доджи in USDJPY
0	12:32:23.965	CPIv1.5 USDJPY,M1: 2017.03.31 12:351 in USDJPY
0	12:32:24.272	CPIv1.5 EURUSD,M5: 2017.03.31 12:355Разрыв Тасуки in EURUSD
0	12:38:28.697	CPIv1.5 USDJPY,M1: 2017.03.31 12:411 in USDJPY
0	12:39:25.712	CPIv1.5 USDJPY,M1: 2017.03.31 12:421 in USDJPY
0	12:41:24.228	CPIv1.5 USDJPY,M1: 2017.03.31 12:441Вечерняя звезда in USDJPY
0	12:42:25.823	CPIv1.5 EURUSD,M5: 2017.03.31 12:455 in EURUSD
0	12:42:26.107	CPIv1.5 USDJPY,M1: 2017.03.31 12:451 in USDJPY
0	12:46:23.953	CPIv1.5 USDJPY,M1: 2017.03.31 12:491Вечерняя звезда in USDJPY
0	12:47:25.142	CPIv1.5 USDJPY,M1: 2017.03.31 12:501Вечерняя звезда in USDJPY
0	12:47:25.350	CPIv1.5 EURUSD,M5: 2017.03.31 12:505Разрыв Тасуки in EURUSD
0	12:48:24.166	CPIv1.5 USDJPY,M1: 2017.03.31 12:511 in USDJPY
0	12:49:23.940	CPIv1.5 USDJPY,M1: 2017.03.31 12:521Бычий Доджи in USDJPY
0	12:50:25.165	CPIv1.5 USDJPY,M1: 2017.03.31 12:531 in USDJPY
0	12:51:24.183	CPIv1.5 USDJPY,M1: 2017.03.31 12:541 in USDJPY
0	12:52:24.883	CPIv1.5 EURUSD,M5: 2017.03.31 12:555Разрыв Тасуки in EURUSD
0	12:55:24.269	CPIv1.5 USDJPY,M1: 2017.03.31 12:581 in USDJPY
0	12:56:24.091	CPIv1.5 USDJPY,M1: 2017.03.31 12:591Бычий Доджи in USDJPY
0	12:57:24.448	CPIv1.5 EURUSD,M5: 2017.03.31 13:005Разрыв Тасуки in EURUSD
0	12:57:24.929	ax_adv_023 AUDUSD,M15: AUDUSD [BUYSTOP ]:(4109)trade is not allowed in the expert properties AUDUSD lot=0.01 price=0.76502 slippage=3 sl=0.76400 tp=0.00000 comment= exp=1490966101
0	12:58:42.330	CPIv1.5 USDJPY,M1: 2017.03.31 13:011 in USDJPY
0	12:59:24.435	CPIv1.5 USDJPY,M1: 2017.03.31 13:021Медвежий Доджи in USDJPY
0	13:00:25.147	CPIv1.5 USDJPY,M1: 2017.03.31 13:031 in USDJPY
0	13:01:23.990	CPIv1.5 USDJPY,M1: 2017.03.31 13:041Бычий Доджи in USDJPY
0	13:02:23.769	CPIv1.5 USDJPY,M1: 2017.03.31 13:051 in USDJPY
0	13:02:25.077	CPIv1.5 EURUSD,M5: 2017.03.31 13:055Разрыв Тасуки in EURUSD
0	13:03:26.720	CPIv1.5 USDJPY,M1: 2017.03.31 13:061Медвежий Доджи in USDJPY
0	13:04:24.690	CPIv1.5 USDJPY,M1: 2017.03.31 13:071 in USDJPY
0	13:05:25.381	CPIv1.5 USDJPY,M1: 2017.03.31 13:081 in USDJPY
0	13:07:23.928	CPIv1.5 EURUSD,M5: 2017.03.31 13:105Разрыв Тасуки in EURUSD
0	13:08:24.451	CPIv1.5 USDJPY,M1: 2017.03.31 13:111 in USDJPY
0	13:09:25.798	CPIv1.5 USDJPY,M1: 2017.03.31 13:121 in USDJPY
0	13:10:28.291	CPIv1.5 USDJPY,M1: 2017.03.31 13:131 in USDJPY
0	13:12:24.455	CPIv1.5 EURUSD,M5: 2017.03.31 13:155 in EURUSD
0	13:13:23.837	CPIv1.5 USDJPY,M1: 2017.03.31 13:161Бычий Доджи in USDJPY
0	13:14:23.883	CPIv1.5 USDJPY,M1: 2017.03.31 13:171 in USDJPY
0	13:15:23.877	CPIv1.5 USDJPY,M1: 2017.03.31 13:181 in USDJPY
0	13:16:24.838	CPIv1.5 USDJPY,M1: 2017.03.31 13:191 in USDJPY
0	13:17:26.053	CPIv1.5 USDJPY,M1: 2017.03.31 13:201 in USDJPY
0	13:19:24.115	CPIv1.5 USDJPY,M1: 2017.03.31 13:221 in USDJPY
0	13:20:31.712	CPIv1.5 USDJPY,M1: 2017.03.31 13:231Падающая звезда in USDJPY
0	13:22:24.799	CPIv1.5 USDJPY,M1: 2017.03.31 13:251 in USDJPY
0	13:22:27.978	CPIv1.5 EURUSD,M5: 2017.03.31 13:255 in EURUSD
0	13:23:24.930	CPIv1.5 USDJPY,M1: 2017.03.31 13:261Медвежий Доджи in USDJPY
0	13:24:26.120	CPIv1.5 USDJPY,M1: 2017.03.31 13:271Медвежий Доджи in USDJPY
0	13:25:24.327	CPIv1.5 USDJPY,M1: 2017.03.31 13:281 in USDJPY
0	13:27:25.989	CPIv1.5 EURUSD,M5: 2017.03.31 13:305Разрыв Тасуки in EURUSD
0	13:28:25.948	CPIv1.5 USDJPY,M1: 2017.03.31 13:311 in USDJPY
0	13:29:25.284	CPIv1.5 USDJPY,M1: 2017.03.31 13:321 in USDJPY
0	13:30:23.519	CPIv1.5 USDJPY,M1: 2017.03.31 13:331 in USDJPY
0	13:32:24.921	CPIv1.5 USDJPY,M1: 2017.03.31 13:351Утрення звезда in USDJPY
0	13:32:30.981	CPIv1.5 EURUSD,M5: 2017.03.31 13:355Разрыв Тасуки in EURUSD
0	13:33:24.253	CPIv1.5 USDJPY,M1: 2017.03.31 13:361Модель поглощения in USDJPY
0	13:34:26.169	CPIv1.5 USDJPY,M1: 2017.03.31 13:371 in USDJPY
0	13:36:46.087	CPIv1.5 USDJPY,M1: 2017.03.31 13:391 in USDJPY
0	13:41:23.924	CPIv1.5 USDJPY,M1: 2017.03.31 13:441 in USDJPY
0	13:42:23.868	CPIv1.5 USDJPY,M1: 2017.03.31 13:451 in USDJPY
0	13:42:24.350	CPIv1.5 EURUSD,M5: 2017.03.31 13:455Разрыв Тасуки in EURUSD
0	13:43:26.865	CPIv1.5 USDJPY,M1: 2017.03.31 13:461 in USDJPY
0	13:44:29.038	CPIv1.5 USDJPY,M1: 2017.03.31 13:471 in USDJPY
0	13:45:24.589	CPIv1.5 USDJPY,M1: 2017.03.31 13:481 in USDJPY
0	13:46:24.866	CPIv1.5 USDJPY,M1: 2017.03.31 13:491 in USDJPY
0	13:47:24.707	CPIv1.5 EURUSD,M5: 2017.03.31 13:505Разрыв Тасуки in EURUSD
0	13:49:23.740	CPIv1.5 USDJPY,M1: 2017.03.31 13:521 in USDJPY
0	13:52:23.801	CPIv1.5 EURUSD,M5: 2017.03.31 13:555Разрыв Тасуки in EURUSD
0	13:52:38.019	CPIv1.5 USDJPY,M1: 2017.03.31 13:551 in USDJPY
0	13:53:25.272	CPIv1.5 USDJPY,M1: 2017.03.31 13:561 in USDJPY
0	13:55:23.812	CPIv1.5 USDJPY,M1: 2017.03.31 13:581 in USDJPY
0	13:56:24.739	CPIv1.5 USDJPY,M1: 2017.03.31 13:591Падающая звезда in USDJPY
0	13:57:23.734	CPIv1.5 NQ,H1: 2017.03.31 14:0060Медвежий Доджи in NQ
0	13:57:24.152	CPIv1.5 USDJPY,M1: 2017.03.31 14:001 in USDJPY
0	13:58:25.773	CPIv1.5 USDJPY,M1: 2017.03.31 14:011Бычий Доджи in USDJPY
0	13:59:24.623	CPIv1.5 USDJPY,M1: 2017.03.31 14:021Медвежий Доджи in USDJPY
0	14:00:24.003	CPIv1.5 USDJPY,M1: 2017.03.31 14:031 in USDJPY
0	14:01:23.852	CPIv1.5 USDJPY,M1: 2017.03.31 14:041 in USDJPY
0	14:02:25.065	CPIv1.5 EURUSD,M5: 2017.03.31 14:055 in EURUSD
0	14:02:26.184	CPIv1.5 USDJPY,M1: 2017.03.31 14:051Вечерняя звезда in USDJPY
0	14:03:24.796	CPIv1.5 USDJPY,M1: 2017.03.31 14:061 in USDJPY
0	14:04:25.020	CPIv1.5 USDJPY,M1: 2017.03.31 14:071 in USDJPY
0	14:07:26.622	CPIv1.5 USDJPY,M1: 2017.03.31 14:101Утрення звезда in USDJPY
0	14:07:27.105	CPIv1.5 EURUSD,M5: 2017.03.31 14:105Разрыв Тасуки in EURUSD
0	14:08:29.880	CPIv1.5 USDJPY,M1: 2017.03.31 14:111Падающая звезда in USDJPY
0	14:10:23.639	CPIv1.5 USDJPY,M1: 2017.03.31 14:131 in USDJPY
0	14:11:23.979	CPIv1.5 USDJPY,M1: 2017.03.31 14:141 in USDJPY
0	14:15:24.526	CPIv1.5 USDJPY,M1: 2017.03.31 14:181 in USDJPY
0	14:16:24.823	CPIv1.5 USDJPY,M1: 2017.03.31 14:191 in USDJPY
0	14:17:24.764	CPIv1.5 EURUSD,M5: 2017.03.31 14:205Разрыв Тасуки in EURUSD
0	14:19:24.422	CPIv1.5 USDJPY,M1: 2017.03.31 14:221 in USDJPY
0	14:21:25.620	CPIv1.5 USDJPY,M1: 2017.03.31 14:241Бычий Доджи in USDJPY
0	14:22:25.338	CPIv1.5 EURUSD,M5: 2017.03.31 14:255Разрыв Тасуки in EURUSD
0	14:22:25.832	CPIv1.5 USDJPY,M1: 2017.03.31 14:251 in USDJPY
0	14:26:26.908	CPIv1.5 USDJPY,M1: 2017.03.31 14:291 in USDJPY
0	14:27:25.724	CPIv1.5 USDJPY,M1: 2017.03.31 14:301 in USDJPY
0	14:29:24.122	CPIv1.5 USDJPY,M1: 2017.03.31 14:321 in USDJPY
0	14:32:24.004	CPIv1.5 USDJPY,M1: 2017.03.31 14:351 in USDJPY
0	14:32:24.848	CPIv1.5 EURUSD,M5: 2017.03.31 14:355 in EURUSD
0	14:33:24.048	CPIv1.5 USDJPY,M1: 2017.03.31 14:361 in USDJPY
0	14:35:25.342	CPIv1.5 USDJPY,M1: 2017.03.31 14:381Медвежий Доджи in USDJPY
0	14:36:24.444	CPIv1.5 USDJPY,M1: 2017.03.31 14:391 in USDJPY
0	14:37:26.389	CPIv1.5 EURUSD,M5: 2017.03.31 14:405Разрыв Тасуки in EURUSD
0	14:37:27.498	CPIv1.5 USDJPY,M1: 2017.03.31 14:401 in USDJPY
0	14:39:25.314	CPIv1.5 USDJPY,M1: 2017.03.31 14:421 in USDJPY
0	14:40:27.406	CPIv1.5 USDJPY,M1: 2017.03.31 14:431 in USDJPY
0	14:41:29.774	CPIv1.5 USDJPY,M1: 2017.03.31 14:441 in USDJPY
0	14:42:24.950	CPIv1.5 EURUSD,M5: 2017.03.31 14:455Разрыв Тасуки in EURUSD
0	14:43:24.778	CPIv1.5 USDJPY,M1: 2017.03.31 14:461 in USDJPY
0	14:45:26.415	CPIv1.5 USDJPY,M1: 2017.03.31 14:481Медвежий Доджи in USDJPY
0	14:46:26.084	CPIv1.5 USDJPY,M1: 2017.03.31 14:491Вечерняя звезда in USDJPY
0	14:47:25.716	CPIv1.5 USDJPY,M1: 2017.03.31 14:501 in USDJPY
0	14:47:29.342	CPIv1.5 EURUSD,M5: 2017.03.31 14:505Разрыв Тасуки in EURUSD
0	14:50:23.873	CPIv1.5 USDJPY,M1: 2017.03.31 14:531Модель поглощения in USDJPY
0	14:51:30.259	CPIv1.5 USDJPY,M1: 2017.03.31 14:541 in USDJPY
0	14:52:25.128	CPIv1.5 USDJPY,M1: 2017.03.31 14:551 in USDJPY
0	14:55:25.340	CPIv1.5 USDJPY,M1: 2017.03.31 14:581 in USDJPY
0	14:56:24.824	CPIv1.5 USDJPY,M1: 2017.03.31 14:591 in USDJPY
0	14:57:25.147	CPIv1.5 NQ,H1: 2017.03.31 15:0060 in NQ
0	14:57:25.568	CPIv1.5 USDJPY,M1: 2017.03.31 15:001 in USDJPY
0	14:58:25.311	CPIv1.5 USDJPY,M1: 2017.03.31 15:011 in USDJPY
0	14:59:25.155	CPIv1.5 USDJPY,M1: 2017.03.31 15:021Медвежий Доджи in USDJPY
0	15:00:24.216	CPIv1.5 USDJPY,M1: 2017.03.31 15:031Медвежий Доджи in USDJPY
0	15:01:25.222	CPIv1.5 USDJPY,M1: 2017.03.31 15:041 in USDJPY
0	15:02:23.818	CPIv1.5 EURUSD,M5: 2017.03.31 15:055Разрыв Тасуки in EURUSD
0	15:04:24.089	CPIv1.5 USDJPY,M1: 2017.03.31 15:071 in USDJPY
0	15:06:23.900	CPIv1.5 USDJPY,M1: 2017.03.31 15:091Падающая звезда in USDJPY
0	15:07:23.758	CPIv1.5 USDJPY,M1: 2017.03.31 15:101 in USDJPY
0	15:07:23.950	CPIv1.5 EURUSD,M5: 2017.03.31 15:105 in EURUSD
0	15:08:23.574	CPIv1.5 USDJPY,M1: 2017.03.31 15:111 in USDJPY
0	15:10:26.017	CPIv1.5 USDJPY,M1: 2017.03.31 15:131 in USDJPY
0	15:11:26.270	CPIv1.5 USDJPY,M1: 2017.03.31 15:141Падающая звезда in USDJPY
0	15:12:26.479	CPIv1.5 EURUSD,M5: 2017.03.31 15:155Разрыв Тасуки in EURUSD
0	15:13:23.953	CPIv1.5 USDJPY,M1: 2017.03.31 15:161Бычий Доджи in USDJPY
0	15:14:25.433	CPIv1.5 USDJPY,M1: 2017.03.31 15:171 in USDJPY
0	15:17:25.849	CPIv1.5 EURUSD,M5: 2017.03.31 15:205 in EURUSD
0	15:20:23.560	CPIv1.5 USDJPY,M1: 2017.03.31 15:231 in USDJPY
0	15:22:25.739	CPIv1.5 EURUSD,M5: 2017.03.31 15:255Разрыв Тасуки in EURUSD
0	15:23:26.535	CPIv1.5 USDJPY,M1: 2017.03.31 15:261Модель поглощения in USDJPY
0	15:24:24.114	CPIv1.5 USDJPY,M1: 2017.03.31 15:271 in USDJPY
0	15:25:24.951	CPIv1.5 USDJPY,M1: 2017.03.31 15:281Падающая звезда in USDJPY
0	15:26:24.873	CPIv1.5 USDJPY,M1: 2017.03.31 15:291 in USDJPY
0	15:27:27.829	CPIv1.5 USDJPY,M1: 2017.03.31 15:301Падающая звезда in USDJPY
0	15:29:25.992	CPIv1.5 USDJPY,M1: 2017.03.31 15:321Медвежий Доджи in USDJPY
0	15:30:24.031	CPIv1.5 USDJPY,M1: 2017.03.31 15:331Модель поглощения in USDJPY
0	15:31:24.123	CPIv1.5 USDJPY,M1: 2017.03.31 15:341Медвежий Доджи in USDJPY
0	15:32:26.575	CPIv1.5 USDJPY,M1: 2017.03.31 15:351Вечерняя звезда in USDJPY
0	15:33:24.597	CPIv1.5 USDJPY,M1: 2017.03.31 15:361Бычий Доджи in USDJPY
0	15:34:24.293	CPIv1.5 USDJPY,M1: 2017.03.31 15:371Бычий Доджи in USDJPY
0	15:35:27.091	CPIv1.5 USDJPY,M1: 2017.03.31 15:381 in USDJPY
0	15:36:24.646	CPIv1.5 USDJPY,M1: 2017.03.31 15:391Утрення звезда in USDJPY
0	15:37:24.395	CPIv1.5 EURUSD,M5: 2017.03.31 15:405 in EURUSD
0	15:39:24.167	CPIv1.5 USDJPY,M1: 2017.03.31 15:421 in USDJPY
0	15:40:24.318	CPIv1.5 USDJPY,M1: 2017.03.31 15:431 in USDJPY
0	15:41:24.238	CPIv1.5 USDJPY,M1: 2017.03.31 15:441 in USDJPY
0	15:42:23.532	CPIv1.5 EURUSD,M5: 2017.03.31 15:455Разрыв Тасуки in EURUSD
0	15:43:25.634	CPIv1.5 USDJPY,M1: 2017.03.31 15:461 in USDJPY
0	15:45:23.954	CPIv1.5 USDJPY,M1: 2017.03.31 15:481Медвежий Доджи in USDJPY
0	15:46:23.724	CPIv1.5 USDJPY,M1: 2017.03.31 15:491Вечерняя звезда in USDJPY
0	15:47:24.529	CPIv1.5 USDJPY,M1: 2017.03.31 15:501 in USDJPY
0	15:48:27.735	CPIv1.5 USDJPY,M1: 2017.03.31 15:511 in USDJPY
0	15:52:24.444	CPIv1.5 EURUSD,M5: 2017.03.31 15:555 in EURUSD
0	15:53:24.340	CPIv1.5 USDJPY,M1: 2017.03.31 15:561Бычий Доджи in USDJPY
0	15:54:23.546	CPIv1.5 USDJPY,M1: 2017.03.31 15:571 in USDJPY
0	15:56:25.461	CPIv1.5 USDJPY,M1: 2017.03.31 15:591 in USDJPY
0	15:57:24.465	CPIv1.5 EURUSD,M5: 2017.03.31 16:005Разрыв Тасуки in EURUSD
0	15:57:26.735	CPIv1.5 USDJPY,M1: 2017.03.31 16:001Бычий Доджи in USDJPY
0	15:58:24.110	CPIv1.5 USDJPY,M1: 2017.03.31 16:011Утрення звезда in USDJPY
0	15:59:23.888	CPIv1.5 USDJPY,M1: 2017.03.31 16:021 in USDJPY
0	16:01:27.058	CPIv1.5 USDJPY,M1: 2017.03.31 16:041Падающая звезда in USDJPY
0	16:02:24.038	CPIv1.5 EURUSD,M5: 2017.03.31 16:055Разрыв Тасуки in EURUSD
0	16:02:24.368	CPIv1.5 USDJPY,M1: 2017.03.31 16:051Модель поглощения in USDJPY
0	16:03:25.474	CPIv1.5 USDJPY,M1: 2017.03.31 16:061Бычий Доджи in USDJPY
0	16:04:24.893	CPIv1.5 USDJPY,M1: 2017.03.31 16:071 in USDJPY
0	16:05:23.686	CPIv1.5 USDJPY,M1: 2017.03.31 16:081Бычий Доджи in USDJPY
0	16:06:23.683	CPIv1.5 USDJPY,M1: 2017.03.31 16:091 in USDJPY
0	16:07:24.144	CPIv1.5 USDJPY,M1: 2017.03.31 16:101 in USDJPY
0	16:07:24.336	CPIv1.5 EURUSD,M5: 2017.03.31 16:105Разрыв Тасуки in EURUSD
0	16:09:24.338	CPIv1.5 USDJPY,M1: 2017.03.31 16:121Бычий Доджи in USDJPY
0	16:10:24.821	CPIv1.5 USDJPY,M1: 2017.03.31 16:131Бычий Доджи in USDJPY
0	16:11:24.038	CPIv1.5 USDJPY,M1: 2017.03.31 16:141 in USDJPY
0	16:12:23.697	CPIv1.5 EURUSD,M5: 2017.03.31 16:155 in EURUSD
0	16:12:23.716	ax_adv_023 AUDUSD,M15: AUDUSD [BUYSTOP ]:(4109)trade is not allowed in the expert properties AUDUSD lot=0.01 price=0.76417 slippage=3 sl=0.76268 tp=0.00000 comment= exp=1490977801
0	16:15:25.625	CPIv1.5 USDJPY,M1: 2017.03.31 16:181Бычий Доджи in USDJPY
0	16:16:24.673	CPIv1.5 USDJPY,M1: 2017.03.31 16:191Бычий Доджи in USDJPY
0	16:17:24.789	CPIv1.5 USDJPY,M1: 2017.03.31 16:201 in USDJPY
0	16:17:25.289	CPIv1.5 EURUSD,M5: 2017.03.31 16:205Разрыв Тасуки in EURUSD
0	16:18:24.036	CPIv1.5 USDJPY,M1: 2017.03.31 16:211 in USDJPY
0	16:20:24.000	CPIv1.5 USDJPY,M1: 2017.03.31 16:231 in USDJPY
0	16:22:22.526	CPIv1.5 EURUSD,M5: 2017.03.31 16:255Разрыв Тасуки in EURUSD
0	16:24:23.017	CPIv1.5 USDJPY,M1: 2017.03.31 16:271Бычий Доджи in USDJPY
0	16:25:22.593	CPIv1.5 USDJPY,M1: 2017.03.31 16:281 in USDJPY
0	16:26:22.958	CPIv1.5 USDJPY,M1: 2017.03.31 16:291Модель поглощения in USDJPY
0	16:27:22.836	CPIv1.5 USDJPY,M1: 2017.03.31 16:301 in USDJPY
0	16:27:23.057	CPIv1.5 EURUSD,M5: 2017.03.31 16:305Разрыв Тасуки in EURUSD
0	16:29:23.067	CPIv1.5 USDJPY,M1: 2017.03.31 16:321 in USDJPY
0	16:30:23.455	CPIv1.5 USDJPY,M1: 2017.03.31 16:331 in USDJPY
0	16:32:23.239	CPIv1.5 USDJPY,M1: 2017.03.31 16:351 in USDJPY
0	16:33:23.262	CPIv1.5 USDJPY,M1: 2017.03.31 16:361 in USDJPY
0	16:34:22.609	CPIv1.5 USDJPY,M1: 2017.03.31 16:371 in USDJPY
0	16:36:22.734	CPIv1.5 USDJPY,M1: 2017.03.31 16:391Медвежий Доджи in USDJPY
0	16:37:22.983	CPIv1.5 USDJPY,M1: 2017.03.31 16:401 in USDJPY
0	16:38:22.744	CPIv1.5 USDJPY,M1: 2017.03.31 16:411Модель поглощения in USDJPY
0	16:39:23.132	CPIv1.5 USDJPY,M1: 2017.03.31 16:421 in USDJPY
0	16:40:23.438	CPIv1.5 USDJPY,M1: 2017.03.31 16:431Медвежий Доджи in USDJPY
0	16:41:22.999	CPIv1.5 USDJPY,M1: 2017.03.31 16:441 in USDJPY
0	16:42:23.883	CPIv1.5 USDJPY,M1: 2017.03.31 16:451Бычий Доджи in USDJPY
0	16:42:24.095	CPIv1.5 EURUSD,M5: 2017.03.31 16:455 in EURUSD
0	16:43:24.443	CPIv1.5 USDJPY,M1: 2017.03.31 16:461 in USDJPY
0	16:45:22.983	CPIv1.5 USDJPY,M1: 2017.03.31 16:481 in USDJPY
0	16:47:23.051	CPIv1.5 EURUSD,M5: 2017.03.31 16:505Разрыв Тасуки in EURUSD
0	16:48:22.838	CPIv1.5 USDJPY,M1: 2017.03.31 16:511Модель поглощения in USDJPY
0	16:49:22.964	CPIv1.5 USDJPY,M1: 2017.03.31 16:521 in USDJPY
0	16:50:23.896	CPIv1.5 USDJPY,M1: 2017.03.31 16:531Медвежий Доджи in USDJPY
0	16:51:23.081	CPIv1.5 USDJPY,M1: 2017.03.31 16:541 in USDJPY
0	16:52:22.473	CPIv1.5 USDJPY,M1: 2017.03.31 16:551 in USDJPY
0	16:52:23.800	CPIv1.5 EURUSD,M5: 2017.03.31 16:555Разрыв Тасуки in EURUSD
0	16:53:22.779	CPIv1.5 USDJPY,M1: 2017.03.31 16:561Медвежий Доджи in USDJPY
0	16:54:23.407	CPIv1.5 USDJPY,M1: 2017.03.31 16:571Бычий Доджи in USDJPY
0	16:55:25.007	CPIv1.5 USDJPY,M1: 2017.03.31 16:581 in USDJPY
0	16:56:23.962	CPIv1.5 USDJPY,M1: 2017.03.31 16:591 in USDJPY
0	16:57:24.788	CPIv1.5 NQ,H1: 2017.03.31 17:0060Медвежий Доджи in NQ
0	16:57:24.850	CPIv1.5 YM,H1: 2017.03.31 17:0060Модель поглощения in YM
0	16:57:25.340	CPIv1.5 EURUSD,M5: 2017.03.31 17:005Разрыв Тасуки in EURUSD
0	16:58:22.745	CPIv1.5 USDJPY,M1: 2017.03.31 17:011Бычий Доджи in USDJPY
0	16:59:23.124	CPIv1.5 USDJPY,M1: 2017.03.31 17:021 in USDJPY
0	17:00:22.940	CPIv1.5 USDJPY,M1: 2017.03.31 17:031Медвежий Доджи in USDJPY
0	17:01:22.660	CPIv1.5 USDJPY,M1: 2017.03.31 17:041 in USDJPY
0	17:02:22.828	CPIv1.5 EURUSD,M5: 2017.03.31 17:055Разрыв Тасуки in EURUSD
0	17:02:25.087	CPIv1.5 USDJPY,M1: 2017.03.31 17:051 in USDJPY
0	17:04:23.765	CPIv1.5 USDJPY,M1: 2017.03.31 17:071Медвежий Доджи in USDJPY
0	17:05:22.673	CPIv1.5 USDJPY,M1: 2017.03.31 17:081 in USDJPY
0	17:07:22.935	CPIv1.5 EURUSD,M5: 2017.03.31 17:105Разрыв Тасуки in EURUSD
0	17:09:24.766	CPIv1.5 USDJPY,M1: 2017.03.31 17:121Бычий Доджи in USDJPY
0	17:10:23.026	CPIv1.5 USDJPY,M1: 2017.03.31 17:131Бычий Доджи in USDJPY
0	17:11:24.160	CPIv1.5 USDJPY,M1: 2017.03.31 17:141Бычий Доджи in USDJPY
0	17:12:22.705	CPIv1.5 USDJPY,M1: 2017.03.31 17:151 in USDJPY
0	17:12:22.905	CPIv1.5 EURUSD,M5: 2017.03.31 17:155Разрыв Тасуки in EURUSD
0	17:14:23.057	CPIv1.5 USDJPY,M1: 2017.03.31 17:171Медвежий Доджи in USDJPY
0	17:15:23.816	CPIv1.5 USDJPY,M1: 2017.03.31 17:181 in USDJPY
0	17:16:24.233	CPIv1.5 USDJPY,M1: 2017.03.31 17:191Медвежий Доджи in USDJPY
0	17:17:22.976	CPIv1.5 EURUSD,M5: 2017.03.31 17:205Разрыв Тасуки in EURUSD
0	17:17:23.498	CPIv1.5 USDJPY,M1: 2017.03.31 17:201 in USDJPY
0	17:18:24.150	CPIv1.5 USDJPY,M1: 2017.03.31 17:211 in USDJPY
0	17:19:24.253	CPIv1.5 USDJPY,M1: 2017.03.31 17:221Бычий Доджи in USDJPY
0	17:20:23.589	CPIv1.5 USDJPY,M1: 2017.03.31 17:231 in USDJPY
0	17:21:23.084	CPIv1.5 USDJPY,M1: 2017.03.31 17:241 in USDJPY
0	17:22:23.794	CPIv1.5 USDJPY,M1: 2017.03.31 17:251Бычий Доджи in USDJPY
0	17:22:23.982	CPIv1.5 EURUSD,M5: 2017.03.31 17:255 in EURUSD
0	17:23:23.912	CPIv1.5 USDJPY,M1: 2017.03.31 17:261Медвежий Доджи in USDJPY
0	17:24:24.046	CPIv1.5 USDJPY,M1: 2017.03.31 17:271Вечерняя звезда in USDJPY
0	17:25:23.437	CPIv1.5 USDJPY,M1: 2017.03.31 17:281 in USDJPY
0	17:26:23.718	CPIv1.5 USDJPY,M1: 2017.03.31 17:291Бычий Доджи in USDJPY
0	17:27:23.535	CPIv1.5 USDJPY,M1: 2017.03.31 17:301 in USDJPY
0	17:27:24.351	CPIv1.5 EURUSD,M5: 2017.03.31 17:305Разрыв Тасуки in EURUSD
0	17:29:26.783	CPIv1.5 USDJPY,M1: 2017.03.31 17:321Медвежий Доджи in USDJPY
0	17:30:23.878	CPIv1.5 USDJPY,M1: 2017.03.31 17:331 in USDJPY
0	17:31:22.673	CPIv1.5 USDJPY,M1: 2017.03.31 17:341 in USDJPY
0	17:32:22.857	CPIv1.5 EURUSD,M5: 2017.03.31 17:355Разрыв Тасуки in EURUSD
0	17:34:24.217	CPIv1.5 USDJPY,M1: 2017.03.31 17:371 in USDJPY
0	17:35:23.045	CPIv1.5 USDJPY,M1: 2017.03.31 17:381Медвежий Доджи in USDJPY
0	17:36:23.201	CPIv1.5 USDJPY,M1: 2017.03.31 17:391 in USDJPY
0	17:37:23.663	CPIv1.5 USDJPY,M1: 2017.03.31 17:401Медвежий Доджи in USDJPY
0	17:38:23.126	CPIv1.5 USDJPY,M1: 2017.03.31 17:411 in USDJPY
0	17:40:24.190	CPIv1.5 USDJPY,M1: 2017.03.31 17:431 in USDJPY
0	17:42:23.303	CPIv1.5 USDJPY,M1: 2017.03.31 17:451 in USDJPY
0	17:43:22.971	CPIv1.5 USDJPY,M1: 2017.03.31 17:461 in USDJPY
0	17:44:22.552	CPIv1.5 USDJPY,M1: 2017.03.31 17:471Бычий Доджи in USDJPY
0	17:45:24.482	CPIv1.5 USDJPY,M1: 2017.03.31 17:481Бычий Доджи in USDJPY
0	17:46:23.507	CPIv1.5 USDJPY,M1: 2017.03.31 17:491Бычий Доджи in USDJPY
0	17:47:22.990	CPIv1.5 EURUSD,M5: 2017.03.31 17:505 in EURUSD
0	17:47:23.294	CPIv1.5 USDJPY,M1: 2017.03.31 17:501Модель поглощения in USDJPY
0	17:49:23.086	CPIv1.5 USDJPY,M1: 2017.03.31 17:521Бычий Доджи in USDJPY
0	17:50:23.563	CPIv1.5 USDJPY,M1: 2017.03.31 17:531 in USDJPY
0	17:51:23.207	CPIv1.5 USDJPY,M1: 2017.03.31 17:541Бычий Доджи in USDJPY
0	17:52:22.540	CPIv1.5 EURUSD,M5: 2017.03.31 17:555 in EURUSD
0	17:52:22.846	CPIv1.5 USDJPY,M1: 2017.03.31 17:551 in USDJPY
0	17:54:22.668	CPIv1.5 USDJPY,M1: 2017.03.31 17:571Падающая звезда in USDJPY
0	17:56:25.817	CPIv1.5 USDJPY,M1: 2017.03.31 17:591Бычий Доджи in USDJPY
0	17:57:26.263	CPIv1.5 EURUSD,M5: 2017.03.31 18:005Разрыв Тасуки in EURUSD
0	17:57:26.569	CPIv1.5 USDJPY,M1: 2017.03.31 18:001Бычий Доджи in USDJPY
0	17:57:27.694	CPIv1.5 NQ,H1: 2017.03.31 18:0060Медвежий Доджи in NQ
0	17:57:28.314	CPIv1.5 YM,H1: 2017.03.31 18:0060 in YM
0	17:58:26.481	CPIv1.5 USDJPY,M1: 2017.03.31 18:011 in USDJPY
0	17:59:27.627	CPIv1.5 USDJPY,M1: 2017.03.31 18:021Бычий Доджи in USDJPY
0	18:00:26.171	CPIv1.5 USDJPY,M1: 2017.03.31 18:031 in USDJPY
0	18:02:22.935	CPIv1.5 USDJPY,M1: 2017.03.31 18:051Медвежий Доджи in USDJPY
0	18:02:23.144	CPIv1.5 EURUSD,M5: 2017.03.31 18:055Разрыв Тасуки in EURUSD
0	18:03:25.940	CPIv1.5 USDJPY,M1: 2017.03.31 18:061 in USDJPY
0	18:05:23.175	CPIv1.5 USDJPY,M1: 2017.03.31 18:081 in USDJPY
0	18:07:22.842	CPIv1.5 USDJPY,M1: 2017.03.31 18:101 in USDJPY
0	18:07:23.269	CPIv1.5 EURUSD,M5: 2017.03.31 18:105Разрыв Тасуки in EURUSD
0	18:08:22.736	CPIv1.5 USDJPY,M1: 2017.03.31 18:111Бычий Доджи in USDJPY
0	18:09:25.327	CPIv1.5 USDJPY,M1: 2017.03.31 18:121 in USDJPY
0	18:10:23.560	CPIv1.5 USDJPY,M1: 2017.03.31 18:131 in USDJPY
0	18:11:23.729	CPIv1.5 USDJPY,M1: 2017.03.31 18:141 in USDJPY
0	18:12:23.779	CPIv1.5 EURUSD,M5: 2017.03.31 18:155Разрыв Тасуки in EURUSD
0	18:12:24.300	CPIv1.5 USDJPY,M1: 2017.03.31 18:151Бычий Доджи in USDJPY
0	18:13:23.836	CPIv1.5 USDJPY,M1: 2017.03.31 18:161Утрення звезда in USDJPY
0	18:17:25.613	CPIv1.5 USDJPY,M1: 2017.03.31 18:201Бычий Доджи in USDJPY
0	18:18:23.253	CPIv1.5 USDJPY,M1: 2017.03.31 18:211 in USDJPY
0	18:19:23.187	CPIv1.5 USDJPY,M1: 2017.03.31 18:221Падающая звезда in USDJPY
0	18:20:23.895	CPIv1.5 USDJPY,M1: 2017.03.31 18:231Медвежий Доджи in USDJPY
0	18:21:24.363	CPIv1.5 USDJPY,M1: 2017.03.31 18:241 in USDJPY
0	18:22:22.929	CPIv1.5 USDJPY,M1: 2017.03.31 18:251 in USDJPY
0	18:25:22.735	CPIv1.5 USDJPY,M1: 2017.03.31 18:281Медвежий Доджи in USDJPY
0	18:26:23.190	CPIv1.5 USDJPY,M1: 2017.03.31 18:291 in USDJPY
0	18:27:22.881	CPIv1.5 USDJPY,M1: 2017.03.31 18:301 in USDJPY
0	18:27:23.086	CPIv1.5 EURUSD,M5: 2017.03.31 18:305 in EURUSD
0	18:30:22.591	CPIv1.5 USDJPY,M1: 2017.03.31 18:331 in USDJPY
0	18:31:22.593	CPIv1.5 USDJPY,M1: 2017.03.31 18:341Медвежий Доджи in USDJPY
0	18:32:23.265	CPIv1.5 USDJPY,M1: 2017.03.31 18:351 in USDJPY
0	18:32:23.473	CPIv1.5 EURUSD,M5: 2017.03.31 18:355Разрыв Тасуки in EURUSD
0	18:33:26.719	CPIv1.5 USDJPY,M1: 2017.03.31 18:361Бычий Доджи in USDJPY
0	18:34:23.236	CPIv1.5 USDJPY,M1: 2017.03.31 18:371Утрення звезда in USDJPY
0	18:35:23.127	CPIv1.5 USDJPY,M1: 2017.03.31 18:381 in USDJPY
0	18:36:22.962	CPIv1.5 USDJPY,M1: 2017.03.31 18:391 in USDJPY
0	18:37:22.838	CPIv1.5 EURUSD,M5: 2017.03.31 18:405Разрыв Тасуки in EURUSD
0	18:40:26.170	CPIv1.5 USDJPY,M1: 2017.03.31 18:431 in USDJPY
0	18:42:27.234	CPIv1.5 EURUSD,M5: 2017.03.31 18:455Разрыв Тасуки in EURUSD
0	18:43:23.975	CPIv1.5 USDJPY,M1: 2017.03.31 18:461Вечерняя звезда in USDJPY
0	18:44:25.009	CPIv1.5 USDJPY,M1: 2017.03.31 18:471 in USDJPY
0	18:46:23.420	CPIv1.5 USDJPY,M1: 2017.03.31 18:491 in USDJPY
0	18:49:23.429	CPIv1.5 USDJPY,M1: 2017.03.31 18:521Бычий Доджи in USDJPY
0	18:50:24.331	CPIv1.5 USDJPY,M1: 2017.03.31 18:531 in USDJPY
0	18:51:23.173	CPIv1.5 USDJPY,M1: 2017.03.31 18:541Бычий Доджи in USDJPY
0	18:52:22.727	CPIv1.5 USDJPY,M1: 2017.03.31 18:551 in USDJPY
0	18:56:23.276	CPIv1.5 USDJPY,M1: 2017.03.31 18:591 in USDJPY
0	18:57:29.019	CPIv1.5 NQ,H1: 2017.03.31 19:0060Медвежий Доджи in NQ
0	18:58:23.059	CPIv1.5 USDJPY,M1: 2017.03.31 19:011Утрення звезда in USDJPY
0	18:59:26.849	CPIv1.5 USDJPY,M1: 2017.03.31 19:021 in USDJPY
0	19:02:29.741	CPIv1.5 USDJPY,M1: 2017.03.31 19:051 in USDJPY
0	19:05:23.505	CPIv1.5 USDJPY,M1: 2017.03.31 19:081Медвежий Доджи in USDJPY
0	19:06:23.437	CPIv1.5 USDJPY,M1: 2017.03.31 19:091 in USDJPY
0	19:07:23.109	CPIv1.5 EURUSD,M5: 2017.03.31 19:105Разрыв Тасуки in EURUSD
0	19:14:24.431	CPIv1.5 USDJPY,M1: 2017.03.31 19:171Утрення звезда in USDJPY
0	19:15:22.629	CPIv1.5 USDJPY,M1: 2017.03.31 19:181 in USDJPY
0	19:16:22.619	CPIv1.5 USDJPY,M1: 2017.03.31 19:191 in USDJPY
0	19:17:22.764	CPIv1.5 EURUSD,M5: 2017.03.31 19:205Разрыв Тасуки in EURUSD
0	19:18:24.491	CPIv1.5 USDJPY,M1: 2017.03.31 19:211Бычий Доджи in USDJPY
0	19:20:24.043	CPIv1.5 USDJPY,M1: 2017.03.31 19:231 in USDJPY
0	19:22:23.699	CPIv1.5 USDJPY,M1: 2017.03.31 19:251 in USDJPY
0	19:23:25.328	CPIv1.5 USDJPY,M1: 2017.03.31 19:261Бычий Доджи in USDJPY
0	19:24:23.143	CPIv1.5 USDJPY,M1: 2017.03.31 19:271 in USDJPY
0	19:25:22.630	CPIv1.5 USDJPY,M1: 2017.03.31 19:281Модель поглощения in USDJPY
0	19:26:33.333	CPIv1.5 USDJPY,M1: 2017.03.31 19:291 in USDJPY
0	19:27:22.960	CPIv1.5 EURUSD,M5: 2017.03.31 19:305 in EURUSD
0	19:27:25.918	CPIv1.5 USDJPY,M1: 2017.03.31 19:301Медвежий Доджи in USDJPY
0	19:28:23.401	CPIv1.5 USDJPY,M1: 2017.03.31 19:311 in USDJPY
0	19:29:22.995	CPIv1.5 USDJPY,M1: 2017.03.31 19:321 in USDJPY
0	19:30:23.272	CPIv1.5 USDJPY,M1: 2017.03.31 19:331Бычий Доджи in USDJPY
0	19:31:23.277	CPIv1.5 USDJPY,M1: 2017.03.31 19:341 in USDJPY
0	19:32:26.274	CPIv1.5 USDJPY,M1: 2017.03.31 19:351 in USDJPY
0	19:32:26.501	CPIv1.5 EURUSD,M5: 2017.03.31 19:355Перевернутый молот in EURUSD
0	19:33:22.810	CPIv1.5 USDJPY,M1: 2017.03.31 19:361 in USDJPY
0	19:36:31.719	CPIv1.5 USDJPY,M1: 2017.03.31 19:391 in USDJPY
0	19:37:26.712	CPIv1.5 EURUSD,M5: 2017.03.31 19:405Разрыв Тасуки in EURUSD
0	19:37:27.998	CPIv1.5 USDJPY,M1: 2017.03.31 19:401 in USDJPY
0	19:38:34.962	CPIv1.5 USDJPY,M1: 2017.03.31 19:411 in USDJPY
0	19:39:23.670	CPIv1.5 USDJPY,M1: 2017.03.31 19:421 in USDJPY
0	19:40:25.344	CPIv1.5 USDJPY,M1: 2017.03.31 19:431Бычий Доджи in USDJPY
0	19:41:22.875	CPIv1.5 USDJPY,M1: 2017.03.31 19:441 in USDJPY
0	19:42:22.898	CPIv1.5 EURUSD,M5: 2017.03.31 19:455Разрыв Тасуки in EURUSD
0	19:42:23.246	CPIv1.5 USDJPY,M1: 2017.03.31 19:451Бычий Доджи in USDJPY
0	19:43:25.940	CPIv1.5 USDJPY,M1: 2017.03.31 19:461 in USDJPY
0	19:45:23.343	CPIv1.5 USDJPY,M1: 2017.03.31 19:481Бычий Доджи in USDJPY
0	19:46:22.583	CPIv1.5 USDJPY,M1: 2017.03.31 19:491 in USDJPY
0	19:47:29.458	CPIv1.5 EURUSD,M5: 2017.03.31 19:505 in EURUSD
0	19:48:22.673	CPIv1.5 USDJPY,M1: 2017.03.31 19:511Медвежий Доджи in USDJPY
0	19:50:23.323	CPIv1.5 USDJPY,M1: 2017.03.31 19:531 in USDJPY
0	19:52:22.707	CPIv1.5 EURUSD,M5: 2017.03.31 19:555Разрыв Тасуки in EURUSD
0	19:52:23.851	CPIv1.5 USDJPY,M1: 2017.03.31 19:551 in USDJPY
0	19:53:23.316	CPIv1.5 USDJPY,M1: 2017.03.31 19:561 in USDJPY
0	19:55:24.995	CPIv1.5 USDJPY,M1: 2017.03.31 19:581 in USDJPY
0	19:57:22.766	CPIv1.5 EURUSD,M5: 2017.03.31 20:005Разрыв Тасуки in EURUSD
0	19:57:24.203	CPIv1.5 NQ,H1: 2017.03.31 20:0060Медвежий Доджи in NQ
0	19:57:46.623	CPIv1.5 YM,H1: 2017.03.31 20:0060 in YM
0	19:59:27.819	CPIv1.5 USDJPY,M1: 2017.03.31 20:021Вечерняя звезда in USDJPY
0	20:00:22.962	CPIv1.5 USDJPY,M1: 2017.03.31 20:031Падающая звезда in USDJPY
0	20:02:22.984	CPIv1.5 USDJPY,M1: 2017.03.31 20:051 in USDJPY
0	20:02:23.517	CPIv1.5 EURUSD,M5: 2017.03.31 20:055 in EURUSD
0	20:03:24.154	CPIv1.5 USDJPY,M1: 2017.03.31 20:061 in USDJPY
0	20:05:26.272	CPIv1.5 USDJPY,M1: 2017.03.31 20:081Медвежий Доджи in USDJPY
0	20:06:22.802	CPIv1.5 USDJPY,M1: 2017.03.31 20:091 in USDJPY
0	20:07:22.537	CPIv1.5 USDJPY,M1: 2017.03.31 20:101Медвежий Доджи in USDJPY
0	20:07:27.250	CPIv1.5 EURUSD,M5: 2017.03.31 20:105Разрыв Тасуки in EURUSD
0	20:08:23.562	CPIv1.5 USDJPY,M1: 2017.03.31 20:111 in USDJPY
0	20:09:22.572	CPIv1.5 USDJPY,M1: 2017.03.31 20:121 in USDJPY
0	20:11:23.475	CPIv1.5 USDJPY,M1: 2017.03.31 20:141 in USDJPY
0	20:12:23.294	CPIv1.5 USDJPY,M1: 2017.03.31 20:151 in USDJPY
0	20:12:28.661	CPIv1.5 EURUSD,M5: 2017.03.31 20:155Разрыв Тасуки in EURUSD
0	20:13:24.881	CPIv1.5 USDJPY,M1: 2017.03.31 20:161Медвежий Доджи in USDJPY
0	20:14:25.265	CPIv1.5 USDJPY,M1: 2017.03.31 20:171 in USDJPY
0	20:17:23.255	CPIv1.5 EURUSD,M5: 2017.03.31 20:205Разрыв Тасуки in EURUSD
0	20:18:24.974	CPIv1.5 USDJPY,M1: 2017.03.31 20:211 in USDJPY
0	20:19:24.046	CPIv1.5 USDJPY,M1: 2017.03.31 20:221Медвежий Доджи in USDJPY
0	20:20:25.294	CPIv1.5 USDJPY,M1: 2017.03.31 20:231 in USDJPY
0	20:21:23.927	CPIv1.5 USDJPY,M1: 2017.03.31 20:241 in USDJPY
0	20:22:22.906	CPIv1.5 EURUSD,M5: 2017.03.31 20:255Разрыв Тасуки in EURUSD
0	20:23:24.006	CPIv1.5 USDJPY,M1: 2017.03.31 20:261Падающая звезда in USDJPY
0	20:25:22.900	CPIv1.5 USDJPY,M1: 2017.03.31 20:281 in USDJPY
0	20:26:25.160	CPIv1.5 USDJPY,M1: 2017.03.31 20:291 in USDJPY
0	20:27:22.459	CPIv1.5 EURUSD,M5: 2017.03.31 20:305Разрыв Тасуки in EURUSD
0	20:27:23.459	CPIv1.5 USDJPY,M1: 2017.03.31 20:301 in USDJPY
0	20:29:22.522	CPIv1.5 USDJPY,M1: 2017.03.31 20:321Падающая звезда in USDJPY
0	20:30:24.526	CPIv1.5 USDJPY,M1: 2017.03.31 20:331 in USDJPY
0	20:32:23.682	CPIv1.5 EURUSD,M5: 2017.03.31 20:355Разрыв Тасуки in EURUSD
0	20:33:34.643	CPIv1.5 USDJPY,M1: 2017.03.31 20:361Бычий Доджи in USDJPY
0	20:34:22.714	CPIv1.5 USDJPY,M1: 2017.03.31 20:371Падающая звезда in USDJPY
0	20:35:25.576	CPIv1.5 USDJPY,M1: 2017.03.31 20:381 in USDJPY
0	20:36:22.600	CPIv1.5 USDJPY,M1: 2017.03.31 20:391 in USDJPY
0	20:37:23.823	CPIv1.5 EURUSD,M5: 2017.03.31 20:405Разрыв Тасуки in EURUSD
0	20:38:24.967	CPIv1.5 USDJPY,M1: 2017.03.31 20:411 in USDJPY
0	20:39:23.384	CPIv1.5 USDJPY,M1: 2017.03.31 20:421 in USDJPY
0	20:43:27.995	CPIv1.5 USDJPY,M1: 2017.03.31 20:461Бычий Доджи in USDJPY
0	20:44:22.856	CPIv1.5 USDJPY,M1: 2017.03.31 20:471 in USDJPY
0	20:45:23.076	CPIv1.5 USDJPY,M1: 2017.03.31 20:481 in USDJPY
0	20:47:22.620	CPIv1.5 EURUSD,M5: 2017.03.31 20:505 in EURUSD
0	20:49:23.094	CPIv1.5 USDJPY,M1: 2017.03.31 20:521 in USDJPY
0	20:52:22.586	CPIv1.5 EURUSD,M5: 2017.03.31 20:555Разрыв Тасуки in EURUSD
0	20:53:23.870	CPIv1.5 USDJPY,M1: 2017.03.31 20:561 in USDJPY
0	20:56:24.291	CPIv1.5 USDJPY,M1: 2017.03.31 20:591 in USDJPY
0	20:57:22.663	CPIv1.5 YM,H1: 2017.03.31 21:0060Падающая звезда in YM
0	20:57:22.663	ax_adv_023 AUDUSD,M15: AUDUSD [SELLSTOP ]:(4109)trade is not allowed in the expert properties AUDUSD lot=0.01 price=0.76409 slippage=3 sl=0.76493 tp=0.00000 comment= exp=1490994901
0	20:57:22.974	CPIv1.5 USDJPY,M1: 2017.03.31 21:001 in USDJPY
0	20:57:23.167	CPIv1.5 EURUSD,M5: 2017.03.31 21:005Разрыв Тасуки in EURUSD
0	20:57:23.204	CPIv1.5 NQ,H1: 2017.03.31 21:0060Медвежий Доджи in NQ
0	20:58:25.791	CPIv1.5 USDJPY,M1: 2017.03.31 21:011Повешенный in USDJPY
0	20:59:22.810	CPIv1.5 USDJPY,M1: 2017.03.31 21:021 in USDJPY
0	21:00:23.715	CPIv1.5 USDJPY,M1: 2017.03.31 21:031Вечерняя звезда in USDJPY
0	21:01:23.004	CPIv1.5 USDJPY,M1: 2017.03.31 21:041 in USDJPY
0	21:02:30.975	CPIv1.5 EURUSD,M5: 2017.03.31 21:055 in EURUSD
0	21:04:23.820	CPIv1.5 USDJPY,M1: 2017.03.31 21:071Бычий Доджи in USDJPY
0	21:05:23.198	CPIv1.5 USDJPY,M1: 2017.03.31 21:081 in USDJPY
0	21:06:36.602	CPIv1.5 USDJPY,M1: 2017.03.31 21:091 in USDJPY
0	21:07:23.995	CPIv1.5 EURUSD,M5: 2017.03.31 21:105Разрыв Тасуки in EURUSD
0	21:08:23.120	CPIv1.5 USDJPY,M1: 2017.03.31 21:111Модель поглощения in USDJPY
0	21:09:22.725	CPIv1.5 USDJPY,M1: 2017.03.31 21:121Бычий Доджи in USDJPY
0	21:10:22.864	CPIv1.5 USDJPY,M1: 2017.03.31 21:131Бычий Доджи in USDJPY
0	21:11:22.976	CPIv1.5 USDJPY,M1: 2017.03.31 21:141Бычий Доджи in USDJPY
0	21:12:22.825	CPIv1.5 USDJPY,M1: 2017.03.31 21:151 in USDJPY
0	21:12:23.034	CPIv1.5 EURUSD,M5: 2017.03.31 21:155Разрыв Тасуки in EURUSD
0	21:14:23.601	CPIv1.5 USDJPY,M1: 2017.03.31 21:171Бычий Доджи in USDJPY
0	21:16:23.015	CPIv1.5 USDJPY,M1: 2017.03.31 21:191 in USDJPY
0	21:17:23.513	CPIv1.5 USDJPY,M1: 2017.03.31 21:201 in USDJPY
0	21:18:22.861	CPIv1.5 USDJPY,M1: 2017.03.31 21:211 in USDJPY
0	21:22:41.046	CPIv1.5 EURUSD,M5: 2017.03.31 21:255 in EURUSD
0	21:23:24.911	CPIv1.5 USDJPY,M1: 2017.03.31 21:261 in USDJPY
0	21:25:24.211	CPIv1.5 USDJPY,M1: 2017.03.31 21:281Медвежий Доджи in USDJPY
0	21:26:25.451	CPIv1.5 USDJPY,M1: 2017.03.31 21:291Падающая звезда in USDJPY
0	21:27:22.857	CPIv1.5 USDJPY,M1: 2017.03.31 21:301 in USDJPY
0	21:27:23.109	CPIv1.5 EURUSD,M5: 2017.03.31 21:305Разрыв Тасуки in EURUSD
0	21:28:31.195	CPIv1.5 USDJPY,M1: 2017.03.31 21:311 in USDJPY
0	21:31:23.769	CPIv1.5 USDJPY,M1: 2017.03.31 21:341Медвежий Доджи in USDJPY
0	21:32:22.522	CPIv1.5 EURUSD,M5: 2017.03.31 21:355Разрыв Тасуки in EURUSD
0	21:32:22.842	CPIv1.5 USDJPY,M1: 2017.03.31 21:351Вечерняя звезда in USDJPY
0	21:33:23.216	CPIv1.5 USDJPY,M1: 2017.03.31 21:361 in USDJPY
0	21:34:22.947	CPIv1.5 USDJPY,M1: 2017.03.31 21:371 in USDJPY
0	21:37:22.532	CPIv1.5 EURUSD,M5: 2017.03.31 21:405 in EURUSD
0	21:38:22.574	CPIv1.5 USDJPY,M1: 2017.03.31 21:411Модель поглощения in USDJPY
0	21:39:23.187	CPIv1.5 USDJPY,M1: 2017.03.31 21:421Медвежий Доджи in USDJPY
0	21:40:23.014	CPIv1.5 USDJPY,M1: 2017.03.31 21:431 in USDJPY
0	21:41:37.214	CPIv1.5 USDJPY,M1: 2017.03.31 21:441 in USDJPY
0	21:42:23.282	CPIv1.5 EURUSD,M5: 2017.03.31 21:455Разрыв Тасуки in EURUSD
0	21:43:24.806	CPIv1.5 USDJPY,M1: 2017.03.31 21:461 in USDJPY
0	21:44:22.693	CPIv1.5 USDJPY,M1: 2017.03.31 21:471 in USDJPY
0	21:45:23.536	CPIv1.5 USDJPY,M1: 2017.03.31 21:481Просвет в облаках in USDJPY
0	21:46:22.629	CPIv1.5 USDJPY,M1: 2017.03.31 21:491 in USDJPY
0	21:47:23.071	CPIv1.5 EURUSD,M5: 2017.03.31 21:505 in EURUSD
0	21:48:22.725	CPIv1.5 USDJPY,M1: 2017.03.31 21:511 in USDJPY
0	21:49:27.049	CPIv1.5 USDJPY,M1: 2017.03.31 21:521 in USDJPY
0	21:51:27.808	CPIv1.5 USDJPY,M1: 2017.03.31 21:541 in USDJPY
0	21:52:24.396	CPIv1.5 EURUSD,M5: 2017.03.31 21:555Разрыв Тасуки in EURUSD
0	21:53:22.696	CPIv1.5 USDJPY,M1: 2017.03.31 21:561 in USDJPY
0	21:55:22.874	CPIv1.5 USDJPY,M1: 2017.03.31 21:581 in USDJPY
0	21:56:22.827	CPIv1.5 USDJPY,M1: 2017.03.31 21:591 in USDJPY
0	21:57:22.659	CPIv1.5 USDJPY,M1: 2017.03.31 22:001 in USDJPY
0	21:57:23.383	CPIv1.5 EURUSD,M5: 2017.03.31 22:005Разрыв Тасуки in EURUSD
0	21:57:23.393	CPIv1.5 NQ,H1: 2017.03.31 22:0060Медвежий Доджи in NQ
0	21:58:24.743	CPIv1.5 USDJPY,M1: 2017.03.31 22:011 in USDJPY
0	21:59:23.650	CPIv1.5 USDJPY,M1: 2017.03.31 22:021 in USDJPY
0	22:00:23.714	CPIv1.5 USDJPY,M1: 2017.03.31 22:031 in USDJPY
0	22:03:22.747	CPIv1.5 USDJPY,M1: 2017.03.31 22:061Медвежий Доджи in USDJPY
0	22:04:24.916	CPIv1.5 USDJPY,M1: 2017.03.31 22:071 in USDJPY
0	22:07:22.725	CPIv1.5 USDJPY,M1: 2017.03.31 22:101 in USDJPY
0	22:07:22.935	CPIv1.5 EURUSD,M5: 2017.03.31 22:105Разрыв Тасуки in EURUSD
0	22:08:34.048	CPIv1.5 USDJPY,M1: 2017.03.31 22:111 in USDJPY
0	22:10:23.763	CPIv1.5 USDJPY,M1: 2017.03.31 22:131 in USDJPY
0	22:13:23.481	CPIv1.5 USDJPY,M1: 2017.03.31 22:161 in USDJPY
0	22:14:22.606	CPIv1.5 USDJPY,M1: 2017.03.31 22:171Медвежий Доджи in USDJPY
0	22:15:23.670	CPIv1.5 USDJPY,M1: 2017.03.31 22:181 in USDJPY
0	22:16:23.250	CPIv1.5 USDJPY,M1: 2017.03.31 22:191Вечерняя звезда in USDJPY
0	22:17:23.135	CPIv1.5 USDJPY,M1: 2017.03.31 22:201 in USDJPY
0	22:18:24.443	CPIv1.5 USDJPY,M1: 2017.03.31 22:211Медвежий Доджи in USDJPY
0	22:19:23.590	CPIv1.5 USDJPY,M1: 2017.03.31 22:221 in USDJPY
0	22:20:22.820	CPIv1.5 USDJPY,M1: 2017.03.31 22:231Медвежий Доджи in USDJPY
0	22:21:27.553	CPIv1.5 USDJPY,M1: 2017.03.31 22:241 in USDJPY
0	22:22:24.766	CPIv1.5 USDJPY,M1: 2017.03.31 22:251 in USDJPY
0	22:22:25.910	CPIv1.5 EURUSD,M5: 2017.03.31 22:255Разрыв Тасуки in EURUSD
0	22:23:22.934	CPIv1.5 USDJPY,M1: 2017.03.31 22:261 in USDJPY
0	22:25:23.506	CPIv1.5 USDJPY,M1: 2017.03.31 22:281 in USDJPY
0	22:26:23.041	CPIv1.5 USDJPY,M1: 2017.03.31 22:291Бычий Доджи in USDJPY
0	22:27:23.264	CPIv1.5 USDJPY,M1: 2017.03.31 22:301 in USDJPY
0	22:27:24.093	CPIv1.5 EURUSD,M5: 2017.03.31 22:305Разрыв Тасуки in EURUSD
0	22:28:23.278	CPIv1.5 USDJPY,M1: 2017.03.31 22:311 in USDJPY
0	22:29:25.394	CPIv1.5 USDJPY,M1: 2017.03.31 22:321 in USDJPY
0	22:32:22.886	CPIv1.5 USDJPY,M1: 2017.03.31 22:351Медвежий Доджи in USDJPY
0	22:32:31.493	CPIv1.5 EURUSD,M5: 2017.03.31 22:355Разрыв Тасуки in EURUSD
0	22:33:23.088	CPIv1.5 USDJPY,M1: 2017.03.31 22:361 in USDJPY
0	22:34:24.732	CPIv1.5 USDJPY,M1: 2017.03.31 22:371 in USDJPY
0	22:35:23.065	CPIv1.5 USDJPY,M1: 2017.03.31 22:381Модель поглощения in USDJPY
0	22:36:23.745	CPIv1.5 USDJPY,M1: 2017.03.31 22:391 in USDJPY
0	22:37:22.695	CPIv1.5 EURUSD,M5: 2017.03.31 22:405Разрыв Тасуки in EURUSD
0	22:39:22.947	CPIv1.5 USDJPY,M1: 2017.03.31 22:421Бычий Доджи in USDJPY
0	22:40:24.038	CPIv1.5 USDJPY,M1: 2017.03.31 22:431 in USDJPY
0	22:41:23.356	CPIv1.5 USDJPY,M1: 2017.03.31 22:441Медвежий Доджи in USDJPY
0	22:42:22.707	CPIv1.5 USDJPY,M1: 2017.03.31 22:451 in USDJPY
0	22:42:23.524	CPIv1.5 EURUSD,M5: 2017.03.31 22:455 in EURUSD
0	22:45:26.218	CPIv1.5 USDJPY,M1: 2017.03.31 22:481 in USDJPY
0	22:46:22.890	CPIv1.5 USDJPY,M1: 2017.03.31 22:491Бычий Доджи in USDJPY
0	22:47:23.101	CPIv1.5 USDJPY,M1: 2017.03.31 22:501 in USDJPY
0	22:47:23.745	CPIv1.5 EURUSD,M5: 2017.03.31 22:505Разрыв Тасуки in EURUSD
0	22:48:22.840	CPIv1.5 USDJPY,M1: 2017.03.31 22:511 in USDJPY
0	22:49:23.126	CPIv1.5 USDJPY,M1: 2017.03.31 22:521 in USDJPY
0	22:52:23.289	CPIv1.5 EURUSD,M5: 2017.03.31 22:555Разрыв Тасуки in EURUSD
0	22:54:24.136	CPIv1.5 USDJPY,M1: 2017.03.31 22:571 in USDJPY
0	22:56:23.055	CPIv1.5 USDJPY,M1: 2017.03.31 22:591Бычий Доджи in USDJPY
0	22:57:22.727	CPIv1.5 EURUSD,M5: 2017.03.31 23:005Разрыв Тасуки in EURUSD
0	22:57:22.738	CPIv1.5 NQ,H1: 2017.03.31 23:0060Бычий Доджи in NQ
0	22:57:22.788	CPIv1.5 YM,H1: 2017.03.31 23:0060Бычий Доджи in YM
0	22:57:23.107	CPIv1.5 USDJPY,M1: 2017.03.31 23:001Перевернутый молот in USDJPY
0	22:59:22.982	CPIv1.5 USDJPY,M1: 2017.03.31 23:021 in USDJPY
0	23:00:26.214	CPIv1.5 USDJPY,M1: 2017.03.31 23:031 in USDJPY
0	23:05:25.384	CPIv1.5 USDJPY,M1: 2017.03.31 23:081 in USDJPY
0	23:06:22.681	CPIv1.5 USDJPY,M1: 2017.03.31 23:091Вечерняя звезда in USDJPY
0	23:08:23.345	CPIv1.5 USDJPY,M1: 2017.03.31 23:111Модель поглощения in USDJPY
0	23:09:23.024	CPIv1.5 USDJPY,M1: 2017.03.31 23:121 in USDJPY
0	23:11:22.703	CPIv1.5 USDJPY,M1: 2017.03.31 23:141 in USDJPY
0	23:12:23.550	CPIv1.5 EURUSD,M5: 2017.03.31 23:155Разрыв Тасуки in EURUSD
0	23:13:22.858	CPIv1.5 USDJPY,M1: 2017.03.31 23:161 in USDJPY
0	23:14:23.951	CPIv1.5 USDJPY,M1: 2017.03.31 23:171Медвежий Доджи in USDJPY
0	23:15:22.773	CPIv1.5 USDJPY,M1: 2017.03.31 23:181 in USDJPY
0	23:17:22.941	CPIv1.5 USDJPY,M1: 2017.03.31 23:201Вечерняя звезда in USDJPY
0	23:17:23.747	CPIv1.5 EURUSD,M5: 2017.03.31 23:205Разрыв Тасуки in EURUSD
0	23:18:23.708	CPIv1.5 USDJPY,M1: 2017.03.31 23:211Бычий Доджи in USDJPY
0	23:19:23.248	CPIv1.5 USDJPY,M1: 2017.03.31 23:221 in USDJPY
0	23:22:27.385	CPIv1.5 EURUSD,M5: 2017.03.31 23:255Разрыв Тасуки in EURUSD
0	23:26:23.669	CPIv1.5 USDJPY,M1: 2017.03.31 23:291 in USDJPY
0	23:27:23.046	CPIv1.5 USDJPY,M1: 2017.03.31 23:301 in USDJPY
0	23:27:23.560	CPIv1.5 EURUSD,M5: 2017.03.31 23:305Разрыв Тасуки in EURUSD
0	23:28:23.830	CPIv1.5 USDJPY,M1: 2017.03.31 23:311Падающая звезда in USDJPY
0	23:29:22.811	CPIv1.5 USDJPY,M1: 2017.03.31 23:321 in USDJPY
0	23:30:23.205	CPIv1.5 USDJPY,M1: 2017.03.31 23:331 in USDJPY
0	23:31:22.783	CPIv1.5 USDJPY,M1: 2017.03.31 23:341 in USDJPY
0	23:34:23.849	CPIv1.5 USDJPY,M1: 2017.03.31 23:371 in USDJPY
0	23:35:27.853	CPIv1.5 USDJPY,M1: 2017.03.31 23:381 in USDJPY
0	23:36:27.595	CPIv1.5 USDJPY,M1: 2017.03.31 23:391 in USDJPY
0	23:37:22.762	CPIv1.5 USDJPY,M1: 2017.03.31 23:401 in USDJPY
0	23:38:23.797	CPIv1.5 USDJPY,M1: 2017.03.31 23:411Падающая звезда in USDJPY
0	23:40:23.647	CPIv1.5 USDJPY,M1: 2017.03.31 23:431Медвежий Доджи in USDJPY
0	23:41:22.728	CPIv1.5 USDJPY,M1: 2017.03.31 23:441Медвежий Доджи in USDJPY
0	23:42:22.721	CPIv1.5 USDJPY,M1: 2017.03.31 23:451Вечерняя звезда in USDJPY
0	23:43:23.471	CPIv1.5 USDJPY,M1: 2017.03.31 23:461 in USDJPY
0	23:44:27.107	CPIv1.5 USDJPY,M1: 2017.03.31 23:471 in USDJPY
0	23:46:22.805	CPIv1.5 USDJPY,M1: 2017.03.31 23:491Модель поглощения in USDJPY
0	23:47:22.782	CPIv1.5 USDJPY,M1: 2017.03.31 23:501Модель поглощения in USDJPY
0	23:47:22.992	CPIv1.5 EURUSD,M5: 2017.03.31 23:505 in EURUSD
0	23:48:22.702	CPIv1.5 USDJPY,M1: 2017.03.31 23:511Бычий Доджи in USDJPY
0	23:49:27.427	CPIv1.5 USDJPY,M1: 2017.03.31 23:521 in USDJPY
0	23:52:22.638	CPIv1.5 EURUSD,M5: 2017.03.31 23:555Разрыв Тасуки in EURUSD
0	23:53:22.657	CPIv1.5 USDJPY,M1: 2017.03.31 23:561 in USDJPY
0	23:54:22.782	CPIv1.5 USDJPY,M1: 2017.03.31 23:571 in USDJPY
0	23:55:22.762	CPIv1.5 USDJPY,M1: 2017.03.31 23:581 in USDJPY
0	11:36:07.374	ax_adv_033_2 EURUSD,M5: EURUSD [BUYSTOP ]:(130)invalid stops EURUSD lot=0.01 price=1.06687 slippage=3 sl=1.06553 tp=1.06955 comment= exp=1491406801
2	11:36:07.873	ax_adv_033_2 GBPUSD,M5: open #75067477 buy stop 0.01 GBPUSD at 1.24824 sl: 1.24704 tp: 1.25064 ok
2	11:36:07.878	ax_adv_033_2 USDJPY,M5: open #75067478 buy stop 0.01 USDJPY at 111.240 sl: 111.146 tp: 111.428 ok
0	11:41:07.416	ax_adv_033_2 USDJPY,M5: USDJPY [BUYSTOP ]:(130)invalid stops USDJPY lot=0.01 price=111.221 slippage=3 sl=111.131 tp=111.401 comment= exp=1491407101
2	11:41:07.814	ax_adv_033_2 GBPUSD,M5: open #75068107 buy stop 0.01 GBPUSD at 1.24894 sl: 1.24774 tp: 1.25134 ok
2	11:41:08.582	ax_adv_033_2 EURUSD,M5: open #75068114 buy stop 0.01 EURUSD at 1.06718 sl: 1.06642 tp: 1.06870 ok
2	11:46:07.776	ax_adv_033_2 GBPUSD,M5: open #75068853 buy stop 0.01 GBPUSD at 1.24848 sl: 1.24721 tp: 1.25102 ok
2	11:46:09.649	ax_adv_033_2 USDJPY,M5: open #75068858 buy stop 0.01 USDJPY at 111.229 sl: 111.130 tp: 111.427 ok
2	11:51:07.677	ax_adv_033_2 USDJPY,M5: open #75069363 buy stop 0.01 USDJPY at 111.203 sl: 111.134 tp: 111.341 ok
2	11:56:08.646	ax_adv_033_2 USDJPY,M5: open #75069964 buy stop 0.01 USDJPY at 111.229 sl: 111.124 tp: 111.439 ok
