0	00:00:19.631	CPIv1.5 USDJPY,M1: 2017.03.28 00:021 in USDJPY
0	00:00:31.743	CPIv1.5 USDJPY,M1: 2017.03.28 00:031 in USDJPY
0	00:02:13.859	CPIv1.5 USDJPY,M1: 2017.03.28 00:041 in USDJPY
0	00:02:30.742	CPIv1.5 USDJPY,M1: 2017.03.28 00:051 in USDJPY
0	00:03:34.924	CPIv1.5 USDJPY,M1: 2017.03.28 00:061 in USDJPY
0	00:06:58.839	CPIv1.5 USDJPY,M1: 2017.03.28 00:091 in USDJPY
0	00:11:32.846	CPIv1.5 USDJPY,M1: 2017.03.28 00:141 in USDJPY
0	00:15:35.303	CPIv1.5 USDJPY,M1: 2017.03.28 00:181Бычий Доджи in USDJPY
0	00:16:45.418	CPIv1.5 USDJPY,M1: 2017.03.28 00:191 in USDJPY
0	00:17:35.907	CPIv1.5 USDJPY,M1: 2017.03.28 00:201 in USDJPY
0	00:19:34.937	CPIv1.5 USDJPY,M1: 2017.03.28 00:221 in USDJPY
0	00:20:39.328	CPIv1.5 USDJPY,M1: 2017.03.28 00:231Медвежий Доджи in USDJPY
0	00:21:33.274	CPIv1.5 USDJPY,M1: 2017.03.28 00:241Бычий Доджи in USDJPY
0	00:23:29.395	CPIv1.5 USDJPY,M1: 2017.03.28 00:261 in USDJPY
0	00:24:31.175	CPIv1.5 USDJPY,M1: 2017.03.28 00:271Бычий Доджи in USDJPY
0	00:25:32.311	CPIv1.5 USDJPY,M1: 2017.03.28 00:281 in USDJPY
0	00:27:29.371	CPIv1.5 EURUSD,M30: 2017.03.28 00:3030 in EURUSD
0	00:27:30.140	ax_adv_023 AUDUSD,M15: AUDUSD [BUYSTOP ]:(4109)trade is not allowed in the expert properties AUDUSD lot=0.01 price=0.76195 slippage=3 sl=0.76098 tp=0.00000 comment= exp=1490661902
0	00:30:31.377	CPIv1.5 USDJPY,M1: 2017.03.28 00:331 in USDJPY
0	00:32:29.390	CPIv1.5 USDJPY,M1: 2017.03.28 00:351Медвежий Доджи in USDJPY
0	00:33:29.182	CPIv1.5 USDJPY,M1: 2017.03.28 00:361 in USDJPY
0	00:34:29.144	CPIv1.5 USDJPY,M1: 2017.03.28 00:371 in USDJPY
0	00:37:34.199	CPIv1.5 USDJPY,M1: 2017.03.28 00:401Падающая звезда in USDJPY
0	00:38:29.562	CPIv1.5 USDJPY,M1: 2017.03.28 00:411Вечерняя звезда in USDJPY
0	00:39:31.522	CPIv1.5 USDJPY,M1: 2017.03.28 00:421Бычий Доджи in USDJPY
0	00:40:29.999	CPIv1.5 USDJPY,M1: 2017.03.28 00:431Бычий Доджи in USDJPY
0	00:41:29.708	CPIv1.5 USDJPY,M1: 2017.03.28 00:441 in USDJPY
0	00:42:29.371	CPIv1.5 USDJPY,M1: 2017.03.28 00:451 in USDJPY
0	00:47:31.482	CPIv1.5 USDJPY,M1: 2017.03.28 00:501Медвежий Доджи in USDJPY
0	00:48:37.431	CPIv1.5 USDJPY,M1: 2017.03.28 00:511 in USDJPY
0	00:49:31.345	CPIv1.5 USDJPY,M1: 2017.03.28 00:521 in USDJPY
0	00:50:31.887	CPIv1.5 USDJPY,M1: 2017.03.28 00:531 in USDJPY
0	00:52:29.282	CPIv1.5 USDJPY,M1: 2017.03.28 00:551 in USDJPY
0	00:54:29.283	CPIv1.5 USDJPY,M1: 2017.03.28 00:571 in USDJPY
0	00:55:33.572	CPIv1.5 USDJPY,M1: 2017.03.28 00:581 in USDJPY
0	00:57:29.196	ax_adv_023 AUDUSD,M15: AUDUSD [BUYSTOP ]:(4109)trade is not allowed in the expert properties AUDUSD lot=0.01 price=0.76181 slippage=3 sl=0.76095 tp=0.00000 comment= exp=1490663701
0	00:57:31.475	CPIv1.5 NQ,H1: 2017.03.28 01:0060Медвежий Доджи in NQ
0	00:58:29.337	CPIv1.5 USDJPY,M1: 2017.03.28 01:011 in USDJPY
0	00:59:30.092	CPIv1.5 USDJPY,M1: 2017.03.28 01:021 in USDJPY
0	01:00:40.019	CPIv1.5 USDJPY,M1: 2017.03.28 01:031 in USDJPY
0	01:01:31.082	CPIv1.5 USDJPY,M1: 2017.03.28 01:041 in USDJPY
0	01:02:36.425	CPIv1.5 USDJPY,M1: 2017.03.28 01:051 in USDJPY
0	01:05:33.777	CPIv1.5 USDJPY,M1: 2017.03.28 01:081 in USDJPY
0	01:06:32.157	CPIv1.5 USDJPY,M1: 2017.03.28 01:091 in USDJPY
0	01:08:29.359	CPIv1.5 USDJPY,M1: 2017.03.28 01:111 in USDJPY
0	01:09:29.911	CPIv1.5 USDJPY,M1: 2017.03.28 01:121Вечерняя звезда in USDJPY
0	01:10:29.605	CPIv1.5 USDJPY,M1: 2017.03.28 01:131 in USDJPY
0	01:11:33.832	CPIv1.5 USDJPY,M1: 2017.03.28 01:141Падающая звезда in USDJPY
0	01:13:34.111	CPIv1.5 USDJPY,M1: 2017.03.28 01:161 in USDJPY
0	01:14:38.010	CPIv1.5 USDJPY,M1: 2017.03.28 01:171 in USDJPY
0	01:15:31.576	CPIv1.5 USDJPY,M1: 2017.03.28 01:181 in USDJPY
0	01:18:42.276	CPIv1.5 USDJPY,M1: 2017.03.28 01:211 in USDJPY
0	01:21:30.256	CPIv1.5 USDJPY,M1: 2017.03.28 01:241Медвежий Доджи in USDJPY
0	01:22:31.499	CPIv1.5 USDJPY,M1: 2017.03.28 01:251 in USDJPY
0	01:23:43.197	CPIv1.5 USDJPY,M1: 2017.03.28 01:261 in USDJPY
0	01:24:33.083	CPIv1.5 USDJPY,M1: 2017.03.28 01:271 in USDJPY
0	01:25:29.474	CPIv1.5 USDJPY,M1: 2017.03.28 01:281 in USDJPY
0	01:27:28.174	CPIv1.5 EURUSD,M30: 2017.03.28 01:3030 in EURUSD
0	01:28:29.928	CPIv1.5 USDJPY,M1: 2017.03.28 01:311 in USDJPY
0	01:29:29.243	CPIv1.5 USDJPY,M1: 2017.03.28 01:321 in USDJPY
0	01:30:30.869	CPIv1.5 USDJPY,M1: 2017.03.28 01:331 in USDJPY
0	01:31:45.599	CPIv1.5 USDJPY,M1: 2017.03.28 01:341 in USDJPY
0	01:34:39.427	CPIv1.5 USDJPY,M1: 2017.03.28 01:371 in USDJPY
0	01:35:52.163	CPIv1.5 USDJPY,M1: 2017.03.28 01:381 in USDJPY
0	01:36:29.101	CPIv1.5 USDJPY,M1: 2017.03.28 01:391 in USDJPY
0	01:37:28.491	CPIv1.5 USDJPY,M1: 2017.03.28 01:401 in USDJPY
0	01:39:41.757	CPIv1.5 USDJPY,M1: 2017.03.28 01:421 in USDJPY
0	01:41:28.996	CPIv1.5 USDJPY,M1: 2017.03.28 01:441 in USDJPY
0	01:43:35.639	CPIv1.5 USDJPY,M1: 2017.03.28 01:461 in USDJPY
0	01:44:31.311	CPIv1.5 USDJPY,M1: 2017.03.28 01:471 in USDJPY
0	01:47:29.349	CPIv1.5 USDJPY,M1: 2017.03.28 01:501Утрення звезда in USDJPY
0	01:48:29.616	CPIv1.5 USDJPY,M1: 2017.03.28 01:511 in USDJPY
0	01:50:28.362	CPIv1.5 USDJPY,M1: 2017.03.28 01:531 in USDJPY
0	01:52:44.878	CPIv1.5 USDJPY,M1: 2017.03.28 01:551 in USDJPY
0	01:53:29.787	CPIv1.5 USDJPY,M1: 2017.03.28 01:561 in USDJPY
0	01:54:59.338	CPIv1.5 USDJPY,M1: 2017.03.28 01:571Падающая звезда in USDJPY
0	01:55:28.394	CPIv1.5 USDJPY,M1: 2017.03.28 01:581 in USDJPY
0	01:56:28.330	CPIv1.5 USDJPY,M1: 2017.03.28 01:591 in USDJPY
0	01:57:28.312	CPIv1.5 EURUSD,M30: 2017.03.28 02:0030 in EURUSD
0	01:57:28.888	CPIv1.5 NQ,H1: 2017.03.28 02:0060 in NQ
0	01:59:28.451	CPIv1.5 USDJPY,M1: 2017.03.28 02:021Медвежий Доджи in USDJPY
0	02:01:00.953	CPIv1.5 USDJPY,M1: 2017.03.28 02:031 in USDJPY
0	02:01:33.245	CPIv1.5 USDJPY,M1: 2017.03.28 02:041 in USDJPY
0	02:03:31.312	CPIv1.5 USDJPY,M1: 2017.03.28 02:061Падающая звезда in USDJPY
0	02:04:41.836	CPIv1.5 USDJPY,M1: 2017.03.28 02:071Вечерняя звезда in USDJPY
0	02:05:31.446	CPIv1.5 USDJPY,M1: 2017.03.28 02:081 in USDJPY
0	02:09:28.338	CPIv1.5 USDJPY,M1: 2017.03.28 02:121Модель поглощения in USDJPY
0	02:10:38.783	CPIv1.5 USDJPY,M1: 2017.03.28 02:131 in USDJPY
0	02:11:28.546	CPIv1.5 USDJPY,M1: 2017.03.28 02:141 in USDJPY
0	02:13:29.097	CPIv1.5 USDJPY,M1: 2017.03.28 02:161 in USDJPY
0	02:14:32.276	CPIv1.5 USDJPY,M1: 2017.03.28 02:171 in USDJPY
0	02:15:29.173	CPIv1.5 USDJPY,M1: 2017.03.28 02:181 in USDJPY
0	02:16:39.960	CPIv1.5 USDJPY,M1: 2017.03.28 02:191 in USDJPY
0	02:17:29.455	CPIv1.5 USDJPY,M1: 2017.03.28 02:201 in USDJPY
0	02:20:34.353	CPIv1.5 USDJPY,M1: 2017.03.28 02:231 in USDJPY
0	02:21:34.192	CPIv1.5 USDJPY,M1: 2017.03.28 02:241 in USDJPY
0	02:23:29.307	CPIv1.5 USDJPY,M1: 2017.03.28 02:261 in USDJPY
0	02:24:30.748	CPIv1.5 USDJPY,M1: 2017.03.28 02:271 in USDJPY
0	02:26:32.082	CPIv1.5 USDJPY,M1: 2017.03.28 02:291Медвежий Доджи in USDJPY
0	02:27:28.892	CPIv1.5 USDJPY,M1: 2017.03.28 02:301 in USDJPY
0	02:27:31.211	CPIv1.5 EURUSD,M30: 2017.03.28 02:3030 in EURUSD
0	02:28:28.269	CPIv1.5 USDJPY,M1: 2017.03.28 02:311 in USDJPY
0	02:30:28.362	CPIv1.5 USDJPY,M1: 2017.03.28 02:331Медвежий Доджи in USDJPY
0	02:31:28.279	CPIv1.5 USDJPY,M1: 2017.03.28 02:341 in USDJPY
0	02:32:29.239	CPIv1.5 USDJPY,M1: 2017.03.28 02:351Медвежий Доджи in USDJPY
0	02:33:28.175	CPIv1.5 USDJPY,M1: 2017.03.28 02:361Падающая звезда in USDJPY
0	02:39:29.220	CPIv1.5 USDJPY,M1: 2017.03.28 02:421Утрення звезда in USDJPY
0	02:40:29.137	CPIv1.5 USDJPY,M1: 2017.03.28 02:431 in USDJPY
0	02:41:30.251	CPIv1.5 USDJPY,M1: 2017.03.28 02:441 in USDJPY
0	02:42:31.436	CPIv1.5 USDJPY,M1: 2017.03.28 02:451 in USDJPY
0	02:45:28.547	CPIv1.5 USDJPY,M1: 2017.03.28 02:481 in USDJPY
0	02:46:28.321	CPIv1.5 USDJPY,M1: 2017.03.28 02:491 in USDJPY
0	02:48:37.647	CPIv1.5 USDJPY,M1: 2017.03.28 02:511 in USDJPY
0	02:49:28.560	CPIv1.5 USDJPY,M1: 2017.03.28 02:521 in USDJPY
0	02:51:17.271	CPIv1.5 USDJPY,M1: 2017.03.28 02:531Медвежий Доджи in USDJPY
0	02:51:29.513	CPIv1.5 USDJPY,M1: 2017.03.28 02:541 in USDJPY
0	02:57:28.292	CPIv1.5 USDJPY,M1: 2017.03.28 03:001 in USDJPY
0	02:57:28.585	CPIv1.5 EURUSD,M30: 2017.03.28 03:0030Бычий Доджи in EURUSD
0	02:57:28.933	CPIv1.5 NQ,H1: 2017.03.28 03:0060Медвежий Доджи in NQ
0	02:57:34.164	CPIv1.5 YM,H1: 2017.03.28 03:0060Падающая звезда in YM
0	02:58:28.430	CPIv1.5 USDJPY,M1: 2017.03.28 03:011Утрення звезда in USDJPY
0	02:59:28.856	CPIv1.5 USDJPY,M1: 2017.03.28 03:021Медвежий Доджи in USDJPY
0	03:00:29.352	CPIv1.5 USDJPY,M1: 2017.03.28 03:031 in USDJPY
0	03:01:28.347	CPIv1.5 USDJPY,M1: 2017.03.28 03:041 in USDJPY
0	03:03:28.938	CPIv1.5 USDJPY,M1: 2017.03.28 03:061Бычий Доджи in USDJPY
0	03:04:29.059	CPIv1.5 USDJPY,M1: 2017.03.28 03:071 in USDJPY
0	03:06:31.924	CPIv1.5 USDJPY,M1: 2017.03.28 03:091 in USDJPY
0	03:08:31.601	CPIv1.5 USDJPY,M1: 2017.03.28 03:111Падающая звезда in USDJPY
0	03:10:28.177	CPIv1.5 USDJPY,M1: 2017.03.28 03:131 in USDJPY
0	03:14:31.060	CPIv1.5 USDJPY,M1: 2017.03.28 03:171 in USDJPY
0	03:17:28.546	CPIv1.5 USDJPY,M1: 2017.03.28 03:201Бычий Доджи in USDJPY
0	03:18:28.519	CPIv1.5 USDJPY,M1: 2017.03.28 03:211 in USDJPY
0	03:20:29.150	CPIv1.5 USDJPY,M1: 2017.03.28 03:231 in USDJPY
0	03:24:28.738	CPIv1.5 USDJPY,M1: 2017.03.28 03:271Падающая звезда in USDJPY
0	03:25:28.312	CPIv1.5 USDJPY,M1: 2017.03.28 03:281Модель поглощения in USDJPY
0	03:26:28.732	CPIv1.5 USDJPY,M1: 2017.03.28 03:291Падающая звезда in USDJPY
0	03:27:30.046	CPIv1.5 EURUSD,M30: 2017.03.28 03:3030Утрення звезда in EURUSD
0	03:28:28.763	CPIv1.5 USDJPY,M1: 2017.03.28 03:311 in USDJPY
0	03:33:28.518	CPIv1.5 USDJPY,M1: 2017.03.28 03:361 in USDJPY
0	03:34:36.408	CPIv1.5 USDJPY,M1: 2017.03.28 03:371 in USDJPY
0	03:35:29.030	CPIv1.5 USDJPY,M1: 2017.03.28 03:381 in USDJPY
0	03:36:28.284	CPIv1.5 USDJPY,M1: 2017.03.28 03:391 in USDJPY
0	03:40:28.590	CPIv1.5 USDJPY,M1: 2017.03.28 03:431 in USDJPY
0	03:41:34.941	CPIv1.5 USDJPY,M1: 2017.03.28 03:441 in USDJPY
0	03:42:28.800	CPIv1.5 USDJPY,M1: 2017.03.28 03:451 in USDJPY
0	03:44:28.347	CPIv1.5 USDJPY,M1: 2017.03.28 03:471Бычий Доджи in USDJPY
0	03:45:29.223	CPIv1.5 USDJPY,M1: 2017.03.28 03:481Бычий Доджи in USDJPY
0	03:46:28.533	CPIv1.5 USDJPY,M1: 2017.03.28 03:491 in USDJPY
0	03:47:28.616	CPIv1.5 USDJPY,M1: 2017.03.28 03:501 in USDJPY
0	03:50:31.098	CPIv1.5 USDJPY,M1: 2017.03.28 03:531Медвежий Доджи in USDJPY
0	03:51:28.292	CPIv1.5 USDJPY,M1: 2017.03.28 03:541 in USDJPY
0	03:52:28.557	CPIv1.5 USDJPY,M1: 2017.03.28 03:551 in USDJPY
0	03:53:28.414	CPIv1.5 USDJPY,M1: 2017.03.28 03:561Бычий Доджи in USDJPY
0	03:54:28.512	CPIv1.5 USDJPY,M1: 2017.03.28 03:571 in USDJPY
0	03:55:28.771	CPIv1.5 USDJPY,M1: 2017.03.28 03:581 in USDJPY
0	03:56:29.637	CPIv1.5 USDJPY,M1: 2017.03.28 03:591Бычий Доджи in USDJPY
0	03:57:28.124	CPIv1.5 USDJPY,M1: 2017.03.28 04:001Утрення звезда in USDJPY
0	03:57:28.433	CPIv1.5 EURUSD,M30: 2017.03.28 04:0030Медвежий Доджи in EURUSD
0	03:57:29.676	CPIv1.5 NQ,H1: 2017.03.28 04:0060Медвежий Доджи in NQ
0	03:57:57.487	CPIv1.5 YM,H1: 2017.03.28 04:0060 in YM
0	03:58:29.251	CPIv1.5 USDJPY,M1: 2017.03.28 04:011 in USDJPY
0	03:59:28.496	CPIv1.5 USDJPY,M1: 2017.03.28 04:021Бычий Доджи in USDJPY
0	04:00:28.395	CPIv1.5 USDJPY,M1: 2017.03.28 04:031 in USDJPY
0	04:01:28.466	CPIv1.5 USDJPY,M1: 2017.03.28 04:041Бычий Доджи in USDJPY
0	04:02:28.668	CPIv1.5 USDJPY,M1: 2017.03.28 04:051 in USDJPY
0	04:04:28.933	CPIv1.5 USDJPY,M1: 2017.03.28 04:071 in USDJPY
0	04:07:30.075	CPIv1.5 USDJPY,M1: 2017.03.28 04:101 in USDJPY
0	04:10:28.614	CPIv1.5 USDJPY,M1: 2017.03.28 04:131Бычий Доджи in USDJPY
0	04:11:28.333	CPIv1.5 USDJPY,M1: 2017.03.28 04:141Бычий Доджи in USDJPY
0	04:12:28.410	CPIv1.5 USDJPY,M1: 2017.03.28 04:151Бычий Доджи in USDJPY
0	04:13:28.648	CPIv1.5 USDJPY,M1: 2017.03.28 04:161 in USDJPY
0	04:14:31.770	CPIv1.5 USDJPY,M1: 2017.03.28 04:171Бычий Доджи in USDJPY
0	04:15:32.008	CPIv1.5 USDJPY,M1: 2017.03.28 04:181 in USDJPY
0	04:16:28.279	CPIv1.5 USDJPY,M1: 2017.03.28 04:191 in USDJPY
0	04:17:32.375	CPIv1.5 USDJPY,M1: 2017.03.28 04:201Медвежий Доджи in USDJPY
0	04:19:40.680	CPIv1.5 USDJPY,M1: 2017.03.28 04:221 in USDJPY
0	04:22:29.103	CPIv1.5 USDJPY,M1: 2017.03.28 04:251Медвежий Доджи in USDJPY
0	04:24:28.744	CPIv1.5 USDJPY,M1: 2017.03.28 04:271 in USDJPY
0	04:25:30.278	CPIv1.5 USDJPY,M1: 2017.03.28 04:281 in USDJPY
0	04:26:34.181	CPIv1.5 USDJPY,M1: 2017.03.28 04:291 in USDJPY
0	04:27:35.414	CPIv1.5 EURUSD,M30: 2017.03.28 04:3030Бычий Доджи in EURUSD
0	04:29:29.552	CPIv1.5 USDJPY,M1: 2017.03.28 04:321 in USDJPY
0	04:32:29.547	CPIv1.5 USDJPY,M1: 2017.03.28 04:351Медвежий Доджи in USDJPY
0	04:33:29.840	CPIv1.5 USDJPY,M1: 2017.03.28 04:361 in USDJPY
0	04:36:35.416	CPIv1.5 USDJPY,M1: 2017.03.28 04:391Медвежий Доджи in USDJPY
0	04:37:28.419	CPIv1.5 USDJPY,M1: 2017.03.28 04:401 in USDJPY
0	04:38:29.585	CPIv1.5 USDJPY,M1: 2017.03.28 04:411Вечерняя звезда in USDJPY
0	04:39:31.294	CPIv1.5 USDJPY,M1: 2017.03.28 04:421 in USDJPY
0	04:40:28.383	CPIv1.5 USDJPY,M1: 2017.03.28 04:431Бычий Доджи in USDJPY
0	04:41:28.351	CPIv1.5 USDJPY,M1: 2017.03.28 04:441 in USDJPY
0	04:42:30.905	CPIv1.5 USDJPY,M1: 2017.03.28 04:451Модель поглощения in USDJPY
0	04:43:31.587	CPIv1.5 USDJPY,M1: 2017.03.28 04:461 in USDJPY
0	04:46:38.616	CPIv1.5 USDJPY,M1: 2017.03.28 04:491Бычий Доджи in USDJPY
0	04:47:28.403	CPIv1.5 USDJPY,M1: 2017.03.28 04:501 in USDJPY
0	04:49:29.913	CPIv1.5 USDJPY,M1: 2017.03.28 04:521 in USDJPY
0	04:51:30.867	CPIv1.5 USDJPY,M1: 2017.03.28 04:541Медвежий Доджи in USDJPY
0	04:52:33.487	CPIv1.5 USDJPY,M1: 2017.03.28 04:551 in USDJPY
0	04:53:28.123	CPIv1.5 USDJPY,M1: 2017.03.28 04:561 in USDJPY
0	04:55:30.783	CPIv1.5 USDJPY,M1: 2017.03.28 04:581 in USDJPY
0	04:57:28.222	CPIv1.5 USDJPY,M1: 2017.03.28 05:001 in USDJPY
0	04:57:28.516	CPIv1.5 EURUSD,M30: 2017.03.28 05:0030 in EURUSD
0	04:57:31.162	CPIv1.5 NQ,H1: 2017.03.28 05:0060 in NQ
0	04:57:33.118	CPIv1.5 YM,H1: 2017.03.28 05:0060 in YM
0	04:58:28.928	CPIv1.5 USDJPY,M1: 2017.03.28 05:011 in USDJPY
0	04:59:29.736	CPIv1.5 USDJPY,M1: 2017.03.28 05:021 in USDJPY
0	05:02:28.282	CPIv1.5 USDJPY,M1: 2017.03.28 05:051 in USDJPY
0	05:07:28.231	CPIv1.5 USDJPY,M1: 2017.03.28 05:101Медвежий Доджи in USDJPY
0	05:08:30.185	CPIv1.5 USDJPY,M1: 2017.03.28 05:111 in USDJPY
0	05:12:30.241	CPIv1.5 USDJPY,M1: 2017.03.28 05:151 in USDJPY
0	05:15:58.302	CPIv1.5 USDJPY,M1: 2017.03.28 05:181 in USDJPY
0	05:18:28.278	CPIv1.5 USDJPY,M1: 2017.03.28 05:211Медвежий Доджи in USDJPY
0	05:19:31.406	CPIv1.5 USDJPY,M1: 2017.03.28 05:221Медвежий Доджи in USDJPY
0	05:20:28.425	CPIv1.5 USDJPY,M1: 2017.03.28 05:231Вечерняя звезда in USDJPY
0	05:21:28.538	CPIv1.5 USDJPY,M1: 2017.03.28 05:241 in USDJPY
0	05:24:28.961	CPIv1.5 USDJPY,M1: 2017.03.28 05:271Бычий Доджи in USDJPY
0	05:25:30.116	CPIv1.5 USDJPY,M1: 2017.03.28 05:281 in USDJPY
0	05:26:28.851	CPIv1.5 USDJPY,M1: 2017.03.28 05:291 in USDJPY
0	05:28:33.120	CPIv1.5 USDJPY,M1: 2017.03.28 05:311Вечерняя звезда in USDJPY
0	05:29:28.494	CPIv1.5 USDJPY,M1: 2017.03.28 05:321 in USDJPY
0	05:31:53.664	CPIv1.5 USDJPY,M1: 2017.03.28 05:341Бычий Доджи in USDJPY
0	05:32:28.657	CPIv1.5 USDJPY,M1: 2017.03.28 05:351 in USDJPY
0	05:33:29.847	CPIv1.5 USDJPY,M1: 2017.03.28 05:361 in USDJPY
0	05:34:33.032	CPIv1.5 USDJPY,M1: 2017.03.28 05:371 in USDJPY
0	05:35:37.059	CPIv1.5 USDJPY,M1: 2017.03.28 05:381 in USDJPY
0	05:36:29.204	CPIv1.5 USDJPY,M1: 2017.03.28 05:391 in USDJPY
0	05:38:34.011	CPIv1.5 USDJPY,M1: 2017.03.28 05:411 in USDJPY
0	05:39:29.549	CPIv1.5 USDJPY,M1: 2017.03.28 05:421Бычий Доджи in USDJPY
0	05:40:30.605	CPIv1.5 USDJPY,M1: 2017.03.28 05:431 in USDJPY
0	05:42:32.743	CPIv1.5 USDJPY,M1: 2017.03.28 05:451 in USDJPY
0	05:43:29.314	CPIv1.5 USDJPY,M1: 2017.03.28 05:461 in USDJPY
0	05:44:30.319	CPIv1.5 USDJPY,M1: 2017.03.28 05:471 in USDJPY
0	05:46:28.886	CPIv1.5 USDJPY,M1: 2017.03.28 05:491Модель поглощения in USDJPY
0	05:47:35.841	CPIv1.5 USDJPY,M1: 2017.03.28 05:501 in USDJPY
0	05:49:28.713	CPIv1.5 USDJPY,M1: 2017.03.28 05:521Медвежий Доджи in USDJPY
0	05:50:28.470	CPIv1.5 USDJPY,M1: 2017.03.28 05:531 in USDJPY
0	05:51:34.312	CPIv1.5 USDJPY,M1: 2017.03.28 05:541 in USDJPY
0	05:55:28.822	CPIv1.5 USDJPY,M1: 2017.03.28 05:581 in USDJPY
0	05:56:29.692	CPIv1.5 USDJPY,M1: 2017.03.28 05:591 in USDJPY
0	05:57:30.146	CPIv1.5 USDJPY,M1: 2017.03.28 06:001 in USDJPY
0	05:57:31.257	CPIv1.5 YM,H1: 2017.03.28 06:0060Модель поглощения in YM
0	05:59:29.673	CPIv1.5 USDJPY,M1: 2017.03.28 06:021 in USDJPY
0	06:02:28.251	CPIv1.5 USDJPY,M1: 2017.03.28 06:051 in USDJPY
0	06:03:28.313	CPIv1.5 USDJPY,M1: 2017.03.28 06:061 in USDJPY
0	06:05:30.471	CPIv1.5 USDJPY,M1: 2017.03.28 06:081 in USDJPY
0	06:06:29.189	CPIv1.5 USDJPY,M1: 2017.03.28 06:091 in USDJPY
0	06:07:28.642	CPIv1.5 USDJPY,M1: 2017.03.28 06:101 in USDJPY
0	06:08:28.594	CPIv1.5 USDJPY,M1: 2017.03.28 06:111 in USDJPY
0	06:10:39.671	CPIv1.5 USDJPY,M1: 2017.03.28 06:131 in USDJPY
0	06:11:34.107	CPIv1.5 USDJPY,M1: 2017.03.28 06:141 in USDJPY
0	06:16:28.292	CPIv1.5 USDJPY,M1: 2017.03.28 06:191 in USDJPY
0	06:19:40.740	CPIv1.5 USDJPY,M1: 2017.03.28 06:221 in USDJPY
0	06:20:28.683	CPIv1.5 USDJPY,M1: 2017.03.28 06:231 in USDJPY
0	06:21:29.730	CPIv1.5 USDJPY,M1: 2017.03.28 06:241Бычий Доджи in USDJPY
0	06:22:32.391	CPIv1.5 USDJPY,M1: 2017.03.28 06:251 in USDJPY
0	06:23:29.095	CPIv1.5 USDJPY,M1: 2017.03.28 06:261 in USDJPY
0	06:25:30.582	CPIv1.5 USDJPY,M1: 2017.03.28 06:281 in USDJPY
0	06:26:28.569	CPIv1.5 USDJPY,M1: 2017.03.28 06:291 in USDJPY
0	06:27:29.311	CPIv1.5 USDJPY,M1: 2017.03.28 06:301 in USDJPY
0	06:27:30.797	CPIv1.5 EURUSD,M30: 2017.03.28 06:3030 in EURUSD
0	06:28:29.462	CPIv1.5 USDJPY,M1: 2017.03.28 06:311 in USDJPY
0	06:30:28.435	CPIv1.5 USDJPY,M1: 2017.03.28 06:331 in USDJPY
0	06:31:30.802	CPIv1.5 USDJPY,M1: 2017.03.28 06:341Утрення звезда in USDJPY
0	06:32:32.719	CPIv1.5 USDJPY,M1: 2017.03.28 06:351 in USDJPY
0	06:34:34.727	CPIv1.5 USDJPY,M1: 2017.03.28 06:371Падающая звезда in USDJPY
0	06:35:40.143	CPIv1.5 USDJPY,M1: 2017.03.28 06:381Падающая звезда in USDJPY
0	06:36:31.803	CPIv1.5 USDJPY,M1: 2017.03.28 06:391 in USDJPY
0	06:37:30.441	CPIv1.5 USDJPY,M1: 2017.03.28 06:401Падающая звезда in USDJPY
0	06:38:34.368	CPIv1.5 USDJPY,M1: 2017.03.28 06:411Бычий Доджи in USDJPY
0	06:39:38.905	CPIv1.5 USDJPY,M1: 2017.03.28 06:421 in USDJPY
0	06:40:33.836	CPIv1.5 USDJPY,M1: 2017.03.28 06:431 in USDJPY
0	06:43:57.128	CPIv1.5 USDJPY,M1: 2017.03.28 06:461 in USDJPY
0	06:44:40.799	CPIv1.5 USDJPY,M1: 2017.03.28 06:471 in USDJPY
0	06:46:30.617	CPIv1.5 USDJPY,M1: 2017.03.28 06:491 in USDJPY
0	06:47:29.338	CPIv1.5 USDJPY,M1: 2017.03.28 06:501 in USDJPY
0	06:49:28.944	CPIv1.5 USDJPY,M1: 2017.03.28 06:521 in USDJPY
0	06:50:35.857	CPIv1.5 USDJPY,M1: 2017.03.28 06:531Медвежий Доджи in USDJPY
0	06:51:33.915	CPIv1.5 USDJPY,M1: 2017.03.28 06:541 in USDJPY
0	06:52:30.977	CPIv1.5 USDJPY,M1: 2017.03.28 06:551 in USDJPY
0	06:55:30.513	CPIv1.5 USDJPY,M1: 2017.03.28 06:581Модель поглощения in USDJPY
0	06:56:28.731	CPIv1.5 USDJPY,M1: 2017.03.28 06:591 in USDJPY
0	06:57:29.037	CPIv1.5 USDJPY,M1: 2017.03.28 07:001 in USDJPY
0	06:57:33.117	CPIv1.5 EURUSD,M30: 2017.03.28 07:0030 in EURUSD
0	06:57:45.174	CPIv1.5 NQ,H1: 2017.03.28 07:0060Медвежий Доджи in NQ
0	06:58:28.799	CPIv1.5 USDJPY,M1: 2017.03.28 07:011Медвежий Доджи in USDJPY
0	06:58:49.717	CPIv1.5 YM,H1: 2017.03.28 07:0060Медвежий Доджи in YM
0	06:59:30.691	CPIv1.5 USDJPY,M1: 2017.03.28 07:021 in USDJPY
0	07:00:30.904	CPIv1.5 USDJPY,M1: 2017.03.28 07:031 in USDJPY
0	07:01:37.497	CPIv1.5 USDJPY,M1: 2017.03.28 07:041 in USDJPY
0	07:03:30.899	CPIv1.5 USDJPY,M1: 2017.03.28 07:061 in USDJPY
0	07:04:28.832	CPIv1.5 USDJPY,M1: 2017.03.28 07:071Медвежий Доджи in USDJPY
0	07:05:33.392	CPIv1.5 USDJPY,M1: 2017.03.28 07:081 in USDJPY
0	07:06:37.827	CPIv1.5 USDJPY,M1: 2017.03.28 07:091 in USDJPY
0	07:08:28.632	CPIv1.5 USDJPY,M1: 2017.03.28 07:111Утрення звезда in USDJPY
0	07:09:30.184	CPIv1.5 USDJPY,M1: 2017.03.28 07:121 in USDJPY
0	07:11:31.143	CPIv1.5 USDJPY,M1: 2017.03.28 07:141 in USDJPY
0	07:12:38.947	CPIv1.5 USDJPY,M1: 2017.03.28 07:151 in USDJPY
0	07:14:29.786	CPIv1.5 USDJPY,M1: 2017.03.28 07:171 in USDJPY
0	07:17:28.381	CPIv1.5 USDJPY,M1: 2017.03.28 07:201 in USDJPY
0	07:18:30.702	CPIv1.5 USDJPY,M1: 2017.03.28 07:211 in USDJPY
0	07:23:29.166	CPIv1.5 USDJPY,M1: 2017.03.28 07:261Бычий Доджи in USDJPY
0	07:24:28.560	CPIv1.5 USDJPY,M1: 2017.03.28 07:271 in USDJPY
0	07:25:31.865	CPIv1.5 USDJPY,M1: 2017.03.28 07:281 in USDJPY
0	07:28:40.681	CPIv1.5 USDJPY,M1: 2017.03.28 07:311 in USDJPY
0	07:30:29.007	CPIv1.5 USDJPY,M1: 2017.03.28 07:331 in USDJPY
0	07:31:28.328	CPIv1.5 USDJPY,M1: 2017.03.28 07:341 in USDJPY
0	07:35:29.045	CPIv1.5 USDJPY,M1: 2017.03.28 07:381Падающая звезда in USDJPY
0	07:36:31.230	CPIv1.5 USDJPY,M1: 2017.03.28 07:391 in USDJPY
0	07:38:28.284	CPIv1.5 USDJPY,M1: 2017.03.28 07:411 in USDJPY
0	07:39:28.435	CPIv1.5 USDJPY,M1: 2017.03.28 07:421Модель поглощения in USDJPY
0	07:40:37.133	CPIv1.5 USDJPY,M1: 2017.03.28 07:431 in USDJPY
0	07:42:34.485	CPIv1.5 USDJPY,M1: 2017.03.28 07:451 in USDJPY
0	07:46:28.637	CPIv1.5 USDJPY,M1: 2017.03.28 07:491 in USDJPY
0	07:47:29.157	CPIv1.5 USDJPY,M1: 2017.03.28 07:501 in USDJPY
0	07:51:29.659	CPIv1.5 USDJPY,M1: 2017.03.28 07:541 in USDJPY
0	07:52:36.304	CPIv1.5 USDJPY,M1: 2017.03.28 07:551 in USDJPY
0	07:55:30.551	CPIv1.5 USDJPY,M1: 2017.03.28 07:581 in USDJPY
0	07:57:28.438	CPIv1.5 USDJPY,M1: 2017.03.28 08:001 in USDJPY
0	07:57:28.450	CPIv1.5 NQ,H1: 2017.03.28 08:0060Медвежий Доджи in NQ
0	07:57:28.497	CPIv1.5 YM,H1: 2017.03.28 08:0060 in YM
0	07:57:28.788	CPIv1.5 EURUSD,M30: 2017.03.28 08:0030Медвежий Доджи in EURUSD
0	08:00:32.120	CPIv1.5 USDJPY,M1: 2017.03.28 08:031 in USDJPY
0	08:01:30.912	CPIv1.5 USDJPY,M1: 2017.03.28 08:041 in USDJPY
0	08:03:38.632	CPIv1.5 USDJPY,M1: 2017.03.28 08:061 in USDJPY
0	08:06:33.525	CPIv1.5 USDJPY,M1: 2017.03.28 08:091Падающая звезда in USDJPY
0	08:08:36.913	CPIv1.5 USDJPY,M1: 2017.03.28 08:111Медвежий Доджи in USDJPY
0	08:09:28.781	CPIv1.5 USDJPY,M1: 2017.03.28 08:121 in USDJPY
0	08:10:34.368	CPIv1.5 USDJPY,M1: 2017.03.28 08:131 in USDJPY
0	08:12:32.413	CPIv1.5 USDJPY,M1: 2017.03.28 08:151Бычий Доджи in USDJPY
0	08:13:28.768	CPIv1.5 USDJPY,M1: 2017.03.28 08:161 in USDJPY
0	08:14:30.066	CPIv1.5 USDJPY,M1: 2017.03.28 08:171 in USDJPY
0	08:15:29.500	CPIv1.5 USDJPY,M1: 2017.03.28 08:181 in USDJPY
0	08:17:41.012	CPIv1.5 USDJPY,M1: 2017.03.28 08:201 in USDJPY
0	08:18:28.377	CPIv1.5 USDJPY,M1: 2017.03.28 08:211 in USDJPY
0	08:20:49.097	CPIv1.5 USDJPY,M1: 2017.03.28 08:231 in USDJPY
0	08:21:30.270	CPIv1.5 USDJPY,M1: 2017.03.28 08:241 in USDJPY
0	08:25:34.157	CPIv1.5 USDJPY,M1: 2017.03.28 08:281 in USDJPY
0	08:27:28.319	CPIv1.5 USDJPY,M1: 2017.03.28 08:301 in USDJPY
0	08:27:28.345	CPIv1.5 EURUSD,M30: 2017.03.28 08:3030 in EURUSD
0	08:28:28.529	CPIv1.5 USDJPY,M1: 2017.03.28 08:311 in USDJPY
0	08:29:29.752	CPIv1.5 USDJPY,M1: 2017.03.28 08:321 in USDJPY
0	08:31:28.534	CPIv1.5 USDJPY,M1: 2017.03.28 08:341 in USDJPY
0	08:32:28.957	CPIv1.5 USDJPY,M1: 2017.03.28 08:351 in USDJPY
0	08:33:32.666	CPIv1.5 USDJPY,M1: 2017.03.28 08:361Медвежий Доджи in USDJPY
0	08:35:29.434	CPIv1.5 USDJPY,M1: 2017.03.28 08:381Медвежий Доджи in USDJPY
0	08:36:28.462	CPIv1.5 USDJPY,M1: 2017.03.28 08:391 in USDJPY
0	08:37:29.933	CPIv1.5 USDJPY,M1: 2017.03.28 08:401 in USDJPY
0	08:38:28.410	CPIv1.5 USDJPY,M1: 2017.03.28 08:411 in USDJPY
0	08:39:30.392	CPIv1.5 USDJPY,M1: 2017.03.28 08:421Модель поглощения in USDJPY
0	08:40:31.473	CPIv1.5 USDJPY,M1: 2017.03.28 08:431 in USDJPY
0	08:41:28.848	CPIv1.5 USDJPY,M1: 2017.03.28 08:441 in USDJPY
0	08:43:29.641	CPIv1.5 USDJPY,M1: 2017.03.28 08:461 in USDJPY
0	08:45:28.471	CPIv1.5 USDJPY,M1: 2017.03.28 08:481 in USDJPY
0	08:48:29.074	CPIv1.5 USDJPY,M1: 2017.03.28 08:511Просвет в облаках in USDJPY
0	08:49:29.533	CPIv1.5 USDJPY,M1: 2017.03.28 08:521 in USDJPY
0	08:54:29.345	CPIv1.5 USDJPY,M1: 2017.03.28 08:571Падающая звезда in USDJPY
0	08:55:29.135	CPIv1.5 USDJPY,M1: 2017.03.28 08:581Медвежий Доджи in USDJPY
0	08:56:28.345	CPIv1.5 USDJPY,M1: 2017.03.28 08:591 in USDJPY
0	08:57:28.379	CPIv1.5 USDJPY,M1: 2017.03.28 09:001 in USDJPY
0	08:57:28.674	CPIv1.5 EURUSD,M30: 2017.03.28 09:0030Медвежий Доджи in EURUSD
0	08:57:28.690	CPIv1.5 NQ,H1: 2017.03.28 09:0060Модель поглощения in NQ
0	08:57:28.736	CPIv1.5 YM,H1: 2017.03.28 09:0060 in YM
0	08:59:29.503	CPIv1.5 USDJPY,M1: 2017.03.28 09:021 in USDJPY
0	09:02:28.730	CPIv1.5 USDJPY,M1: 2017.03.28 09:051 in USDJPY
0	09:03:31.601	CPIv1.5 USDJPY,M1: 2017.03.28 09:061 in USDJPY
0	09:04:28.387	CPIv1.5 USDJPY,M1: 2017.03.28 09:071 in USDJPY
0	09:05:29.635	CPIv1.5 USDJPY,M1: 2017.03.28 09:081Медвежий Доджи in USDJPY
0	09:06:28.578	CPIv1.5 USDJPY,M1: 2017.03.28 09:091 in USDJPY
0	09:08:28.553	CPIv1.5 USDJPY,M1: 2017.03.28 09:111Медвежий Доджи in USDJPY
0	09:09:28.680	CPIv1.5 USDJPY,M1: 2017.03.28 09:121 in USDJPY
0	09:12:30.452	ax_adv_023 AUDUSD,M15: AUDUSD [BUYSTOP ]:(4109)trade is not allowed in the expert properties AUDUSD lot=0.01 price=0.76148 slippage=3 sl=0.75927 tp=0.00000 comment= exp=1490693403
0	09:13:29.069	CPIv1.5 USDJPY,M1: 2017.03.28 09:161Бычий Доджи in USDJPY
0	09:14:28.348	CPIv1.5 USDJPY,M1: 2017.03.28 09:171 in USDJPY
0	09:19:30.084	CPIv1.5 USDJPY,M1: 2017.03.28 09:221 in USDJPY
0	09:20:28.866	CPIv1.5 USDJPY,M1: 2017.03.28 09:231 in USDJPY
0	09:23:29.061	CPIv1.5 USDJPY,M1: 2017.03.28 09:261 in USDJPY
0	09:24:31.019	CPIv1.5 USDJPY,M1: 2017.03.28 09:271Медвежий Доджи in USDJPY
0	09:25:34.205	CPIv1.5 USDJPY,M1: 2017.03.28 09:281 in USDJPY
0	09:26:30.471	CPIv1.5 USDJPY,M1: 2017.03.28 09:291Вечерняя звезда in USDJPY
0	09:27:28.532	CPIv1.5 USDJPY,M1: 2017.03.28 09:301 in USDJPY
0	09:27:29.311	CPIv1.5 EURUSD,M30: 2017.03.28 09:3030Бычий Доджи in EURUSD
0	09:30:30.332	CPIv1.5 USDJPY,M1: 2017.03.28 09:331 in USDJPY
0	09:31:28.794	CPIv1.5 USDJPY,M1: 2017.03.28 09:341 in USDJPY
0	09:32:28.582	CPIv1.5 USDJPY,M1: 2017.03.28 09:351 in USDJPY
0	09:34:28.684	CPIv1.5 USDJPY,M1: 2017.03.28 09:371 in USDJPY
0	09:37:28.416	CPIv1.5 USDJPY,M1: 2017.03.28 09:401 in USDJPY
0	09:38:28.708	CPIv1.5 USDJPY,M1: 2017.03.28 09:411 in USDJPY
0	09:40:28.616	CPIv1.5 USDJPY,M1: 2017.03.28 09:431Падающая звезда in USDJPY
0	09:41:28.662	CPIv1.5 USDJPY,M1: 2017.03.28 09:441Вечерняя звезда in USDJPY
0	09:42:29.931	CPIv1.5 USDJPY,M1: 2017.03.28 09:451 in USDJPY
0	09:45:28.610	CPIv1.5 USDJPY,M1: 2017.03.28 09:481Медвежий Доджи in USDJPY
0	09:46:28.486	CPIv1.5 USDJPY,M1: 2017.03.28 09:491 in USDJPY
0	09:47:29.179	CPIv1.5 USDJPY,M1: 2017.03.28 09:501 in USDJPY
0	09:50:29.819	CPIv1.5 USDJPY,M1: 2017.03.28 09:531Медвежий Доджи in USDJPY
0	09:51:33.051	CPIv1.5 USDJPY,M1: 2017.03.28 09:541 in USDJPY
0	09:52:28.391	CPIv1.5 USDJPY,M1: 2017.03.28 09:551 in USDJPY
0	09:57:28.237	CPIv1.5 EURUSD,M30: 2017.03.28 10:0030Бычий Доджи in EURUSD
0	09:57:28.507	CPIv1.5 USDJPY,M1: 2017.03.28 10:001 in USDJPY
0	09:57:28.833	ax_adv_023 AUDUSD,M15: AUDUSD [BUYSTOP ]:(4109)trade is not allowed in the expert properties AUDUSD lot=0.01 price=0.75962 slippage=3 sl=0.75843 tp=0.00000 comment= exp=1490696101
0	09:58:28.470	CPIv1.5 USDJPY,M1: 2017.03.28 10:011Вечерняя звезда in USDJPY
0	09:59:29.790	CPIv1.5 USDJPY,M1: 2017.03.28 10:021Бычий Доджи in USDJPY
0	10:00:30.639	CPIv1.5 USDJPY,M1: 2017.03.28 10:031Утрення звезда in USDJPY
0	10:01:28.977	CPIv1.5 USDJPY,M1: 2017.03.28 10:041 in USDJPY
0	10:02:28.862	CPIv1.5 USDJPY,M1: 2017.03.28 10:051 in USDJPY
0	10:06:29.763	CPIv1.5 USDJPY,M1: 2017.03.28 10:091 in USDJPY
0	10:08:28.596	CPIv1.5 USDJPY,M1: 2017.03.28 10:111Бычий Доджи in USDJPY
0	10:09:28.682	CPIv1.5 USDJPY,M1: 2017.03.28 10:121Бычий Доджи in USDJPY
0	10:10:28.600	CPIv1.5 USDJPY,M1: 2017.03.28 10:131Бычий Доджи in USDJPY
0	10:11:28.444	CPIv1.5 USDJPY,M1: 2017.03.28 10:141Утрення звезда in USDJPY
0	10:12:28.380	CPIv1.5 USDJPY,M1: 2017.03.28 10:151 in USDJPY
0	10:13:28.738	CPIv1.5 USDJPY,M1: 2017.03.28 10:161Бычий Доджи in USDJPY
0	10:14:29.246	CPIv1.5 USDJPY,M1: 2017.03.28 10:171Бычий Доджи in USDJPY
0	10:15:28.690	CPIv1.5 USDJPY,M1: 2017.03.28 10:181Медвежий Доджи in USDJPY
0	10:16:28.463	CPIv1.5 USDJPY,M1: 2017.03.28 10:191 in USDJPY
0	10:17:28.751	CPIv1.5 USDJPY,M1: 2017.03.28 10:201 in USDJPY
0	10:23:28.788	CPIv1.5 USDJPY,M1: 2017.03.28 10:261Медвежий Доджи in USDJPY
0	10:24:28.964	CPIv1.5 USDJPY,M1: 2017.03.28 10:271Вечерняя звезда in USDJPY
0	10:25:28.347	CPIv1.5 USDJPY,M1: 2017.03.28 10:281 in USDJPY
0	10:27:28.293	CPIv1.5 USDJPY,M1: 2017.03.28 10:301 in USDJPY
0	10:27:28.589	CPIv1.5 EURUSD,M30: 2017.03.28 10:3030Бычий Доджи in EURUSD
0	10:29:30.692	CPIv1.5 USDJPY,M1: 2017.03.28 10:321 in USDJPY
0	10:30:31.535	CPIv1.5 USDJPY,M1: 2017.03.28 10:331 in USDJPY
0	10:31:30.841	CPIv1.5 USDJPY,M1: 2017.03.28 10:341Медвежий Доджи in USDJPY
0	10:32:30.227	CPIv1.5 USDJPY,M1: 2017.03.28 10:351 in USDJPY
0	10:33:28.641	CPIv1.5 USDJPY,M1: 2017.03.28 10:361 in USDJPY
0	10:34:28.476	CPIv1.5 USDJPY,M1: 2017.03.28 10:371 in USDJPY
0	10:35:30.400	CPIv1.5 USDJPY,M1: 2017.03.28 10:381 in USDJPY
0	10:37:29.818	CPIv1.5 USDJPY,M1: 2017.03.28 10:401Медвежий Доджи in USDJPY
0	10:38:28.753	CPIv1.5 USDJPY,M1: 2017.03.28 10:411 in USDJPY
0	10:39:28.399	CPIv1.5 USDJPY,M1: 2017.03.28 10:421 in USDJPY
0	10:40:28.513	CPIv1.5 USDJPY,M1: 2017.03.28 10:431 in USDJPY
0	10:44:28.777	CPIv1.5 USDJPY,M1: 2017.03.28 10:471 in USDJPY
0	10:46:28.676	CPIv1.5 USDJPY,M1: 2017.03.28 10:491Медвежий Доджи in USDJPY
0	10:47:28.563	CPIv1.5 USDJPY,M1: 2017.03.28 10:501 in USDJPY
0	10:48:28.616	CPIv1.5 USDJPY,M1: 2017.03.28 10:511 in USDJPY
0	10:51:32.378	CPIv1.5 USDJPY,M1: 2017.03.28 10:541 in USDJPY
0	10:52:28.716	CPIv1.5 USDJPY,M1: 2017.03.28 10:551 in USDJPY
0	10:53:28.390	CPIv1.5 USDJPY,M1: 2017.03.28 10:561 in USDJPY
0	10:54:29.373	CPIv1.5 USDJPY,M1: 2017.03.28 10:571 in USDJPY
0	10:57:28.346	CPIv1.5 USDJPY,M1: 2017.03.28 11:001Бычий Доджи in USDJPY
0	10:57:28.376	CPIv1.5 EURUSD,M30: 2017.03.28 11:0030 in EURUSD
0	10:57:28.384	CPIv1.5 YM,H1: 2017.03.28 11:0060Бычий Доджи in YM
0	10:57:28.400	CPIv1.5 NQ,H1: 2017.03.28 11:0060Бычий Доджи in NQ
0	10:58:28.467	CPIv1.5 USDJPY,M1: 2017.03.28 11:011 in USDJPY
0	10:59:29.759	CPIv1.5 USDJPY,M1: 2017.03.28 11:021 in USDJPY
0	11:00:28.733	CPIv1.5 USDJPY,M1: 2017.03.28 11:031 in USDJPY
0	11:01:28.236	CPIv1.5 USDJPY,M1: 2017.03.28 11:041 in USDJPY
0	11:02:29.731	CPIv1.5 USDJPY,M1: 2017.03.28 11:051Вечерняя звезда in USDJPY
0	11:05:30.883	CPIv1.5 USDJPY,M1: 2017.03.28 11:081Утрення звезда in USDJPY
0	11:06:29.159	CPIv1.5 USDJPY,M1: 2017.03.28 11:091 in USDJPY
0	11:08:31.736	CPIv1.5 USDJPY,M1: 2017.03.28 11:111 in USDJPY
0	11:09:28.521	CPIv1.5 USDJPY,M1: 2017.03.28 11:121 in USDJPY
0	11:10:30.861	CPIv1.5 USDJPY,M1: 2017.03.28 11:131 in USDJPY
0	11:11:28.883	CPIv1.5 USDJPY,M1: 2017.03.28 11:141 in USDJPY
0	11:13:28.631	CPIv1.5 USDJPY,M1: 2017.03.28 11:161 in USDJPY
0	11:14:28.518	CPIv1.5 USDJPY,M1: 2017.03.28 11:171Бычий Доджи in USDJPY
0	11:15:28.473	CPIv1.5 USDJPY,M1: 2017.03.28 11:181 in USDJPY
0	11:19:28.359	CPIv1.5 USDJPY,M1: 2017.03.28 11:221 in USDJPY
0	11:20:28.670	CPIv1.5 USDJPY,M1: 2017.03.28 11:231 in USDJPY
0	11:21:29.895	CPIv1.5 USDJPY,M1: 2017.03.28 11:241Медвежий Доджи in USDJPY
0	11:22:28.706	CPIv1.5 USDJPY,M1: 2017.03.28 11:251 in USDJPY
0	11:23:28.496	CPIv1.5 USDJPY,M1: 2017.03.28 11:261 in USDJPY
0	11:24:31.378	CPIv1.5 USDJPY,M1: 2017.03.28 11:271 in USDJPY
0	11:26:28.335	CPIv1.5 USDJPY,M1: 2017.03.28 11:291Медвежий Доджи in USDJPY
0	11:28:28.550	CPIv1.5 USDJPY,M1: 2017.03.28 11:311 in USDJPY
0	11:29:28.344	CPIv1.5 USDJPY,M1: 2017.03.28 11:321 in USDJPY
0	11:31:30.203	CPIv1.5 USDJPY,M1: 2017.03.28 11:341 in USDJPY
0	11:33:30.893	CPIv1.5 USDJPY,M1: 2017.03.28 11:361 in USDJPY
0	11:34:29.559	CPIv1.5 USDJPY,M1: 2017.03.28 11:371 in USDJPY
0	11:35:28.545	CPIv1.5 USDJPY,M1: 2017.03.28 11:381 in USDJPY
0	11:37:30.540	CPIv1.5 USDJPY,M1: 2017.03.28 11:401 in USDJPY
0	11:38:28.284	CPIv1.5 USDJPY,M1: 2017.03.28 11:411Медвежий Доджи in USDJPY
0	11:39:28.601	CPIv1.5 USDJPY,M1: 2017.03.28 11:421 in USDJPY
0	11:40:33.168	CPIv1.5 USDJPY,M1: 2017.03.28 11:431Медвежий Доджи in USDJPY
0	11:41:30.988	CPIv1.5 USDJPY,M1: 2017.03.28 11:441 in USDJPY
0	11:42:28.925	CPIv1.5 USDJPY,M1: 2017.03.28 11:451 in USDJPY
0	11:43:28.620	CPIv1.5 USDJPY,M1: 2017.03.28 11:461 in USDJPY
0	11:46:29.643	CPIv1.5 USDJPY,M1: 2017.03.28 11:491Падающая звезда in USDJPY
0	11:47:31.064	CPIv1.5 USDJPY,M1: 2017.03.28 11:501 in USDJPY
0	11:48:32.432	CPIv1.5 USDJPY,M1: 2017.03.28 11:511 in USDJPY
0	11:49:32.284	CPIv1.5 USDJPY,M1: 2017.03.28 11:521 in USDJPY
0	11:50:29.427	CPIv1.5 USDJPY,M1: 2017.03.28 11:531 in USDJPY
0	11:51:29.307	CPIv1.5 USDJPY,M1: 2017.03.28 11:541 in USDJPY
0	11:52:28.613	CPIv1.5 USDJPY,M1: 2017.03.28 11:551Медвежий Доджи in USDJPY
0	11:54:28.806	CPIv1.5 USDJPY,M1: 2017.03.28 11:571 in USDJPY
0	11:55:31.254	CPIv1.5 USDJPY,M1: 2017.03.28 11:581Бычий Доджи in USDJPY
0	11:56:32.729	CPIv1.5 USDJPY,M1: 2017.03.28 11:591 in USDJPY
0	11:57:28.275	CPIv1.5 EURUSD,M30: 2017.03.28 12:0030Бычий Доджи in EURUSD
0	11:57:28.542	CPIv1.5 USDJPY,M1: 2017.03.28 12:001 in USDJPY
0	11:57:28.573	CPIv1.5 NQ,H1: 2017.03.28 12:0060Бычий Доджи in NQ
0	11:57:28.619	CPIv1.5 YM,H1: 2017.03.28 12:0060 in YM
0	11:58:29.189	CPIv1.5 USDJPY,M1: 2017.03.28 12:011 in USDJPY
0	12:02:30.067	CPIv1.5 USDJPY,M1: 2017.03.28 12:051 in USDJPY
0	12:03:28.531	CPIv1.5 USDJPY,M1: 2017.03.28 12:061 in USDJPY
0	12:05:30.298	CPIv1.5 USDJPY,M1: 2017.03.28 12:081Утрення звезда in USDJPY
0	12:06:28.840	CPIv1.5 USDJPY,M1: 2017.03.28 12:091 in USDJPY
0	12:07:29.167	CPIv1.5 USDJPY,M1: 2017.03.28 12:101Медвежий Доджи in USDJPY
0	12:08:28.522	CPIv1.5 USDJPY,M1: 2017.03.28 12:111 in USDJPY
0	12:11:32.161	CPIv1.5 USDJPY,M1: 2017.03.28 12:141Модель поглощения in USDJPY
0	12:12:29.329	CPIv1.5 USDJPY,M1: 2017.03.28 12:151 in USDJPY
0	12:14:34.939	CPIv1.5 USDJPY,M1: 2017.03.28 12:171 in USDJPY
0	12:15:32.795	CPIv1.5 USDJPY,M1: 2017.03.28 12:181 in USDJPY
0	12:18:28.445	CPIv1.5 USDJPY,M1: 2017.03.28 12:211 in USDJPY
0	12:21:30.825	CPIv1.5 USDJPY,M1: 2017.03.28 12:241 in USDJPY
0	12:23:29.860	CPIv1.5 USDJPY,M1: 2017.03.28 12:261Модель поглощения in USDJPY
0	12:24:34.149	CPIv1.5 USDJPY,M1: 2017.03.28 12:271 in USDJPY
0	12:27:29.520	CPIv1.5 EURUSD,M30: 2017.03.28 12:3030Медвежий Доджи in EURUSD
0	12:28:29.297	CPIv1.5 USDJPY,M1: 2017.03.28 12:311 in USDJPY
0	12:30:28.563	CPIv1.5 USDJPY,M1: 2017.03.28 12:331Медвежий Доджи in USDJPY
0	12:31:28.471	CPIv1.5 USDJPY,M1: 2017.03.28 12:341 in USDJPY
0	12:33:35.025	CPIv1.5 USDJPY,M1: 2017.03.28 12:361 in USDJPY
0	12:36:29.038	CPIv1.5 USDJPY,M1: 2017.03.28 12:391Медвежий Доджи in USDJPY
0	12:37:28.292	CPIv1.5 USDJPY,M1: 2017.03.28 12:401Модель поглощения in USDJPY
0	12:38:30.993	CPIv1.5 USDJPY,M1: 2017.03.28 12:411 in USDJPY
0	12:43:28.881	CPIv1.5 USDJPY,M1: 2017.03.28 12:461 in USDJPY
0	12:45:28.447	CPIv1.5 USDJPY,M1: 2017.03.28 12:481 in USDJPY
0	12:46:28.463	CPIv1.5 USDJPY,M1: 2017.03.28 12:491 in USDJPY
0	12:47:30.015	CPIv1.5 USDJPY,M1: 2017.03.28 12:501 in USDJPY
0	12:47:51.022	ACD EURUSD,M30: uninit reason 3
0	12:47:51.050	CPIv1.5 EURUSD,M30: uninit reason 3
0	12:47:51.224	ACD EURUSD,H1: initialized
0	12:47:52.257	CPIv1.5 EURUSD,H1: initialized
0	12:47:52.697	CPIv1.5 EURUSD,H1: 2017.03.24 13:0060Медвежий Доджи in EURUSD
0	12:47:52.781	CPIv1.5 EURUSD,H1: 2017.03.28 12:0060 in EURUSD
0	12:48:36.784	CPIv1.5 USDJPY,M1: 2017.03.28 12:511 in USDJPY
0	12:49:30.670	CPIv1.5 USDJPY,M1: 2017.03.28 12:521Утрення звезда in USDJPY
0	12:52:34.292	CPIv1.5 USDJPY,M1: 2017.03.28 12:551 in USDJPY
0	12:53:49.115	CPIv1.5 USDJPY,M1: 2017.03.28 12:561 in USDJPY
0	12:54:35.014	CPIv1.5 USDJPY,M1: 2017.03.28 12:571 in USDJPY
0	12:55:28.693	CPIv1.5 USDJPY,M1: 2017.03.28 12:581 in USDJPY
0	12:56:29.146	CPIv1.5 USDJPY,M1: 2017.03.28 12:591 in USDJPY
0	12:57:28.573	CPIv1.5 USDJPY,M1: 2017.03.28 13:001 in USDJPY
0	12:57:29.212	CPIv1.5 NQ,H1: 2017.03.28 13:0060 in NQ
0	12:57:44.633	CPIv1.5 YM,H1: 2017.03.28 13:0060 in YM
0	12:58:29.014	CPIv1.5 USDJPY,M1: 2017.03.28 13:011Модель поглощения in USDJPY
0	12:59:29.090	CPIv1.5 USDJPY,M1: 2017.03.28 13:021Бычий Доджи in USDJPY
0	13:00:31.570	CPIv1.5 USDJPY,M1: 2017.03.28 13:031 in USDJPY
0	13:01:28.668	CPIv1.5 USDJPY,M1: 2017.03.28 13:041 in USDJPY
0	13:02:31.769	CPIv1.5 USDJPY,M1: 2017.03.28 13:051 in USDJPY
0	13:03:31.698	CPIv1.5 USDJPY,M1: 2017.03.28 13:061 in USDJPY
0	13:04:28.530	CPIv1.5 USDJPY,M1: 2017.03.28 13:071 in USDJPY
0	13:05:28.613	CPIv1.5 USDJPY,M1: 2017.03.28 13:081Утрення звезда in USDJPY
0	13:07:35.751	CPIv1.5 USDJPY,M1: 2017.03.28 13:101 in USDJPY
0	13:08:31.086	CPIv1.5 USDJPY,M1: 2017.03.28 13:111 in USDJPY
0	13:09:29.570	CPIv1.5 USDJPY,M1: 2017.03.28 13:121 in USDJPY
0	13:10:28.446	CPIv1.5 USDJPY,M1: 2017.03.28 13:131 in USDJPY
0	13:14:32.630	CPIv1.5 USDJPY,M1: 2017.03.28 13:171 in USDJPY
0	13:16:32.136	CPIv1.5 USDJPY,M1: 2017.03.28 13:191 in USDJPY
0	13:17:28.334	CPIv1.5 USDJPY,M1: 2017.03.28 13:201Утрення звезда in USDJPY
0	13:18:29.314	CPIv1.5 USDJPY,M1: 2017.03.28 13:211 in USDJPY
0	13:20:31.684	CPIv1.5 USDJPY,M1: 2017.03.28 13:231 in USDJPY
0	13:21:29.235	CPIv1.5 USDJPY,M1: 2017.03.28 13:241 in USDJPY
0	13:22:28.421	CPIv1.5 USDJPY,M1: 2017.03.28 13:251 in USDJPY
0	13:24:31.898	CPIv1.5 USDJPY,M1: 2017.03.28 13:271 in USDJPY
0	13:25:34.097	CPIv1.5 USDJPY,M1: 2017.03.28 13:281 in USDJPY
0	13:28:32.440	CPIv1.5 USDJPY,M1: 2017.03.28 13:311 in USDJPY
0	13:31:28.657	CPIv1.5 USDJPY,M1: 2017.03.28 13:341 in USDJPY
0	13:32:33.236	CPIv1.5 USDJPY,M1: 2017.03.28 13:351 in USDJPY
0	13:35:30.752	CPIv1.5 USDJPY,M1: 2017.03.28 13:381 in USDJPY
0	13:36:29.320	CPIv1.5 USDJPY,M1: 2017.03.28 13:391 in USDJPY
0	13:37:35.760	CPIv1.5 USDJPY,M1: 2017.03.28 13:401 in USDJPY
0	13:40:28.579	CPIv1.5 USDJPY,M1: 2017.03.28 13:431 in USDJPY
0	13:41:28.576	CPIv1.5 USDJPY,M1: 2017.03.28 13:441 in USDJPY
0	13:44:28.969	CPIv1.5 USDJPY,M1: 2017.03.28 13:471 in USDJPY
0	13:45:29.609	CPIv1.5 USDJPY,M1: 2017.03.28 13:481Падающая звезда in USDJPY
0	13:47:28.455	CPIv1.5 USDJPY,M1: 2017.03.28 13:501 in USDJPY
0	13:49:31.556	CPIv1.5 USDJPY,M1: 2017.03.28 13:521 in USDJPY
0	13:50:32.470	CPIv1.5 USDJPY,M1: 2017.03.28 13:531Падающая звезда in USDJPY
0	13:51:29.178	CPIv1.5 USDJPY,M1: 2017.03.28 13:541Падающая звезда in USDJPY
0	13:52:31.269	CPIv1.5 USDJPY,M1: 2017.03.28 13:551 in USDJPY
0	13:53:29.251	CPIv1.5 USDJPY,M1: 2017.03.28 13:561 in USDJPY
0	13:54:29.786	CPIv1.5 USDJPY,M1: 2017.03.28 13:571 in USDJPY
0	13:55:31.991	CPIv1.5 USDJPY,M1: 2017.03.28 13:581Бычий Доджи in USDJPY
0	13:56:29.167	CPIv1.5 USDJPY,M1: 2017.03.28 13:591Утрення звезда in USDJPY
0	13:57:28.524	CPIv1.5 USDJPY,M1: 2017.03.28 14:001 in USDJPY
0	13:57:28.541	CPIv1.5 EURUSD,H1: 2017.03.28 14:0060 in EURUSD
0	13:57:31.261	CPIv1.5 YM,H1: 2017.03.28 14:0060 in YM
0	13:59:28.968	CPIv1.5 USDJPY,M1: 2017.03.28 14:021Бычий Доджи in USDJPY
0	14:00:28.651	CPIv1.5 USDJPY,M1: 2017.03.28 14:031Бычий Доджи in USDJPY
0	14:01:30.818	CPIv1.5 USDJPY,M1: 2017.03.28 14:041 in USDJPY
0	14:04:36.744	CPIv1.5 USDJPY,M1: 2017.03.28 14:071 in USDJPY
0	14:05:30.494	CPIv1.5 USDJPY,M1: 2017.03.28 14:081 in USDJPY
0	14:06:28.599	CPIv1.5 USDJPY,M1: 2017.03.28 14:091Повешенный in USDJPY
0	14:07:30.629	CPIv1.5 USDJPY,M1: 2017.03.28 14:101 in USDJPY
0	14:08:30.746	CPIv1.5 USDJPY,M1: 2017.03.28 14:111Вечерняя звезда in USDJPY
0	14:09:29.327	CPIv1.5 USDJPY,M1: 2017.03.28 14:121Бычий Доджи in USDJPY
0	14:10:28.329	CPIv1.5 USDJPY,M1: 2017.03.28 14:131 in USDJPY
0	14:10:48.214	ACD EURUSD,H1: uninit reason 3
0	14:10:48.214	CPIv1.5 EURUSD,H1: uninit reason 3
0	14:10:48.265	ACD EURUSD,H4: initialized
0	14:10:48.267	CPIv1.5 EURUSD,H4: initialized
0	14:10:48.299	CPIv1.5 EURUSD,H4: 2017.03.24 12:00240Бычий Доджи in EURUSD
0	14:10:48.507	CPIv1.5 EURUSD,H4: 2017.03.28 12:00240 in EURUSD
0	14:10:57.859	ACD EURUSD,H4: uninit reason 3
0	14:10:57.859	CPIv1.5 EURUSD,H4: uninit reason 3
0	14:10:57.980	ACD EURUSD,M1: initialized
0	14:10:57.981	CPIv1.5 EURUSD,M1: initialized
0	14:10:58.165	CPIv1.5 EURUSD,M1: 2017.03.27 09:101Утрення звезда in EURUSD
0	14:10:58.491	CPIv1.5 EURUSD,M1: 2017.03.28 14:131Медвежий Доджи in EURUSD
0	14:11:08.660	ACD EURUSD,M1: uninit reason 3
0	14:11:08.660	CPIv1.5 EURUSD,M1: uninit reason 3
0	14:11:08.735	ACD EURUSD,M5: initialized
0	14:11:08.737	CPIv1.5 EURUSD,M5: initialized
0	14:11:09.119	CPIv1.5 EURUSD,M5: 2017.03.28 14:105Медвежий Доджи in EURUSD
0	14:12:28.339	CPIv1.5 EURUSD,M5: 2017.03.28 14:155Бычий Доджи in EURUSD
0	14:12:38.894	CPIv1.5 EURUSD,M5: uninit reason 5
0	14:12:38.924	CPIv1.5 EURUSD,M5: initialized
0	14:12:40.777	CPIv1.5 EURUSD,M5: 2017.03.28 14:155Разрыв Тасуки in EURUSD
0	14:13:29.034	CPIv1.5 USDJPY,M1: 2017.03.28 14:161Бычий Доджи in USDJPY
0	14:14:33.633	CPIv1.5 USDJPY,M1: 2017.03.28 14:171 in USDJPY
0	14:17:30.284	CPIv1.5 EURUSD,M5: 2017.03.28 14:205Разрыв Тасуки in EURUSD
0	14:18:36.012	CPIv1.5 USDJPY,M1: 2017.03.28 14:211 in USDJPY
0	14:22:29.298	CPIv1.5 USDJPY,M1: 2017.03.28 14:251Бычий Доджи in USDJPY
0	14:23:31.875	CPIv1.5 USDJPY,M1: 2017.03.28 14:261Бычий Доджи in USDJPY
0	14:24:34.840	CPIv1.5 USDJPY,M1: 2017.03.28 14:271 in USDJPY
0	14:26:29.875	CPIv1.5 USDJPY,M1: 2017.03.28 14:291Падающая звезда in USDJPY
0	14:28:28.786	CPIv1.5 USDJPY,M1: 2017.03.28 14:311 in USDJPY
0	14:29:29.705	CPIv1.5 USDJPY,M1: 2017.03.28 14:321 in USDJPY
0	14:31:28.925	CPIv1.5 USDJPY,M1: 2017.03.28 14:341 in USDJPY
0	14:32:29.201	CPIv1.5 EURUSD,M5: 2017.03.28 14:355Разрыв Тасуки in EURUSD
0	14:33:28.397	CPIv1.5 USDJPY,M1: 2017.03.28 14:361 in USDJPY
0	14:34:28.513	CPIv1.5 USDJPY,M1: 2017.03.28 14:371Бычий Доджи in USDJPY
0	14:35:29.070	CPIv1.5 USDJPY,M1: 2017.03.28 14:381 in USDJPY
0	14:36:28.287	CPIv1.5 USDJPY,M1: 2017.03.28 14:391Бычий Доджи in USDJPY
0	14:37:29.267	CPIv1.5 EURUSD,M5: 2017.03.28 14:405 in EURUSD
0	14:37:33.482	CPIv1.5 USDJPY,M1: 2017.03.28 14:401Модель поглощения in USDJPY
0	14:38:29.651	CPIv1.5 USDJPY,M1: 2017.03.28 14:411 in USDJPY
0	14:39:29.255	CPIv1.5 USDJPY,M1: 2017.03.28 14:421 in USDJPY
0	14:41:29.164	CPIv1.5 USDJPY,M1: 2017.03.28 14:441Медвежий Доджи in USDJPY
0	14:42:28.471	CPIv1.5 USDJPY,M1: 2017.03.28 14:451 in USDJPY
0	14:42:29.164	CPIv1.5 EURUSD,M5: 2017.03.28 14:455Разрыв Тасуки in EURUSD
0	14:43:28.949	CPIv1.5 USDJPY,M1: 2017.03.28 14:461 in USDJPY
0	14:45:30.085	CPIv1.5 USDJPY,M1: 2017.03.28 14:481 in USDJPY
0	14:47:28.841	CPIv1.5 EURUSD,M5: 2017.03.28 14:505 in EURUSD
0	14:49:29.722	CPIv1.5 USDJPY,M1: 2017.03.28 14:521Бычий Доджи in USDJPY
0	14:50:28.688	CPIv1.5 USDJPY,M1: 2017.03.28 14:531Утрення звезда in USDJPY
0	14:51:30.612	CPIv1.5 USDJPY,M1: 2017.03.28 14:541 in USDJPY
0	14:52:29.080	CPIv1.5 EURUSD,M5: 2017.03.28 14:555Разрыв Тасуки in EURUSD
0	14:56:28.699	CPIv1.5 USDJPY,M1: 2017.03.28 14:591 in USDJPY
0	14:57:28.518	CPIv1.5 EURUSD,M5: 2017.03.28 15:005Разрыв Тасуки in EURUSD
0	14:57:28.802	CPIv1.5 USDJPY,M1: 2017.03.28 15:001 in USDJPY
0	14:58:29.414	CPIv1.5 USDJPY,M1: 2017.03.28 15:011 in USDJPY
0	14:59:28.697	CPIv1.5 USDJPY,M1: 2017.03.28 15:021 in USDJPY
0	15:01:30.743	CPIv1.5 USDJPY,M1: 2017.03.28 15:041Бычий Доджи in USDJPY
0	15:02:28.589	CPIv1.5 EURUSD,M5: 2017.03.28 15:055Разрыв Тасуки in EURUSD
0	15:02:34.894	CPIv1.5 USDJPY,M1: 2017.03.28 15:051 in USDJPY
0	15:04:30.410	CPIv1.5 USDJPY,M1: 2017.03.28 15:071Бычий Доджи in USDJPY
0	15:05:32.123	CPIv1.5 USDJPY,M1: 2017.03.28 15:081Бычий Доджи in USDJPY
0	15:06:28.523	CPIv1.5 USDJPY,M1: 2017.03.28 15:091 in USDJPY
0	15:07:28.928	CPIv1.5 USDJPY,M1: 2017.03.28 15:101 in USDJPY
0	15:07:31.745	CPIv1.5 EURUSD,M5: 2017.03.28 15:105Разрыв Тасуки in EURUSD
0	15:10:28.596	CPIv1.5 USDJPY,M1: 2017.03.28 15:131Медвежий Доджи in USDJPY
0	15:11:29.291	CPIv1.5 USDJPY,M1: 2017.03.28 15:141 in USDJPY
0	15:12:28.833	CPIv1.5 USDJPY,M1: 2017.03.28 15:151 in USDJPY
0	15:12:29.114	CPIv1.5 EURUSD,M5: 2017.03.28 15:155Разрыв Тасуки in EURUSD
0	15:13:28.832	CPIv1.5 USDJPY,M1: 2017.03.28 15:161 in USDJPY
0	15:14:30.301	CPIv1.5 USDJPY,M1: 2017.03.28 15:171Бычий Доджи in USDJPY
0	15:15:28.448	CPIv1.5 USDJPY,M1: 2017.03.28 15:181Утрення звезда in USDJPY
0	15:16:28.565	CPIv1.5 USDJPY,M1: 2017.03.28 15:191 in USDJPY
0	15:17:29.827	CPIv1.5 USDJPY,M1: 2017.03.28 15:201Бычий Доджи in USDJPY
0	15:19:29.763	CPIv1.5 USDJPY,M1: 2017.03.28 15:221 in USDJPY
0	15:20:29.595	CPIv1.5 USDJPY,M1: 2017.03.28 15:231Падающая звезда in USDJPY
0	15:22:29.303	CPIv1.5 USDJPY,M1: 2017.03.28 15:251Бычий Доджи in USDJPY
0	15:23:27.791	CPIv1.5 USDJPY,M1: 2017.03.28 15:261Бычий Доджи in USDJPY
0	15:24:27.601	CPIv1.5 USDJPY,M1: 2017.03.28 15:271 in USDJPY
0	15:26:27.469	CPIv1.5 USDJPY,M1: 2017.03.28 15:291Медвежий Доджи in USDJPY
0	15:27:27.813	CPIv1.5 EURUSD,M5: 2017.03.28 15:305Разрыв Тасуки in EURUSD
0	15:27:28.097	CPIv1.5 USDJPY,M1: 2017.03.28 15:301Падающая звезда in USDJPY
0	15:29:27.615	CPIv1.5 USDJPY,M1: 2017.03.28 15:321 in USDJPY
0	15:31:27.755	CPIv1.5 USDJPY,M1: 2017.03.28 15:341Вечерняя звезда in USDJPY
0	15:32:27.943	CPIv1.5 EURUSD,M5: 2017.03.28 15:355Разрыв Тасуки in EURUSD
0	15:32:28.410	CPIv1.5 USDJPY,M1: 2017.03.28 15:351Бычий Доджи in USDJPY
0	15:33:27.580	CPIv1.5 USDJPY,M1: 2017.03.28 15:361 in USDJPY
0	15:37:27.613	CPIv1.5 USDJPY,M1: 2017.03.28 15:401 in USDJPY
0	15:37:27.829	CPIv1.5 EURUSD,M5: 2017.03.28 15:405Разрыв Тасуки in EURUSD
0	15:38:27.433	CPIv1.5 USDJPY,M1: 2017.03.28 15:411Бычий Доджи in USDJPY
0	15:39:27.527	CPIv1.5 USDJPY,M1: 2017.03.28 15:421 in USDJPY
0	15:40:29.655	CPIv1.5 USDJPY,M1: 2017.03.28 15:431 in USDJPY
0	15:42:27.987	CPIv1.5 USDJPY,M1: 2017.03.28 15:451 in USDJPY
0	15:45:27.236	CPIv1.5 USDJPY,M1: 2017.03.28 15:481 in USDJPY
0	15:46:27.727	CPIv1.5 USDJPY,M1: 2017.03.28 15:491Вечерняя звезда in USDJPY
0	15:47:28.886	CPIv1.5 USDJPY,M1: 2017.03.28 15:501 in USDJPY
0	15:47:29.188	CPIv1.5 EURUSD,M5: 2017.03.28 15:505Разрыв Тасуки in EURUSD
0	15:48:27.753	CPIv1.5 USDJPY,M1: 2017.03.28 15:511 in USDJPY
0	15:49:27.857	CPIv1.5 USDJPY,M1: 2017.03.28 15:521Вечерняя звезда in USDJPY
0	15:52:27.532	CPIv1.5 USDJPY,M1: 2017.03.28 15:551 in USDJPY
0	15:52:29.050	CPIv1.5 EURUSD,M5: 2017.03.28 15:555 in EURUSD
0	15:53:27.465	CPIv1.5 USDJPY,M1: 2017.03.28 15:561Падающая звезда in USDJPY
0	15:54:27.767	CPIv1.5 USDJPY,M1: 2017.03.28 15:571 in USDJPY
0	16:04:21.891	CPIv1.5 NQ,H1: 2017.03.28 16:0060Бычий Доджи in NQ
0	16:04:22.336	CPIv1.5 USDJPY,M1: 2017.03.28 16:061 in USDJPY
0	16:04:24.137	CPIv1.5 YM,H1: 2017.03.28 16:0060Бычий Доджи in YM
0	16:04:27.900	CPIv1.5 USDJPY,M1: 2017.03.28 16:071Бычий Доджи in USDJPY
0	16:05:27.770	CPIv1.5 USDJPY,M1: 2017.03.28 16:081 in USDJPY
0	16:06:28.759	CPIv1.5 USDJPY,M1: 2017.03.28 16:091 in USDJPY
0	16:07:27.651	CPIv1.5 USDJPY,M1: 2017.03.28 16:101Бычий Доджи in USDJPY
0	16:07:27.844	CPIv1.5 EURUSD,M5: 2017.03.28 16:105 in EURUSD
0	16:08:31.733	CPIv1.5 USDJPY,M1: 2017.03.28 16:111 in USDJPY
0	16:09:28.317	CPIv1.5 USDJPY,M1: 2017.03.28 16:121 in USDJPY
0	16:10:34.442	CPIv1.5 USDJPY,M1: 2017.03.28 16:131 in USDJPY
0	16:11:28.962	CPIv1.5 USDJPY,M1: 2017.03.28 16:141 in USDJPY
0	16:13:27.794	CPIv1.5 USDJPY,M1: 2017.03.28 16:161Медвежий Доджи in USDJPY
0	16:14:27.750	CPIv1.5 USDJPY,M1: 2017.03.28 16:171Медвежий Доджи in USDJPY
0	16:15:27.690	CPIv1.5 USDJPY,M1: 2017.03.28 16:181 in USDJPY
0	16:17:27.700	CPIv1.5 EURUSD,M5: 2017.03.28 16:205 in EURUSD
0	16:20:28.791	CPIv1.5 USDJPY,M1: 2017.03.28 16:231 in USDJPY
0	16:21:27.728	CPIv1.5 USDJPY,M1: 2017.03.28 16:241Падающая звезда in USDJPY
0	16:22:27.764	CPIv1.5 EURUSD,M5: 2017.03.28 16:255Разрыв Тасуки in EURUSD
0	16:23:27.491	CPIv1.5 USDJPY,M1: 2017.03.28 16:261 in USDJPY
0	16:24:27.792	CPIv1.5 USDJPY,M1: 2017.03.28 16:271Бычий Доджи in USDJPY
0	16:25:27.518	CPIv1.5 USDJPY,M1: 2017.03.28 16:281 in USDJPY
0	16:27:27.571	CPIv1.5 USDJPY,M1: 2017.03.28 16:301 in USDJPY
0	16:28:28.065	CPIv1.5 USDJPY,M1: 2017.03.28 16:311Падающая звезда in USDJPY
0	16:29:27.536	CPIv1.5 USDJPY,M1: 2017.03.28 16:321 in USDJPY
0	16:30:27.734	CPIv1.5 USDJPY,M1: 2017.03.28 16:331 in USDJPY
0	16:32:27.468	CPIv1.5 EURUSD,M5: 2017.03.28 16:355 in EURUSD
0	16:32:28.397	CPIv1.5 USDJPY,M1: 2017.03.28 16:351Медвежий Доджи in USDJPY
0	16:33:27.523	CPIv1.5 USDJPY,M1: 2017.03.28 16:361 in USDJPY
0	16:34:28.272	CPIv1.5 USDJPY,M1: 2017.03.28 16:371Падающая звезда in USDJPY
0	16:36:29.266	CPIv1.5 USDJPY,M1: 2017.03.28 16:391Медвежий Доджи in USDJPY
0	16:37:27.530	CPIv1.5 EURUSD,M5: 2017.03.28 16:405Разрыв Тасуки in EURUSD
0	16:37:27.814	CPIv1.5 USDJPY,M1: 2017.03.28 16:401 in USDJPY
0	16:38:30.377	CPIv1.5 USDJPY,M1: 2017.03.28 16:411 in USDJPY
0	16:39:27.734	CPIv1.5 USDJPY,M1: 2017.03.28 16:421 in USDJPY
0	16:41:27.807	CPIv1.5 USDJPY,M1: 2017.03.28 16:441Бычий Доджи in USDJPY
0	16:42:27.533	CPIv1.5 USDJPY,M1: 2017.03.28 16:451Бычий Доджи in USDJPY
0	16:43:28.213	CPIv1.5 USDJPY,M1: 2017.03.28 16:461 in USDJPY
0	16:44:29.032	CPIv1.5 USDJPY,M1: 2017.03.28 16:471Бычий Доджи in USDJPY
0	16:45:29.671	CPIv1.5 USDJPY,M1: 2017.03.28 16:481Модель поглощения in USDJPY
0	16:46:27.621	CPIv1.5 USDJPY,M1: 2017.03.28 16:491 in USDJPY
0	16:47:27.667	CPIv1.5 USDJPY,M1: 2017.03.28 16:501 in USDJPY
0	16:48:27.891	CPIv1.5 USDJPY,M1: 2017.03.28 16:511 in USDJPY
0	16:50:27.707	CPIv1.5 USDJPY,M1: 2017.03.28 16:531Бычий Доджи in USDJPY
0	16:51:27.829	CPIv1.5 USDJPY,M1: 2017.03.28 16:541Бычий Доджи in USDJPY
0	16:52:27.320	CPIv1.5 EURUSD,M5: 2017.03.28 16:555Разрыв Тасуки in EURUSD
0	16:52:28.240	CPIv1.5 USDJPY,M1: 2017.03.28 16:551 in USDJPY
0	16:54:27.672	CPIv1.5 USDJPY,M1: 2017.03.28 16:571Медвежий Доджи in USDJPY
0	16:55:28.257	CPIv1.5 USDJPY,M1: 2017.03.28 16:581 in USDJPY
0	16:57:27.585	CPIv1.5 EURUSD,M5: 2017.03.28 17:005 in EURUSD
0	16:57:27.597	CPIv1.5 NQ,H1: 2017.03.28 17:0060Бычий Доджи in NQ
0	16:57:27.643	CPIv1.5 YM,H1: 2017.03.28 17:0060Утрення звезда in YM
0	16:58:27.645	CPIv1.5 USDJPY,M1: 2017.03.28 17:011Падающая звезда in USDJPY
0	17:00:27.754	CPIv1.5 USDJPY,M1: 2017.03.28 17:031Бычий Доджи in USDJPY
0	17:01:27.694	CPIv1.5 USDJPY,M1: 2017.03.28 17:041 in USDJPY
0	17:02:27.488	CPIv1.5 EURUSD,M5: 2017.03.28 17:055Разрыв Тасуки in EURUSD
0	17:02:27.815	CPIv1.5 USDJPY,M1: 2017.03.28 17:051Медвежий Доджи in USDJPY
0	17:03:27.809	CPIv1.5 USDJPY,M1: 2017.03.28 17:061 in USDJPY
0	17:04:27.844	CPIv1.5 USDJPY,M1: 2017.03.28 17:071Медвежий Доджи in USDJPY
0	17:05:29.435	CPIv1.5 USDJPY,M1: 2017.03.28 17:081 in USDJPY
0	17:06:27.693	CPIv1.5 USDJPY,M1: 2017.03.28 17:091 in USDJPY
0	17:10:27.927	CPIv1.5 USDJPY,M1: 2017.03.28 17:131 in USDJPY
0	17:12:27.441	CPIv1.5 EURUSD,M5: 2017.03.28 17:155 in EURUSD
0	17:13:27.897	CPIv1.5 USDJPY,M1: 2017.03.28 17:161Бычий Доджи in USDJPY
0	17:14:27.463	CPIv1.5 USDJPY,M1: 2017.03.28 17:171Бычий Доджи in USDJPY
0	17:15:28.079	CPIv1.5 USDJPY,M1: 2017.03.28 17:181 in USDJPY
0	17:17:27.636	CPIv1.5 USDJPY,M1: 2017.03.28 17:201 in USDJPY
0	17:17:27.833	CPIv1.5 EURUSD,M5: 2017.03.28 17:205Разрыв Тасуки in EURUSD
0	17:19:28.036	CPIv1.5 USDJPY,M1: 2017.03.28 17:221Бычий Доджи in USDJPY
0	17:20:28.753	CPIv1.5 USDJPY,M1: 2017.03.28 17:231 in USDJPY
0	17:22:27.458	CPIv1.5 USDJPY,M1: 2017.03.28 17:251 in USDJPY
0	17:22:27.692	CPIv1.5 EURUSD,M5: 2017.03.28 17:255Разрыв Тасуки in EURUSD
0	17:23:27.976	CPIv1.5 USDJPY,M1: 2017.03.28 17:261 in USDJPY
0	17:24:27.904	CPIv1.5 USDJPY,M1: 2017.03.28 17:271 in USDJPY
0	17:25:27.596	CPIv1.5 USDJPY,M1: 2017.03.28 17:281Медвежий Доджи in USDJPY
0	17:26:27.805	CPIv1.5 USDJPY,M1: 2017.03.28 17:291 in USDJPY
0	17:27:27.440	CPIv1.5 USDJPY,M1: 2017.03.28 17:301 in USDJPY
0	17:27:27.643	CPIv1.5 EURUSD,M5: 2017.03.28 17:305 in EURUSD
0	17:28:27.926	CPIv1.5 USDJPY,M1: 2017.03.28 17:311 in USDJPY
0	17:31:28.083	CPIv1.5 USDJPY,M1: 2017.03.28 17:341Бычий Доджи in USDJPY
0	17:32:27.684	CPIv1.5 USDJPY,M1: 2017.03.28 17:351Бычий Доджи in USDJPY
0	17:32:30.028	CPIv1.5 EURUSD,M5: 2017.03.28 17:355Разрыв Тасуки in EURUSD
0	17:33:27.499	CPIv1.5 USDJPY,M1: 2017.03.28 17:361 in USDJPY
0	17:34:28.040	CPIv1.5 USDJPY,M1: 2017.03.28 17:371Бычий Доджи in USDJPY
0	17:35:28.109	CPIv1.5 USDJPY,M1: 2017.03.28 17:381 in USDJPY
0	17:38:27.774	CPIv1.5 USDJPY,M1: 2017.03.28 17:411 in USDJPY
0	17:41:30.104	CPIv1.5 USDJPY,M1: 2017.03.28 17:441Падающая звезда in USDJPY
0	17:42:27.804	CPIv1.5 USDJPY,M1: 2017.03.28 17:451 in USDJPY
0	17:42:28.009	CPIv1.5 EURUSD,M5: 2017.03.28 17:455 in EURUSD
0	17:43:27.953	CPIv1.5 USDJPY,M1: 2017.03.28 17:461 in USDJPY
0	17:45:27.553	CPIv1.5 USDJPY,M1: 2017.03.28 17:481 in USDJPY
0	17:47:27.227	CPIv1.5 EURUSD,M5: 2017.03.28 17:505Разрыв Тасуки in EURUSD
0	17:48:27.819	CPIv1.5 USDJPY,M1: 2017.03.28 17:511Модель поглощения in USDJPY
0	17:49:27.791	CPIv1.5 USDJPY,M1: 2017.03.28 17:521Бычий Доджи in USDJPY
0	17:50:28.615	CPIv1.5 USDJPY,M1: 2017.03.28 17:531 in USDJPY
0	17:51:27.988	CPIv1.5 USDJPY,M1: 2017.03.28 17:541 in USDJPY
0	17:52:27.458	CPIv1.5 USDJPY,M1: 2017.03.28 17:551Модель поглощения in USDJPY
0	17:52:27.974	CPIv1.5 EURUSD,M5: 2017.03.28 17:555Разрыв Тасуки in EURUSD
0	17:53:27.464	CPIv1.5 USDJPY,M1: 2017.03.28 17:561Бычий Доджи in USDJPY
0	17:54:27.870	CPIv1.5 USDJPY,M1: 2017.03.28 17:571 in USDJPY
0	17:55:27.364	CPIv1.5 USDJPY,M1: 2017.03.28 17:581Бычий Доджи in USDJPY
0	17:56:27.392	CPIv1.5 USDJPY,M1: 2017.03.28 17:591Бычий Доджи in USDJPY
0	17:57:27.346	CPIv1.5 NQ,H1: 2017.03.28 18:0060Бычий Доджи in NQ
0	17:57:27.535	ax_adv_023 AUDUSD,M15: AUDUSD [SELLSTOP ]:(4109)trade is not allowed in the expert properties AUDUSD lot=0.01 price=0.76264 slippage=3 sl=0.76418 tp=0.00000 comment= exp=1490724901
0	17:57:27.670	CPIv1.5 USDJPY,M1: 2017.03.28 18:001 in USDJPY
0	17:57:27.858	CPIv1.5 EURUSD,M5: 2017.03.28 18:005 in EURUSD
0	17:58:27.293	CPIv1.5 USDJPY,M1: 2017.03.28 18:011Медвежий Доджи in USDJPY
0	17:59:27.739	CPIv1.5 USDJPY,M1: 2017.03.28 18:021 in USDJPY
0	18:00:27.385	CPIv1.5 USDJPY,M1: 2017.03.28 18:031Медвежий Доджи in USDJPY
0	18:01:28.214	CPIv1.5 USDJPY,M1: 2017.03.28 18:041 in USDJPY
0	18:02:27.856	CPIv1.5 USDJPY,M1: 2017.03.28 18:051Медвежий Доджи in USDJPY
0	18:02:28.045	CPIv1.5 EURUSD,M5: 2017.03.28 18:055 in EURUSD
0	18:03:27.691	CPIv1.5 USDJPY,M1: 2017.03.28 18:061 in USDJPY
0	18:04:28.628	CPIv1.5 USDJPY,M1: 2017.03.28 18:071Медвежий Доджи in USDJPY
0	18:05:27.621	CPIv1.5 USDJPY,M1: 2017.03.28 18:081 in USDJPY
0	18:06:27.472	CPIv1.5 USDJPY,M1: 2017.03.28 18:091Медвежий Доджи in USDJPY
0	18:07:27.539	CPIv1.5 USDJPY,M1: 2017.03.28 18:101Медвежий Доджи in USDJPY
0	18:07:27.727	CPIv1.5 EURUSD,M5: 2017.03.28 18:105Разрыв Тасуки in EURUSD
0	18:08:27.658	CPIv1.5 USDJPY,M1: 2017.03.28 18:111 in USDJPY
0	18:09:28.953	CPIv1.5 USDJPY,M1: 2017.03.28 18:121 in USDJPY
0	18:11:27.980	CPIv1.5 USDJPY,M1: 2017.03.28 18:141Падающая звезда in USDJPY
0	18:12:27.386	CPIv1.5 USDJPY,M1: 2017.03.28 18:151 in USDJPY
0	18:12:27.856	CPIv1.5 EURUSD,M5: 2017.03.28 18:155Разрыв Тасуки in EURUSD
0	18:12:27.887	ax_adv_023 AUDUSD,M15: AUDUSD [SELLSTOP ]:(4109)trade is not allowed in the expert properties AUDUSD lot=0.01 price=0.76317 slippage=3 sl=0.76484 tp=0.00000 comment= exp=1490725801
0	18:13:27.412	CPIv1.5 USDJPY,M1: 2017.03.28 18:161 in USDJPY
0	18:15:28.425	CPIv1.5 USDJPY,M1: 2017.03.28 18:181 in USDJPY
0	18:17:27.460	CPIv1.5 USDJPY,M1: 2017.03.28 18:201Бычий Доджи in USDJPY
0	18:17:27.644	CPIv1.5 EURUSD,M5: 2017.03.28 18:205Разрыв Тасуки in EURUSD
0	18:18:28.326	CPIv1.5 USDJPY,M1: 2017.03.28 18:211 in USDJPY
0	18:21:27.845	CPIv1.5 USDJPY,M1: 2017.03.28 18:241 in USDJPY
0	18:22:33.102	CPIv1.5 EURUSD,M5: 2017.03.28 18:255Разрыв Тасуки in EURUSD
0	18:25:28.253	CPIv1.5 USDJPY,M1: 2017.03.28 18:281 in USDJPY
0	18:26:28.088	CPIv1.5 USDJPY,M1: 2017.03.28 18:291Утрення звезда in USDJPY
0	18:27:27.773	CPIv1.5 USDJPY,M1: 2017.03.28 18:301 in USDJPY
0	18:27:27.966	CPIv1.5 EURUSD,M5: 2017.03.28 18:305 in EURUSD
0	18:30:28.862	CPIv1.5 USDJPY,M1: 2017.03.28 18:331Медвежий Доджи in USDJPY
0	18:31:27.866	CPIv1.5 USDJPY,M1: 2017.03.28 18:341 in USDJPY
0	18:32:27.535	CPIv1.5 USDJPY,M1: 2017.03.28 18:351Повешенный in USDJPY
0	18:34:27.364	CPIv1.5 USDJPY,M1: 2017.03.28 18:371 in USDJPY
0	18:37:28.058	CPIv1.5 USDJPY,M1: 2017.03.28 18:401 in USDJPY
0	18:37:28.246	CPIv1.5 EURUSD,M5: 2017.03.28 18:405Разрыв Тасуки in EURUSD
0	18:38:27.650	CPIv1.5 USDJPY,M1: 2017.03.28 18:411Падающая звезда in USDJPY
0	18:39:27.651	CPIv1.5 USDJPY,M1: 2017.03.28 18:421 in USDJPY
0	18:40:27.893	CPIv1.5 USDJPY,M1: 2017.03.28 18:431 in USDJPY
0	18:42:28.018	CPIv1.5 EURUSD,M5: 2017.03.28 18:455 in EURUSD
0	18:43:28.578	CPIv1.5 USDJPY,M1: 2017.03.28 18:461Бычий Доджи in USDJPY
0	18:44:28.467	CPIv1.5 USDJPY,M1: 2017.03.28 18:471Утрення звезда in USDJPY
0	18:45:27.643	CPIv1.5 USDJPY,M1: 2017.03.28 18:481 in USDJPY
0	18:46:27.570	CPIv1.5 USDJPY,M1: 2017.03.28 18:491Медвежий Доджи in USDJPY
0	18:47:27.304	CPIv1.5 EURUSD,M5: 2017.03.28 18:505Разрыв Тасуки in EURUSD
0	18:47:27.590	CPIv1.5 USDJPY,M1: 2017.03.28 18:501 in USDJPY
0	18:48:27.533	CPIv1.5 USDJPY,M1: 2017.03.28 18:511Медвежий Доджи in USDJPY
0	18:49:27.433	CPIv1.5 USDJPY,M1: 2017.03.28 18:521 in USDJPY
0	18:51:31.453	CPIv1.5 USDJPY,M1: 2017.03.28 18:541 in USDJPY
0	18:52:27.307	CPIv1.5 EURUSD,M5: 2017.03.28 18:555Разрыв Тасуки in EURUSD
0	18:52:28.152	CPIv1.5 USDJPY,M1: 2017.03.28 18:551Падающая звезда in USDJPY
0	18:53:29.889	CPIv1.5 USDJPY,M1: 2017.03.28 18:561 in USDJPY
0	18:54:27.817	CPIv1.5 USDJPY,M1: 2017.03.28 18:571Падающая звезда in USDJPY
0	18:56:27.567	CPIv1.5 USDJPY,M1: 2017.03.28 18:591Медвежий Доджи in USDJPY
0	18:57:27.580	CPIv1.5 EURUSD,M5: 2017.03.28 19:005Разрыв Тасуки in EURUSD
0	18:57:27.871	CPIv1.5 USDJPY,M1: 2017.03.28 19:001 in USDJPY
0	18:57:30.495	CPIv1.5 NQ,H1: 2017.03.28 19:0060 in NQ
0	18:57:32.356	CPIv1.5 YM,H1: 2017.03.28 19:0060Медвежий Доджи in YM
0	18:58:27.345	CPIv1.5 USDJPY,M1: 2017.03.28 19:011 in USDJPY
0	19:01:28.788	CPIv1.5 USDJPY,M1: 2017.03.28 19:041 in USDJPY
0	19:02:28.146	CPIv1.5 EURUSD,M5: 2017.03.28 19:055Разрыв Тасуки in EURUSD
0	19:04:30.403	CPIv1.5 USDJPY,M1: 2017.03.28 19:071 in USDJPY
0	19:07:27.598	CPIv1.5 USDJPY,M1: 2017.03.28 19:101 in USDJPY
0	19:07:27.783	CPIv1.5 EURUSD,M5: 2017.03.28 19:105Разрыв Тасуки in EURUSD
0	19:08:27.577	CPIv1.5 USDJPY,M1: 2017.03.28 19:111 in USDJPY
0	19:09:27.805	CPIv1.5 USDJPY,M1: 2017.03.28 19:121Медвежий Доджи in USDJPY
0	19:10:27.947	CPIv1.5 USDJPY,M1: 2017.03.28 19:131Падающая звезда in USDJPY
0	19:11:27.555	CPIv1.5 USDJPY,M1: 2017.03.28 19:141 in USDJPY
0	19:12:27.688	CPIv1.5 USDJPY,M1: 2017.03.28 19:151 in USDJPY
0	19:13:27.636	CPIv1.5 USDJPY,M1: 2017.03.28 19:161Падающая звезда in USDJPY
0	19:15:27.855	CPIv1.5 USDJPY,M1: 2017.03.28 19:181 in USDJPY
0	19:16:27.545	CPIv1.5 USDJPY,M1: 2017.03.28 19:191 in USDJPY
0	19:17:27.709	CPIv1.5 USDJPY,M1: 2017.03.28 19:201 in USDJPY
0	19:19:27.503	CPIv1.5 USDJPY,M1: 2017.03.28 19:221Медвежий Доджи in USDJPY
0	19:20:27.390	CPIv1.5 USDJPY,M1: 2017.03.28 19:231 in USDJPY
0	19:21:27.493	CPIv1.5 USDJPY,M1: 2017.03.28 19:241Повешенный in USDJPY
0	19:22:30.911	CPIv1.5 EURUSD,M5: 2017.03.28 19:255Разрыв Тасуки in EURUSD
0	19:23:27.560	CPIv1.5 USDJPY,M1: 2017.03.28 19:261 in USDJPY
0	19:24:28.051	CPIv1.5 USDJPY,M1: 2017.03.28 19:271Модель поглощения in USDJPY
0	19:25:27.712	CPIv1.5 USDJPY,M1: 2017.03.28 19:281 in USDJPY
0	19:26:28.298	CPIv1.5 USDJPY,M1: 2017.03.28 19:291 in USDJPY
0	19:27:31.615	CPIv1.5 USDJPY,M1: 2017.03.28 19:301Бычий Доджи in USDJPY
0	19:28:27.977	CPIv1.5 USDJPY,M1: 2017.03.28 19:311 in USDJPY
0	19:31:28.981	CPIv1.5 USDJPY,M1: 2017.03.28 19:341Падающая звезда in USDJPY
0	19:32:27.418	CPIv1.5 USDJPY,M1: 2017.03.28 19:351 in USDJPY
0	19:32:27.609	CPIv1.5 EURUSD,M5: 2017.03.28 19:355 in EURUSD
0	19:33:27.532	CPIv1.5 USDJPY,M1: 2017.03.28 19:361Бычий Доджи in USDJPY
0	19:34:28.541	CPIv1.5 USDJPY,M1: 2017.03.28 19:371 in USDJPY
0	19:35:27.564	CPIv1.5 USDJPY,M1: 2017.03.28 19:381 in USDJPY
0	19:36:28.554	CPIv1.5 USDJPY,M1: 2017.03.28 19:391 in USDJPY
0	19:37:30.037	CPIv1.5 EURUSD,M5: 2017.03.28 19:405Разрыв Тасуки in EURUSD
0	19:40:29.218	CPIv1.5 USDJPY,M1: 2017.03.28 19:431 in USDJPY
0	19:41:30.304	CPIv1.5 USDJPY,M1: 2017.03.28 19:441 in USDJPY
0	19:42:30.981	CPIv1.5 USDJPY,M1: 2017.03.28 19:451Медвежий Доджи in USDJPY
0	19:42:31.473	CPIv1.5 EURUSD,M5: 2017.03.28 19:455Разрыв Тасуки in EURUSD
0	19:43:27.591	CPIv1.5 USDJPY,M1: 2017.03.28 19:461 in USDJPY
0	19:44:32.411	CPIv1.5 USDJPY,M1: 2017.03.28 19:471 in USDJPY
0	19:47:27.792	CPIv1.5 USDJPY,M1: 2017.03.28 19:501Повешенный in USDJPY
0	19:48:27.964	CPIv1.5 USDJPY,M1: 2017.03.28 19:511 in USDJPY
0	19:49:27.350	CPIv1.5 USDJPY,M1: 2017.03.28 19:521 in USDJPY
0	19:54:27.793	CPIv1.5 USDJPY,M1: 2017.03.28 19:571Медвежий Доджи in USDJPY
0	19:55:27.656	CPIv1.5 USDJPY,M1: 2017.03.28 19:581Вечерняя звезда in USDJPY
0	19:57:28.166	CPIv1.5 EURUSD,M5: 2017.03.28 20:005Разрыв Тасуки in EURUSD
0	19:57:28.941	CPIv1.5 YM,H1: 2017.03.28 20:0060Медвежий Доджи in YM
0	19:57:31.202	CPIv1.5 NQ,H1: 2017.03.28 20:0060Медвежий Доджи in NQ
0	20:00:27.447	CPIv1.5 USDJPY,M1: 2017.03.28 20:031Медвежий Доджи in USDJPY
0	20:01:29.843	CPIv1.5 USDJPY,M1: 2017.03.28 20:041 in USDJPY
0	20:02:27.583	CPIv1.5 EURUSD,M5: 2017.03.28 20:055Разрыв Тасуки in EURUSD
0	20:02:27.980	CPIv1.5 USDJPY,M1: 2017.03.28 20:051 in USDJPY
0	20:03:27.385	CPIv1.5 USDJPY,M1: 2017.03.28 20:061 in USDJPY
0	20:04:28.042	CPIv1.5 USDJPY,M1: 2017.03.28 20:071Медвежий Доджи in USDJPY
0	20:05:28.562	CPIv1.5 USDJPY,M1: 2017.03.28 20:081 in USDJPY
0	20:06:27.798	CPIv1.5 USDJPY,M1: 2017.03.28 20:091 in USDJPY
0	20:07:27.563	CPIv1.5 USDJPY,M1: 2017.03.28 20:101 in USDJPY
0	20:07:29.482	CPIv1.5 EURUSD,M5: 2017.03.28 20:105Разрыв Тасуки in EURUSD
0	20:08:28.061	CPIv1.5 USDJPY,M1: 2017.03.28 20:111 in USDJPY
0	20:09:28.167	CPIv1.5 USDJPY,M1: 2017.03.28 20:121 in USDJPY
0	20:10:30.031	CPIv1.5 USDJPY,M1: 2017.03.28 20:131Медвежий Доджи in USDJPY
0	20:11:28.113	CPIv1.5 USDJPY,M1: 2017.03.28 20:141 in USDJPY
0	20:16:27.701	CPIv1.5 USDJPY,M1: 2017.03.28 20:191Медвежий Доджи in USDJPY
0	20:17:27.487	CPIv1.5 EURUSD,M5: 2017.03.28 20:205 in EURUSD
0	20:17:27.770	CPIv1.5 USDJPY,M1: 2017.03.28 20:201 in USDJPY
0	20:19:27.988	CPIv1.5 USDJPY,M1: 2017.03.28 20:221Бычий Доджи in USDJPY
0	20:20:28.491	CPIv1.5 USDJPY,M1: 2017.03.28 20:231 in USDJPY
0	20:21:28.294	CPIv1.5 USDJPY,M1: 2017.03.28 20:241 in USDJPY
0	20:22:27.751	CPIv1.5 USDJPY,M1: 2017.03.28 20:251Бычий Доджи in USDJPY
0	20:22:28.222	CPIv1.5 EURUSD,M5: 2017.03.28 20:255Разрыв Тасуки in EURUSD
0	20:24:28.607	CPIv1.5 USDJPY,M1: 2017.03.28 20:271 in USDJPY
0	20:26:28.173	CPIv1.5 USDJPY,M1: 2017.03.28 20:291Модель поглощения in USDJPY
0	20:27:27.669	CPIv1.5 USDJPY,M1: 2017.03.28 20:301 in USDJPY
0	20:27:27.853	CPIv1.5 EURUSD,M5: 2017.03.28 20:305Разрыв Тасуки in EURUSD
0	20:28:28.182	CPIv1.5 USDJPY,M1: 2017.03.28 20:311Медвежий Доджи in USDJPY
0	20:29:27.472	CPIv1.5 USDJPY,M1: 2017.03.28 20:321 in USDJPY
0	20:31:29.033	CPIv1.5 USDJPY,M1: 2017.03.28 20:341 in USDJPY
0	20:32:28.318	CPIv1.5 EURUSD,M5: 2017.03.28 20:355 in EURUSD
0	20:35:27.522	CPIv1.5 USDJPY,M1: 2017.03.28 20:381Медвежий Доджи in USDJPY
0	20:36:27.341	CPIv1.5 USDJPY,M1: 2017.03.28 20:391 in USDJPY
0	20:37:27.748	CPIv1.5 EURUSD,M5: 2017.03.28 20:405Разрыв Тасуки in EURUSD
0	20:38:27.582	CPIv1.5 USDJPY,M1: 2017.03.28 20:411Медвежий Доджи in USDJPY
0	20:39:28.162	CPIv1.5 USDJPY,M1: 2017.03.28 20:421 in USDJPY
0	20:40:27.325	CPIv1.5 USDJPY,M1: 2017.03.28 20:431 in USDJPY
0	20:42:27.932	CPIv1.5 EURUSD,M5: 2017.03.28 20:455Разрыв Тасуки in EURUSD
0	20:44:28.314	CPIv1.5 USDJPY,M1: 2017.03.28 20:471 in USDJPY
0	20:47:27.655	CPIv1.5 USDJPY,M1: 2017.03.28 20:501Медвежий Доджи in USDJPY
0	20:47:28.132	CPIv1.5 EURUSD,M5: 2017.03.28 20:505Разрыв Тасуки in EURUSD
0	20:48:27.667	CPIv1.5 USDJPY,M1: 2017.03.28 20:511Падающая звезда in USDJPY
0	20:49:27.563	CPIv1.5 USDJPY,M1: 2017.03.28 20:521 in USDJPY
0	20:50:27.853	CPIv1.5 USDJPY,M1: 2017.03.28 20:531Медвежий Доджи in USDJPY
0	20:51:27.595	CPIv1.5 USDJPY,M1: 2017.03.28 20:541Падающая звезда in USDJPY
0	20:52:27.623	CPIv1.5 USDJPY,M1: 2017.03.28 20:551 in USDJPY
0	20:53:28.627	CPIv1.5 USDJPY,M1: 2017.03.28 20:561 in USDJPY
0	20:54:27.674	CPIv1.5 USDJPY,M1: 2017.03.28 20:571Медвежий Доджи in USDJPY
0	20:55:27.734	CPIv1.5 USDJPY,M1: 2017.03.28 20:581Повешенный in USDJPY
0	20:56:27.840	CPIv1.5 USDJPY,M1: 2017.03.28 20:591 in USDJPY
0	20:57:28.035	CPIv1.5 USDJPY,M1: 2017.03.28 21:001Медвежий Доджи in USDJPY
0	20:57:28.987	CPIv1.5 NQ,H1: 2017.03.28 21:0060Медвежий Доджи in NQ
0	20:57:29.040	CPIv1.5 YM,H1: 2017.03.28 21:0060 in YM
0	20:58:28.020	CPIv1.5 USDJPY,M1: 2017.03.28 21:011Медвежий Доджи in USDJPY
0	20:59:28.613	CPIv1.5 USDJPY,M1: 2017.03.28 21:021Медвежий Доджи in USDJPY
0	21:00:28.794	CPIv1.5 USDJPY,M1: 2017.03.28 21:031 in USDJPY
0	21:04:28.273	CPIv1.5 USDJPY,M1: 2017.03.28 21:071Медвежий Доджи in USDJPY
0	21:05:29.161	CPIv1.5 USDJPY,M1: 2017.03.28 21:081Медвежий Доджи in USDJPY
0	21:06:27.985	CPIv1.5 USDJPY,M1: 2017.03.28 21:091Модель поглощения in USDJPY
0	21:07:27.606	CPIv1.5 EURUSD,M5: 2017.03.28 21:105Разрыв Тасуки in EURUSD
0	21:07:27.902	CPIv1.5 USDJPY,M1: 2017.03.28 21:101Медвежий Доджи in USDJPY
0	21:08:28.715	CPIv1.5 USDJPY,M1: 2017.03.28 21:111Падающая звезда in USDJPY
0	21:10:27.494	CPIv1.5 USDJPY,M1: 2017.03.28 21:131 in USDJPY
0	21:11:27.480	CPIv1.5 USDJPY,M1: 2017.03.28 21:141Медвежий Доджи in USDJPY
0	21:12:27.567	CPIv1.5 USDJPY,M1: 2017.03.28 21:151Вечерняя звезда in USDJPY
0	21:12:27.768	CPIv1.5 EURUSD,M5: 2017.03.28 21:155Разрыв Тасуки in EURUSD
0	21:14:30.158	CPIv1.5 USDJPY,M1: 2017.03.28 21:171Бычий Доджи in USDJPY
0	21:15:27.342	CPIv1.5 USDJPY,M1: 2017.03.28 21:181 in USDJPY
0	21:17:27.366	CPIv1.5 USDJPY,M1: 2017.03.28 21:201 in USDJPY
0	21:17:29.853	CPIv1.5 EURUSD,M5: 2017.03.28 21:205Разрыв Тасуки in EURUSD
0	21:19:27.751	CPIv1.5 USDJPY,M1: 2017.03.28 21:221Медвежий Доджи in USDJPY
0	21:20:27.538	CPIv1.5 USDJPY,M1: 2017.03.28 21:231 in USDJPY
0	21:21:27.397	CPIv1.5 USDJPY,M1: 2017.03.28 21:241 in USDJPY
0	21:22:31.612	CPIv1.5 EURUSD,M5: 2017.03.28 21:255Разрыв Тасуки in EURUSD
0	21:23:27.779	CPIv1.5 USDJPY,M1: 2017.03.28 21:261Модель поглощения in USDJPY
0	21:24:28.737	CPIv1.5 USDJPY,M1: 2017.03.28 21:271Медвежий Доджи in USDJPY
0	21:25:27.370	CPIv1.5 USDJPY,M1: 2017.03.28 21:281Медвежий Доджи in USDJPY
0	21:26:27.600	CPIv1.5 USDJPY,M1: 2017.03.28 21:291 in USDJPY
0	21:27:27.478	CPIv1.5 USDJPY,M1: 2017.03.28 21:301Падающая звезда in USDJPY
0	21:28:28.161	CPIv1.5 USDJPY,M1: 2017.03.28 21:311Вечерняя звезда in USDJPY
0	21:29:27.466	CPIv1.5 USDJPY,M1: 2017.03.28 21:321Бычий Доджи in USDJPY
0	21:30:27.631	CPIv1.5 USDJPY,M1: 2017.03.28 21:331 in USDJPY
0	21:31:27.581	CPIv1.5 USDJPY,M1: 2017.03.28 21:341 in USDJPY
0	21:32:28.458	CPIv1.5 USDJPY,M1: 2017.03.28 21:351 in USDJPY
0	21:33:28.023	CPIv1.5 USDJPY,M1: 2017.03.28 21:361 in USDJPY
0	21:34:28.324	CPIv1.5 USDJPY,M1: 2017.03.28 21:371 in USDJPY
0	21:35:27.910	CPIv1.5 USDJPY,M1: 2017.03.28 21:381Падающая звезда in USDJPY
0	21:37:27.818	CPIv1.5 USDJPY,M1: 2017.03.28 21:401 in USDJPY
0	21:39:29.084	CPIv1.5 USDJPY,M1: 2017.03.28 21:421 in USDJPY
0	21:41:28.829	CPIv1.5 USDJPY,M1: 2017.03.28 21:441Падающая звезда in USDJPY
0	21:42:27.713	CPIv1.5 USDJPY,M1: 2017.03.28 21:451 in USDJPY
0	21:43:28.011	CPIv1.5 USDJPY,M1: 2017.03.28 21:461 in USDJPY
0	21:44:29.437	CPIv1.5 USDJPY,M1: 2017.03.28 21:471 in USDJPY
0	21:45:28.093	CPIv1.5 USDJPY,M1: 2017.03.28 21:481 in USDJPY
0	21:46:27.859	CPIv1.5 USDJPY,M1: 2017.03.28 21:491Бычий Доджи in USDJPY
0	21:47:27.461	CPIv1.5 EURUSD,M5: 2017.03.28 21:505Разрыв Тасуки in EURUSD
0	21:47:30.204	CPIv1.5 USDJPY,M1: 2017.03.28 21:501 in USDJPY
0	21:48:28.138	CPIv1.5 USDJPY,M1: 2017.03.28 21:511Утрення звезда in USDJPY
0	21:50:28.294	CPIv1.5 USDJPY,M1: 2017.03.28 21:531Медвежий Доджи in USDJPY
0	21:51:28.140	CPIv1.5 USDJPY,M1: 2017.03.28 21:541Медвежий Доджи in USDJPY
0	21:52:29.018	CPIv1.5 USDJPY,M1: 2017.03.28 21:551 in USDJPY
0	21:55:27.801	CPIv1.5 USDJPY,M1: 2017.03.28 21:581 in USDJPY
0	21:56:27.726	CPIv1.5 USDJPY,M1: 2017.03.28 21:591 in USDJPY
0	21:57:27.666	CPIv1.5 USDJPY,M1: 2017.03.28 22:001Бычий Доджи in USDJPY
0	21:57:27.862	CPIv1.5 NQ,H1: 2017.03.28 22:0060Медвежий Доджи in NQ
0	21:57:27.907	CPIv1.5 YM,H1: 2017.03.28 22:0060Медвежий Доджи in YM
0	21:58:27.966	CPIv1.5 USDJPY,M1: 2017.03.28 22:011Бычий Доджи in USDJPY
0	21:59:27.733	CPIv1.5 USDJPY,M1: 2017.03.28 22:021 in USDJPY
0	22:02:27.832	CPIv1.5 EURUSD,M5: 2017.03.28 22:055Разрыв Тасуки in EURUSD
0	22:04:30.106	CPIv1.5 USDJPY,M1: 2017.03.28 22:071 in USDJPY
0	22:06:27.845	CPIv1.5 USDJPY,M1: 2017.03.28 22:091Бычий Доджи in USDJPY
0	22:07:27.364	CPIv1.5 EURUSD,M5: 2017.03.28 22:105Разрыв Тасуки in EURUSD
0	22:07:27.665	CPIv1.5 USDJPY,M1: 2017.03.28 22:101 in USDJPY
0	22:08:27.841	CPIv1.5 USDJPY,M1: 2017.03.28 22:111 in USDJPY
0	22:11:30.580	CPIv1.5 USDJPY,M1: 2017.03.28 22:141 in USDJPY
0	22:12:27.542	CPIv1.5 USDJPY,M1: 2017.03.28 22:151 in USDJPY
0	22:12:33.176	CPIv1.5 EURUSD,M5: 2017.03.28 22:155 in EURUSD
0	22:15:28.514	CPIv1.5 USDJPY,M1: 2017.03.28 22:181Утрення звезда in USDJPY
0	22:16:29.341	CPIv1.5 USDJPY,M1: 2017.03.28 22:191 in USDJPY
0	22:17:27.767	CPIv1.5 USDJPY,M1: 2017.03.28 22:201 in USDJPY
0	22:17:27.956	CPIv1.5 EURUSD,M5: 2017.03.28 22:205Разрыв Тасуки in EURUSD
0	22:18:28.071	CPIv1.5 USDJPY,M1: 2017.03.28 22:211 in USDJPY
0	22:19:27.706	CPIv1.5 USDJPY,M1: 2017.03.28 22:221Падающая звезда in USDJPY
0	22:20:27.840	CPIv1.5 USDJPY,M1: 2017.03.28 22:231 in USDJPY
0	22:21:27.300	CPIv1.5 USDJPY,M1: 2017.03.28 22:241Медвежий Доджи in USDJPY
0	22:22:29.872	CPIv1.5 USDJPY,M1: 2017.03.28 22:251 in USDJPY
0	22:23:29.252	CPIv1.5 USDJPY,M1: 2017.03.28 22:261 in USDJPY
0	22:26:29.051	CPIv1.5 USDJPY,M1: 2017.03.28 22:291Вечерняя звезда in USDJPY
0	22:27:27.986	CPIv1.5 USDJPY,M1: 2017.03.28 22:301 in USDJPY
0	22:28:29.194	CPIv1.5 USDJPY,M1: 2017.03.28 22:311Медвежий Доджи in USDJPY
0	22:29:28.903	CPIv1.5 USDJPY,M1: 2017.03.28 22:321 in USDJPY
0	22:31:31.239	CPIv1.5 USDJPY,M1: 2017.03.28 22:341 in USDJPY
0	22:32:33.448	CPIv1.5 EURUSD,M5: 2017.03.28 22:355Разрыв Тасуки in EURUSD
0	22:34:27.701	CPIv1.5 USDJPY,M1: 2017.03.28 22:371 in USDJPY
0	22:35:28.174	CPIv1.5 USDJPY,M1: 2017.03.28 22:381 in USDJPY
0	22:38:27.531	CPIv1.5 USDJPY,M1: 2017.03.28 22:411 in USDJPY
0	22:39:27.574	CPIv1.5 USDJPY,M1: 2017.03.28 22:421 in USDJPY
0	22:42:27.428	CPIv1.5 EURUSD,M5: 2017.03.28 22:455Разрыв Тасуки in EURUSD
0	22:43:27.567	CPIv1.5 USDJPY,M1: 2017.03.28 22:461Бычий Доджи in USDJPY
0	22:44:28.280	CPIv1.5 USDJPY,M1: 2017.03.28 22:471Утрення звезда in USDJPY
0	22:45:29.281	CPIv1.5 USDJPY,M1: 2017.03.28 22:481Падающая звезда in USDJPY
0	22:46:29.315	CPIv1.5 USDJPY,M1: 2017.03.28 22:491 in USDJPY
0	22:47:27.920	CPIv1.5 USDJPY,M1: 2017.03.28 22:501Бычий Доджи in USDJPY
0	22:48:27.987	CPIv1.5 USDJPY,M1: 2017.03.28 22:511 in USDJPY
0	22:51:27.975	CPIv1.5 USDJPY,M1: 2017.03.28 22:541Бычий Доджи in USDJPY
0	22:53:27.413	CPIv1.5 USDJPY,M1: 2017.03.28 22:561 in USDJPY
0	22:54:27.367	CPIv1.5 USDJPY,M1: 2017.03.28 22:571 in USDJPY
0	22:55:29.282	CPIv1.5 USDJPY,M1: 2017.03.28 22:581 in USDJPY
0	22:57:30.052	CPIv1.5 NQ,H1: 2017.03.28 23:0060Медвежий Доджи in NQ
0	22:57:30.098	CPIv1.5 YM,H1: 2017.03.28 23:0060Вечерняя звезда in YM
0	22:58:31.005	CPIv1.5 USDJPY,M1: 2017.03.28 23:011Бычий Доджи in USDJPY
0	22:59:27.664	CPIv1.5 USDJPY,M1: 2017.03.28 23:021 in USDJPY
0	23:02:28.076	CPIv1.5 EURUSD,M5: 2017.03.28 23:055 in EURUSD
0	23:03:47.545	CPIv1.5 USDJPY,M1: 2017.03.28 23:061 in USDJPY
0	23:04:28.886	CPIv1.5 USDJPY,M1: 2017.03.28 23:071 in USDJPY
0	23:06:33.029	CPIv1.5 USDJPY,M1: 2017.03.28 23:091Утрення звезда in USDJPY
0	23:07:28.889	CPIv1.5 EURUSD,M5: 2017.03.28 23:105Разрыв Тасуки in EURUSD
0	23:08:29.697	CPIv1.5 USDJPY,M1: 2017.03.28 23:111 in USDJPY
0	23:10:27.736	CPIv1.5 USDJPY,M1: 2017.03.28 23:131 in USDJPY
0	23:11:27.821	CPIv1.5 USDJPY,M1: 2017.03.28 23:141 in USDJPY
0	23:12:32.507	CPIv1.5 USDJPY,M1: 2017.03.28 23:151Бычий Доджи in USDJPY
0	23:12:35.656	CPIv1.5 EURUSD,M5: 2017.03.28 23:155Разрыв Тасуки in EURUSD
0	23:13:29.995	CPIv1.5 USDJPY,M1: 2017.03.28 23:161 in USDJPY
0	23:14:38.044	CPIv1.5 USDJPY,M1: 2017.03.28 23:171 in USDJPY
0	23:15:32.064	CPIv1.5 USDJPY,M1: 2017.03.28 23:181 in USDJPY
0	23:16:31.866	CPIv1.5 USDJPY,M1: 2017.03.28 23:191 in USDJPY
0	23:18:28.834	CPIv1.5 USDJPY,M1: 2017.03.28 23:211 in USDJPY
0	23:19:34.040	CPIv1.5 USDJPY,M1: 2017.03.28 23:221 in USDJPY
0	23:22:29.986	CPIv1.5 USDJPY,M1: 2017.03.28 23:251Вечерняя звезда in USDJPY
0	23:22:39.414	CPIv1.5 EURUSD,M5: 2017.03.28 23:255Разрыв Тасуки in EURUSD
0	23:23:33.363	CPIv1.5 USDJPY,M1: 2017.03.28 23:261 in USDJPY
0	23:24:34.331	CPIv1.5 USDJPY,M1: 2017.03.28 23:271 in USDJPY
0	23:25:28.796	CPIv1.5 USDJPY,M1: 2017.03.28 23:281 in USDJPY
0	23:26:33.998	CPIv1.5 USDJPY,M1: 2017.03.28 23:291 in USDJPY
0	23:27:28.552	CPIv1.5 EURUSD,M5: 2017.03.28 23:305Разрыв Тасуки in EURUSD
0	23:29:32.067	CPIv1.5 USDJPY,M1: 2017.03.28 23:321 in USDJPY
0	23:31:33.936	CPIv1.5 USDJPY,M1: 2017.03.28 23:341 in USDJPY
0	23:32:31.679	CPIv1.5 USDJPY,M1: 2017.03.28 23:351 in USDJPY
0	23:36:28.707	CPIv1.5 USDJPY,M1: 2017.03.28 23:391Падающая звезда in USDJPY
0	23:37:28.438	CPIv1.5 EURUSD,M5: 2017.03.28 23:405Разрыв Тасуки in EURUSD
0	23:37:30.238	CPIv1.5 USDJPY,M1: 2017.03.28 23:401 in USDJPY
0	23:38:27.764	CPIv1.5 USDJPY,M1: 2017.03.28 23:411 in USDJPY
0	23:39:38.076	CPIv1.5 USDJPY,M1: 2017.03.28 23:421 in USDJPY
0	23:40:37.284	CPIv1.5 USDJPY,M1: 2017.03.28 23:431 in USDJPY
0	23:42:27.277	CPIv1.5 EURUSD,M5: 2017.03.28 23:455 in EURUSD
0	23:42:37.060	CPIv1.5 USDJPY,M1: 2017.03.28 23:451 in USDJPY
0	23:44:30.637	CPIv1.5 USDJPY,M1: 2017.03.28 23:471 in USDJPY
0	23:45:29.027	CPIv1.5 USDJPY,M1: 2017.03.28 23:481 in USDJPY
0	23:46:27.747	CPIv1.5 USDJPY,M1: 2017.03.28 23:491Падающая звезда in USDJPY
0	23:47:27.600	CPIv1.5 EURUSD,M5: 2017.03.28 23:505Разрыв Тасуки in EURUSD
0	23:48:33.988	CPIv1.5 USDJPY,M1: 2017.03.28 23:511Медвежий Доджи in USDJPY
0	23:49:27.520	CPIv1.5 USDJPY,M1: 2017.03.28 23:521 in USDJPY
0	23:51:28.071	CPIv1.5 USDJPY,M1: 2017.03.28 23:541 in USDJPY
0	23:52:27.418	CPIv1.5 EURUSD,M5: 2017.03.28 23:555Разрыв Тасуки in EURUSD
0	23:52:31.804	CPIv1.5 USDJPY,M1: 2017.03.28 23:551Медвежий Доджи in USDJPY
0	23:53:28.701	CPIv1.5 USDJPY,M1: 2017.03.28 23:561 in USDJPY
0	23:54:31.001	CPIv1.5 USDJPY,M1: 2017.03.28 23:571 in USDJPY
0	23:55:28.070	CPIv1.5 USDJPY,M1: 2017.03.28 23:581 in USDJPY
0	23:57:27.332	CPIv1.5 YM,H1: 2017.03.29 00:0060 in YM
0	23:57:38.417	CPIv1.5 NQ,H1: 2017.03.29 00:0060 in NQ
0	23:57:38.777	CPIv1.5 USDJPY,M1: 2017.03.29 00:001Бычий Доджи in USDJPY
0	23:57:38.961	CPIv1.5 EURUSD,M5: 2017.03.29 00:005Разрыв Тасуки in EURUSD
0	23:58:30.328	CPIv1.5 USDJPY,M1: 2017.03.29 00:011Бычий Доджи in USDJPY
0	23:59:37.757	CPIv1.5 USDJPY,M1: 2017.03.29 00:021 in USDJPY
