0	00:01:51.361	CPIv1.5 USDJPY,M1: 2017.04.03 00:041 in USDJPY
0	00:02:23.076	CPIv1.5 EURUSD,M5: 2017.04.03 00:055Разрыв Тасуки in EURUSD
0	00:03:16.739	CPIv1.5 USDJPY,M1: 2017.04.03 00:051Бычий Доджи in USDJPY
0	00:03:51.383	CPIv1.5 USDJPY,M1: 2017.04.03 00:061 in USDJPY
0	00:04:33.605	CPIv1.5 USDJPY,M1: 2017.04.03 00:071 in USDJPY
0	00:05:51.455	CPIv1.5 USDJPY,M1: 2017.04.03 00:081 in USDJPY
0	00:07:26.817	CPIv1.5 USDJPY,M1: 2017.04.03 00:101Бычий Доджи in USDJPY
0	00:07:48.097	CPIv1.5 EURUSD,M5: 2017.04.03 00:105 in EURUSD
0	00:08:51.545	CPIv1.5 USDJPY,M1: 2017.04.03 00:111 in USDJPY
0	00:10:18.341	CPIv1.5 USDJPY,M1: 2017.04.03 00:121 in USDJPY
0	00:10:29.355	CPIv1.5 USDJPY,M1: 2017.04.03 00:131 in USDJPY
0	00:12:20.914	CPIv1.5 EURUSD,M5: 2017.04.03 00:155Разрыв Тасуки in EURUSD
0	00:12:39.202	CPIv1.5 USDJPY,M1: 2017.04.03 00:151Бычий Доджи in USDJPY
0	00:13:24.898	CPIv1.5 USDJPY,M1: 2017.04.03 00:161 in USDJPY
0	00:14:27.588	CPIv1.5 USDJPY,M1: 2017.04.03 00:171 in USDJPY
0	00:15:32.086	CPIv1.5 USDJPY,M1: 2017.04.03 00:181 in USDJPY
0	00:16:26.696	CPIv1.5 USDJPY,M1: 2017.04.03 00:191 in USDJPY
0	00:17:22.658	CPIv1.5 USDJPY,M1: 2017.04.03 00:201 in USDJPY
0	00:17:45.860	CPIv1.5 EURUSD,M5: 2017.04.03 00:205 in EURUSD
0	00:19:08.442	CPIv1.5 USDJPY,M1: 2017.04.03 00:211 in USDJPY
0	00:19:39.560	CPIv1.5 USDJPY,M1: 2017.04.03 00:221 in USDJPY
0	00:20:41.035	CPIv1.5 USDJPY,M1: 2017.04.03 00:231 in USDJPY
0	00:22:23.773	CPIv1.5 USDJPY,M1: 2017.04.03 00:251 in USDJPY
0	00:22:28.085	CPIv1.5 EURUSD,M5: 2017.04.03 00:255 in EURUSD
0	00:23:24.662	CPIv1.5 USDJPY,M1: 2017.04.03 00:261 in USDJPY
0	00:24:31.548	CPIv1.5 USDJPY,M1: 2017.04.03 00:271 in USDJPY
0	00:26:49.228	CPIv1.5 USDJPY,M1: 2017.04.03 00:291 in USDJPY
0	00:27:51.388	CPIv1.5 USDJPY,M1: 2017.04.03 00:301 in USDJPY
0	00:29:57.921	CPIv1.5 USDJPY,M1: 2017.04.03 00:321 in USDJPY
0	00:30:20.869	CPIv1.5 USDJPY,M1: 2017.04.03 00:331 in USDJPY
0	00:31:30.393	CPIv1.5 USDJPY,M1: 2017.04.03 00:341 in USDJPY
0	00:32:39.159	CPIv1.5 EURUSD,M5: 2017.04.03 00:355Разрыв Тасуки in EURUSD
0	00:33:31.539	CPIv1.5 USDJPY,M1: 2017.04.03 00:361 in USDJPY
0	00:35:22.680	CPIv1.5 USDJPY,M1: 2017.04.03 00:381 in USDJPY
0	00:37:09.528	CPIv1.5 USDJPY,M1: 2017.04.03 00:391 in USDJPY
0	00:37:21.199	CPIv1.5 USDJPY,M1: 2017.04.03 00:401 in USDJPY
0	00:39:20.483	CPIv1.5 USDJPY,M1: 2017.04.03 00:421 in USDJPY
0	00:41:31.389	CPIv1.5 USDJPY,M1: 2017.04.03 00:441 in USDJPY
0	00:42:21.798	CPIv1.5 USDJPY,M1: 2017.04.03 00:451 in USDJPY
0	00:42:26.097	CPIv1.5 EURUSD,M5: 2017.04.03 00:455 in EURUSD
0	00:43:24.985	CPIv1.5 USDJPY,M1: 2017.04.03 00:461 in USDJPY
0	00:46:46.067	CPIv1.5 USDJPY,M1: 2017.04.03 00:491 in USDJPY
0	00:47:28.483	CPIv1.5 EURUSD,M5: 2017.04.03 00:505Разрыв Тасуки in EURUSD
0	00:47:31.469	CPIv1.5 USDJPY,M1: 2017.04.03 00:501Падающая звезда in USDJPY
0	00:49:51.529	CPIv1.5 USDJPY,M1: 2017.04.03 00:521 in USDJPY
0	00:51:42.069	CPIv1.5 USDJPY,M1: 2017.04.03 00:541 in USDJPY
0	00:52:25.931	CPIv1.5 EURUSD,M5: 2017.04.03 00:555Разрыв Тасуки in EURUSD
0	00:53:25.352	CPIv1.5 USDJPY,M1: 2017.04.03 00:561 in USDJPY
0	00:56:21.889	CPIv1.5 USDJPY,M1: 2017.04.03 00:591Падающая звезда in USDJPY
0	00:57:19.142	CPIv1.5 USDJPY,M1: 2017.04.03 01:001 in USDJPY
0	00:57:19.616	CPIv1.5 EURUSD,M5: 2017.04.03 01:005Разрыв Тасуки in EURUSD
0	00:58:19.095	CPIv1.5 USDJPY,M1: 2017.04.03 01:011Медвежий Доджи in USDJPY
0	00:59:20.026	CPIv1.5 USDJPY,M1: 2017.04.03 01:021 in USDJPY
0	01:00:19.358	CPIv1.5 USDJPY,M1: 2017.04.03 01:031Медвежий Доджи in USDJPY
0	01:01:19.158	CPIv1.5 USDJPY,M1: 2017.04.03 01:041 in USDJPY
0	01:02:20.487	CPIv1.5 EURUSD,M5: 2017.04.03 01:055 in EURUSD
0	01:02:23.149	CPIv1.5 NQ,H1: 2017.04.03 01:0060 in NQ
0	01:02:51.230	CPIv1.5 YM,H1: 2017.04.03 01:0060 in YM
0	01:04:21.386	CPIv1.5 USDJPY,M1: 2017.04.03 01:071Просвет в облаках in USDJPY
0	01:06:20.092	CPIv1.5 USDJPY,M1: 2017.04.03 01:091Медвежий Доджи in USDJPY
0	01:07:20.235	CPIv1.5 USDJPY,M1: 2017.04.03 01:101 in USDJPY
0	01:07:20.422	CPIv1.5 EURUSD,M5: 2017.04.03 01:105Разрыв Тасуки in EURUSD
0	01:08:20.292	CPIv1.5 USDJPY,M1: 2017.04.03 01:111 in USDJPY
0	01:10:19.621	CPIv1.5 USDJPY,M1: 2017.04.03 01:131Утрення звезда in USDJPY
0	01:12:22.464	CPIv1.5 EURUSD,M5: 2017.04.03 01:155Разрыв Тасуки in EURUSD
0	01:12:24.974	CPIv1.5 USDJPY,M1: 2017.04.03 01:151Бычий Доджи in USDJPY
0	01:13:36.559	CPIv1.5 USDJPY,M1: 2017.04.03 01:161 in USDJPY
0	01:14:26.507	CPIv1.5 USDJPY,M1: 2017.04.03 01:171Утрення звезда in USDJPY
0	01:18:32.220	CPIv1.5 USDJPY,M1: 2017.04.03 01:211 in USDJPY
0	01:19:20.484	CPIv1.5 USDJPY,M1: 2017.04.03 01:221 in USDJPY
0	01:22:24.595	CPIv1.5 USDJPY,M1: 2017.04.03 01:251 in USDJPY
0	01:22:28.988	CPIv1.5 EURUSD,M5: 2017.04.03 01:255 in EURUSD
0	01:24:21.367	CPIv1.5 USDJPY,M1: 2017.04.03 01:271 in USDJPY
0	01:25:36.003	CPIv1.5 USDJPY,M1: 2017.04.03 01:281 in USDJPY
0	01:27:19.719	CPIv1.5 USDJPY,M1: 2017.04.03 01:301 in USDJPY
0	01:29:19.149	CPIv1.5 USDJPY,M1: 2017.04.03 01:321 in USDJPY
0	01:31:26.441	CPIv1.5 USDJPY,M1: 2017.04.03 01:341 in USDJPY
0	01:32:21.870	CPIv1.5 EURUSD,M5: 2017.04.03 01:355 in EURUSD
0	01:33:21.525	CPIv1.5 USDJPY,M1: 2017.04.03 01:361Бычий Доджи in USDJPY
0	01:34:20.267	CPIv1.5 USDJPY,M1: 2017.04.03 01:371 in USDJPY
0	01:35:20.204	CPIv1.5 USDJPY,M1: 2017.04.03 01:381 in USDJPY
0	01:36:20.413	CPIv1.5 USDJPY,M1: 2017.04.03 01:391 in USDJPY
0	01:37:22.614	CPIv1.5 EURUSD,M5: 2017.04.03 01:405Разрыв Тасуки in EURUSD
0	01:38:20.312	CPIv1.5 USDJPY,M1: 2017.04.03 01:411Бычий Доджи in USDJPY
0	01:39:36.848	CPIv1.5 USDJPY,M1: 2017.04.03 01:421Бычий Доджи in USDJPY
0	01:40:18.981	CPIv1.5 USDJPY,M1: 2017.04.03 01:431Утрення звезда in USDJPY
0	01:41:19.148	CPIv1.5 USDJPY,M1: 2017.04.03 01:441 in USDJPY
0	01:42:19.157	CPIv1.5 EURUSD,M5: 2017.04.03 01:455Разрыв Тасуки in EURUSD
0	01:43:20.479	CPIv1.5 USDJPY,M1: 2017.04.03 01:461 in USDJPY
0	01:44:25.139	CPIv1.5 USDJPY,M1: 2017.04.03 01:471Медвежий Доджи in USDJPY
0	01:45:22.573	CPIv1.5 USDJPY,M1: 2017.04.03 01:481 in USDJPY
0	01:46:31.923	CPIv1.5 USDJPY,M1: 2017.04.03 01:491 in USDJPY
0	01:47:34.286	CPIv1.5 EURUSD,M5: 2017.04.03 01:505Разрыв Тасуки in EURUSD
0	01:48:19.212	CPIv1.5 USDJPY,M1: 2017.04.03 01:511 in USDJPY
0	01:49:35.396	CPIv1.5 USDJPY,M1: 2017.04.03 01:521 in USDJPY
0	01:51:19.801	CPIv1.5 USDJPY,M1: 2017.04.03 01:541 in USDJPY
0	01:52:19.201	CPIv1.5 USDJPY,M1: 2017.04.03 01:551 in USDJPY
0	01:52:29.821	CPIv1.5 EURUSD,M5: 2017.04.03 01:555Разрыв Тасуки in EURUSD
0	01:54:21.948	CPIv1.5 USDJPY,M1: 2017.04.03 01:571 in USDJPY
0	01:55:22.093	CPIv1.5 USDJPY,M1: 2017.04.03 01:581 in USDJPY
0	01:56:21.837	CPIv1.5 USDJPY,M1: 2017.04.03 01:591 in USDJPY
0	01:57:19.171	CPIv1.5 USDJPY,M1: 2017.04.03 02:001 in USDJPY
0	01:57:19.377	CPIv1.5 EURUSD,M5: 2017.04.03 02:005Разрыв Тасуки in EURUSD
0	01:59:19.042	CPIv1.5 USDJPY,M1: 2017.04.03 02:021Бычий Доджи in USDJPY
0	02:00:26.217	CPIv1.5 USDJPY,M1: 2017.04.03 02:031 in USDJPY
0	02:02:20.547	CPIv1.5 EURUSD,M5: 2017.04.03 02:055Разрыв Тасуки in EURUSD
0	02:05:43.488	CPIv1.5 USDJPY,M1: 2017.04.03 02:081 in USDJPY
0	02:07:19.179	CPIv1.5 USDJPY,M1: 2017.04.03 02:101Медвежий Доджи in USDJPY
0	02:07:19.388	CPIv1.5 EURUSD,M5: 2017.04.03 02:105Разрыв Тасуки in EURUSD
0	02:08:32.750	CPIv1.5 USDJPY,M1: 2017.04.03 02:111 in USDJPY
0	02:09:18.983	CPIv1.5 USDJPY,M1: 2017.04.03 02:121 in USDJPY
0	02:12:24.248	CPIv1.5 EURUSD,M5: 2017.04.03 02:155Разрыв Тасуки in EURUSD
0	02:13:19.305	CPIv1.5 USDJPY,M1: 2017.04.03 02:161 in USDJPY
0	02:14:20.853	CPIv1.5 USDJPY,M1: 2017.04.03 02:171Бычий Доджи in USDJPY
0	02:15:24.378	CPIv1.5 USDJPY,M1: 2017.04.03 02:181 in USDJPY
0	02:17:19.233	CPIv1.5 EURUSD,M5: 2017.04.03 02:205Разрыв Тасуки in EURUSD
0	02:20:19.575	CPIv1.5 USDJPY,M1: 2017.04.03 02:231 in USDJPY
0	02:22:46.297	CPIv1.5 EURUSD,M5: 2017.04.03 02:255 in EURUSD
0	02:25:19.080	CPIv1.5 USDJPY,M1: 2017.04.03 02:281 in USDJPY
0	02:26:26.539	CPIv1.5 USDJPY,M1: 2017.04.03 02:291 in USDJPY
0	02:27:19.683	CPIv1.5 EURUSD,M5: 2017.04.03 02:305Разрыв Тасуки in EURUSD
0	02:28:19.389	CPIv1.5 USDJPY,M1: 2017.04.03 02:311 in USDJPY
0	02:31:25.678	CPIv1.5 USDJPY,M1: 2017.04.03 02:341Медвежий Доджи in USDJPY
0	02:32:19.338	CPIv1.5 USDJPY,M1: 2017.04.03 02:351 in USDJPY
0	02:37:19.243	CPIv1.5 USDJPY,M1: 2017.04.03 02:401 in USDJPY
0	02:38:19.385	CPIv1.5 USDJPY,M1: 2017.04.03 02:411 in USDJPY
0	02:40:26.970	CPIv1.5 USDJPY,M1: 2017.04.03 02:431 in USDJPY
0	02:41:20.679	CPIv1.5 USDJPY,M1: 2017.04.03 02:441 in USDJPY
0	02:42:20.184	CPIv1.5 USDJPY,M1: 2017.04.03 02:451 in USDJPY
0	02:42:20.395	CPIv1.5 EURUSD,M5: 2017.04.03 02:455Разрыв Тасуки in EURUSD
0	02:44:19.225	CPIv1.5 USDJPY,M1: 2017.04.03 02:471Бычий Доджи in USDJPY
0	02:45:19.085	CPIv1.5 USDJPY,M1: 2017.04.03 02:481Бычий Доджи in USDJPY
0	02:46:19.500	CPIv1.5 USDJPY,M1: 2017.04.03 02:491 in USDJPY
0	02:48:19.408	CPIv1.5 USDJPY,M1: 2017.04.03 02:511 in USDJPY
0	02:49:21.852	CPIv1.5 USDJPY,M1: 2017.04.03 02:521 in USDJPY
0	02:52:19.165	CPIv1.5 USDJPY,M1: 2017.04.03 02:551 in USDJPY
0	02:52:19.377	CPIv1.5 EURUSD,M5: 2017.04.03 02:555 in EURUSD
0	02:53:19.213	CPIv1.5 USDJPY,M1: 2017.04.03 02:561 in USDJPY
0	02:57:19.200	ax_adv_023 AUDUSD,M15: AUDUSD [BUYSTOP ]:(4109)trade is not allowed in the expert properties AUDUSD lot=0.01 price=0.76358 slippage=3 sl=0.76255 tp=0.00000 comment= exp=1491189301
0	02:57:19.680	CPIv1.5 EURUSD,M5: 2017.04.03 03:005 in EURUSD
0	02:58:19.322	CPIv1.5 USDJPY,M1: 2017.04.03 03:011 in USDJPY
0	02:59:19.450	CPIv1.5 USDJPY,M1: 2017.04.03 03:021Медвежий Доджи in USDJPY
0	03:00:20.158	CPIv1.5 USDJPY,M1: 2017.04.03 03:031Вечерняя звезда in USDJPY
0	03:02:19.550	CPIv1.5 EURUSD,M5: 2017.04.03 03:055Разрыв Тасуки in EURUSD
0	03:03:19.234	CPIv1.5 USDJPY,M1: 2017.04.03 03:061 in USDJPY
0	03:05:19.361	CPIv1.5 USDJPY,M1: 2017.04.03 03:081Бычий Доджи in USDJPY
0	03:06:19.289	CPIv1.5 USDJPY,M1: 2017.04.03 03:091 in USDJPY
0	03:07:19.317	CPIv1.5 EURUSD,M5: 2017.04.03 03:105 in EURUSD
0	03:09:19.484	CPIv1.5 USDJPY,M1: 2017.04.03 03:121 in USDJPY
0	03:10:19.099	CPIv1.5 USDJPY,M1: 2017.04.03 03:131 in USDJPY
0	03:12:19.213	CPIv1.5 USDJPY,M1: 2017.04.03 03:151Падающая звезда in USDJPY
0	03:12:19.425	CPIv1.5 EURUSD,M5: 2017.04.03 03:155Разрыв Тасуки in EURUSD
0	03:12:19.437	ax_adv_023 AUDUSD,M15: AUDUSD [BUYSTOP ]:(4109)trade is not allowed in the expert properties AUDUSD lot=0.01 price=0.76352 slippage=3 sl=0.76254 tp=0.00000 comment= exp=1491190201
0	03:14:19.272	CPIv1.5 USDJPY,M1: 2017.04.03 03:171Модель поглощения in USDJPY
0	03:15:19.127	CPIv1.5 USDJPY,M1: 2017.04.03 03:181 in USDJPY
0	03:17:19.342	CPIv1.5 EURUSD,M5: 2017.04.03 03:205Разрыв Тасуки in EURUSD
0	03:18:19.619	CPIv1.5 USDJPY,M1: 2017.04.03 03:211Бычий Доджи in USDJPY
0	03:19:19.600	CPIv1.5 USDJPY,M1: 2017.04.03 03:221 in USDJPY
0	03:20:19.283	CPIv1.5 USDJPY,M1: 2017.04.03 03:231 in USDJPY
0	03:22:21.862	CPIv1.5 EURUSD,M5: 2017.04.03 03:255Разрыв Тасуки in EURUSD
0	03:24:19.529	CPIv1.5 USDJPY,M1: 2017.04.03 03:271 in USDJPY
0	03:25:19.450	CPIv1.5 USDJPY,M1: 2017.04.03 03:281 in USDJPY
0	03:27:19.197	CPIv1.5 USDJPY,M1: 2017.04.03 03:301Медвежий Доджи in USDJPY
0	03:27:19.688	CPIv1.5 EURUSD,M5: 2017.04.03 03:305Разрыв Тасуки in EURUSD
0	03:28:20.902	CPIv1.5 USDJPY,M1: 2017.04.03 03:311Вечерняя звезда in USDJPY
0	03:29:19.355	CPIv1.5 USDJPY,M1: 2017.04.03 03:321 in USDJPY
0	03:32:19.207	CPIv1.5 USDJPY,M1: 2017.04.03 03:351 in USDJPY
0	03:32:19.418	CPIv1.5 EURUSD,M5: 2017.04.03 03:355Разрыв Тасуки in EURUSD
0	03:34:19.193	CPIv1.5 USDJPY,M1: 2017.04.03 03:371 in USDJPY
0	03:35:19.195	CPIv1.5 USDJPY,M1: 2017.04.03 03:381Бычий Доджи in USDJPY
0	03:36:21.939	CPIv1.5 USDJPY,M1: 2017.04.03 03:391 in USDJPY
0	03:37:19.678	CPIv1.5 EURUSD,M5: 2017.04.03 03:405Разрыв Тасуки in EURUSD
0	03:37:19.986	CPIv1.5 USDJPY,M1: 2017.04.03 03:401 in USDJPY
0	03:39:19.808	CPIv1.5 USDJPY,M1: 2017.04.03 03:421 in USDJPY
0	03:40:20.118	CPIv1.5 USDJPY,M1: 2017.04.03 03:431 in USDJPY
0	03:41:19.795	CPIv1.5 USDJPY,M1: 2017.04.03 03:441Медвежий Доджи in USDJPY
0	03:42:19.206	CPIv1.5 USDJPY,M1: 2017.04.03 03:451 in USDJPY
0	03:42:20.317	CPIv1.5 EURUSD,M5: 2017.04.03 03:455 in EURUSD
0	03:43:19.943	CPIv1.5 USDJPY,M1: 2017.04.03 03:461Вечерняя звезда in USDJPY
0	03:47:19.082	CPIv1.5 USDJPY,M1: 2017.04.03 03:501 in USDJPY
0	03:48:19.645	CPIv1.5 USDJPY,M1: 2017.04.03 03:511 in USDJPY
0	03:49:20.806	CPIv1.5 USDJPY,M1: 2017.04.03 03:521 in USDJPY
0	03:50:20.535	CPIv1.5 USDJPY,M1: 2017.04.03 03:531 in USDJPY
0	03:52:19.181	CPIv1.5 USDJPY,M1: 2017.04.03 03:551 in USDJPY
0	03:52:19.390	CPIv1.5 EURUSD,M5: 2017.04.03 03:555 in EURUSD
0	03:53:20.431	CPIv1.5 USDJPY,M1: 2017.04.03 03:561Медвежий Доджи in USDJPY
0	03:54:20.505	CPIv1.5 USDJPY,M1: 2017.04.03 03:571 in USDJPY
0	03:55:22.597	CPIv1.5 USDJPY,M1: 2017.04.03 03:581 in USDJPY
0	03:57:19.176	CPIv1.5 USDJPY,M1: 2017.04.03 04:001Медвежий Доджи in USDJPY
0	03:57:19.365	CPIv1.5 EURUSD,M5: 2017.04.03 04:005Разрыв Тасуки in EURUSD
0	03:57:19.916	CPIv1.5 YM,H1: 2017.04.03 04:0060Бычий Доджи in YM
0	03:58:22.622	CPIv1.5 USDJPY,M1: 2017.04.03 04:011 in USDJPY
0	04:00:19.217	CPIv1.5 USDJPY,M1: 2017.04.03 04:031Бычий Доджи in USDJPY
0	04:01:21.716	CPIv1.5 USDJPY,M1: 2017.04.03 04:041Утрення звезда in USDJPY
0	04:02:20.231	CPIv1.5 USDJPY,M1: 2017.04.03 04:051Медвежий Доджи in USDJPY
0	04:03:20.109	CPIv1.5 USDJPY,M1: 2017.04.03 04:061 in USDJPY
0	04:04:19.171	CPIv1.5 USDJPY,M1: 2017.04.03 04:071 in USDJPY
0	04:06:22.795	CPIv1.5 USDJPY,M1: 2017.04.03 04:091Падающая звезда in USDJPY
0	04:07:21.248	CPIv1.5 USDJPY,M1: 2017.04.03 04:101 in USDJPY
0	04:08:20.825	CPIv1.5 USDJPY,M1: 2017.04.03 04:111 in USDJPY
0	04:09:20.467	CPIv1.5 USDJPY,M1: 2017.04.03 04:121Бычий Доджи in USDJPY
0	04:10:19.320	CPIv1.5 USDJPY,M1: 2017.04.03 04:131 in USDJPY
0	04:12:19.318	CPIv1.5 USDJPY,M1: 2017.04.03 04:151 in USDJPY
0	04:14:19.048	CPIv1.5 USDJPY,M1: 2017.04.03 04:171Бычий Доджи in USDJPY
0	04:15:20.686	CPIv1.5 USDJPY,M1: 2017.04.03 04:181 in USDJPY
0	04:16:19.161	CPIv1.5 USDJPY,M1: 2017.04.03 04:191 in USDJPY
0	04:17:20.437	CPIv1.5 USDJPY,M1: 2017.04.03 04:201 in USDJPY
0	04:17:20.940	CPIv1.5 EURUSD,M5: 2017.04.03 04:205Разрыв Тасуки in EURUSD
0	04:19:23.499	CPIv1.5 USDJPY,M1: 2017.04.03 04:221 in USDJPY
0	04:20:19.908	CPIv1.5 USDJPY,M1: 2017.04.03 04:231 in USDJPY
0	04:22:19.882	CPIv1.5 USDJPY,M1: 2017.04.03 04:251 in USDJPY
0	04:22:45.947	CPIv1.5 EURUSD,M5: 2017.04.03 04:255Разрыв Тасуки in EURUSD
0	04:25:19.454	CPIv1.5 USDJPY,M1: 2017.04.03 04:281 in USDJPY
0	04:26:19.481	CPIv1.5 USDJPY,M1: 2017.04.03 04:291 in USDJPY
0	04:27:19.590	CPIv1.5 EURUSD,M5: 2017.04.03 04:305 in EURUSD
0	04:27:19.890	CPIv1.5 USDJPY,M1: 2017.04.03 04:301 in USDJPY
0	04:29:19.506	CPIv1.5 USDJPY,M1: 2017.04.03 04:321Бычий Доджи in USDJPY
0	04:30:19.549	CPIv1.5 USDJPY,M1: 2017.04.03 04:331 in USDJPY
0	04:32:19.621	CPIv1.5 USDJPY,M1: 2017.04.03 04:351Бычий Доджи in USDJPY
0	04:32:24.976	CPIv1.5 EURUSD,M5: 2017.04.03 04:355Разрыв Тасуки in EURUSD
0	04:33:19.481	CPIv1.5 USDJPY,M1: 2017.04.03 04:361 in USDJPY
0	04:35:23.237	CPIv1.5 USDJPY,M1: 2017.04.03 04:381Медвежий Доджи in USDJPY
0	04:36:18.966	CPIv1.5 USDJPY,M1: 2017.04.03 04:391Падающая звезда in USDJPY
0	04:37:20.636	CPIv1.5 EURUSD,M5: 2017.04.03 04:405 in EURUSD
0	04:38:19.402	CPIv1.5 USDJPY,M1: 2017.04.03 04:411 in USDJPY
0	04:40:19.239	CPIv1.5 USDJPY,M1: 2017.04.03 04:431 in USDJPY
0	04:42:19.189	CPIv1.5 EURUSD,M5: 2017.04.03 04:455Разрыв Тасуки in EURUSD
0	04:43:28.833	CPIv1.5 USDJPY,M1: 2017.04.03 04:461Медвежий Доджи in USDJPY
0	04:44:21.232	CPIv1.5 USDJPY,M1: 2017.04.03 04:471 in USDJPY
0	04:46:21.197	CPIv1.5 USDJPY,M1: 2017.04.03 04:491 in USDJPY
0	04:49:23.528	CPIv1.5 USDJPY,M1: 2017.04.03 04:521Падающая звезда in USDJPY
0	04:50:19.232	CPIv1.5 USDJPY,M1: 2017.04.03 04:531 in USDJPY
0	04:51:21.352	CPIv1.5 USDJPY,M1: 2017.04.03 04:541 in USDJPY
0	04:52:23.308	CPIv1.5 EURUSD,M5: 2017.04.03 04:555 in EURUSD
0	04:53:19.315	CPIv1.5 USDJPY,M1: 2017.04.03 04:561Медвежий Доджи in USDJPY
0	04:54:22.931	CPIv1.5 USDJPY,M1: 2017.04.03 04:571 in USDJPY
0	04:57:19.301	CPIv1.5 EURUSD,M5: 2017.04.03 05:005Разрыв Тасуки in EURUSD
0	04:57:19.629	CPIv1.5 NQ,H1: 2017.04.03 05:0060Бычий Доджи in NQ
0	04:58:19.395	CPIv1.5 USDJPY,M1: 2017.04.03 05:011 in USDJPY
0	05:00:20.293	CPIv1.5 USDJPY,M1: 2017.04.03 05:031 in USDJPY
0	05:01:20.185	CPIv1.5 USDJPY,M1: 2017.04.03 05:041 in USDJPY
0	05:02:20.239	CPIv1.5 EURUSD,M5: 2017.04.03 05:055Разрыв Тасуки in EURUSD
0	05:04:20.963	CPIv1.5 USDJPY,M1: 2017.04.03 05:071Вечерняя звезда in USDJPY
0	05:05:20.233	CPIv1.5 USDJPY,M1: 2017.04.03 05:081 in USDJPY
0	05:08:21.223	CPIv1.5 USDJPY,M1: 2017.04.03 05:111 in USDJPY
0	05:09:34.330	CPIv1.5 USDJPY,M1: 2017.04.03 05:121Падающая звезда in USDJPY
0	05:10:19.312	CPIv1.5 USDJPY,M1: 2017.04.03 05:131 in USDJPY
0	05:11:19.830	CPIv1.5 USDJPY,M1: 2017.04.03 05:141 in USDJPY
0	05:12:18.868	ax_adv_023 AUDUSD,M15: AUDUSD [BUYSTOP ]:(4109)trade is not allowed in the expert properties AUDUSD lot=0.01 price=0.76219 slippage=3 sl=0.76080 tp=0.00000 comment= exp=1491197401
0	05:12:19.133	CPIv1.5 USDJPY,M1: 2017.04.03 05:151 in USDJPY
0	05:13:19.817	CPIv1.5 USDJPY,M1: 2017.04.03 05:161 in USDJPY
0	05:14:32.008	CPIv1.5 USDJPY,M1: 2017.04.03 05:171 in USDJPY
0	05:15:20.000	CPIv1.5 USDJPY,M1: 2017.04.03 05:181 in USDJPY
0	05:18:22.784	CPIv1.5 USDJPY,M1: 2017.04.03 05:211Бычий Доджи in USDJPY
0	05:19:20.279	CPIv1.5 USDJPY,M1: 2017.04.03 05:221 in USDJPY
0	05:20:19.315	CPIv1.5 USDJPY,M1: 2017.04.03 05:231 in USDJPY
0	05:21:19.875	CPIv1.5 USDJPY,M1: 2017.04.03 05:241Медвежий Доджи in USDJPY
0	05:22:19.087	CPIv1.5 USDJPY,M1: 2017.04.03 05:251 in USDJPY
0	05:23:24.171	CPIv1.5 USDJPY,M1: 2017.04.03 05:261 in USDJPY
0	05:26:30.661	CPIv1.5 USDJPY,M1: 2017.04.03 05:291 in USDJPY
0	05:27:20.091	CPIv1.5 USDJPY,M1: 2017.04.03 05:301 in USDJPY
0	05:27:20.431	CPIv1.5 EURUSD,M5: 2017.04.03 05:305Разрыв Тасуки in EURUSD
0	05:28:30.285	CPIv1.5 USDJPY,M1: 2017.04.03 05:311 in USDJPY
0	05:29:23.648	CPIv1.5 USDJPY,M1: 2017.04.03 05:321 in USDJPY
0	05:32:19.954	CPIv1.5 USDJPY,M1: 2017.04.03 05:351 in USDJPY
0	05:33:45.932	CPIv1.5 USDJPY,M1: 2017.04.03 05:361 in USDJPY
0	05:36:23.682	CPIv1.5 USDJPY,M1: 2017.04.03 05:391 in USDJPY
0	05:38:29.912	CPIv1.5 USDJPY,M1: 2017.04.03 05:411 in USDJPY
0	05:39:19.483	CPIv1.5 USDJPY,M1: 2017.04.03 05:421Модель поглощения in USDJPY
0	05:40:20.976	CPIv1.5 USDJPY,M1: 2017.04.03 05:431 in USDJPY
0	05:41:19.006	CPIv1.5 USDJPY,M1: 2017.04.03 05:441Бычий Доджи in USDJPY
0	05:42:19.125	CPIv1.5 USDJPY,M1: 2017.04.03 05:451 in USDJPY
0	05:42:19.334	CPIv1.5 EURUSD,M5: 2017.04.03 05:455Разрыв Тасуки in EURUSD
0	05:43:19.927	CPIv1.5 USDJPY,M1: 2017.04.03 05:461 in USDJPY
0	05:48:18.988	CPIv1.5 USDJPY,M1: 2017.04.03 05:511 in USDJPY
0	05:49:19.371	CPIv1.5 USDJPY,M1: 2017.04.03 05:521 in USDJPY
0	05:50:39.298	CPIv1.5 USDJPY,M1: 2017.04.03 05:531Бычий Доджи in USDJPY
0	05:52:22.058	CPIv1.5 USDJPY,M1: 2017.04.03 05:551 in USDJPY
0	05:52:22.999	CPIv1.5 EURUSD,M5: 2017.04.03 05:555 in EURUSD
0	05:55:35.492	CPIv1.5 USDJPY,M1: 2017.04.03 05:581 in USDJPY
0	05:56:19.351	CPIv1.5 USDJPY,M1: 2017.04.03 05:591 in USDJPY
0	05:57:19.071	ax_adv_023 AUDUSD,M15: AUDUSD [BUYSTOP ]:(4109)trade is not allowed in the expert properties AUDUSD lot=0.01 price=0.76178 slippage=3 sl=0.76077 tp=0.00000 comment= exp=1491200101
0	05:57:21.990	CPIv1.5 YM,H1: 2017.04.03 06:0060 in YM
0	05:57:25.236	CPIv1.5 NQ,H1: 2017.04.03 06:0060 in NQ
0	05:59:25.050	CPIv1.5 USDJPY,M1: 2017.04.03 06:021Падающая звезда in USDJPY
0	06:00:23.709	CPIv1.5 USDJPY,M1: 2017.04.03 06:031 in USDJPY
0	06:01:20.892	CPIv1.5 USDJPY,M1: 2017.04.03 06:041 in USDJPY
0	06:02:24.180	CPIv1.5 USDJPY,M1: 2017.04.03 06:051 in USDJPY
0	06:02:27.050	CPIv1.5 EURUSD,M5: 2017.04.03 06:055Разрыв Тасуки in EURUSD
0	06:04:19.132	CPIv1.5 USDJPY,M1: 2017.04.03 06:071 in USDJPY
0	06:07:21.055	CPIv1.5 USDJPY,M1: 2017.04.03 06:101Падающая звезда in USDJPY
0	06:08:05.724	CPIv1.5 EURUSD,M5: 2017.04.03 06:105Разрыв Тасуки in EURUSD
0	06:08:19.391	CPIv1.5 USDJPY,M1: 2017.04.03 06:111 in USDJPY
0	06:09:19.490	CPIv1.5 USDJPY,M1: 2017.04.03 06:121 in USDJPY
0	06:11:19.819	CPIv1.5 USDJPY,M1: 2017.04.03 06:141Бычий Доджи in USDJPY
0	06:12:23.161	CPIv1.5 EURUSD,M5: 2017.04.03 06:155 in EURUSD
0	06:12:24.026	CPIv1.5 USDJPY,M1: 2017.04.03 06:151Утрення звезда in USDJPY
0	06:13:21.043	CPIv1.5 USDJPY,M1: 2017.04.03 06:161 in USDJPY
0	06:15:20.522	CPIv1.5 USDJPY,M1: 2017.04.03 06:181 in USDJPY
0	06:16:19.405	CPIv1.5 USDJPY,M1: 2017.04.03 06:191 in USDJPY
0	06:17:21.911	CPIv1.5 USDJPY,M1: 2017.04.03 06:201 in USDJPY
0	06:18:19.857	CPIv1.5 USDJPY,M1: 2017.04.03 06:211Утрення звезда in USDJPY
0	06:19:19.504	CPIv1.5 USDJPY,M1: 2017.04.03 06:221 in USDJPY
0	06:22:20.235	CPIv1.5 EURUSD,M5: 2017.04.03 06:255 in EURUSD
0	06:23:19.394	CPIv1.5 USDJPY,M1: 2017.04.03 06:261Медвежий Доджи in USDJPY
0	06:25:19.178	CPIv1.5 USDJPY,M1: 2017.04.03 06:281Бычий Доджи in USDJPY
0	06:26:25.073	CPIv1.5 USDJPY,M1: 2017.04.03 06:291 in USDJPY
0	06:27:19.384	CPIv1.5 USDJPY,M1: 2017.04.03 06:301 in USDJPY
0	06:27:26.112	ax_adv_023 AUDUSD,M15: AUDUSD [BUYSTOP ]:(4109)trade is not allowed in the expert properties AUDUSD lot=0.01 price=0.76165 slippage=3 sl=0.76080 tp=0.00000 comment= exp=1491201908
0	06:28:19.362	CPIv1.5 USDJPY,M1: 2017.04.03 06:311Вечерняя звезда in USDJPY
0	06:29:19.241	CPIv1.5 USDJPY,M1: 2017.04.03 06:321 in USDJPY
0	06:31:20.175	CPIv1.5 USDJPY,M1: 2017.04.03 06:341 in USDJPY
0	06:32:19.537	CPIv1.5 USDJPY,M1: 2017.04.03 06:351 in USDJPY
0	06:32:19.747	CPIv1.5 EURUSD,M5: 2017.04.03 06:355 in EURUSD
0	06:35:19.292	CPIv1.5 USDJPY,M1: 2017.04.03 06:381Модель поглощения in USDJPY
0	06:36:21.498	CPIv1.5 USDJPY,M1: 2017.04.03 06:391 in USDJPY
0	06:37:19.186	CPIv1.5 USDJPY,M1: 2017.04.03 06:401 in USDJPY
0	06:37:20.662	CPIv1.5 EURUSD,M5: 2017.04.03 06:405Разрыв Тасуки in EURUSD
0	06:38:21.711	CPIv1.5 USDJPY,M1: 2017.04.03 06:411 in USDJPY
0	06:42:20.978	CPIv1.5 USDJPY,M1: 2017.04.03 06:451 in USDJPY
0	06:43:19.316	CPIv1.5 USDJPY,M1: 2017.04.03 06:461 in USDJPY
0	06:44:19.135	CPIv1.5 USDJPY,M1: 2017.04.03 06:471 in USDJPY
0	06:45:19.391	CPIv1.5 USDJPY,M1: 2017.04.03 06:481 in USDJPY
0	06:46:21.400	CPIv1.5 USDJPY,M1: 2017.04.03 06:491 in USDJPY
0	06:47:19.333	CPIv1.5 EURUSD,M5: 2017.04.03 06:505 in EURUSD
0	06:47:21.063	CPIv1.5 USDJPY,M1: 2017.04.03 06:501 in USDJPY
0	06:49:20.720	CPIv1.5 USDJPY,M1: 2017.04.03 06:521 in USDJPY
0	06:52:19.320	CPIv1.5 USDJPY,M1: 2017.04.03 06:551 in USDJPY
0	06:53:31.230	CPIv1.5 USDJPY,M1: 2017.04.03 06:561 in USDJPY
0	06:54:27.365	CPIv1.5 USDJPY,M1: 2017.04.03 06:571 in USDJPY
0	06:56:23.145	CPIv1.5 USDJPY,M1: 2017.04.03 06:591 in USDJPY
0	06:57:19.022	CPIv1.5 EURUSD,M5: 2017.04.03 07:005Разрыв Тасуки in EURUSD
0	06:58:19.267	CPIv1.5 USDJPY,M1: 2017.04.03 07:011 in USDJPY
0	07:01:39.128	CPIv1.5 USDJPY,M1: 2017.04.03 07:041 in USDJPY
0	07:02:19.503	CPIv1.5 USDJPY,M1: 2017.04.03 07:051 in USDJPY
0	07:04:19.582	CPIv1.5 USDJPY,M1: 2017.04.03 07:071 in USDJPY
0	07:04:53.204	CPIv1.5 YM,H1: 2017.04.03 07:0060 in YM
0	07:05:19.092	CPIv1.5 USDJPY,M1: 2017.04.03 07:081Медвежий Доджи in USDJPY
0	07:06:19.086	CPIv1.5 USDJPY,M1: 2017.04.03 07:091Медвежий Доджи in USDJPY
0	07:07:21.390	CPIv1.5 USDJPY,M1: 2017.04.03 07:101 in USDJPY
0	07:11:21.566	CPIv1.5 USDJPY,M1: 2017.04.03 07:141 in USDJPY
0	07:12:23.240	CPIv1.5 EURUSD,M5: 2017.04.03 07:155Разрыв Тасуки in EURUSD
0	07:12:25.759	CPIv1.5 USDJPY,M1: 2017.04.03 07:151 in USDJPY
0	07:14:23.199	CPIv1.5 USDJPY,M1: 2017.04.03 07:171 in USDJPY
0	07:15:22.758	CPIv1.5 USDJPY,M1: 2017.04.03 07:181Медвежий Доджи in USDJPY
0	07:16:25.056	CPIv1.5 USDJPY,M1: 2017.04.03 07:191Вечерняя звезда in USDJPY
0	07:17:20.630	CPIv1.5 USDJPY,M1: 2017.04.03 07:201 in USDJPY
0	07:17:21.113	CPIv1.5 EURUSD,M5: 2017.04.03 07:205Разрыв Тасуки in EURUSD
0	07:20:18.976	CPIv1.5 USDJPY,M1: 2017.04.03 07:231Медвежий Доджи in USDJPY
0	07:21:23.429	CPIv1.5 USDJPY,M1: 2017.04.03 07:241 in USDJPY
0	07:22:19.544	CPIv1.5 USDJPY,M1: 2017.04.03 07:251 in USDJPY
0	07:24:19.837	CPIv1.5 USDJPY,M1: 2017.04.03 07:271Медвежий Доджи in USDJPY
0	07:25:19.590	CPIv1.5 USDJPY,M1: 2017.04.03 07:281 in USDJPY
0	07:26:20.564	CPIv1.5 USDJPY,M1: 2017.04.03 07:291 in USDJPY
0	07:27:19.005	ax_adv_023 AUDUSD,M15: AUDUSD [BUYSTOP ]:(4109)trade is not allowed in the expert properties AUDUSD lot=0.01 price=0.76132 slippage=3 sl=0.76025 tp=0.00000 comment= exp=1491205501
0	07:29:20.832	CPIv1.5 USDJPY,M1: 2017.04.03 07:321 in USDJPY
0	07:30:19.218	CPIv1.5 USDJPY,M1: 2017.04.03 07:331 in USDJPY
0	07:31:27.794	CPIv1.5 USDJPY,M1: 2017.04.03 07:341 in USDJPY
0	07:32:19.869	CPIv1.5 EURUSD,M5: 2017.04.03 07:355Разрыв Тасуки in EURUSD
0	07:33:27.697	CPIv1.5 USDJPY,M1: 2017.04.03 07:361Медвежий Доджи in USDJPY
0	07:34:19.280	CPIv1.5 USDJPY,M1: 2017.04.03 07:371 in USDJPY
0	07:35:28.182	CPIv1.5 USDJPY,M1: 2017.04.03 07:381Вечерняя звезда in USDJPY
0	07:36:20.594	CPIv1.5 USDJPY,M1: 2017.04.03 07:391 in USDJPY
0	07:37:19.077	CPIv1.5 EURUSD,M5: 2017.04.03 07:405Разрыв Тасуки in EURUSD
0	07:37:19.377	CPIv1.5 USDJPY,M1: 2017.04.03 07:401 in USDJPY
0	07:38:19.339	CPIv1.5 USDJPY,M1: 2017.04.03 07:411 in USDJPY
0	07:40:22.031	CPIv1.5 USDJPY,M1: 2017.04.03 07:431 in USDJPY
0	07:41:19.477	CPIv1.5 USDJPY,M1: 2017.04.03 07:441 in USDJPY
0	07:42:19.049	ax_adv_023 AUDUSD,M15: AUDUSD [BUYSTOP ]:(4109)trade is not allowed in the expert properties AUDUSD lot=0.01 price=0.76111 slippage=3 sl=0.75995 tp=0.00000 comment= exp=1491206401
0	07:42:22.714	CPIv1.5 EURUSD,M5: 2017.04.03 07:455Разрыв Тасуки in EURUSD
0	07:44:20.165	CPIv1.5 USDJPY,M1: 2017.04.03 07:471 in USDJPY
0	07:45:20.691	CPIv1.5 USDJPY,M1: 2017.04.03 07:481Падающая звезда in USDJPY
0	07:46:28.740	CPIv1.5 USDJPY,M1: 2017.04.03 07:491 in USDJPY
0	07:47:19.126	CPIv1.5 USDJPY,M1: 2017.04.03 07:501Вечерняя звезда in USDJPY
0	07:48:19.680	CPIv1.5 USDJPY,M1: 2017.04.03 07:511 in USDJPY
0	07:49:25.354	CPIv1.5 USDJPY,M1: 2017.04.03 07:521Модель поглощения in USDJPY
0	07:50:31.489	CPIv1.5 USDJPY,M1: 2017.04.03 07:531 in USDJPY
0	07:51:22.286	CPIv1.5 USDJPY,M1: 2017.04.03 07:541 in USDJPY
0	07:52:20.919	CPIv1.5 USDJPY,M1: 2017.04.03 07:551 in USDJPY
0	07:55:19.273	CPIv1.5 USDJPY,M1: 2017.04.03 07:581Бычий Доджи in USDJPY
0	07:56:19.450	CPIv1.5 USDJPY,M1: 2017.04.03 07:591 in USDJPY
0	07:57:19.455	CPIv1.5 USDJPY,M1: 2017.04.03 08:001 in USDJPY
0	07:57:19.689	CPIv1.5 EURUSD,M5: 2017.04.03 08:005 in EURUSD
0	07:57:19.999	ax_adv_023 AUDUSD,M15: AUDUSD [BUYSTOP ]:(4109)trade is not allowed in the expert properties AUDUSD lot=0.01 price=0.76097 slippage=3 sl=0.75983 tp=0.00000 comment= exp=1491207302
0	07:58:19.295	CPIv1.5 USDJPY,M1: 2017.04.03 08:011Утрення звезда in USDJPY
0	08:00:21.825	CPIv1.5 USDJPY,M1: 2017.04.03 08:031Медвежий Доджи in USDJPY
0	08:02:09.086	CPIv1.5 USDJPY,M1: 2017.04.03 08:041 in USDJPY
0	08:02:19.288	CPIv1.5 USDJPY,M1: 2017.04.03 08:051 in USDJPY
0	08:03:18.969	CPIv1.5 USDJPY,M1: 2017.04.03 08:061 in USDJPY
0	08:04:19.587	CPIv1.5 USDJPY,M1: 2017.04.03 08:071Медвежий Доджи in USDJPY
0	08:05:19.617	CPIv1.5 USDJPY,M1: 2017.04.03 08:081 in USDJPY
0	08:07:19.863	CPIv1.5 EURUSD,M5: 2017.04.03 08:105 in EURUSD
0	08:07:20.170	CPIv1.5 USDJPY,M1: 2017.04.03 08:101 in USDJPY
0	08:08:20.109	CPIv1.5 USDJPY,M1: 2017.04.03 08:111Падающая звезда in USDJPY
0	08:10:19.845	CPIv1.5 USDJPY,M1: 2017.04.03 08:131 in USDJPY
0	08:12:20.599	CPIv1.5 USDJPY,M1: 2017.04.03 08:151 in USDJPY
0	08:14:19.287	CPIv1.5 USDJPY,M1: 2017.04.03 08:171Медвежий Доджи in USDJPY
0	08:15:19.088	CPIv1.5 USDJPY,M1: 2017.04.03 08:181Падающая звезда in USDJPY
0	08:16:19.771	CPIv1.5 USDJPY,M1: 2017.04.03 08:191Падающая звезда in USDJPY
0	08:17:19.213	CPIv1.5 USDJPY,M1: 2017.04.03 08:201Вечерняя звезда in USDJPY
0	08:17:19.441	CPIv1.5 EURUSD,M5: 2017.04.03 08:205Разрыв Тасуки in EURUSD
0	08:18:19.174	CPIv1.5 USDJPY,M1: 2017.04.03 08:211 in USDJPY
0	08:22:20.365	CPIv1.5 USDJPY,M1: 2017.04.03 08:251 in USDJPY
0	08:22:28.182	CPIv1.5 EURUSD,M5: 2017.04.03 08:255Разрыв Тасуки in EURUSD
0	08:23:19.428	CPIv1.5 USDJPY,M1: 2017.04.03 08:261Медвежий Доджи in USDJPY
0	08:24:21.008	CPIv1.5 USDJPY,M1: 2017.04.03 08:271 in USDJPY
0	08:25:21.154	CPIv1.5 USDJPY,M1: 2017.04.03 08:281 in USDJPY
0	08:27:19.427	CPIv1.5 USDJPY,M1: 2017.04.03 08:301 in USDJPY
0	08:29:20.584	CPIv1.5 USDJPY,M1: 2017.04.03 08:321 in USDJPY
0	08:32:19.643	CPIv1.5 USDJPY,M1: 2017.04.03 08:351 in USDJPY
0	08:32:31.522	CPIv1.5 EURUSD,M5: 2017.04.03 08:355 in EURUSD
0	08:33:19.327	CPIv1.5 USDJPY,M1: 2017.04.03 08:361 in USDJPY
0	08:34:19.450	CPIv1.5 USDJPY,M1: 2017.04.03 08:371 in USDJPY
0	08:37:19.129	CPIv1.5 EURUSD,M5: 2017.04.03 08:405 in EURUSD
0	08:38:19.433	CPIv1.5 USDJPY,M1: 2017.04.03 08:411 in USDJPY
0	08:39:19.342	CPIv1.5 USDJPY,M1: 2017.04.03 08:421 in USDJPY
0	08:40:19.152	CPIv1.5 USDJPY,M1: 2017.04.03 08:431 in USDJPY
0	08:42:19.020	CPIv1.5 USDJPY,M1: 2017.04.03 08:451Утрення звезда in USDJPY
0	08:42:22.383	CPIv1.5 EURUSD,M5: 2017.04.03 08:455Разрыв Тасуки in EURUSD
0	08:45:19.156	CPIv1.5 USDJPY,M1: 2017.04.03 08:481Падающая звезда in USDJPY
0	08:46:19.139	CPIv1.5 USDJPY,M1: 2017.04.03 08:491 in USDJPY
0	08:47:29.730	CPIv1.5 EURUSD,M5: 2017.04.03 08:505 in EURUSD
0	08:48:20.622	CPIv1.5 USDJPY,M1: 2017.04.03 08:511Бычий Доджи in USDJPY
0	08:49:19.170	CPIv1.5 USDJPY,M1: 2017.04.03 08:521 in USDJPY
0	08:50:19.115	CPIv1.5 USDJPY,M1: 2017.04.03 08:531Падающая звезда in USDJPY
0	08:52:19.657	CPIv1.5 EURUSD,M5: 2017.04.03 08:555Разрыв Тасуки in EURUSD
0	08:53:19.290	CPIv1.5 USDJPY,M1: 2017.04.03 08:561 in USDJPY
0	08:55:23.974	CPIv1.5 USDJPY,M1: 2017.04.03 08:581 in USDJPY
0	08:56:19.492	CPIv1.5 USDJPY,M1: 2017.04.03 08:591 in USDJPY
0	08:57:19.223	CPIv1.5 USDJPY,M1: 2017.04.03 09:001 in USDJPY
0	08:57:19.441	ax_adv_023 AUDUSD,M15: AUDUSD [BUYSTOP ]:(4109)trade is not allowed in the expert properties AUDUSD lot=0.01 price=0.76103 slippage=3 sl=0.75972 tp=0.00000 comment= exp=1491210901
0	08:57:19.779	CPIv1.5 YM,H1: 2017.04.03 09:0060 in YM
0	08:57:20.254	CPIv1.5 EURUSD,M5: 2017.04.03 09:005Разрыв Тасуки in EURUSD
0	08:58:19.570	CPIv1.5 USDJPY,M1: 2017.04.03 09:011 in USDJPY
0	09:00:20.831	CPIv1.5 USDJPY,M1: 2017.04.03 09:031 in USDJPY
0	09:01:19.465	CPIv1.5 USDJPY,M1: 2017.04.03 09:041 in USDJPY
0	09:02:19.498	CPIv1.5 USDJPY,M1: 2017.04.03 09:051 in USDJPY
0	09:03:23.410	CPIv1.5 USDJPY,M1: 2017.04.03 09:061 in USDJPY
0	09:04:19.382	CPIv1.5 USDJPY,M1: 2017.04.03 09:071 in USDJPY
0	09:07:19.465	CPIv1.5 USDJPY,M1: 2017.04.03 09:101Медвежий Доджи in USDJPY
0	09:07:19.662	CPIv1.5 EURUSD,M5: 2017.04.03 09:105 in EURUSD
0	09:08:20.008	CPIv1.5 USDJPY,M1: 2017.04.03 09:111Вечерняя звезда in USDJPY
0	09:09:23.338	CPIv1.5 USDJPY,M1: 2017.04.03 09:121 in USDJPY
0	09:11:19.216	CPIv1.5 USDJPY,M1: 2017.04.03 09:141 in USDJPY
0	09:12:19.812	CPIv1.5 USDJPY,M1: 2017.04.03 09:151 in USDJPY
0	09:12:20.026	CPIv1.5 EURUSD,M5: 2017.04.03 09:155Разрыв Тасуки in EURUSD
0	09:14:19.386	CPIv1.5 USDJPY,M1: 2017.04.03 09:171 in USDJPY
0	09:15:19.484	CPIv1.5 USDJPY,M1: 2017.04.03 09:181 in USDJPY
0	09:17:26.449	CPIv1.5 EURUSD,M5: 2017.04.03 09:205Разрыв Тасуки in EURUSD
0	09:20:18.984	CPIv1.5 USDJPY,M1: 2017.04.03 09:231Медвежий Доджи in USDJPY
0	09:21:22.893	CPIv1.5 USDJPY,M1: 2017.04.03 09:241 in USDJPY
0	09:22:19.709	CPIv1.5 USDJPY,M1: 2017.04.03 09:251 in USDJPY
0	09:25:19.930	CPIv1.5 USDJPY,M1: 2017.04.03 09:281Утрення звезда in USDJPY
0	09:26:19.392	CPIv1.5 USDJPY,M1: 2017.04.03 09:291 in USDJPY
0	09:27:19.447	CPIv1.5 EURUSD,M5: 2017.04.03 09:305 in EURUSD
0	09:28:19.454	CPIv1.5 USDJPY,M1: 2017.04.03 09:311 in USDJPY
0	09:30:21.581	CPIv1.5 USDJPY,M1: 2017.04.03 09:331Вечерняя звезда in USDJPY
0	09:31:19.551	CPIv1.5 USDJPY,M1: 2017.04.03 09:341 in USDJPY
0	09:33:20.195	CPIv1.5 USDJPY,M1: 2017.04.03 09:361Бычий Доджи in USDJPY
0	09:34:19.488	CPIv1.5 USDJPY,M1: 2017.04.03 09:371 in USDJPY
0	09:35:19.252	CPIv1.5 USDJPY,M1: 2017.04.03 09:381 in USDJPY
0	09:36:20.974	CPIv1.5 USDJPY,M1: 2017.04.03 09:391 in USDJPY
0	09:37:21.532	CPIv1.5 EURUSD,M5: 2017.04.03 09:405 in EURUSD
0	09:39:21.310	CPIv1.5 USDJPY,M1: 2017.04.03 09:421Бычий Доджи in USDJPY
0	09:40:20.786	CPIv1.5 USDJPY,M1: 2017.04.03 09:431 in USDJPY
0	09:41:20.347	CPIv1.5 USDJPY,M1: 2017.04.03 09:441Медвежий Доджи in USDJPY
0	09:42:25.637	CPIv1.5 USDJPY,M1: 2017.04.03 09:451Медвежий Доджи in USDJPY
0	09:43:19.431	CPIv1.5 USDJPY,M1: 2017.04.03 09:461Падающая звезда in USDJPY
0	09:44:19.612	CPIv1.5 USDJPY,M1: 2017.04.03 09:471 in USDJPY
0	09:45:20.465	CPIv1.5 USDJPY,M1: 2017.04.03 09:481Медвежий Доджи in USDJPY
0	09:46:19.193	CPIv1.5 USDJPY,M1: 2017.04.03 09:491 in USDJPY
0	09:47:19.719	CPIv1.5 EURUSD,M5: 2017.04.03 09:505Разрыв Тасуки in EURUSD
0	09:50:24.211	CPIv1.5 USDJPY,M1: 2017.04.03 09:531 in USDJPY
0	09:52:19.556	CPIv1.5 EURUSD,M5: 2017.04.03 09:555Разрыв Тасуки in EURUSD
0	09:53:20.742	CPIv1.5 USDJPY,M1: 2017.04.03 09:561 in USDJPY
0	09:54:21.346	CPIv1.5 USDJPY,M1: 2017.04.03 09:571Бычий Доджи in USDJPY
0	09:55:31.706	CPIv1.5 USDJPY,M1: 2017.04.03 09:581 in USDJPY
0	09:56:26.571	CPIv1.5 USDJPY,M1: 2017.04.03 09:591 in USDJPY
0	09:57:19.396	CPIv1.5 EURUSD,M5: 2017.04.03 10:005Разрыв Тасуки in EURUSD
0	09:57:22.905	CPIv1.5 NQ,H1: 2017.04.03 10:0060Медвежий Доджи in NQ
0	09:58:19.544	CPIv1.5 USDJPY,M1: 2017.04.03 10:011 in USDJPY
0	09:59:19.384	CPIv1.5 USDJPY,M1: 2017.04.03 10:021Бычий Доджи in USDJPY
0	10:00:20.926	CPIv1.5 USDJPY,M1: 2017.04.03 10:031Модель поглощения in USDJPY
0	10:01:19.093	CPIv1.5 USDJPY,M1: 2017.04.03 10:041 in USDJPY
0	10:03:21.906	CPIv1.5 USDJPY,M1: 2017.04.03 10:061 in USDJPY
0	10:05:19.248	CPIv1.5 USDJPY,M1: 2017.04.03 10:081 in USDJPY
0	10:06:19.282	CPIv1.5 USDJPY,M1: 2017.04.03 10:091 in USDJPY
0	10:07:19.509	CPIv1.5 USDJPY,M1: 2017.04.03 10:101 in USDJPY
0	10:07:19.700	CPIv1.5 EURUSD,M5: 2017.04.03 10:105Разрыв Тасуки in EURUSD
0	10:08:21.390	CPIv1.5 USDJPY,M1: 2017.04.03 10:111 in USDJPY
0	10:10:19.161	CPIv1.5 USDJPY,M1: 2017.04.03 10:131 in USDJPY
0	10:11:20.638	CPIv1.5 USDJPY,M1: 2017.04.03 10:141Утрення звезда in USDJPY
0	10:12:20.083	CPIv1.5 USDJPY,M1: 2017.04.03 10:151 in USDJPY
0	10:12:21.218	CPIv1.5 EURUSD,M5: 2017.04.03 10:155Разрыв Тасуки in EURUSD
0	10:18:23.446	CPIv1.5 USDJPY,M1: 2017.04.03 10:211Бычий Доджи in USDJPY
0	10:19:19.576	CPIv1.5 USDJPY,M1: 2017.04.03 10:221 in USDJPY
0	10:20:19.645	CPIv1.5 USDJPY,M1: 2017.04.03 10:231 in USDJPY
0	10:22:19.067	CPIv1.5 EURUSD,M5: 2017.04.03 10:255 in EURUSD
0	10:23:19.986	CPIv1.5 USDJPY,M1: 2017.04.03 10:261 in USDJPY
0	10:24:20.020	CPIv1.5 USDJPY,M1: 2017.04.03 10:271Бычий Доджи in USDJPY
0	10:25:19.649	CPIv1.5 USDJPY,M1: 2017.04.03 10:281 in USDJPY
0	10:26:19.190	CPIv1.5 USDJPY,M1: 2017.04.03 10:291 in USDJPY
0	10:27:19.393	CPIv1.5 USDJPY,M1: 2017.04.03 10:301 in USDJPY
0	10:27:19.589	CPIv1.5 EURUSD,M5: 2017.04.03 10:305Разрыв Тасуки in EURUSD
0	10:29:20.956	CPIv1.5 USDJPY,M1: 2017.04.03 10:321 in USDJPY
0	10:30:21.701	CPIv1.5 USDJPY,M1: 2017.04.03 10:331Модель поглощения in USDJPY
0	10:31:19.261	CPIv1.5 USDJPY,M1: 2017.04.03 10:341 in USDJPY
0	10:32:19.065	CPIv1.5 EURUSD,M5: 2017.04.03 10:355Разрыв Тасуки in EURUSD
0	10:34:19.553	CPIv1.5 USDJPY,M1: 2017.04.03 10:371 in USDJPY
0	10:35:19.759	CPIv1.5 USDJPY,M1: 2017.04.03 10:381 in USDJPY
0	10:36:19.564	CPIv1.5 USDJPY,M1: 2017.04.03 10:391Бычий Доджи in USDJPY
0	10:37:19.356	CPIv1.5 EURUSD,M5: 2017.04.03 10:405 in EURUSD
0	10:38:22.879	CPIv1.5 USDJPY,M1: 2017.04.03 10:411 in USDJPY
0	10:39:19.120	CPIv1.5 USDJPY,M1: 2017.04.03 10:421 in USDJPY
0	10:41:23.016	CPIv1.5 USDJPY,M1: 2017.04.03 10:441 in USDJPY
0	10:42:19.590	CPIv1.5 USDJPY,M1: 2017.04.03 10:451 in USDJPY
0	10:44:19.389	CPIv1.5 USDJPY,M1: 2017.04.03 10:471Утрення звезда in USDJPY
0	10:46:19.317	CPIv1.5 USDJPY,M1: 2017.04.03 10:491 in USDJPY
0	10:47:19.498	CPIv1.5 EURUSD,M5: 2017.04.03 10:505Разрыв Тасуки in EURUSD
0	10:48:22.429	CPIv1.5 USDJPY,M1: 2017.04.03 10:511Медвежий Доджи in USDJPY
0	10:49:19.747	CPIv1.5 USDJPY,M1: 2017.04.03 10:521 in USDJPY
0	10:50:19.527	CPIv1.5 USDJPY,M1: 2017.04.03 10:531 in USDJPY
0	10:52:19.157	CPIv1.5 EURUSD,M5: 2017.04.03 10:555Разрыв Тасуки in EURUSD
0	10:52:20.029	CPIv1.5 USDJPY,M1: 2017.04.03 10:551 in USDJPY
0	10:55:19.626	CPIv1.5 USDJPY,M1: 2017.04.03 10:581Бычий Доджи in USDJPY
0	10:56:19.281	CPIv1.5 USDJPY,M1: 2017.04.03 10:591 in USDJPY
0	10:57:19.008	CPIv1.5 NQ,H1: 2017.04.03 11:0060Медвежий Доджи in NQ
0	10:57:19.073	CPIv1.5 YM,H1: 2017.04.03 11:0060Медвежий Доджи in YM
0	10:57:20.063	CPIv1.5 EURUSD,M5: 2017.04.03 11:005Разрыв Тасуки in EURUSD
0	10:57:20.336	CPIv1.5 USDJPY,M1: 2017.04.03 11:001Модель поглощения in USDJPY
0	10:58:19.330	CPIv1.5 USDJPY,M1: 2017.04.03 11:011 in USDJPY
0	11:01:20.322	CPIv1.5 USDJPY,M1: 2017.04.03 11:041 in USDJPY
0	11:03:22.994	CPIv1.5 USDJPY,M1: 2017.04.03 11:061 in USDJPY
0	11:04:19.486	CPIv1.5 USDJPY,M1: 2017.04.03 11:071Падающая звезда in USDJPY
0	11:05:19.319	CPIv1.5 USDJPY,M1: 2017.04.03 11:081Модель поглощения in USDJPY
0	11:06:19.693	CPIv1.5 USDJPY,M1: 2017.04.03 11:091 in USDJPY
0	11:07:19.734	CPIv1.5 USDJPY,M1: 2017.04.03 11:101 in USDJPY
0	11:09:19.267	CPIv1.5 USDJPY,M1: 2017.04.03 11:121 in USDJPY
0	11:11:25.729	CPIv1.5 USDJPY,M1: 2017.04.03 11:141 in USDJPY
0	11:12:19.875	CPIv1.5 EURUSD,M5: 2017.04.03 11:155Разрыв Тасуки in EURUSD
0	11:12:20.789	CPIv1.5 USDJPY,M1: 2017.04.03 11:151Бычий Доджи in USDJPY
0	11:13:21.074	CPIv1.5 USDJPY,M1: 2017.04.03 11:161 in USDJPY
0	11:17:26.393	CPIv1.5 EURUSD,M5: 2017.04.03 11:205Разрыв Тасуки in EURUSD
0	11:19:19.728	CPIv1.5 USDJPY,M1: 2017.04.03 11:221 in USDJPY
0	11:20:19.531	CPIv1.5 USDJPY,M1: 2017.04.03 11:231 in USDJPY
0	11:22:19.248	CPIv1.5 EURUSD,M5: 2017.04.03 11:255Разрыв Тасуки in EURUSD
0	11:22:19.521	CPIv1.5 USDJPY,M1: 2017.04.03 11:251Модель поглощения in USDJPY
0	11:23:23.099	CPIv1.5 USDJPY,M1: 2017.04.03 11:261 in USDJPY
0	11:25:19.273	CPIv1.5 USDJPY,M1: 2017.04.03 11:281 in USDJPY
0	11:27:19.421	CPIv1.5 EURUSD,M5: 2017.04.03 11:305 in EURUSD
0	11:30:20.993	CPIv1.5 USDJPY,M1: 2017.04.03 11:331Модель поглощения in USDJPY
0	11:31:19.444	CPIv1.5 USDJPY,M1: 2017.04.03 11:341Бычий Доджи in USDJPY
0	11:32:19.734	CPIv1.5 EURUSD,M5: 2017.04.03 11:355Разрыв Тасуки in EURUSD
0	11:32:20.832	CPIv1.5 USDJPY,M1: 2017.04.03 11:351Бычий Доджи in USDJPY
0	11:33:19.613	CPIv1.5 USDJPY,M1: 2017.04.03 11:361 in USDJPY
0	11:34:19.536	CPIv1.5 USDJPY,M1: 2017.04.03 11:371Бычий Доджи in USDJPY
0	11:35:19.438	CPIv1.5 USDJPY,M1: 2017.04.03 11:381 in USDJPY
0	11:36:19.689	CPIv1.5 USDJPY,M1: 2017.04.03 11:391 in USDJPY
0	11:37:19.185	CPIv1.5 USDJPY,M1: 2017.04.03 11:401Бычий Доджи in USDJPY
0	11:37:20.026	CPIv1.5 EURUSD,M5: 2017.04.03 11:405Разрыв Тасуки in EURUSD
0	11:38:19.126	CPIv1.5 USDJPY,M1: 2017.04.03 11:411 in USDJPY
0	11:39:19.171	CPIv1.5 USDJPY,M1: 2017.04.03 11:421 in USDJPY
0	11:40:19.316	CPIv1.5 USDJPY,M1: 2017.04.03 11:431Повешенный in USDJPY
0	11:42:19.301	CPIv1.5 USDJPY,M1: 2017.04.03 11:451 in USDJPY
0	11:42:19.672	ax_adv_023 AUDUSD,M15: AUDUSD [BUYSTOP ]:(4109)trade is not allowed in the expert properties AUDUSD lot=0.01 price=0.76052 slippage=3 sl=0.75946 tp=0.00000 comment= exp=1491220801
0	11:42:20.019	CPIv1.5 EURUSD,M5: 2017.04.03 11:455 in EURUSD
0	11:43:22.523	CPIv1.5 USDJPY,M1: 2017.04.03 11:461Медвежий Доджи in USDJPY
0	11:44:20.435	CPIv1.5 USDJPY,M1: 2017.04.03 11:471 in USDJPY
0	11:46:20.214	CPIv1.5 USDJPY,M1: 2017.04.03 11:491 in USDJPY
0	11:47:19.487	CPIv1.5 EURUSD,M5: 2017.04.03 11:505 in EURUSD
0	11:49:21.699	CPIv1.5 USDJPY,M1: 2017.04.03 11:521 in USDJPY
0	11:51:20.166	CPIv1.5 USDJPY,M1: 2017.04.03 11:541 in USDJPY
0	11:52:19.920	CPIv1.5 USDJPY,M1: 2017.04.03 11:551 in USDJPY
0	11:52:20.112	CPIv1.5 EURUSD,M5: 2017.04.03 11:555Разрыв Тасуки in EURUSD
0	11:53:19.767	CPIv1.5 USDJPY,M1: 2017.04.03 11:561 in USDJPY
0	11:55:19.334	CPIv1.5 USDJPY,M1: 2017.04.03 11:581 in USDJPY
0	11:56:20.113	CPIv1.5 USDJPY,M1: 2017.04.03 11:591Медвежий Доджи in USDJPY
0	11:57:19.542	CPIv1.5 USDJPY,M1: 2017.04.03 12:001 in USDJPY
0	11:57:19.741	CPIv1.5 NQ,H1: 2017.04.03 12:0060 in NQ
0	11:57:20.869	CPIv1.5 YM,H1: 2017.04.03 12:0060 in YM
0	11:59:19.285	CPIv1.5 USDJPY,M1: 2017.04.03 12:021Бычий Доджи in USDJPY
0	12:00:19.314	CPIv1.5 USDJPY,M1: 2017.04.03 12:031 in USDJPY
0	12:02:19.327	CPIv1.5 USDJPY,M1: 2017.04.03 12:051 in USDJPY
0	12:03:19.843	CPIv1.5 USDJPY,M1: 2017.04.03 12:061 in USDJPY
0	12:06:19.535	CPIv1.5 USDJPY,M1: 2017.04.03 12:091 in USDJPY
0	12:07:19.305	CPIv1.5 USDJPY,M1: 2017.04.03 12:101 in USDJPY
0	12:07:21.027	CPIv1.5 EURUSD,M5: 2017.04.03 12:105 in EURUSD
0	12:08:20.235	CPIv1.5 USDJPY,M1: 2017.04.03 12:111 in USDJPY
0	12:10:19.387	CPIv1.5 USDJPY,M1: 2017.04.03 12:131 in USDJPY
0	12:11:19.942	CPIv1.5 USDJPY,M1: 2017.04.03 12:141Бычий Доджи in USDJPY
0	12:12:19.328	CPIv1.5 USDJPY,M1: 2017.04.03 12:151 in USDJPY
0	12:12:21.320	CPIv1.5 EURUSD,M5: 2017.04.03 12:155Разрыв Тасуки in EURUSD
0	12:18:19.375	CPIv1.5 USDJPY,M1: 2017.04.03 12:211 in USDJPY
0	12:19:20.034	CPIv1.5 USDJPY,M1: 2017.04.03 12:221 in USDJPY
0	12:22:19.639	CPIv1.5 USDJPY,M1: 2017.04.03 12:251 in USDJPY
0	12:22:33.710	CPIv1.5 EURUSD,M5: 2017.04.03 12:255Разрыв Тасуки in EURUSD
0	12:24:24.437	CPIv1.5 USDJPY,M1: 2017.04.03 12:271 in USDJPY
0	12:25:20.268	CPIv1.5 USDJPY,M1: 2017.04.03 12:281 in USDJPY
0	12:27:19.502	CPIv1.5 USDJPY,M1: 2017.04.03 12:301 in USDJPY
0	12:27:21.702	CPIv1.5 EURUSD,M5: 2017.04.03 12:305Разрыв Тасуки in EURUSD
0	12:29:19.275	CPIv1.5 USDJPY,M1: 2017.04.03 12:321 in USDJPY
0	12:30:19.641	CPIv1.5 USDJPY,M1: 2017.04.03 12:331Медвежий Доджи in USDJPY
0	12:31:20.270	CPIv1.5 USDJPY,M1: 2017.04.03 12:341Модель поглощения in USDJPY
0	12:32:28.818	CPIv1.5 USDJPY,M1: 2017.04.03 12:351 in USDJPY
0	12:36:24.329	CPIv1.5 USDJPY,M1: 2017.04.03 12:391Модель поглощения in USDJPY
0	12:37:19.715	CPIv1.5 USDJPY,M1: 2017.04.03 12:401 in USDJPY
0	12:38:19.762	CPIv1.5 USDJPY,M1: 2017.04.03 12:411Падающая звезда in USDJPY
0	12:39:19.610	CPIv1.5 USDJPY,M1: 2017.04.03 12:421 in USDJPY
0	12:40:20.076	CPIv1.5 USDJPY,M1: 2017.04.03 12:431 in USDJPY
0	12:41:19.162	CPIv1.5 USDJPY,M1: 2017.04.03 12:441 in USDJPY
0	12:42:19.451	CPIv1.5 USDJPY,M1: 2017.04.03 12:451Медвежий Доджи in USDJPY
0	12:43:32.321	CPIv1.5 USDJPY,M1: 2017.04.03 12:461 in USDJPY
0	12:44:24.476	CPIv1.5 USDJPY,M1: 2017.04.03 12:471 in USDJPY
0	12:45:21.921	CPIv1.5 USDJPY,M1: 2017.04.03 12:481 in USDJPY
0	12:46:20.534	CPIv1.5 USDJPY,M1: 2017.04.03 12:491 in USDJPY
0	12:48:19.247	CPIv1.5 USDJPY,M1: 2017.04.03 12:511Бычий Доджи in USDJPY
0	12:49:19.432	CPIv1.5 USDJPY,M1: 2017.04.03 12:521Медвежий Доджи in USDJPY
0	12:50:19.352	CPIv1.5 USDJPY,M1: 2017.04.03 12:531 in USDJPY
0	12:51:19.531	CPIv1.5 USDJPY,M1: 2017.04.03 12:541 in USDJPY
0	12:52:19.254	CPIv1.5 EURUSD,M5: 2017.04.03 12:555Разрыв Тасуки in EURUSD
0	12:52:20.411	CPIv1.5 USDJPY,M1: 2017.04.03 12:551 in USDJPY
0	12:53:23.512	CPIv1.5 USDJPY,M1: 2017.04.03 12:561 in USDJPY
0	12:54:19.423	CPIv1.5 USDJPY,M1: 2017.04.03 12:571 in USDJPY
0	12:56:20.767	CPIv1.5 USDJPY,M1: 2017.04.03 12:591 in USDJPY
0	12:57:19.019	CPIv1.5 EURUSD,M5: 2017.04.03 13:005Разрыв Тасуки in EURUSD
0	12:57:22.626	CPIv1.5 YM,H1: 2017.04.03 13:0060 in YM
0	12:57:25.578	CPIv1.5 NQ,H1: 2017.04.03 13:0060 in NQ
0	12:59:20.284	CPIv1.5 USDJPY,M1: 2017.04.03 13:021 in USDJPY
0	13:00:20.784	CPIv1.5 USDJPY,M1: 2017.04.03 13:031 in USDJPY
0	13:02:19.544	CPIv1.5 EURUSD,M5: 2017.04.03 13:055Разрыв Тасуки in EURUSD
0	13:04:19.638	CPIv1.5 USDJPY,M1: 2017.04.03 13:071 in USDJPY
0	13:07:19.748	CPIv1.5 USDJPY,M1: 2017.04.03 13:101 in USDJPY
0	13:07:19.937	CPIv1.5 EURUSD,M5: 2017.04.03 13:105Разрыв Тасуки in EURUSD
0	13:08:20.765	CPIv1.5 USDJPY,M1: 2017.04.03 13:111 in USDJPY
0	13:10:23.427	CPIv1.5 USDJPY,M1: 2017.04.03 13:131 in USDJPY
0	13:12:19.291	CPIv1.5 EURUSD,M5: 2017.04.03 13:155 in EURUSD
0	13:12:22.712	CPIv1.5 USDJPY,M1: 2017.04.03 13:151Модель поглощения in USDJPY
0	13:13:19.615	CPIv1.5 USDJPY,M1: 2017.04.03 13:161 in USDJPY
0	13:15:19.661	CPIv1.5 USDJPY,M1: 2017.04.03 13:181 in USDJPY
0	13:16:19.201	CPIv1.5 USDJPY,M1: 2017.04.03 13:191Медвежий Доджи in USDJPY
0	13:17:19.376	CPIv1.5 USDJPY,M1: 2017.04.03 13:201 in USDJPY
0	13:17:19.579	CPIv1.5 EURUSD,M5: 2017.04.03 13:205Разрыв Тасуки in EURUSD
0	13:18:19.902	CPIv1.5 USDJPY,M1: 2017.04.03 13:211 in USDJPY
0	13:19:21.161	CPIv1.5 USDJPY,M1: 2017.04.03 13:221Падающая звезда in USDJPY
0	13:21:20.283	CPIv1.5 USDJPY,M1: 2017.04.03 13:241 in USDJPY
0	13:22:22.249	CPIv1.5 EURUSD,M5: 2017.04.03 13:255Разрыв Тасуки in EURUSD
0	13:24:30.472	CPIv1.5 USDJPY,M1: 2017.04.03 13:271 in USDJPY
0	13:27:19.270	CPIv1.5 USDJPY,M1: 2017.04.03 13:301Медвежий Доджи in USDJPY
0	13:27:19.769	CPIv1.5 EURUSD,M5: 2017.04.03 13:305Разрыв Тасуки in EURUSD
0	13:28:22.192	CPIv1.5 USDJPY,M1: 2017.04.03 13:311Медвежий Доджи in USDJPY
0	13:29:20.341	CPIv1.5 USDJPY,M1: 2017.04.03 13:321 in USDJPY
0	13:30:20.167	CPIv1.5 USDJPY,M1: 2017.04.03 13:331 in USDJPY
0	13:31:22.050	CPIv1.5 USDJPY,M1: 2017.04.03 13:341Медвежий Доджи in USDJPY
0	13:32:19.195	CPIv1.5 USDJPY,M1: 2017.04.03 13:351 in USDJPY
0	13:33:19.735	CPIv1.5 USDJPY,M1: 2017.04.03 13:361 in USDJPY
0	13:35:22.149	CPIv1.5 USDJPY,M1: 2017.04.03 13:381 in USDJPY
0	13:36:19.911	CPIv1.5 USDJPY,M1: 2017.04.03 13:391 in USDJPY
0	13:37:19.232	CPIv1.5 USDJPY,M1: 2017.04.03 13:401Медвежий Доджи in USDJPY
0	13:37:19.427	CPIv1.5 EURUSD,M5: 2017.04.03 13:405 in EURUSD
0	13:38:21.938	CPIv1.5 USDJPY,M1: 2017.04.03 13:411Вечерняя звезда in USDJPY
0	13:42:18.999	CPIv1.5 EURUSD,M5: 2017.04.03 13:455Разрыв Тасуки in EURUSD
0	13:42:43.053	CPIv1.5 USDJPY,M1: 2017.04.03 13:451 in USDJPY
0	13:45:26.384	CPIv1.5 USDJPY,M1: 2017.04.03 13:481 in USDJPY
0	13:46:20.815	CPIv1.5 USDJPY,M1: 2017.04.03 13:491 in USDJPY
0	13:47:20.376	CPIv1.5 USDJPY,M1: 2017.04.03 13:501 in USDJPY
0	13:47:20.576	CPIv1.5 EURUSD,M5: 2017.04.03 13:505Разрыв Тасуки in EURUSD
0	13:48:19.304	CPIv1.5 USDJPY,M1: 2017.04.03 13:511 in USDJPY
0	13:51:19.132	CPIv1.5 USDJPY,M1: 2017.04.03 13:541 in USDJPY
0	13:53:20.405	CPIv1.5 USDJPY,M1: 2017.04.03 13:561 in USDJPY
0	13:54:19.493	CPIv1.5 USDJPY,M1: 2017.04.03 13:571 in USDJPY
0	13:57:19.210	CPIv1.5 EURUSD,M5: 2017.04.03 14:005 in EURUSD
0	13:57:19.512	CPIv1.5 USDJPY,M1: 2017.04.03 14:001 in USDJPY
0	13:58:19.544	CPIv1.5 USDJPY,M1: 2017.04.03 14:011 in USDJPY
0	13:59:19.678	CPIv1.5 USDJPY,M1: 2017.04.03 14:021 in USDJPY
0	14:00:19.166	CPIv1.5 USDJPY,M1: 2017.04.03 14:031 in USDJPY
0	14:02:19.356	CPIv1.5 USDJPY,M1: 2017.04.03 14:051 in USDJPY
0	14:04:22.962	CPIv1.5 USDJPY,M1: 2017.04.03 14:071 in USDJPY
0	14:07:19.456	CPIv1.5 USDJPY,M1: 2017.04.03 14:101 in USDJPY
0	14:08:21.576	CPIv1.5 USDJPY,M1: 2017.04.03 14:111 in USDJPY
0	14:09:19.680	CPIv1.5 USDJPY,M1: 2017.04.03 14:121 in USDJPY
0	14:10:19.935	CPIv1.5 USDJPY,M1: 2017.04.03 14:131 in USDJPY
0	14:12:19.664	CPIv1.5 EURUSD,M5: 2017.04.03 14:155Разрыв Тасуки in EURUSD
0	14:13:15.377	ACD EURUSD,M5: uninit reason 9
0	14:13:15.393	CPIv1.5 EURUSD,M5: uninit reason 9
0	14:13:15.715	Custom indicator ACD EURUSD,M5: removed
0	14:13:15.818	Custom indicator CPIv1.5 EURUSD,M5: removed
0	14:13:15.984	CPIv1.5 NQ,H1: uninit reason 9
0	14:13:15.994	ACD NQ,H1: uninit reason 9
0	14:13:15.998	jopa_001 NQ,H1: uninit reason 9
0	14:13:16.023	Custom indicator CPIv1.5 NQ,H1: removed
0	14:13:16.059	Custom indicator ACD NQ,H1: removed
0	14:13:16.089	Custom indicator jopa_001 NQ,H1: removed
0	14:13:16.143	CPIv1.5 YM,H1: uninit reason 9
0	14:13:16.186	jopa_001 YM,H1: uninit reason 9
0	14:13:16.211	Custom indicator CPIv1.5 YM,H1: removed
0	14:13:16.222	Custom indicator jopa_001 YM,H1: removed
0	14:13:16.278	ACD USDJPY,M1: uninit reason 9
0	14:13:16.360	CPIv1.5 USDJPY,M1: uninit reason 9
0	14:13:16.416	BetterVolume 1.4 USDJPY,M1: uninit reason 9
0	14:13:16.425	Custom indicator ACD USDJPY,M1: removed
0	14:13:16.461	Custom indicator CPIv1.5 USDJPY,M1: removed
0	14:13:16.523	Custom indicator BetterVolume 1.4 USDJPY,M1: removed
0	14:13:16.690	ax_adv_023 AUDUSD,M15: uninit reason 4
0	14:13:17.303	Expert ax_adv_023 AUDUSD,M15: removed
0	14:13:17.324	BetterVolume 1.4 AUDUSD,M15: uninit reason 9
0	14:13:17.376	Custom indicator BetterVolume 1.4 AUDUSD,M15: removed
0	14:13:17.518	ax_ind_001 GBPUSD,Weekly: uninit reason 9
0	14:13:17.523	Custom indicator ax_ind_001 GBPUSD,Weekly: removed
0	14:13:17.910	ATR AUDUSD,M5: uninit reason 9
0	14:13:17.961	Custom indicator ATR AUDUSD,M5: removed
0	14:15:01.088	Compiling 'ax_adv_033_2'
0	14:15:35.462	Expert ax_adv_033_2 GBPUSD,M5: loaded successfully
0	14:16:01.507	ax_adv_033_2 GBPUSD,M5 inputs: g_delta_points=10; g_lot=0.01; g_lot2=0.02; g_slippage=3; g_try_count=3; g_order_exp_bar_count=3; g_magic_distance=1; g_logging=false; g_use_ichimoku=false; g_trade_mode=2; 
0	14:16:01.623	ax_adv_033_2 GBPUSD,M5: initialized
0	14:16:03.767	Expert ax_adv_033_2 EURUSD,M5: loaded successfully
0	14:16:09.207	ax_adv_033_2 EURUSD,M5 inputs: g_delta_points=10; g_lot=0.01; g_lot2=0.02; g_slippage=3; g_try_count=3; g_order_exp_bar_count=3; g_magic_distance=1; g_logging=false; g_use_ichimoku=false; g_trade_mode=2; 
0	14:16:09.237	ax_adv_033_2 EURUSD,M5: initialized
0	14:16:11.627	Expert ax_adv_033_2 USDJPY,M5: loaded successfully
0	14:16:17.521	ax_adv_033_2 USDJPY,M5 inputs: g_delta_points=10; g_lot=0.01; g_lot2=0.02; g_slippage=3; g_try_count=3; g_order_exp_bar_count=3; g_magic_distance=1; g_logging=false; g_use_ichimoku=false; g_trade_mode=2; 
0	14:16:17.551	ax_adv_033_2 USDJPY,M5: initialized
3	14:17:19.178	ax_adv_033_2 USDJPY,M5: trade operations not allowed by settings
0	14:17:19.178	ax_adv_033_2 USDJPY,M5: USDJPY [BUYSTOP ]:(4109)trade is not allowed in the expert properties USDJPY lot=0.01 price=111.515 slippage=3 sl=111.403 tp=111.739 comment= exp=1491230101
3	14:17:19.181	ax_adv_033_2 EURUSD,M5: trade operations not allowed by settings
0	14:17:19.181	ax_adv_033_2 EURUSD,M5: EURUSD [SELLSTOP ]:(4109)trade is not allowed in the expert properties EURUSD lot=0.01 price=1.06469 slippage=3 sl=1.06539 tp=1.06329 comment= exp=1491230101
3	14:17:20.176	ax_adv_033_2 GBPUSD,M5: trade operations not allowed by settings
0	14:17:20.176	ax_adv_033_2 GBPUSD,M5: GBPUSD [SELLSTOP ]:(4109)trade is not allowed in the expert properties GBPUSD lot=0.01 price=1.24936 slippage=3 sl=1.25050 tp=1.24708 comment= exp=1491230102
0	14:17:38.421	ax_adv_033_2 GBPUSD,M5: uninit reason 6
0	14:17:38.422	ax_adv_033_2 GBPUSD,M5: initialized
0	14:17:38.422	ax_adv_033_2 USDJPY,M5: uninit reason 6
0	14:17:38.423	ax_adv_033_2 USDJPY,M5: initialized
0	14:17:38.423	ax_adv_033_2 EURUSD,M5: uninit reason 6
0	14:17:38.426	ax_adv_033_2 EURUSD,M5: initialized
0	14:17:42.212	Automated trading enabled
0	14:17:51.435	ax_adv_033_2 GBPUSD,M5: uninit reason 5
0	14:17:51.436	ax_adv_033_2 GBPUSD,M5: initialized
0	14:17:51.481	ax_adv_033_2 GBPUSD,M5 inputs: g_delta_points=10; g_lot=0.01; g_lot2=0.02; g_slippage=3; g_try_count=3; g_order_exp_bar_count=3; g_magic_distance=1; g_logging=false; g_use_ichimoku=false; g_trade_mode=2; 
0	14:17:55.615	ax_adv_033_2 EURUSD,M5 inputs: g_delta_points=10; g_lot=0.01; g_lot2=0.02; g_slippage=3; g_try_count=3; g_order_exp_bar_count=3; g_magic_distance=1; g_logging=false; g_use_ichimoku=false; g_trade_mode=2; 
0	14:18:07.625	ax_adv_033_2 USDJPY,M5 inputs: g_delta_points=10; g_lot=0.01; g_lot2=0.02; g_slippage=3; g_try_count=3; g_order_exp_bar_count=3; g_magic_distance=1; g_logging=false; g_use_ichimoku=false; g_trade_mode=2; 
2	14:22:21.057	ax_adv_033_2 USDJPY,M5: open #74797589 buy stop 0.01 USDJPY at 111.492 sl: 111.439 tp: 111.598 ok
2	14:22:21.854	ax_adv_033_2 GBPUSD,M5: open #74797590 sell stop 0.01 GBPUSD at 1.24945 sl: 1.24993 tp: 1.24849 ok
2	14:22:21.854	ax_adv_033_2 EURUSD,M5: open #74797591 sell stop 0.01 EURUSD at 1.06478 sl: 1.06536 tp: 1.06362 ok
2	14:27:19.973	ax_adv_033_2 USDJPY,M5: open #74797930 buy stop 0.01 USDJPY at 111.468 sl: 111.404 tp: 111.596 ok
2	14:27:20.971	ax_adv_033_2 GBPUSD,M5: open #74797939 sell stop 0.01 GBPUSD at 1.24968 sl: 1.25028 tp: 1.24848 ok
2	14:27:21.985	ax_adv_033_2 EURUSD,M5: open #74797946 sell stop 0.01 EURUSD at 1.06496 sl: 1.06539 tp: 1.06410 ok
2	14:32:21.996	ax_adv_033_2 EURUSD,M5: open #74798293 sell stop 0.01 EURUSD at 1.06499 sl: 1.06548 tp: 1.06401 ok
2	14:32:21.996	ax_adv_033_2 USDJPY,M5: open #74798290 buy stop 0.01 USDJPY at 111.444 sl: 111.393 tp: 111.546 ok
2	14:32:21.996	ax_adv_033_2 GBPUSD,M5: open #74798291 sell stop 0.01 GBPUSD at 1.24978 sl: 1.25048 tp: 1.24838 ok
2	14:37:21.794	ax_adv_033_2 EURUSD,M5: open #74798639 sell stop 0.01 EURUSD at 1.06489 sl: 1.06545 tp: 1.06377 ok
2	14:37:23.032	ax_adv_033_2 USDJPY,M5: open #74798644 buy stop 0.01 USDJPY at 111.459 sl: 111.396 tp: 111.585 ok
2	14:42:21.059	ax_adv_033_2 EURUSD,M5: open #74798967 sell stop 0.01 EURUSD at 1.06483 sl: 1.06543 tp: 1.06363 ok
2	14:42:21.062	ax_adv_033_2 USDJPY,M5: open #74798974 buy stop 0.01 USDJPY at 111.508 sl: 111.405 tp: 111.714 ok
2	14:47:20.890	ax_adv_033_2 EURUSD,M5: open #74799340 sell stop 0.01 EURUSD at 1.06474 sl: 1.06535 tp: 1.06352 ok
2	14:52:19.053	ax_adv_033_2 GBPUSD,M5: open #74799769 sell stop 0.01 GBPUSD at 1.24833 sl: 1.24970 tp: 1.24559 ok
2	14:52:20.013	ax_adv_033_2 EURUSD,M5: open #74799783 sell stop 0.01 EURUSD at 1.06485 sl: 1.06532 tp: 1.06391 ok
2	14:57:19.155	ax_adv_033_2 GBPUSD,M5: open #74800416 sell stop 0.01 GBPUSD at 1.24858 sl: 1.25001 tp: 1.24572 ok
2	14:57:19.721	ax_adv_033_2 EURUSD,M5: open #74800420 sell stop 0.01 EURUSD at 1.06507 sl: 1.06601 tp: 1.06319 ok
2	15:02:19.027	ax_adv_033_2 EURUSD,M5: open #74801068 sell stop 0.01 EURUSD at 1.06522 sl: 1.06618 tp: 1.06330 ok
2	15:02:20.123	ax_adv_033_2 USDJPY,M5: open #74801079 buy stop 0.01 USDJPY at 111.409 sl: 111.296 tp: 111.635 ok
2	15:02:20.946	ax_adv_033_2 GBPUSD,M5: open #74801085 sell stop 0.01 GBPUSD at 1.24944 sl: 1.25011 tp: 1.24810 ok
2	15:07:18.848	ax_adv_033_2 GBPUSD,M5: open #74801617 sell stop 0.01 GBPUSD at 1.24942 sl: 1.25001 tp: 1.24824 ok
2	15:07:20.875	ax_adv_033_2 USDJPY,M5: open #74801623 buy stop 0.01 USDJPY at 111.342 sl: 111.275 tp: 111.476 ok
0	15:07:22.089	ax_adv_033_2 EURUSD,M5: EURUSD [SELLSTOP ]:(130)invalid stops EURUSD lot=0.01 price=1.06585 slippage=3 sl=1.06629 tp=1.06497 comment= exp=1491233105
2	15:12:18.886	ax_adv_033_2 EURUSD,M5: open #74802116 sell stop 0.01 EURUSD at 1.06571 sl: 1.06631 tp: 1.06451 ok
2	15:12:19.901	ax_adv_033_2 GBPUSD,M5: open #74802125 sell stop 0.01 GBPUSD at 1.24975 sl: 1.25045 tp: 1.24835 ok
2	15:17:20.067	ax_adv_033_2 GBPUSD,M5: open #74802682 sell stop 0.01 GBPUSD at 1.25002 sl: 1.25065 tp: 1.24876 ok
2	15:27:19.156	ax_adv_033_2 USDJPY,M5: open #74803806 sell stop 0.01 USDJPY at 111.245 sl: 111.321 tp: 111.093 ok
2	15:32:19.318	ax_adv_033_2 USDJPY,M5: open #74804408 sell stop 0.01 USDJPY at 111.261 sl: 111.313 tp: 111.157 ok
0	15:37:18.500	ax_adv_033_2 GBPUSD,M5: GBPUSD [SELLSTOP ]:(130)invalid stops GBPUSD lot=0.01 price=1.24840 slippage=3 sl=1.24920 tp=1.24680 comment= exp=1491234901
2	15:37:19.972	ax_adv_033_2 EURUSD,M5: open #74804938 buy stop 0.01 EURUSD at 1.06675 sl: 1.06628 tp: 1.06769 ok
2	15:37:24.038	ax_adv_033_2 USDJPY,M5: open #74804951 sell stop 0.01 USDJPY at 111.259 sl: 111.320 tp: 111.137 ok
2	15:42:19.071	ax_adv_033_2 GBPUSD,M5: open #74805551 sell stop 0.01 GBPUSD at 1.24843 sl: 1.24933 tp: 1.24663 ok
2	15:42:19.071	ax_adv_033_2 USDJPY,M5: open #74805555 sell stop 0.01 USDJPY at 111.270 sl: 111.373 tp: 111.064 ok
0	15:42:19.536	ax_adv_033_2 EURUSD,M5: EURUSD [BUYSTOP ]:(130)invalid stops EURUSD lot=0.01 price=1.06709 slippage=3 sl=1.06619 tp=1.06889 comment= exp=1491235202
2	15:47:21.093	ax_adv_033_2 GBPUSD,M5: open #74806095 sell stop 0.01 GBPUSD at 1.24877 sl: 1.24935 tp: 1.24761 ok
2	15:47:21.093	ax_adv_033_2 EURUSD,M5: open #74806096 buy stop 0.01 EURUSD at 1.06686 sl: 1.06627 tp: 1.06804 ok
2	15:47:22.920	ax_adv_033_2 USDJPY,M5: open #74806105 sell stop 0.01 USDJPY at 111.300 sl: 111.359 tp: 111.182 ok
0	15:52:18.605	ax_adv_033_2 GBPUSD,M5: GBPUSD [SELLSTOP ]:(130)invalid stops GBPUSD lot=0.01 price=1.24851 slippage=3 sl=1.24919 tp=1.24715 comment= exp=1491235801
2	15:52:19.017	ax_adv_033_2 EURUSD,M5: open #74806515 buy stop 0.01 EURUSD at 1.06669 sl: 1.06618 tp: 1.06771 ok
2	15:52:19.902	ax_adv_033_2 USDJPY,M5: open #74806519 sell stop 0.01 USDJPY at 111.297 sl: 111.348 tp: 111.195 ok
2	15:57:19.136	ax_adv_033_2 USDJPY,M5: open #74807078 sell stop 0.01 USDJPY at 111.316 sl: 111.374 tp: 111.200 ok
2	15:57:19.136	ax_adv_033_2 GBPUSD,M5: open #74807079 sell stop 0.01 GBPUSD at 1.24861 sl: 1.24969 tp: 1.24645 ok
2	15:57:21.150	ax_adv_033_2 EURUSD,M5: open #74807133 buy stop 0.01 EURUSD at 1.06659 sl: 1.06609 tp: 1.06759 ok
0	16:02:18.930	ax_adv_033_2 EURUSD,M5: EURUSD [BUYSTOP ]:(130)invalid stops EURUSD lot=0.01 price=1.06656 slippage=3 sl=1.06587 tp=1.06794 comment= exp=1491236402
0	16:02:19.126	ax_adv_033_2 GBPUSD,M5: GBPUSD [SELLSTOP ]:(130)invalid stops GBPUSD lot=0.01 price=1.24860 slippage=3 sl=1.24953 tp=1.24674 comment= exp=1491236402
0	16:02:19.411	ax_adv_033_2 USDJPY,M5: USDJPY [SELLSTOP ]:(130)invalid stops USDJPY lot=0.01 price=111.303 slippage=3 sl=111.374 tp=111.161 comment= exp=1491236402
2	16:07:19.863	ax_adv_033_2 GBPUSD,M5: open #74808274 sell stop 0.01 GBPUSD at 1.24834 sl: 1.24902 tp: 1.24698 ok
2	16:07:19.863	ax_adv_033_2 USDJPY,M5: open #74808275 sell stop 0.01 USDJPY at 111.316 sl: 111.362 tp: 111.224 ok
2	16:07:21.086	ax_adv_033_2 EURUSD,M5: open #74808285 buy stop 0.01 EURUSD at 1.06640 sl: 1.06583 tp: 1.06754 ok
0	16:12:19.046	ax_adv_033_2 USDJPY,M5: USDJPY [SELLSTOP ]:(130)invalid stops USDJPY lot=0.01 price=111.332 slippage=3 sl=111.414 tp=111.168 comment= exp=1491237002
0	16:12:19.357	ax_adv_033_2 GBPUSD,M5: GBPUSD [SELLSTOP ]:(130)invalid stops GBPUSD lot=0.01 price=1.24821 slippage=3 sl=1.24875 tp=1.24713 comment= exp=1491237002
2	16:12:20.012	ax_adv_033_2 EURUSD,M5: open #74808889 buy stop 0.01 EURUSD at 1.06640 sl: 1.06561 tp: 1.06798 ok
0	16:17:18.290	ax_adv_033_2 GBPUSD,M5: GBPUSD [SELLSTOP ]:(130)invalid stops GBPUSD lot=0.01 price=1.24806 slippage=3 sl=1.24889 tp=1.24640 comment= exp=1491237301
2	16:17:19.082	ax_adv_033_2 EURUSD,M5: open #74809385 buy stop 0.01 EURUSD at 1.06641 sl: 1.06589 tp: 1.06745 ok
2	16:17:20.221	ax_adv_033_2 USDJPY,M5: open #74809392 sell stop 0.01 USDJPY at 111.342 sl: 111.390 tp: 111.246 ok
2	16:22:19.046	ax_adv_033_2 GBPUSD,M5: open #74809896 sell stop 0.01 GBPUSD at 1.24792 sl: 1.24864 tp: 1.24648 ok
2	16:22:19.299	ax_adv_033_2 USDJPY,M5: open #74809897 sell stop 0.01 USDJPY at 111.366 sl: 111.410 tp: 111.278 ok
2	16:22:20.150	ax_adv_033_2 EURUSD,M5: open #74809902 buy stop 0.01 EURUSD at 1.06646 sl: 1.06582 tp: 1.06774 ok
2	16:27:19.084	ax_adv_033_2 GBPUSD,M5: open #74810400 sell stop 0.01 GBPUSD at 1.24824 sl: 1.24897 tp: 1.24678 ok
2	16:27:19.875	ax_adv_033_2 EURUSD,M5: open #74810404 buy stop 0.01 EURUSD at 1.06670 sl: 1.06598 tp: 1.06814 ok
2	16:32:19.185	ax_adv_033_2 GBPUSD,M5: open #74811047 sell stop 0.01 GBPUSD at 1.24865 sl: 1.24998 tp: 1.24599 ok
0	16:32:20.019	ax_adv_033_2 EURUSD,M5: EURUSD [BUYSTOP ]:(130)invalid stops EURUSD lot=0.01 price=1.06688 slippage=3 sl=1.06623 tp=1.06818 comment= exp=1491238203
0	16:37:18.664	ax_adv_033_2 GBPUSD,M5: GBPUSD [SELLSTOP ]:(130)invalid stops GBPUSD lot=0.01 price=1.24927 slippage=3 sl=1.24982 tp=1.24817 comment= exp=1491238501
2	16:37:20.106	ax_adv_033_2 EURUSD,M5: open #74811651 buy stop 0.01 EURUSD at 1.06681 sl: 1.06620 tp: 1.06803 ok
2	16:42:19.280	ax_adv_033_2 GBPUSD,M5: open #74812220 sell stop 0.01 GBPUSD at 1.24913 sl: 1.25014 tp: 1.24711 ok
2	16:42:20.762	ax_adv_033_2 EURUSD,M5: open #74812230 buy stop 0.01 EURUSD at 1.06670 sl: 1.06617 tp: 1.06776 ok
2	16:47:19.924	ax_adv_033_2 EURUSD,M5: open #74812828 buy stop 0.01 EURUSD at 1.06683 sl: 1.06612 tp: 1.06825 ok
2	16:47:20.237	ax_adv_033_2 GBPUSD,M5: open #74812831 sell stop 0.01 GBPUSD at 1.24940 sl: 1.25018 tp: 1.24784 ok
0	16:52:20.364	ax_adv_033_2 EURUSD,M5: EURUSD [BUYSTOP ]:(130)invalid stops EURUSD lot=0.01 price=1.06669 slippage=3 sl=1.06617 tp=1.06773 comment= exp=1491239403
2	16:52:21.970	ax_adv_033_2 USDJPY,M5: open #74813408 buy stop 0.01 USDJPY at 111.418 sl: 111.345 tp: 111.564 ok
2	16:57:19.174	ax_adv_033_2 USDJPY,M5: open #74813971 buy stop 0.01 USDJPY at 111.429 sl: 111.336 tp: 111.615 ok
2	17:02:19.175	ax_adv_033_2 USDJPY,M5: open #74814672 buy stop 0.01 USDJPY at 111.478 sl: 111.312 tp: 111.810 ok
2	17:07:19.205	ax_adv_033_2 USDJPY,M5: open #74815499 buy stop 0.01 USDJPY at 111.355 sl: 111.227 tp: 111.611 ok
2	17:12:19.285	ax_adv_033_2 EURUSD,M5: open #74816312 buy stop 0.01 EURUSD at 1.06804 sl: 1.06701 tp: 1.07010 ok
2	17:12:20.046	ax_adv_033_2 USDJPY,M5: open #74816315 buy stop 0.01 USDJPY at 111.254 sl: 111.155 tp: 111.452 ok
0	17:17:18.510	ax_adv_033_2 USDJPY,M5: USDJPY [BUYSTOP ]:(130)invalid stops USDJPY lot=0.01 price=111.240 slippage=3 sl=111.173 tp=111.374 comment= exp=1491240901
2	17:17:19.893	ax_adv_033_2 GBPUSD,M5: open #74816927 buy stop 0.01 GBPUSD at 1.25095 sl: 1.24992 tp: 1.25301 ok
2	17:17:19.893	ax_adv_033_2 EURUSD,M5: open #74816928 buy stop 0.01 EURUSD at 1.06791 sl: 1.06732 tp: 1.06909 ok
2	17:22:19.082	ax_adv_033_2 GBPUSD,M5: open #74817519 buy stop 0.01 GBPUSD at 1.25092 sl: 1.25005 tp: 1.25266 ok
2	17:22:19.082	ax_adv_033_2 EURUSD,M5: open #74817515 buy stop 0.01 EURUSD at 1.06769 sl: 1.06704 tp: 1.06899 ok
2	17:27:19.218	ax_adv_033_2 GBPUSD,M5: open #74818146 buy stop 0.01 GBPUSD at 1.25157 sl: 1.25004 tp: 1.25463 ok
2	17:27:19.218	ax_adv_033_2 EURUSD,M5: open #74818147 buy stop 0.01 EURUSD at 1.06754 sl: 1.06682 tp: 1.06898 ok
0	17:32:19.152	ax_adv_033_2 USDJPY,M5: USDJPY [SELLSTOP ]:(130)invalid stops USDJPY lot=0.01 price=111.172 slippage=3 sl=111.236 tp=111.044 comment= exp=1491241802
0	17:32:19.152	ax_adv_033_2 GBPUSD,M5: GBPUSD [BUYSTOP ]:(130)invalid stops GBPUSD lot=0.01 price=1.25144 slippage=3 sl=1.25074 tp=1.25284 comment= exp=1491241802
2	17:37:19.334	ax_adv_033_2 USDJPY,M5: open #74819453 sell stop 0.01 USDJPY at 111.095 sl: 111.215 tp: 110.855 ok
2	17:37:20.032	ax_adv_033_2 GBPUSD,M5: open #74819461 buy stop 0.01 GBPUSD at 1.25140 sl: 1.25066 tp: 1.25288 ok
0	17:42:18.414	ax_adv_033_2 GBPUSD,M5: GBPUSD [BUYSTOP ]:(130)invalid stops GBPUSD lot=0.01 price=1.25144 slippage=3 sl=1.25075 tp=1.25282 comment= exp=1491242401
2	17:42:19.035	ax_adv_033_2 USDJPY,M5: open #74820097 sell stop 0.01 USDJPY at 111.041 sl: 111.155 tp: 110.813 ok
0	17:47:19.133	ax_adv_033_2 USDJPY,M5: USDJPY [SELLSTOP ]:(130)invalid stops USDJPY lot=0.01 price=111.031 slippage=3 sl=111.106 tp=110.881 comment= exp=1491242702
2	17:47:19.133	ax_adv_033_2 GBPUSD,M5: open #74820753 buy stop 0.01 GBPUSD at 1.25153 sl: 1.25096 tp: 1.25267 ok
2	17:52:19.911	ax_adv_033_2 GBPUSD,M5: open #74821361 buy stop 0.01 GBPUSD at 1.25130 sl: 1.24948 tp: 1.25494 ok
2	17:52:20.210	ax_adv_033_2 USDJPY,M5: open #74821366 buy stop 0.01 USDJPY at 111.086 sl: 111.028 tp: 111.202 ok
2	17:57:19.621	ax_adv_033_2 USDJPY,M5: open #74822238 buy stop 0.01 USDJPY at 111.051 sl: 110.909 tp: 111.335 ok
2	17:57:19.621	ax_adv_033_2 GBPUSD,M5: open #74822239 buy stop 0.01 GBPUSD at 1.25018 sl: 1.24708 tp: 1.25638 ok
2	17:57:19.914	ax_adv_033_2 EURUSD,M5: open #74822245 buy stop 0.01 EURUSD at 1.06688 sl: 1.06498 tp: 1.07068 ok
2	18:02:19.047	ax_adv_033_2 EURUSD,M5: open #74823301 buy stop 0.01 EURUSD at 1.06559 sl: 1.06410 tp: 1.06857 ok
2	18:02:19.047	ax_adv_033_2 USDJPY,M5: open #74823300 buy stop 0.01 USDJPY at 111.055 sl: 110.954 tp: 111.257 ok
2	18:02:20.157	ax_adv_033_2 GBPUSD,M5: open #74823317 buy stop 0.01 GBPUSD at 1.24854 sl: 1.24695 tp: 1.25172 ok
2	18:07:19.178	ax_adv_033_2 USDJPY,M5: open #74824013 buy stop 0.01 USDJPY at 111.035 sl: 110.923 tp: 111.259 ok
2	18:07:19.178	ax_adv_033_2 GBPUSD,M5: open #74824014 buy stop 0.01 GBPUSD at 1.24821 sl: 1.24720 tp: 1.25023 ok
0	18:07:19.178	ax_adv_033_2 EURUSD,M5: EURUSD [BUYSTOP ]:(130)invalid stops EURUSD lot=0.01 price=1.06507 slippage=3 sl=1.06455 tp=1.06611 comment= exp=1491243902
0	18:12:18.666	ax_adv_033_2 USDJPY,M5: USDJPY [BUYSTOP ]:(130)invalid stops USDJPY lot=0.01 price=111.061 slippage=3 sl=110.970 tp=111.243 comment= exp=1491244201
2	18:17:19.890	ax_adv_033_2 USDJPY,M5: open #74825312 buy stop 0.01 USDJPY at 111.081 sl: 110.986 tp: 111.271 ok
0	18:22:18.945	ax_adv_033_2 USDJPY,M5: USDJPY [BUYSTOP ]:(130)invalid stops USDJPY lot=0.01 price=111.098 slippage=3 sl=110.959 tp=111.376 comment= exp=1491244802
2	18:27:19.049	ax_adv_033_2 USDJPY,M5: open #74826593 buy stop 0.01 USDJPY at 111.090 sl: 110.992 tp: 111.286 ok
2	18:27:19.049	ax_adv_033_2 GBPUSD,M5: open #74826594 sell stop 0.01 GBPUSD at 1.24663 sl: 1.24763 tp: 1.24463 ok
2	18:27:20.841	ax_adv_033_2 EURUSD,M5: open #74826615 sell stop 0.01 EURUSD at 1.06487 sl: 1.06559 tp: 1.06343 ok
2	18:32:19.029	ax_adv_033_2 USDJPY,M5: open #74827236 buy stop 0.01 USDJPY at 111.053 sl: 110.968 tp: 111.223 ok
2	18:32:19.230	ax_adv_033_2 EURUSD,M5: open #74827247 sell stop 0.01 EURUSD at 1.06515 sl: 1.06580 tp: 1.06385 ok
2	18:32:19.230	ax_adv_033_2 GBPUSD,M5: open #74827244 sell stop 0.01 GBPUSD at 1.24699 sl: 1.24772 tp: 1.24553 ok
2	18:37:19.006	ax_adv_033_2 USDJPY,M5: open #74827766 buy stop 0.01 USDJPY at 111.059 sl: 110.957 tp: 111.263 ok
2	18:37:20.017	ax_adv_033_2 GBPUSD,M5: open #74827774 sell stop 0.01 GBPUSD at 1.24714 sl: 1.24782 tp: 1.24578 ok
2	18:42:18.998	ax_adv_033_2 GBPUSD,M5: open #74828285 sell stop 0.01 GBPUSD at 1.24714 sl: 1.24792 tp: 1.24558 ok
2	18:42:23.039	ax_adv_033_2 USDJPY,M5: open #74828306 buy stop 0.01 USDJPY at 111.036 sl: 110.975 tp: 111.158 ok
2	18:47:19.052	ax_adv_033_2 USDJPY,M5: open #74828881 buy stop 0.01 USDJPY at 111.009 sl: 110.922 tp: 111.183 ok
2	18:47:19.052	ax_adv_033_2 GBPUSD,M5: open #74828882 sell stop 0.01 GBPUSD at 1.24759 sl: 1.24868 tp: 1.24541 ok
0	18:52:18.845	ax_adv_033_2 USDJPY,M5: USDJPY [BUYSTOP ]:(130)invalid stops USDJPY lot=0.01 price=110.976 slippage=3 sl=110.907 tp=111.114 comment= exp=1491246602
2	18:52:19.117	ax_adv_033_2 GBPUSD,M5: open #74829445 sell stop 0.01 GBPUSD at 1.24785 sl: 1.24851 tp: 1.24653 ok
2	18:57:19.177	ax_adv_033_2 USDJPY,M5: open #74829995 buy stop 0.01 USDJPY at 111.005 sl: 110.918 tp: 111.179 ok
2	18:57:20.106	ax_adv_033_2 GBPUSD,M5: open #74830020 sell stop 0.01 GBPUSD at 1.24744 sl: 1.24831 tp: 1.24570 ok
2	19:02:18.948	ax_adv_033_2 USDJPY,M5: open #74830619 buy stop 0.01 USDJPY at 110.983 sl: 110.892 tp: 111.165 ok
2	19:02:20.299	ax_adv_033_2 GBPUSD,M5: open #74830624 sell stop 0.01 GBPUSD at 1.24757 sl: 1.24831 tp: 1.24609 ok
2	19:07:19.805	ax_adv_033_2 EURUSD,M5: open #74831198 sell stop 0.01 EURUSD at 1.06558 sl: 1.06606 tp: 1.06462 ok
0	19:07:23.691	ax_adv_033_2 USDJPY,M5: USDJPY [BUYSTOP ]:(130)invalid stops USDJPY lot=0.01 price=110.983 slippage=3 sl=110.918 tp=111.113 comment= exp=1491247506
2	19:12:20.131	ax_adv_033_2 USDJPY,M5: open #74831929 buy stop 0.01 USDJPY at 110.991 sl: 110.925 tp: 111.123 ok
2	19:12:21.114	ax_adv_033_2 EURUSD,M5: open #74831936 sell stop 0.01 EURUSD at 1.06578 sl: 1.06647 tp: 1.06440 ok
2	19:17:19.194	ax_adv_033_2 GBPUSD,M5: open #74832491 sell stop 0.01 GBPUSD at 1.24823 sl: 1.24900 tp: 1.24669 ok
2	19:17:19.197	ax_adv_033_2 EURUSD,M5: open #74832492 sell stop 0.01 EURUSD at 1.06562 sl: 1.06642 tp: 1.06402 ok
2	19:17:19.197	ax_adv_033_2 USDJPY,M5: open #74832489 buy stop 0.01 USDJPY at 111.011 sl: 110.927 tp: 111.179 ok
2	19:22:19.036	ax_adv_033_2 USDJPY,M5: open #74832987 sell stop 0.01 USDJPY at 110.962 sl: 111.027 tp: 110.832 ok
0	19:22:22.128	ax_adv_033_2 EURUSD,M5: EURUSD [SELLSTOP ]:(130)invalid stops EURUSD lot=0.01 price=1.06573 slippage=3 sl=1.06635 tp=1.06449 comment= exp=1491248405
2	19:27:19.038	ax_adv_033_2 USDJPY,M5: open #74833494 sell stop 0.01 USDJPY at 110.988 sl: 111.072 tp: 110.820 ok
2	19:27:19.038	ax_adv_033_2 GBPUSD,M5: open #74833495 sell stop 0.01 GBPUSD at 1.24758 sl: 1.24842 tp: 1.24590 ok
2	19:32:22.173	ax_adv_033_2 USDJPY,M5: open #74833991 sell stop 0.01 USDJPY at 111.006 sl: 111.074 tp: 110.870 ok
2	19:37:20.105	ax_adv_033_2 USDJPY,M5: open #74834433 sell stop 0.01 USDJPY at 111.024 sl: 111.070 tp: 110.932 ok
0	19:42:26.487	ax_adv_033_2 USDJPY,M5: USDJPY [SELLSTOP ]:(130)invalid stops USDJPY lot=0.01 price=111.025 slippage=3 sl=111.077 tp=110.921 comment= exp=1491249609
2	19:47:20.074	ax_adv_033_2 EURUSD,M5: open #74835612 buy stop 0.01 EURUSD at 1.06679 sl: 1.06587 tp: 1.06863 ok
2	20:12:19.064	ax_adv_033_2 USDJPY,M5: open #74838033 sell stop 0.01 USDJPY at 111.002 sl: 111.060 tp: 110.886 ok
2	20:12:19.868	ax_adv_033_2 EURUSD,M5: open #74838038 buy stop 0.01 EURUSD at 1.06649 sl: 1.06596 tp: 1.06755 ok
0	20:17:18.463	ax_adv_033_2 EURUSD,M5: EURUSD [BUYSTOP ]:(130)invalid stops EURUSD lot=0.01 price=1.06669 slippage=3 sl=1.06595 tp=1.06817 comment= exp=1491251701
2	20:22:20.087	ax_adv_033_2 EURUSD,M5: open #74839046 buy stop 0.01 EURUSD at 1.06717 sl: 1.06619 tp: 1.06913 ok
2	20:27:18.872	ax_adv_033_2 GBPUSD,M5: open #74839438 sell stop 0.01 GBPUSD at 1.24664 sl: 1.24735 tp: 1.24522 ok
0	20:27:19.709	ax_adv_033_2 EURUSD,M5: EURUSD [BUYSTOP ]:(130)invalid stops EURUSD lot=0.01 price=1.06717 slippage=3 sl=1.06654 tp=1.06843 comment= exp=1491252302
2	20:32:23.014	ax_adv_033_2 EURUSD,M5: open #74840033 sell stop 0.01 EURUSD at 1.06662 sl: 1.06711 tp: 1.06564 ok
0	20:32:33.219	ax_adv_033_2 GBPUSD,M5: GBPUSD [SELLSTOP ]:(130)invalid stops GBPUSD lot=0.01 price=1.24690 slippage=3 sl=1.24737 tp=1.24596 comment= exp=1491252616
2	20:37:19.840	ax_adv_033_2 GBPUSD,M5: open #74840454 sell stop 0.01 GBPUSD at 1.24708 sl: 1.24752 tp: 1.24620 ok
2	20:37:20.036	ax_adv_033_2 EURUSD,M5: open #74840457 sell stop 0.01 EURUSD at 1.06671 sl: 1.06716 tp: 1.06581 ok
0	20:42:19.509	ax_adv_033_2 EURUSD,M5: EURUSD [SELLSTOP ]:(130)invalid stops EURUSD lot=0.01 price=1.06661 slippage=3 sl=1.06716 tp=1.06551 comment= exp=1491253202
2	20:42:20.157	ax_adv_033_2 GBPUSD,M5: open #74840850 sell stop 0.01 GBPUSD at 1.24722 sl: 1.24775 tp: 1.24616 ok
2	20:47:18.952	ax_adv_033_2 USDJPY,M5: open #74841453 sell stop 0.01 USDJPY at 110.913 sl: 110.998 tp: 110.743 ok
2	20:47:18.952	ax_adv_033_2 EURUSD,M5: open #74841452 sell stop 0.01 EURUSD at 1.06652 sl: 1.06701 tp: 1.06554 ok
2	20:47:25.150	ax_adv_033_2 GBPUSD,M5: open #74841477 sell stop 0.01 GBPUSD at 1.24729 sl: 1.24770 tp: 1.24647 ok
0	20:52:18.029	ax_adv_033_2 USDJPY,M5: USDJPY [SELLSTOP ]:(130)invalid stops USDJPY lot=0.01 price=110.921 slippage=3 sl=110.987 tp=110.789 comment= exp=1491253801
0	20:52:19.011	ax_adv_033_2 GBPUSD,M5: GBPUSD [SELLSTOP ]:(130)invalid stops GBPUSD lot=0.01 price=1.24728 slippage=3 sl=1.24772 tp=1.24640 comment= exp=1491253802
0	20:52:19.011	ax_adv_033_2 EURUSD,M5: EURUSD [SELLSTOP ]:(130)invalid stops EURUSD lot=0.01 price=1.06647 slippage=3 sl=1.06697 tp=1.06547 comment= exp=1491253802
2	20:57:19.116	ax_adv_033_2 USDJPY,M5: open #74842766 sell stop 0.01 USDJPY at 110.941 sl: 110.989 tp: 110.845 ok
0	20:57:24.395	ax_adv_033_2 EURUSD,M5: EURUSD [BUYSTOP ]:(130)invalid stops EURUSD lot=0.01 price=1.06714 slippage=3 sl=1.06659 tp=1.06824 comment= exp=1491254107
2	21:02:19.552	ax_adv_033_2 USDJPY,M5: open #74843459 sell stop 0.01 USDJPY at 110.944 sl: 111.000 tp: 110.832 ok
2	21:02:20.845	ax_adv_033_2 EURUSD,M5: open #74843460 buy stop 0.01 EURUSD at 1.06711 sl: 1.06655 tp: 1.06823 ok
2	21:07:19.892	ax_adv_033_2 EURUSD,M5: open #74843861 buy stop 0.01 EURUSD at 1.06707 sl: 1.06659 tp: 1.06803 ok
2	21:12:22.113	ax_adv_033_2 EURUSD,M5: open #74844333 buy stop 0.01 EURUSD at 1.06709 sl: 1.06650 tp: 1.06827 ok
2	21:17:22.173	ax_adv_033_2 GBPUSD,M5: open #74844871 sell stop 0.01 GBPUSD at 1.24758 sl: 1.24811 tp: 1.24652 ok
2	21:17:25.171	ax_adv_033_2 EURUSD,M5: open #74844878 buy stop 0.01 EURUSD at 1.06716 sl: 1.06663 tp: 1.06822 ok
2	21:22:19.877	ax_adv_033_2 USDJPY,M5: open #74845469 sell stop 0.01 USDJPY at 110.839 sl: 110.939 tp: 110.639 ok
2	21:22:21.183	ax_adv_033_2 EURUSD,M5: open #74845477 buy stop 0.01 EURUSD at 1.06735 sl: 1.06670 tp: 1.06865 ok
2	21:22:21.969	ax_adv_033_2 GBPUSD,M5: open #74845479 sell stop 0.01 GBPUSD at 1.24744 sl: 1.24821 tp: 1.24590 ok
2	21:27:20.106	ax_adv_033_2 GBPUSD,M5: open #74846079 sell stop 0.01 GBPUSD at 1.24745 sl: 1.24796 tp: 1.24643 ok
2	21:27:20.106	ax_adv_033_2 USDJPY,M5: open #74846081 sell stop 0.01 USDJPY at 110.857 sl: 110.954 tp: 110.663 ok
2	21:27:20.106	ax_adv_033_2 EURUSD,M5: open #74846080 buy stop 0.01 EURUSD at 1.06710 sl: 1.06654 tp: 1.06822 ok
2	21:32:21.120	ax_adv_033_2 USDJPY,M5: open #74846470 sell stop 0.01 USDJPY at 110.887 sl: 110.939 tp: 110.783 ok
0	21:32:26.637	ax_adv_033_2 EURUSD,M5: EURUSD [BUYSTOP ]:(130)invalid stops EURUSD lot=0.01 price=1.06715 slippage=3 sl=1.06659 tp=1.06827 comment= exp=1491256209
0	21:37:18.971	ax_adv_033_2 USDJPY,M5: USDJPY [SELLSTOP ]:(130)invalid stops USDJPY lot=0.01 price=110.900 slippage=3 sl=110.956 tp=110.788 comment= exp=1491256502
2	21:37:22.141	ax_adv_033_2 EURUSD,M5: open #74846855 buy stop 0.01 EURUSD at 1.06700 sl: 1.06645 tp: 1.06810 ok
2	21:42:20.006	ax_adv_033_2 USDJPY,M5: open #74847708 sell stop 0.01 USDJPY at 110.917 sl: 110.997 tp: 110.757 ok
2	21:42:21.077	ax_adv_033_2 EURUSD,M5: open #74847714 buy stop 0.01 EURUSD at 1.06690 sl: 1.06636 tp: 1.06798 ok
0	21:47:18.498	ax_adv_033_2 EURUSD,M5: EURUSD [BUYSTOP ]:(130)invalid stops EURUSD lot=0.01 price=1.06684 slippage=3 sl=1.06637 tp=1.06778 comment= exp=1491257101
2	21:47:19.126	ax_adv_033_2 USDJPY,M5: open #74848059 sell stop 0.01 USDJPY at 110.944 sl: 110.999 tp: 110.834 ok
2	21:52:19.020	ax_adv_033_2 USDJPY,M5: open #74848454 sell stop 0.01 USDJPY at 110.975 sl: 111.035 tp: 110.855 ok
2	21:52:19.800	ax_adv_033_2 EURUSD,M5: open #74848456 buy stop 0.01 EURUSD at 1.06681 sl: 1.06630 tp: 1.06783 ok
0	21:57:18.206	ax_adv_033_2 USDJPY,M5: USDJPY [SELLSTOP ]:(130)invalid stops USDJPY lot=0.01 price=110.912 slippage=3 sl=111.034 tp=110.668 comment= exp=1491257701
2	21:57:19.232	ax_adv_033_2 GBPUSD,M5: open #74849055 sell stop 0.01 GBPUSD at 1.24707 sl: 1.24782 tp: 1.24557 ok
2	21:57:19.232	ax_adv_033_2 EURUSD,M5: open #74849056 buy stop 0.01 EURUSD at 1.06697 sl: 1.06619 tp: 1.06853 ok
2	22:02:19.019	ax_adv_033_2 USDJPY,M5: open #74849755 sell stop 0.01 USDJPY at 110.911 sl: 110.981 tp: 110.771 ok
2	22:22:18.773	ax_adv_033_2 USDJPY,M5: open #74851595 sell stop 0.01 USDJPY at 110.945 sl: 111.037 tp: 110.761 ok
0	22:27:18.956	ax_adv_033_2 USDJPY,M5: USDJPY [SELLSTOP ]:(130)invalid stops USDJPY lot=0.01 price=110.974 slippage=3 sl=111.046 tp=110.830 comment= exp=1491259502
2	22:32:19.117	ax_adv_033_2 USDJPY,M5: open #74852567 sell stop 0.01 USDJPY at 110.928 sl: 111.014 tp: 110.756 ok
0	22:37:18.528	ax_adv_033_2 EURUSD,M5: EURUSD [SELLSTOP ]:(130)invalid stops EURUSD lot=0.01 price=1.06644 slippage=3 sl=1.06688 tp=1.06556 comment= exp=1491260101
2	22:42:21.932	ax_adv_033_2 GBPUSD,M5: open #74853172 sell stop 0.01 GBPUSD at 1.24730 sl: 1.24772 tp: 1.24646 ok
2	22:42:22.127	ax_adv_033_2 EURUSD,M5: open #74853176 sell stop 0.01 EURUSD at 1.06648 sl: 1.06691 tp: 1.06562 ok
2	22:47:19.018	ax_adv_033_2 GBPUSD,M5: open #74853513 sell stop 0.01 GBPUSD at 1.24737 sl: 1.24781 tp: 1.24649 ok
2	22:47:19.030	ax_adv_033_2 EURUSD,M5: open #74853514 sell stop 0.01 EURUSD at 1.06648 sl: 1.06692 tp: 1.06560 ok
2	22:57:19.015	ax_adv_033_2 EURUSD,M5: open #74854800 buy stop 0.01 EURUSD at 1.06753 sl: 1.06671 tp: 1.06917 ok
2	23:02:21.131	ax_adv_033_2 USDJPY,M5: open #74855370 sell stop 0.01 USDJPY at 110.844 sl: 110.914 tp: 110.704 ok
2	23:02:21.133	ax_adv_033_2 EURUSD,M5: open #74855371 sell stop 0.01 EURUSD at 1.06698 sl: 1.06745 tp: 1.06604 ok
2	23:07:19.928	ax_adv_033_2 USDJPY,M5: open #74855797 sell stop 0.01 USDJPY at 110.860 sl: 110.906 tp: 110.768 ok
2	23:07:19.928	ax_adv_033_2 EURUSD,M5: open #74855798 sell stop 0.01 EURUSD at 1.06688 sl: 1.06769 tp: 1.06526 ok
2	23:12:18.838	ax_adv_033_2 USDJPY,M5: open #74856250 sell stop 0.01 USDJPY at 110.874 sl: 110.931 tp: 110.760 ok
2	23:12:21.905	ax_adv_033_2 EURUSD,M5: open #74856255 sell stop 0.01 EURUSD at 1.06680 sl: 1.06741 tp: 1.06558 ok
2	23:17:19.940	ax_adv_033_2 USDJPY,M5: open #74856610 sell stop 0.01 USDJPY at 110.878 sl: 110.920 tp: 110.794 ok
2	23:17:20.143	ax_adv_033_2 EURUSD,M5: open #74856614 sell stop 0.01 EURUSD at 1.06674 sl: 1.06731 tp: 1.06560 ok
2	23:22:19.965	ax_adv_033_2 GBPUSD,M5: open #74856879 sell stop 0.01 GBPUSD at 1.24801 sl: 1.24852 tp: 1.24699 ok
2	23:22:19.965	ax_adv_033_2 EURUSD,M5: open #74856878 sell stop 0.01 EURUSD at 1.06675 sl: 1.06718 tp: 1.06589 ok
0	23:27:19.018	ax_adv_033_2 GBPUSD,M5: GBPUSD [SELLSTOP ]:(130)invalid stops GBPUSD lot=0.01 price=1.24800 slippage=3 sl=1.24849 tp=1.24702 comment= exp=1491263102
2	23:27:19.212	ax_adv_033_2 EURUSD,M5: open #74857106 sell stop 0.01 EURUSD at 1.06686 sl: 1.06731 tp: 1.06596 ok
2	23:32:20.149	ax_adv_033_2 EURUSD,M5: open #74857372 sell stop 0.01 EURUSD at 1.06701 sl: 1.06748 tp: 1.06607 ok
0	23:32:20.356	ax_adv_033_2 GBPUSD,M5: GBPUSD [SELLSTOP ]:(130)invalid stops GBPUSD lot=0.01 price=1.24802 slippage=3 sl=1.24846 tp=1.24714 comment= exp=1491263403
2	23:37:19.858	ax_adv_033_2 GBPUSD,M5: open #74857613 sell stop 0.01 GBPUSD at 1.24807 sl: 1.24854 tp: 1.24713 ok
2	23:37:21.932	ax_adv_033_2 EURUSD,M5: open #74857620 sell stop 0.01 EURUSD at 1.06688 sl: 1.06754 tp: 1.06556 ok
0	23:42:19.191	ax_adv_033_2 EURUSD,M5: EURUSD [SELLSTOP ]:(130)invalid stops EURUSD lot=0.01 price=1.06685 slippage=3 sl=1.06733 tp=1.06589 comment= exp=1491264002
2	23:42:19.793	ax_adv_033_2 GBPUSD,M5: open #74857879 sell stop 0.01 GBPUSD at 1.24798 sl: 1.24851 tp: 1.24692 ok
2	23:47:18.780	ax_adv_033_2 GBPUSD,M5: open #74858222 sell stop 0.01 GBPUSD at 1.24801 sl: 1.24850 tp: 1.24703 ok
2	23:47:19.118	ax_adv_033_2 EURUSD,M5: open #74858226 sell stop 0.01 EURUSD at 1.06689 sl: 1.06733 tp: 1.06601 ok
2	23:52:18.814	ax_adv_033_2 EURUSD,M5: open #74858526 sell stop 0.01 EURUSD at 1.06692 sl: 1.06738 tp: 1.06600 ok
2	23:52:19.890	ax_adv_033_2 GBPUSD,M5: open #74858529 sell stop 0.01 GBPUSD at 1.24805 sl: 1.24863 tp: 1.24689 ok
2	23:57:35.802	ax_adv_033_2 GBPUSD,M5: open #74858908 sell stop 0.01 GBPUSD at 1.24811 sl: 1.24878 tp: 1.24677 ok
2	23:57:35.809	ax_adv_033_2 EURUSD,M5: open #74858907 sell stop 0.01 EURUSD at 1.06662 sl: 1.06744 tp: 1.06498 ok
