2	02:12:52.442	ax_adv_023 GBPUSD,M15: open #71268522 sell stop 0.01 GBPUSD at 1.24511 sl: 1.24623 ok
2	02:27:59.583	ax_adv_023 GBPUSD,M15: open #71269408 sell stop 0.01 GBPUSD at 1.24523 sl: 1.24628 ok
2	03:27:52.557	ax_adv_023 EURUSD,M15: open #71273432 buy stop 0.01 EURUSD at 1.05544 sl: 1.05422 ok
2	03:42:53.544	ax_adv_023 EURUSD,M15: open #71274650 buy stop 0.01 EURUSD at 1.05549 sl: 1.05411 ok
2	03:57:51.578	ax_adv_023 GBPUSD,M15: open #71275794 buy stop 0.01 GBPUSD at 1.24538 sl: 1.24377 ok
2	04:12:52.482	ax_adv_023 GBPUSD,M15: open #71277121 buy stop 0.01 GBPUSD at 1.24470 sl: 1.24317 ok
2	05:12:51.649	ax_adv_023 GBPUSD,M15: open #71281475 buy stop 0.01 GBPUSD at 1.24403 sl: 1.24263 ok
2	06:27:53.555	ax_adv_023 EURUSD,M15: open #71286684 sell stop 0.01 EURUSD at 1.05531 sl: 1.05618 ok
2	06:57:52.501	ax_adv_023 EURUSD,M15: open #71289016 sell stop 0.01 EURUSD at 1.05591 sl: 1.05698 ok
2	08:13:11.556	ax_adv_023 EURUSD,M15: open #71294105 sell stop 0.01 EURUSD at 1.05586 sl: 1.05666 ok
2	08:27:55.651	ax_adv_023 EURUSD,M15: open #71295379 sell stop 0.01 EURUSD at 1.05595 sl: 1.05723 ok
2	08:42:52.415	ax_adv_023 EURUSD,M15: open #71296520 sell stop 0.01 EURUSD at 1.05634 sl: 1.05751 ok
2	08:57:50.710	ax_adv_023 GBPUSD,M15: open #71297865 sell stop 0.01 GBPUSD at 1.24438 sl: 1.24574 ok
2	09:42:56.465	ax_adv_023 GBPUSD,M15: modify #71297865 sell 0.01 GBPUSD at 1.24438 sl: 1.24494 tp: 0.00000 ok
2	09:42:57.478	ax_adv_023 GBPUSD,M15: open #71302111 buy stop 0.01 GBPUSD at 1.24404 sl: 1.24245 ok
2	10:12:50.683	ax_adv_023 GBPUSD,M15: modify #71297865 sell 0.01 GBPUSD at 1.24438 sl: 1.24489 tp: 0.00000 ok
2	10:42:51.599	ax_adv_023 GBPUSD,M15: modify #71297865 sell 0.01 GBPUSD at 1.24438 sl: 1.24508 tp: 0.00000 ok
2	11:27:51.370	ax_adv_023 GBPUSD,M15: open #71314487 sell stop 0.01 GBPUSD at 1.24613 sl: 1.24771 ok
2	11:57:51.708	ax_adv_023 GBPUSD,M15: open #71317999 sell stop 0.01 GBPUSD at 1.24606 sl: 1.24785 ok
2	12:42:50.693	ax_adv_023 EURUSD,M15: open #71323252 buy stop 0.01 EURUSD at 1.05570 sl: 1.05380 ok
2	12:57:50.754	ax_adv_023 EURUSD,M15: open #71325055 buy stop 0.01 EURUSD at 1.05507 sl: 1.05361 ok
2	13:57:52.599	ax_adv_023 EURUSD,M15: open #71331373 buy stop 0.01 EURUSD at 1.05507 sl: 1.05367 ok
2	14:57:51.343	ax_adv_023 GBPUSD,M15: open #71337374 sell stop 0.01 GBPUSD at 1.24630 sl: 1.24800 ok
2	15:12:50.549	ax_adv_023 GBPUSD,M15: open #71339411 sell stop 0.01 GBPUSD at 1.24728 sl: 1.24926 ok
2	15:27:50.613	ax_adv_023 EURUSD,M15: modify #71331373 buy 0.01 EURUSD at 1.05507 sl: 1.05497 tp: 0.00000 ok
2	15:27:51.646	ax_adv_023 EURUSD,M15: open #71341363 buy 0.02 EURUSD at 1.05647 sl: 1.05497 ok
0	15:27:51.646	ax_adv_023 EURUSD,M15: EURUSD (1) no error, trade conditions not changed EURUSD sl=1.05497
2	15:27:51.646	ax_adv_023 GBPUSD,M15: open #71341362 sell stop 0.01 GBPUSD at 1.24807 sl: 1.24995 ok
2	15:27:52.712	ax_adv_023 EURUSD,M15: open #71341367 sell stop 0.01 EURUSD at 1.05526 sl: 1.05717 ok
2	15:42:51.656	ax_adv_023 EURUSD,M15: modify #71331373 buy 0.01 EURUSD at 1.05507 sl: 1.05494 tp: 0.00000 ok
2	15:42:53.426	ax_adv_023 EURUSD,M15: modify #71341363 buy 0.02 EURUSD at 1.05647 sl: 1.05494 tp: 0.00000 ok
2	15:42:53.577	ax_adv_023 GBPUSD,M15: open #71343212 sell stop 0.01 GBPUSD at 1.24867 sl: 1.25013 ok
2	15:42:54.540	ax_adv_023 EURUSD,M15: open #71343220 sell stop 0.01 EURUSD at 1.05560 sl: 1.05719 ok
2	16:12:50.837	ax_adv_023 EURUSD,M15: modify #71331373 buy 0.01 EURUSD at 1.05507 sl: 1.05484 tp: 0.00000 ok
2	16:12:50.843	ax_adv_023 GBPUSD,M15: open #71347080 sell stop 0.01 GBPUSD at 1.24861 sl: 1.25022 ok
2	16:12:52.337	ax_adv_023 EURUSD,M15: modify #71341363 buy 0.02 EURUSD at 1.05647 sl: 1.05484 tp: 0.00000 ok
2	16:12:53.602	ax_adv_023 EURUSD,M15: open #71347110 sell stop 0.01 EURUSD at 1.05590 sl: 1.05762 ok
2	16:12:57.705	ax_adv_023 AUDUSD,M15: open #71347123 sell stop 0.01 AUDUSD at 0.77160 sl: 0.77275 ok
2	16:42:50.961	ax_adv_023 GBPUSD,M15: open #71351798 sell stop 0.01 GBPUSD at 1.24870 sl: 1.25061 ok
2	16:57:51.654	ax_adv_023 EURUSD,M15: modify #71331373 buy 0.01 EURUSD at 1.05507 sl: 1.05481 tp: 0.00000 ok
2	16:57:52.486	ax_adv_023 EURUSD,M15: modify #71341363 buy 0.02 EURUSD at 1.05647 sl: 1.05481 tp: 0.00000 ok
2	17:12:50.577	ax_adv_023 GBPUSD,M15: open #71356074 sell stop 0.01 GBPUSD at 1.24992 sl: 1.25185 ok
2	17:12:52.371	ax_adv_023 EURUSD,M15: modify #71331373 buy 0.01 EURUSD at 1.05507 sl: 1.05484 tp: 0.00000 ok
2	17:12:53.603	ax_adv_023 EURUSD,M15: modify #71341363 buy 0.02 EURUSD at 1.05647 sl: 1.05484 tp: 0.00000 ok
2	17:42:50.818	ax_adv_023 EURUSD,M15: modify #71331373 buy 0.01 EURUSD at 1.05507 sl: 1.05501 tp: 0.00000 ok
2	17:42:52.467	ax_adv_023 EURUSD,M15: modify #71341363 buy 0.02 EURUSD at 1.05647 sl: 1.05501 tp: 0.00000 ok
2	17:42:53.673	ax_adv_023 EURUSD,M15: open #71359846 sell stop 0.01 EURUSD at 1.05682 sl: 1.05856 ok
2	17:57:50.880	ax_adv_023 GBPUSD,M15: open #71361887 sell stop 0.01 GBPUSD at 1.25042 sl: 1.25196 ok
2	17:57:51.625	ax_adv_023 EURUSD,M15: modify #71331373 buy 0.01 EURUSD at 1.05507 sl: 1.05509 tp: 0.00000 ok
2	17:57:52.566	ax_adv_023 EURUSD,M15: modify #71341363 buy 0.02 EURUSD at 1.05647 sl: 1.05509 tp: 0.00000 ok
2	17:57:53.621	ax_adv_023 EURUSD,M15: open #71361936 sell stop 0.01 EURUSD at 1.05755 sl: 1.05907 ok
2	18:27:50.627	ax_adv_023 EURUSD,M15: modify #71331373 buy 0.01 EURUSD at 1.05507 sl: 1.05531 tp: 0.00000 ok
2	18:27:51.625	ax_adv_023 EURUSD,M15: modify #71341363 buy 0.02 EURUSD at 1.05647 sl: 1.05531 tp: 0.00000 ok
2	18:42:51.725	ax_adv_023 EURUSD,M15: modify #71331373 buy 0.01 EURUSD at 1.05507 sl: 1.05547 tp: 0.00000 ok
2	18:42:52.547	ax_adv_023 EURUSD,M15: modify #71341363 buy 0.02 EURUSD at 1.05647 sl: 1.05547 tp: 0.00000 ok
2	18:42:53.632	ax_adv_023 EURUSD,M15: open #71367600 sell stop 0.01 EURUSD at 1.05749 sl: 1.05878 ok
2	18:57:51.654	ax_adv_023 EURUSD,M15: modify #71331373 buy 0.01 EURUSD at 1.05507 sl: 1.05564 tp: 0.00000 ok
2	18:57:52.798	ax_adv_023 EURUSD,M15: modify #71341363 buy 0.02 EURUSD at 1.05647 sl: 1.05564 tp: 0.00000 ok
2	18:57:54.571	ax_adv_023 EURUSD,M15: open #71369853 sell stop 0.01 EURUSD at 1.05794 sl: 1.05979 ok
2	19:12:50.568	ax_adv_023 EURUSD,M15: modify #71331373 buy 0.01 EURUSD at 1.05507 sl: 1.05578 tp: 0.00000 ok
2	19:12:51.591	ax_adv_023 EURUSD,M15: modify #71341363 buy 0.02 EURUSD at 1.05647 sl: 1.05578 tp: 0.00000 ok
2	19:27:51.554	ax_adv_023 EURUSD,M15: modify #71331373 buy 0.01 EURUSD at 1.05507 sl: 1.05589 tp: 0.00000 ok
2	19:27:52.832	ax_adv_023 EURUSD,M15: modify #71341363 buy 0.02 EURUSD at 1.05647 sl: 1.05589 tp: 0.00000 ok
0	19:38:52.988	ax_adv_023 EURUSD,M15: uninit reason 9
0	19:38:53.167	ax_ind_001 EURUSD,M15: uninit reason 9
0	19:38:53.211	ax_adv_023 GBPUSD,M15: uninit reason 9
0	19:38:53.338	ax_ind_001 GBPUSD,M15: uninit reason 9
0	19:38:53.353	ax_adv_023 AUDUSD,M15: uninit reason 9
0	19:38:53.391	ax_ind_001 AUDUSD,M15: uninit reason 9
0	19:38:53.988	Expert ax_adv_023 EURUSD,M15: removed
0	19:38:54.231	Custom indicator ax_ind_001 EURUSD,M15: removed
0	19:38:54.424	Expert ax_adv_023 GBPUSD,M15: removed
0	19:38:54.578	Custom indicator ax_ind_001 GBPUSD,M15: removed
0	19:38:54.758	Expert ax_adv_023 AUDUSD,M15: removed
0	19:38:54.811	Custom indicator ax_ind_001 AUDUSD,M15: removed
0	19:39:28.920	Custom indicator ax_ind_001 EURUSD,M15: loaded successfully
0	19:39:28.997	Expert ax_adv_023 EURUSD,M15: loaded successfully
0	19:39:28.997	ax_adv_023 EURUSD,M15 inputs: g_delta_points=10; g_lot=0.01; g_lot2=0.02; g_slippage=3; g_try_count=3; g_order_exp_bar_count=1; g_magic_distance=1; g_logging=false; g_use_ichimoku=false; g_trade_mode=2; g_mfiworkmode=3; g_mfiworkmode_sl=3; g_open_lot2_order=true; 
0	19:39:29.017	ax_ind_001 EURUSD,M15: initialized
0	19:39:29.068	Custom indicator ax_ind_001 GBPUSD,M15: loaded successfully
0	19:39:29.101	Expert ax_adv_023 GBPUSD,M15: loaded successfully
0	19:39:29.101	ax_adv_023 GBPUSD,M15 inputs: g_delta_points=10; g_lot=0.01; g_lot2=0.02; g_slippage=3; g_try_count=3; g_order_exp_bar_count=1; g_magic_distance=1; g_logging=false; g_use_ichimoku=false; g_trade_mode=2; g_mfiworkmode=0; g_mfiworkmode_sl=3; g_open_lot2_order=false; 
0	19:39:29.124	ax_ind_001 GBPUSD,M15: initialized
0	19:39:29.189	Custom indicator ax_ind_001 AUDUSD,M15: loaded successfully
0	19:39:29.247	Expert ax_adv_023 AUDUSD,M15: loaded successfully
0	19:39:29.247	ax_adv_023 AUDUSD,M15 inputs: g_delta_points=10; g_lot=0.01; g_lot2=0.02; g_slippage=3; g_try_count=3; g_order_exp_bar_count=1; g_magic_distance=1; g_logging=false; g_use_ichimoku=false; g_trade_mode=2; g_mfiworkmode=2; g_mfiworkmode_sl=3; g_open_lot2_order=true; 
0	19:39:29.263	ax_ind_001 AUDUSD,M15: initialized
0	19:39:40.500	ax_adv_023 EURUSD,M15: initialized
0	19:39:40.500	ax_adv_023 GBPUSD,M15: initialized
0	19:39:40.501	ax_adv_023 AUDUSD,M15: initialized
2	20:12:50.783	ax_adv_023 GBPUSD,M15: open #71378948 sell stop 0.01 GBPUSD at 1.25435 sl: 1.25589 ok
2	20:27:50.733	ax_adv_023 GBPUSD,M15: open #71380440 sell stop 0.01 GBPUSD at 1.25469 sl: 1.25597 ok
2	23:27:49.822	ax_adv_023 GBPUSD,M15: open #71396746 sell stop 0.01 GBPUSD at 1.25413 sl: 1.25498 ok
0	23:57:50.416	ax_adv_023 EURUSD,M15: EURUSD [SELLSTOP ]:(132)market is closed EURUSD lot=0.01 price=1.05745 slippage=3 sl=1.05852 tp=0.00000 comment= exp=1487891702
0	23:57:50.665	ax_adv_023 GBPUSD,M15: GBPUSD [SELLSTOP ]:(132)market is closed GBPUSD lot=0.01 price=1.25415 slippage=3 sl=1.25525 tp=0.00000 comment= exp=1487891702
