0	00:03:19.797	ax_adv_033_2 USDJPY,M5: USDJPY [BUYSTOP ]:(4109)trade is not allowed in the expert properties USDJPY lot=0.01 price=111.888 slippage=3 sl=111.802 tp=112.060 comment= exp=1493684403
0	00:03:20.007	ax_adv_033_2 EURUSD,M5: EURUSD [SELLSTOP ]:(4109)trade is not allowed in the expert properties EURUSD lot=0.01 price=1.08948 slippage=3 sl=1.09003 tp=1.08838 comment= exp=1493684403
0	00:03:21.687	ax_adv_033_2 GBPUSD,M5: GBPUSD [SELLSTOP ]:(4109)trade is not allowed in the expert properties GBPUSD lot=0.01 price=1.28789 slippage=3 sl=1.28863 tp=1.28641 comment= exp=1493684405
0	00:08:17.937	ax_adv_033_2 USDJPY,M5: USDJPY [BUYSTOP ]:(4109)trade is not allowed in the expert properties USDJPY lot=0.01 price=111.894 slippage=3 sl=111.811 tp=112.060 comment= exp=1493684701
0	00:08:22.547	ax_adv_033_2 GBPUSD,M5: GBPUSD [SELLSTOP ]:(4109)trade is not allowed in the expert properties GBPUSD lot=0.01 price=1.28808 slippage=3 sl=1.28847 tp=1.28730 comment= exp=1493684706
0	00:08:40.447	ax_adv_033_2 EURUSD,M5: EURUSD [SELLSTOP ]:(4109)trade is not allowed in the expert properties EURUSD lot=0.01 price=1.08972 slippage=3 sl=1.09010 tp=1.08896 comment= exp=1493684724
0	00:13:19.537	ax_adv_033_2 EURUSD,M5: EURUSD [SELLSTOP ]:(4109)trade is not allowed in the expert properties EURUSD lot=0.01 price=1.08977 slippage=3 sl=1.09029 tp=1.08873 comment= exp=1493685003
0	00:13:24.557	ax_adv_033_2 USDJPY,M5: USDJPY [BUYSTOP ]:(4109)trade is not allowed in the expert properties USDJPY lot=0.01 price=111.870 slippage=3 sl=111.793 tp=112.024 comment= exp=1493685008
0	00:13:45.827	ax_adv_033_2 GBPUSD,M5: GBPUSD [SELLSTOP ]:(4109)trade is not allowed in the expert properties GBPUSD lot=0.01 price=1.28813 slippage=3 sl=1.28863 tp=1.28713 comment= exp=1493685029
0	00:18:20.428	ax_adv_033_2 USDJPY,M5: USDJPY [BUYSTOP ]:(4109)trade is not allowed in the expert properties USDJPY lot=0.01 price=111.894 slippage=3 sl=111.802 tp=112.078 comment= exp=1493685304
0	00:18:34.568	ax_adv_033_2 EURUSD,M5: EURUSD [SELLSTOP ]:(4109)trade is not allowed in the expert properties EURUSD lot=0.01 price=1.08961 slippage=3 sl=1.09023 tp=1.08837 comment= exp=1493685318
0	00:19:09.708	ax_adv_033_2 GBPUSD,M5: GBPUSD [SELLSTOP ]:(4109)trade is not allowed in the expert properties GBPUSD lot=0.01 price=1.28810 slippage=3 sl=1.28853 tp=1.28724 comment= exp=1493685353
0	00:23:27.438	ax_adv_033_2 EURUSD,M5: EURUSD [SELLSTOP ]:(4109)trade is not allowed in the expert properties EURUSD lot=0.01 price=1.08962 slippage=3 sl=1.09011 tp=1.08864 comment= exp=1493685611
0	00:23:37.258	ax_adv_033_2 USDJPY,M5: USDJPY [BUYSTOP ]:(4109)trade is not allowed in the expert properties USDJPY lot=0.01 price=111.890 slippage=3 sl=111.813 tp=112.044 comment= exp=1493685621
0	00:23:50.378	ax_adv_033_2 GBPUSD,M5: GBPUSD [SELLSTOP ]:(4109)trade is not allowed in the expert properties GBPUSD lot=0.01 price=1.28823 slippage=3 sl=1.28861 tp=1.28747 comment= exp=1493685634
0	00:28:17.279	ax_adv_033_2 USDJPY,M5: USDJPY [BUYSTOP ]:(4109)trade is not allowed in the expert properties USDJPY lot=0.01 price=111.884 slippage=3 sl=111.783 tp=112.086 comment= exp=1493685901
0	00:28:42.799	ax_adv_033_2 GBPUSD,M5: GBPUSD [SELLSTOP ]:(4109)trade is not allowed in the expert properties GBPUSD lot=0.01 price=1.28839 slippage=3 sl=1.28882 tp=1.28753 comment= exp=1493685926
0	00:33:26.989	ax_adv_033_2 USDJPY,M5: USDJPY [BUYSTOP ]:(4109)trade is not allowed in the expert properties USDJPY lot=0.01 price=111.872 slippage=3 sl=111.793 tp=112.030 comment= exp=1493686210
0	00:33:27.189	ax_adv_033_2 GBPUSD,M5: GBPUSD [SELLSTOP ]:(4109)trade is not allowed in the expert properties GBPUSD lot=0.01 price=1.28829 slippage=3 sl=1.28880 tp=1.28727 comment= exp=1493686211
0	00:38:28.050	ax_adv_033_2 USDJPY,M5: USDJPY [BUYSTOP ]:(4109)trade is not allowed in the expert properties USDJPY lot=0.01 price=111.874 slippage=3 sl=111.803 tp=112.016 comment= exp=1493686511
0	00:38:43.690	ax_adv_033_2 EURUSD,M5: EURUSD [SELLSTOP ]:(4109)trade is not allowed in the expert properties EURUSD lot=0.01 price=1.08983 slippage=3 sl=1.09025 tp=1.08899 comment= exp=1493686527
0	00:38:50.190	ax_adv_033_2 GBPUSD,M5: GBPUSD [SELLSTOP ]:(4109)trade is not allowed in the expert properties GBPUSD lot=0.01 price=1.28821 slippage=3 sl=1.28879 tp=1.28705 comment= exp=1493686534
0	00:43:18.520	ax_adv_033_2 EURUSD,M5: EURUSD [SELLSTOP ]:(4109)trade is not allowed in the expert properties EURUSD lot=0.01 price=1.08982 slippage=3 sl=1.09023 tp=1.08900 comment= exp=1493686802
0	00:43:25.150	ax_adv_033_2 GBPUSD,M5: GBPUSD [SELLSTOP ]:(4109)trade is not allowed in the expert properties GBPUSD lot=0.01 price=1.28833 slippage=3 sl=1.28873 tp=1.28753 comment= exp=1493686809
0	00:43:30.780	ax_adv_033_2 USDJPY,M5: USDJPY [BUYSTOP ]:(4109)trade is not allowed in the expert properties USDJPY lot=0.01 price=111.870 slippage=3 sl=111.811 tp=111.988 comment= exp=1493686814
0	00:48:19.070	ax_adv_033_2 USDJPY,M5: USDJPY [BUYSTOP ]:(4109)trade is not allowed in the expert properties USDJPY lot=0.01 price=111.860 slippage=3 sl=111.809 tp=111.962 comment= exp=1493687102
0	00:48:19.270	ax_adv_033_2 GBPUSD,M5: GBPUSD [SELLSTOP ]:(4109)trade is not allowed in the expert properties GBPUSD lot=0.01 price=1.28810 slippage=3 sl=1.28877 tp=1.28676 comment= exp=1493687103
0	00:53:23.671	ax_adv_033_2 USDJPY,M5: USDJPY [BUYSTOP ]:(4109)trade is not allowed in the expert properties USDJPY lot=0.01 price=111.863 slippage=3 sl=111.807 tp=111.975 comment= exp=1493687407
0	00:58:17.471	ax_adv_033_2 USDJPY,M5: USDJPY [BUYSTOP ]:(4109)trade is not allowed in the expert properties USDJPY lot=0.01 price=111.868 slippage=3 sl=111.810 tp=111.984 comment= exp=1493687701
0	01:03:18.382	ax_adv_033_2 GBPUSD,M5: GBPUSD [SELLSTOP ]:(4109)trade is not allowed in the expert properties GBPUSD lot=0.01 price=1.28841 slippage=3 sl=1.28883 tp=1.28757 comment= exp=1493688002
0	01:03:18.982	ax_adv_033_2 USDJPY,M5: USDJPY [BUYSTOP ]:(4109)trade is not allowed in the expert properties USDJPY lot=0.01 price=111.885 slippage=3 sl=111.810 tp=112.035 comment= exp=1493688002
0	01:08:18.662	ax_adv_033_2 EURUSD,M5: EURUSD [SELLSTOP ]:(4109)trade is not allowed in the expert properties EURUSD lot=0.01 price=1.08993 slippage=3 sl=1.09044 tp=1.08891 comment= exp=1493688302
0	01:08:23.752	ax_adv_033_2 GBPUSD,M5: GBPUSD [SELLSTOP ]:(4109)trade is not allowed in the expert properties GBPUSD lot=0.01 price=1.28846 slippage=3 sl=1.28889 tp=1.28760 comment= exp=1493688307
0	01:08:26.212	ax_adv_033_2 USDJPY,M5: USDJPY [BUYSTOP ]:(4109)trade is not allowed in the expert properties USDJPY lot=0.01 price=111.895 slippage=3 sl=111.829 tp=112.027 comment= exp=1493688310
0	01:13:17.222	ax_adv_033_2 USDJPY,M5: USDJPY [BUYSTOP ]:(4109)trade is not allowed in the expert properties USDJPY lot=0.01 price=111.893 slippage=3 sl=111.845 tp=111.989 comment= exp=1493688601
0	01:13:17.422	ax_adv_033_2 EURUSD,M5: EURUSD [SELLSTOP ]:(4109)trade is not allowed in the expert properties EURUSD lot=0.01 price=1.08995 slippage=3 sl=1.09039 tp=1.08907 comment= exp=1493688601
0	01:13:18.222	ax_adv_033_2 GBPUSD,M5: GBPUSD [SELLSTOP ]:(4109)trade is not allowed in the expert properties GBPUSD lot=0.01 price=1.28842 slippage=3 sl=1.28886 tp=1.28754 comment= exp=1493688602
0	01:18:17.373	ax_adv_033_2 GBPUSD,M5: GBPUSD [SELLSTOP ]:(4109)trade is not allowed in the expert properties GBPUSD lot=0.01 price=1.28844 slippage=3 sl=1.28884 tp=1.28764 comment= exp=1493688901
0	01:18:17.573	ax_adv_033_2 USDJPY,M5: USDJPY [BUYSTOP ]:(4109)trade is not allowed in the expert properties USDJPY lot=0.01 price=111.906 slippage=3 sl=111.836 tp=112.046 comment= exp=1493688901
0	01:18:17.973	ax_adv_033_2 EURUSD,M5: EURUSD [SELLSTOP ]:(4109)trade is not allowed in the expert properties EURUSD lot=0.01 price=1.09004 slippage=3 sl=1.09049 tp=1.08914 comment= exp=1493688901
0	01:23:17.523	ax_adv_033_2 USDJPY,M5: USDJPY [BUYSTOP ]:(4109)trade is not allowed in the expert properties USDJPY lot=0.01 price=111.942 slippage=3 sl=111.854 tp=112.118 comment= exp=1493689201
0	01:28:18.424	ax_adv_033_2 USDJPY,M5: USDJPY [BUYSTOP ]:(4109)trade is not allowed in the expert properties USDJPY lot=0.01 price=111.943 slippage=3 sl=111.877 tp=112.075 comment= exp=1493689502
0	01:33:17.974	ax_adv_033_2 USDJPY,M5: USDJPY [SELLSTOP ]:(4109)trade is not allowed in the expert properties USDJPY lot=0.01 price=111.893 slippage=3 sl=111.957 tp=111.765 comment= exp=1493689801
0	01:38:17.815	ax_adv_033_2 EURUSD,M5: EURUSD [BUYSTOP ]:(4109)trade is not allowed in the expert properties EURUSD lot=0.01 price=1.09125 slippage=3 sl=1.09055 tp=1.09265 comment= exp=1493690101
0	01:38:19.005	ax_adv_033_2 USDJPY,M5: USDJPY [SELLSTOP ]:(4109)trade is not allowed in the expert properties USDJPY lot=0.01 price=111.896 slippage=3 sl=111.952 tp=111.784 comment= exp=1493690102
0	01:43:18.315	ax_adv_033_2 USDJPY,M5: USDJPY [SELLSTOP ]:(4109)trade is not allowed in the expert properties USDJPY lot=0.01 price=111.887 slippage=3 sl=111.940 tp=111.781 comment= exp=1493690402
0	01:43:18.325	ax_adv_033_2 EURUSD,M5: EURUSD [BUYSTOP ]:(4109)trade is not allowed in the expert properties EURUSD lot=0.01 price=1.09124 slippage=3 sl=1.09074 tp=1.09224 comment= exp=1493690402
0	01:48:17.655	ax_adv_033_2 USDJPY,M5: USDJPY [BUYSTOP ]:(4109)trade is not allowed in the expert properties USDJPY lot=0.01 price=111.936 slippage=3 sl=111.873 tp=112.062 comment= exp=1493690701
0	01:48:18.275	ax_adv_033_2 EURUSD,M5: EURUSD [SELLSTOP ]:(4109)trade is not allowed in the expert properties EURUSD lot=0.01 price=1.09067 slippage=3 sl=1.09117 tp=1.08967 comment= exp=1493690702
0	01:53:17.456	ax_adv_033_2 USDJPY,M5: USDJPY [BUYSTOP ]:(4109)trade is not allowed in the expert properties USDJPY lot=0.01 price=111.917 slippage=3 sl=111.864 tp=112.023 comment= exp=1493691001
0	01:53:18.666	ax_adv_033_2 EURUSD,M5: EURUSD [SELLSTOP ]:(4109)trade is not allowed in the expert properties EURUSD lot=0.01 price=1.09073 slippage=3 sl=1.09120 tp=1.08979 comment= exp=1493691002
0	01:58:17.746	ax_adv_033_2 USDJPY,M5: USDJPY [BUYSTOP ]:(4109)trade is not allowed in the expert properties USDJPY lot=0.01 price=111.904 slippage=3 sl=111.852 tp=112.008 comment= exp=1493691301
0	01:58:18.156	ax_adv_033_2 EURUSD,M5: EURUSD [SELLSTOP ]:(4109)trade is not allowed in the expert properties EURUSD lot=0.01 price=1.09079 slippage=3 sl=1.09121 tp=1.08995 comment= exp=1493691301
0	02:03:17.867	ax_adv_033_2 EURUSD,M5: EURUSD [SELLSTOP ]:(4109)trade is not allowed in the expert properties EURUSD lot=0.01 price=1.09086 slippage=3 sl=1.09131 tp=1.08996 comment= exp=1493691601
0	02:03:20.057	ax_adv_033_2 USDJPY,M5: USDJPY [BUYSTOP ]:(4109)trade is not allowed in the expert properties USDJPY lot=0.01 price=111.924 slippage=3 sl=111.854 tp=112.064 comment= exp=1493691603
0	02:08:17.397	ax_adv_033_2 EURUSD,M5: EURUSD [SELLSTOP ]:(4109)trade is not allowed in the expert properties EURUSD lot=0.01 price=1.09069 slippage=3 sl=1.09134 tp=1.08939 comment= exp=1493691901
0	02:08:17.587	ax_adv_033_2 USDJPY,M5: USDJPY [BUYSTOP ]:(4109)trade is not allowed in the expert properties USDJPY lot=0.01 price=111.903 slippage=3 sl=111.853 tp=112.003 comment= exp=1493691901
0	02:08:19.787	ax_adv_033_2 GBPUSD,M5: GBPUSD [SELLSTOP ]:(4109)trade is not allowed in the expert properties GBPUSD lot=0.01 price=1.28929 slippage=3 sl=1.28979 tp=1.28829 comment= exp=1493691903
0	02:13:17.478	ax_adv_033_2 USDJPY,M5: USDJPY [BUYSTOP ]:(4109)trade is not allowed in the expert properties USDJPY lot=0.01 price=111.874 slippage=3 sl=111.788 tp=112.046 comment= exp=1493692201
0	02:13:17.488	ax_adv_033_2 EURUSD,M5: EURUSD [SELLSTOP ]:(4109)trade is not allowed in the expert properties EURUSD lot=0.01 price=1.09021 slippage=3 sl=1.09112 tp=1.08839 comment= exp=1493692201
0	02:13:17.908	ax_adv_033_2 GBPUSD,M5: GBPUSD [SELLSTOP ]:(4109)trade is not allowed in the expert properties GBPUSD lot=0.01 price=1.28921 slippage=3 sl=1.28980 tp=1.28803 comment= exp=1493692201
0	02:18:17.328	ax_adv_033_2 GBPUSD,M5: GBPUSD [SELLSTOP ]:(4109)trade is not allowed in the expert properties GBPUSD lot=0.01 price=1.28932 slippage=3 sl=1.28980 tp=1.28836 comment= exp=1493692501
0	02:18:22.678	ax_adv_033_2 USDJPY,M5: USDJPY [BUYSTOP ]:(4109)trade is not allowed in the expert properties USDJPY lot=0.01 price=111.847 slippage=3 sl=111.771 tp=111.999 comment= exp=1493692506
0	02:18:25.138	ax_adv_033_2 EURUSD,M5: EURUSD [SELLSTOP ]:(4109)trade is not allowed in the expert properties EURUSD lot=0.01 price=1.09030 slippage=3 sl=1.09098 tp=1.08894 comment= exp=1493692508
0	02:23:17.408	ax_adv_033_2 USDJPY,M5: USDJPY [BUYSTOP ]:(4109)trade is not allowed in the expert properties USDJPY lot=0.01 price=111.867 slippage=3 sl=111.800 tp=112.001 comment= exp=1493692801
0	02:23:19.628	ax_adv_033_2 GBPUSD,M5: GBPUSD [SELLSTOP ]:(4109)trade is not allowed in the expert properties GBPUSD lot=0.01 price=1.28941 slippage=3 sl=1.28989 tp=1.28845 comment= exp=1493692803
0	02:23:30.118	ax_adv_033_2 EURUSD,M5: EURUSD [SELLSTOP ]:(4109)trade is not allowed in the expert properties EURUSD lot=0.01 price=1.09040 slippage=3 sl=1.09080 tp=1.08960 comment= exp=1493692813
0	02:28:17.979	ax_adv_033_2 GBPUSD,M5: GBPUSD [SELLSTOP ]:(4109)trade is not allowed in the expert properties GBPUSD lot=0.01 price=1.28941 slippage=3 sl=1.28993 tp=1.28837 comment= exp=1493693101
0	02:28:19.829	ax_adv_033_2 EURUSD,M5: EURUSD [SELLSTOP ]:(4109)trade is not allowed in the expert properties EURUSD lot=0.01 price=1.09049 slippage=3 sl=1.09096 tp=1.08955 comment= exp=1493693103
0	02:33:17.449	ax_adv_033_2 GBPUSD,M5: GBPUSD [SELLSTOP ]:(4109)trade is not allowed in the expert properties GBPUSD lot=0.01 price=1.28944 slippage=3 sl=1.28988 tp=1.28856 comment= exp=1493693401
0	02:33:17.659	ax_adv_033_2 EURUSD,M5: EURUSD [BUYSTOP ]:(4109)trade is not allowed in the expert properties EURUSD lot=0.01 price=1.09118 slippage=3 sl=1.09063 tp=1.09228 comment= exp=1493693401
0	02:38:19.940	ax_adv_033_2 GBPUSD,M5: GBPUSD [SELLSTOP ]:(4109)trade is not allowed in the expert properties GBPUSD lot=0.01 price=1.28934 slippage=3 sl=1.28991 tp=1.28820 comment= exp=1493693703
0	02:38:20.140	ax_adv_033_2 EURUSD,M5: EURUSD [SELLSTOP ]:(4109)trade is not allowed in the expert properties EURUSD lot=0.01 price=1.09056 slippage=3 sl=1.09095 tp=1.08978 comment= exp=1493693703
0	02:43:17.480	ax_adv_033_2 GBPUSD,M5: GBPUSD [SELLSTOP ]:(4109)trade is not allowed in the expert properties GBPUSD lot=0.01 price=1.28930 slippage=3 sl=1.28979 tp=1.28832 comment= exp=1493694001
0	02:43:18.280	ax_adv_033_2 USDJPY,M5: USDJPY [SELLSTOP ]:(4109)trade is not allowed in the expert properties USDJPY lot=0.01 price=111.778 slippage=3 sl=111.853 tp=111.628 comment= exp=1493694002
0	02:43:18.880	ax_adv_033_2 EURUSD,M5: EURUSD [SELLSTOP ]:(4109)trade is not allowed in the expert properties EURUSD lot=0.01 price=1.09061 slippage=3 sl=1.09104 tp=1.08975 comment= exp=1493694002
0	02:48:17.720	ax_adv_033_2 USDJPY,M5: USDJPY [SELLSTOP ]:(4109)trade is not allowed in the expert properties USDJPY lot=0.01 price=111.758 slippage=3 sl=111.825 tp=111.624 comment= exp=1493694301
0	02:48:19.970	ax_adv_033_2 EURUSD,M5: EURUSD [SELLSTOP ]:(4109)trade is not allowed in the expert properties EURUSD lot=0.01 price=1.09066 slippage=3 sl=1.09105 tp=1.08988 comment= exp=1493694303
0	02:48:50.100	ax_adv_033_2 GBPUSD,M5: GBPUSD [SELLSTOP ]:(4109)trade is not allowed in the expert properties GBPUSD lot=0.01 price=1.28930 slippage=3 sl=1.28976 tp=1.28838 comment= exp=1493694333
0	02:53:17.441	ax_adv_033_2 USDJPY,M5: USDJPY [SELLSTOP ]:(4109)trade is not allowed in the expert properties USDJPY lot=0.01 price=111.775 slippage=3 sl=111.823 tp=111.679 comment= exp=1493694601
0	02:53:17.851	ax_adv_033_2 GBPUSD,M5: GBPUSD [SELLSTOP ]:(4109)trade is not allowed in the expert properties GBPUSD lot=0.01 price=1.28924 slippage=3 sl=1.28970 tp=1.28832 comment= exp=1493694601
0	02:53:29.291	ax_adv_033_2 EURUSD,M5: EURUSD [SELLSTOP ]:(4109)trade is not allowed in the expert properties EURUSD lot=0.01 price=1.09050 slippage=3 sl=1.09106 tp=1.08938 comment= exp=1493694613
0	02:58:17.321	ax_adv_033_2 EURUSD,M5: EURUSD [BUYSTOP ]:(4109)trade is not allowed in the expert properties EURUSD lot=0.01 price=1.09121 slippage=3 sl=1.09064 tp=1.09235 comment= exp=1493694901
0	02:58:17.321	ax_adv_033_2 USDJPY,M5: USDJPY [SELLSTOP ]:(4109)trade is not allowed in the expert properties USDJPY lot=0.01 price=111.785 slippage=3 sl=111.829 tp=111.697 comment= exp=1493694901
0	02:58:17.321	ax_adv_033_2 GBPUSD,M5: GBPUSD [SELLSTOP ]:(4109)trade is not allowed in the expert properties GBPUSD lot=0.01 price=1.28935 slippage=3 sl=1.28978 tp=1.28849 comment= exp=1493694901
0	03:03:17.572	ax_adv_033_2 EURUSD,M5: EURUSD [BUYSTOP ]:(4109)trade is not allowed in the expert properties EURUSD lot=0.01 price=1.09100 slippage=3 sl=1.09033 tp=1.09234 comment= exp=1493695201
0	03:03:17.762	ax_adv_033_2 USDJPY,M5: USDJPY [SELLSTOP ]:(4109)trade is not allowed in the expert properties USDJPY lot=0.01 price=111.804 slippage=3 sl=111.906 tp=111.600 comment= exp=1493695201
0	03:03:24.842	ax_adv_033_2 GBPUSD,M5: GBPUSD [SELLSTOP ]:(4109)trade is not allowed in the expert properties GBPUSD lot=0.01 price=1.28950 slippage=3 sl=1.28997 tp=1.28856 comment= exp=1493695208
0	03:08:17.682	ax_adv_033_2 EURUSD,M5: EURUSD [BUYSTOP ]:(4109)trade is not allowed in the expert properties EURUSD lot=0.01 price=1.09097 slippage=3 sl=1.09031 tp=1.09229 comment= exp=1493695501
0	03:08:18.872	ax_adv_033_2 USDJPY,M5: USDJPY [SELLSTOP ]:(4109)trade is not allowed in the expert properties USDJPY lot=0.01 price=111.845 slippage=3 sl=111.894 tp=111.747 comment= exp=1493695502
0	03:08:19.072	ax_adv_033_2 GBPUSD,M5: GBPUSD [SELLSTOP ]:(4109)trade is not allowed in the expert properties GBPUSD lot=0.01 price=1.28950 slippage=3 sl=1.28998 tp=1.28854 comment= exp=1493695502
0	03:13:17.363	ax_adv_033_2 GBPUSD,M5: GBPUSD [SELLSTOP ]:(4109)trade is not allowed in the expert properties GBPUSD lot=0.01 price=1.28968 slippage=3 sl=1.29011 tp=1.28882 comment= exp=1493695801
0	03:13:18.373	ax_adv_033_2 EURUSD,M5: EURUSD [BUYSTOP ]:(4109)trade is not allowed in the expert properties EURUSD lot=0.01 price=1.09116 slippage=3 sl=1.09048 tp=1.09252 comment= exp=1493695802
0	03:13:18.763	ax_adv_033_2 USDJPY,M5: USDJPY [SELLSTOP ]:(4109)trade is not allowed in the expert properties USDJPY lot=0.01 price=111.865 slippage=3 sl=111.918 tp=111.759 comment= exp=1493695802
0	03:18:17.553	ax_adv_033_2 USDJPY,M5: USDJPY [SELLSTOP ]:(4109)trade is not allowed in the expert properties USDJPY lot=0.01 price=111.845 slippage=3 sl=111.920 tp=111.695 comment= exp=1493696101
0	03:18:17.553	ax_adv_033_2 GBPUSD,M5: GBPUSD [SELLSTOP ]:(4109)trade is not allowed in the expert properties GBPUSD lot=0.01 price=1.28963 slippage=3 sl=1.29018 tp=1.28853 comment= exp=1493696101
0	03:18:21.173	ax_adv_033_2 EURUSD,M5: EURUSD [BUYSTOP ]:(4109)trade is not allowed in the expert properties EURUSD lot=0.01 price=1.09100 slippage=3 sl=1.09043 tp=1.09214 comment= exp=1493696104
0	03:23:19.663	ax_adv_033_2 GBPUSD,M5: GBPUSD [SELLSTOP ]:(4109)trade is not allowed in the expert properties GBPUSD lot=0.01 price=1.28962 slippage=3 sl=1.29013 tp=1.28860 comment= exp=1493696403
0	03:28:19.544	ax_adv_033_2 GBPUSD,M5: GBPUSD [SELLSTOP ]:(4109)trade is not allowed in the expert properties GBPUSD lot=0.01 price=1.28981 slippage=3 sl=1.29025 tp=1.28893 comment= exp=1493696703
0	03:33:17.734	ax_adv_033_2 GBPUSD,M5: GBPUSD [SELLSTOP ]:(4109)trade is not allowed in the expert properties GBPUSD lot=0.01 price=1.28987 slippage=3 sl=1.29039 tp=1.28883 comment= exp=1493697001
0	03:38:17.515	ax_adv_033_2 GBPUSD,M5: GBPUSD [SELLSTOP ]:(4109)trade is not allowed in the expert properties GBPUSD lot=0.01 price=1.28990 slippage=3 sl=1.29032 tp=1.28906 comment= exp=1493697301
0	03:38:18.985	ax_adv_033_2 USDJPY,M5: USDJPY [BUYSTOP ]:(4109)trade is not allowed in the expert properties USDJPY lot=0.01 price=111.948 slippage=3 sl=111.858 tp=112.128 comment= exp=1493697302
0	03:43:17.575	ax_adv_033_2 USDJPY,M5: USDJPY [BUYSTOP ]:(4109)trade is not allowed in the expert properties USDJPY lot=0.01 price=111.993 slippage=3 sl=111.901 tp=112.177 comment= exp=1493697601
0	03:43:17.575	ax_adv_033_2 GBPUSD,M5: GBPUSD [SELLSTOP ]:(4109)trade is not allowed in the expert properties GBPUSD lot=0.01 price=1.28983 slippage=3 sl=1.29035 tp=1.28879 comment= exp=1493697601
0	03:48:18.085	ax_adv_033_2 GBPUSD,M5: GBPUSD [SELLSTOP ]:(4109)trade is not allowed in the expert properties GBPUSD lot=0.01 price=1.28982 slippage=3 sl=1.29035 tp=1.28876 comment= exp=1493697901
0	03:48:18.485	ax_adv_033_2 USDJPY,M5: USDJPY [BUYSTOP ]:(4109)trade is not allowed in the expert properties USDJPY lot=0.01 price=111.971 slippage=3 sl=111.875 tp=112.163 comment= exp=1493697902
0	03:48:19.715	ax_adv_033_2 EURUSD,M5: EURUSD [BUYSTOP ]:(4109)trade is not allowed in the expert properties EURUSD lot=0.01 price=1.09132 slippage=3 sl=1.09076 tp=1.09244 comment= exp=1493697903
0	03:53:17.376	ax_adv_033_2 GBPUSD,M5: GBPUSD [SELLSTOP ]:(4109)trade is not allowed in the expert properties GBPUSD lot=0.01 price=1.28998 slippage=3 sl=1.29074 tp=1.28846 comment= exp=1493698201
0	03:53:17.386	ax_adv_033_2 USDJPY,M5: USDJPY [BUYSTOP ]:(4109)trade is not allowed in the expert properties USDJPY lot=0.01 price=111.973 slippage=3 sl=111.835 tp=112.249 comment= exp=1493698201
0	03:53:17.386	ax_adv_033_2 EURUSD,M5: EURUSD [BUYSTOP ]:(4109)trade is not allowed in the expert properties EURUSD lot=0.01 price=1.09115 slippage=3 sl=1.09066 tp=1.09213 comment= exp=1493698201
0	03:58:17.386	ax_adv_033_2 GBPUSD,M5: GBPUSD [SELLSTOP ]:(4109)trade is not allowed in the expert properties GBPUSD lot=0.01 price=1.29009 slippage=3 sl=1.29051 tp=1.28925 comment= exp=1493698501
0	03:58:17.386	ax_adv_033_2 USDJPY,M5: USDJPY [BUYSTOP ]:(4109)trade is not allowed in the expert properties USDJPY lot=0.01 price=111.938 slippage=3 sl=111.858 tp=112.098 comment= exp=1493698501
0	03:58:17.386	ax_adv_033_2 EURUSD,M5: EURUSD [BUYSTOP ]:(4109)trade is not allowed in the expert properties EURUSD lot=0.01 price=1.09108 slippage=3 sl=1.09046 tp=1.09232 comment= exp=1493698501
0	04:03:17.547	ax_adv_033_2 EURUSD,M5: EURUSD [BUYSTOP ]:(4109)trade is not allowed in the expert properties EURUSD lot=0.01 price=1.09111 slippage=3 sl=1.09052 tp=1.09229 comment= exp=1493698801
0	04:03:17.937	ax_adv_033_2 USDJPY,M5: USDJPY [BUYSTOP ]:(4109)trade is not allowed in the expert properties USDJPY lot=0.01 price=111.953 slippage=3 sl=111.888 tp=112.083 comment= exp=1493698801
0	04:03:20.917	ax_adv_033_2 GBPUSD,M5: GBPUSD [SELLSTOP ]:(4109)trade is not allowed in the expert properties GBPUSD lot=0.01 price=1.29016 slippage=3 sl=1.29058 tp=1.28932 comment= exp=1493698804
0	04:08:18.767	ax_adv_033_2 USDJPY,M5: USDJPY [BUYSTOP ]:(4109)trade is not allowed in the expert properties USDJPY lot=0.01 price=111.931 slippage=3 sl=111.851 tp=112.091 comment= exp=1493699102
0	04:08:18.977	ax_adv_033_2 EURUSD,M5: EURUSD [BUYSTOP ]:(4109)trade is not allowed in the expert properties EURUSD lot=0.01 price=1.09108 slippage=3 sl=1.09058 tp=1.09208 comment= exp=1493699102
0	04:08:20.567	ax_adv_033_2 GBPUSD,M5: GBPUSD [SELLSTOP ]:(4109)trade is not allowed in the expert properties GBPUSD lot=0.01 price=1.29009 slippage=3 sl=1.29061 tp=1.28905 comment= exp=1493699104
0	04:13:17.578	ax_adv_033_2 GBPUSD,M5: GBPUSD [SELLSTOP ]:(4109)trade is not allowed in the expert properties GBPUSD lot=0.01 price=1.29011 slippage=3 sl=1.29056 tp=1.28921 comment= exp=1493699401
0	04:13:17.778	ax_adv_033_2 USDJPY,M5: USDJPY [BUYSTOP ]:(4109)trade is not allowed in the expert properties USDJPY lot=0.01 price=111.975 slippage=3 sl=111.861 tp=112.203 comment= exp=1493699401
0	04:18:17.348	ax_adv_033_2 USDJPY,M5: USDJPY [BUYSTOP ]:(4109)trade is not allowed in the expert properties USDJPY lot=0.01 price=111.985 slippage=3 sl=111.899 tp=112.157 comment= exp=1493699701
0	04:18:18.138	ax_adv_033_2 GBPUSD,M5: GBPUSD [SELLSTOP ]:(4109)trade is not allowed in the expert properties GBPUSD lot=0.01 price=1.29005 slippage=3 sl=1.29052 tp=1.28911 comment= exp=1493699701
0	04:23:17.528	ax_adv_033_2 USDJPY,M5: USDJPY [BUYSTOP ]:(4109)trade is not allowed in the expert properties USDJPY lot=0.01 price=111.965 slippage=3 sl=111.900 tp=112.095 comment= exp=1493700001
0	04:23:18.748	ax_adv_033_2 GBPUSD,M5: GBPUSD [SELLSTOP ]:(4109)trade is not allowed in the expert properties GBPUSD lot=0.01 price=1.29009 slippage=3 sl=1.29051 tp=1.28925 comment= exp=1493700002
0	04:28:17.269	ax_adv_033_2 USDJPY,M5: USDJPY [BUYSTOP ]:(4109)trade is not allowed in the expert properties USDJPY lot=0.01 price=111.974 slippage=3 sl=111.920 tp=112.082 comment= exp=1493700301
0	04:28:17.269	ax_adv_033_2 GBPUSD,M5: GBPUSD [SELLSTOP ]:(4109)trade is not allowed in the expert properties GBPUSD lot=0.01 price=1.28989 slippage=3 sl=1.29051 tp=1.28865 comment= exp=1493700301
0	04:33:20.209	ax_adv_033_2 USDJPY,M5: USDJPY [BUYSTOP ]:(4109)trade is not allowed in the expert properties USDJPY lot=0.01 price=111.967 slippage=3 sl=111.918 tp=112.065 comment= exp=1493700604
0	04:33:20.209	ax_adv_033_2 GBPUSD,M5: GBPUSD [SELLSTOP ]:(4109)trade is not allowed in the expert properties GBPUSD lot=0.01 price=1.28997 slippage=3 sl=1.29038 tp=1.28915 comment= exp=1493700604
0	04:38:17.630	ax_adv_033_2 EURUSD,M5: EURUSD [BUYSTOP ]:(4109)trade is not allowed in the expert properties EURUSD lot=0.01 price=1.09140 slippage=3 sl=1.09086 tp=1.09248 comment= exp=1493700901
0	04:38:17.820	ax_adv_033_2 USDJPY,M5: USDJPY [BUYSTOP ]:(4109)trade is not allowed in the expert properties USDJPY lot=0.01 price=111.988 slippage=3 sl=111.919 tp=112.126 comment= exp=1493700901
0	04:38:19.330	ax_adv_033_2 GBPUSD,M5: GBPUSD [BUYSTOP ]:(4109)trade is not allowed in the expert properties GBPUSD lot=0.01 price=1.29066 slippage=3 sl=1.29015 tp=1.29168 comment= exp=1493700903
0	04:43:17.380	ax_adv_033_2 GBPUSD,M5: GBPUSD [BUYSTOP ]:(4109)trade is not allowed in the expert properties GBPUSD lot=0.01 price=1.29042 slippage=3 sl=1.28994 tp=1.29138 comment= exp=1493701201
0	04:43:17.390	ax_adv_033_2 USDJPY,M5: USDJPY [BUYSTOP ]:(4109)trade is not allowed in the expert properties USDJPY lot=0.01 price=111.982 slippage=3 sl=111.923 tp=112.100 comment= exp=1493701201
0	04:43:17.390	ax_adv_033_2 EURUSD,M5: EURUSD [BUYSTOP ]:(4109)trade is not allowed in the expert properties EURUSD lot=0.01 price=1.09135 slippage=3 sl=1.09087 tp=1.09231 comment= exp=1493701201
0	04:48:17.881	ax_adv_033_2 USDJPY,M5: USDJPY [BUYSTOP ]:(4109)trade is not allowed in the expert properties USDJPY lot=0.01 price=111.959 slippage=3 sl=111.849 tp=112.179 comment= exp=1493701501
0	04:48:17.891	ax_adv_033_2 EURUSD,M5: EURUSD [BUYSTOP ]:(4109)trade is not allowed in the expert properties EURUSD lot=0.01 price=1.09116 slippage=3 sl=1.09066 tp=1.09216 comment= exp=1493701501
0	04:48:18.081	ax_adv_033_2 GBPUSD,M5: GBPUSD [BUYSTOP ]:(4109)trade is not allowed in the expert properties GBPUSD lot=0.01 price=1.29044 slippage=3 sl=1.28997 tp=1.29138 comment= exp=1493701501
0	04:53:17.681	ax_adv_033_2 GBPUSD,M5: GBPUSD [BUYSTOP ]:(4109)trade is not allowed in the expert properties GBPUSD lot=0.01 price=1.29035 slippage=3 sl=1.28988 tp=1.29129 comment= exp=1493701801
0	04:53:17.691	ax_adv_033_2 EURUSD,M5: EURUSD [BUYSTOP ]:(4109)trade is not allowed in the expert properties EURUSD lot=0.01 price=1.09138 slippage=3 sl=1.09066 tp=1.09282 comment= exp=1493701801
0	04:53:17.881	ax_adv_033_2 USDJPY,M5: USDJPY [BUYSTOP ]:(4109)trade is not allowed in the expert properties USDJPY lot=0.01 price=111.937 slippage=3 sl=111.856 tp=112.099 comment= exp=1493701801
0	04:58:17.301	ax_adv_033_2 GBPUSD,M5: GBPUSD [BUYSTOP ]:(4109)trade is not allowed in the expert properties GBPUSD lot=0.01 price=1.29013 slippage=3 sl=1.28956 tp=1.29127 comment= exp=1493702101
0	04:58:17.301	ax_adv_033_2 EURUSD,M5: EURUSD [BUYSTOP ]:(4109)trade is not allowed in the expert properties EURUSD lot=0.01 price=1.09119 slippage=3 sl=1.09068 tp=1.09221 comment= exp=1493702101
0	04:58:18.691	ax_adv_033_2 USDJPY,M5: USDJPY [BUYSTOP ]:(4109)trade is not allowed in the expert properties USDJPY lot=0.01 price=111.926 slippage=3 sl=111.860 tp=112.058 comment= exp=1493702102
0	05:03:17.492	ax_adv_033_2 USDJPY,M5: USDJPY [BUYSTOP ]:(4109)trade is not allowed in the expert properties USDJPY lot=0.01 price=111.975 slippage=3 sl=111.865 tp=112.195 comment= exp=1493702401
0	05:03:17.702	ax_adv_033_2 GBPUSD,M5: GBPUSD [SELLSTOP ]:(4109)trade is not allowed in the expert properties GBPUSD lot=0.01 price=1.28881 slippage=3 sl=1.28992 tp=1.28659 comment= exp=1493702401
0	05:08:18.352	ax_adv_033_2 EURUSD,M5: EURUSD [BUYSTOP ]:(4109)trade is not allowed in the expert properties EURUSD lot=0.01 price=1.09098 slippage=3 sl=1.09040 tp=1.09214 comment= exp=1493702702
0	05:18:19.033	ax_adv_033_2 USDJPY,M5: USDJPY [BUYSTOP ]:(4109)trade is not allowed in the expert properties USDJPY lot=0.01 price=111.936 slippage=3 sl=111.880 tp=112.048 comment= exp=1493703302
0	05:23:20.513	ax_adv_033_2 USDJPY,M5: USDJPY [BUYSTOP ]:(4109)trade is not allowed in the expert properties USDJPY lot=0.01 price=111.946 slippage=3 sl=111.876 tp=112.086 comment= exp=1493703604
0	05:28:18.334	ax_adv_033_2 GBPUSD,M5: GBPUSD [SELLSTOP ]:(4109)trade is not allowed in the expert properties GBPUSD lot=0.01 price=1.29010 slippage=3 sl=1.29068 tp=1.28894 comment= exp=1493703902
0	05:28:18.344	ax_adv_033_2 USDJPY,M5: USDJPY [BUYSTOP ]:(4109)trade is not allowed in the expert properties USDJPY lot=0.01 price=111.924 slippage=3 sl=111.847 tp=112.078 comment= exp=1493703902
0	05:33:17.384	ax_adv_033_2 GBPUSD,M5: GBPUSD [SELLSTOP ]:(4109)trade is not allowed in the expert properties GBPUSD lot=0.01 price=1.29002 slippage=3 sl=1.29052 tp=1.28902 comment= exp=1493704201
0	05:33:17.584	ax_adv_033_2 USDJPY,M5: USDJPY [BUYSTOP ]:(4109)trade is not allowed in the expert properties USDJPY lot=0.01 price=111.896 slippage=3 sl=111.829 tp=112.030 comment= exp=1493704201
0	05:33:18.194	ax_adv_033_2 EURUSD,M5: EURUSD [SELLSTOP ]:(4109)trade is not allowed in the expert properties EURUSD lot=0.01 price=1.09071 slippage=3 sl=1.09116 tp=1.08981 comment= exp=1493704202
0	05:48:22.826	ax_adv_033_2 EURUSD,M5: EURUSD [BUYSTOP ]:(4109)trade is not allowed in the expert properties EURUSD lot=0.01 price=1.09138 slippage=3 sl=1.09082 tp=1.09250 comment= exp=1493705106
0	05:48:23.046	ax_adv_033_2 GBPUSD,M5: GBPUSD [BUYSTOP ]:(4109)trade is not allowed in the expert properties GBPUSD lot=0.01 price=1.29096 slippage=3 sl=1.29040 tp=1.29208 comment= exp=1493705106
0	05:53:17.916	ax_adv_033_2 EURUSD,M5: EURUSD [BUYSTOP ]:(4109)trade is not allowed in the expert properties EURUSD lot=0.01 price=1.09138 slippage=3 sl=1.09084 tp=1.09246 comment= exp=1493705401
0	05:53:18.516	ax_adv_033_2 GBPUSD,M5: GBPUSD [BUYSTOP ]:(4109)trade is not allowed in the expert properties GBPUSD lot=0.01 price=1.29095 slippage=3 sl=1.29046 tp=1.29193 comment= exp=1493705402
0	05:58:17.896	ax_adv_033_2 USDJPY,M5: USDJPY [SELLSTOP ]:(4109)trade is not allowed in the expert properties USDJPY lot=0.01 price=111.828 slippage=3 sl=111.875 tp=111.734 comment= exp=1493705701
0	05:58:18.596	ax_adv_033_2 EURUSD,M5: EURUSD [BUYSTOP ]:(4109)trade is not allowed in the expert properties EURUSD lot=0.01 price=1.09145 slippage=3 sl=1.09086 tp=1.09263 comment= exp=1493705702
0	05:58:19.786	ax_adv_033_2 GBPUSD,M5: GBPUSD [BUYSTOP ]:(4109)trade is not allowed in the expert properties GBPUSD lot=0.01 price=1.29116 slippage=3 sl=1.29046 tp=1.29256 comment= exp=1493705703
0	06:03:18.957	ax_adv_033_2 GBPUSD,M5: GBPUSD [BUYSTOP ]:(4109)trade is not allowed in the expert properties GBPUSD lot=0.01 price=1.29114 slippage=3 sl=1.29062 tp=1.29218 comment= exp=1493706002
0	06:03:19.157	ax_adv_033_2 USDJPY,M5: USDJPY [SELLSTOP ]:(4109)trade is not allowed in the expert properties USDJPY lot=0.01 price=111.839 slippage=3 sl=111.886 tp=111.745 comment= exp=1493706002
0	06:03:26.967	ax_adv_033_2 EURUSD,M5: EURUSD [BUYSTOP ]:(4109)trade is not allowed in the expert properties EURUSD lot=0.01 price=1.09160 slippage=3 sl=1.09098 tp=1.09284 comment= exp=1493706010
0	06:08:17.737	ax_adv_033_2 USDJPY,M5: USDJPY [SELLSTOP ]:(4109)trade is not allowed in the expert properties USDJPY lot=0.01 price=111.847 slippage=3 sl=111.888 tp=111.765 comment= exp=1493706301
0	06:08:17.737	ax_adv_033_2 GBPUSD,M5: GBPUSD [BUYSTOP ]:(4109)trade is not allowed in the expert properties GBPUSD lot=0.01 price=1.29091 slippage=3 sl=1.29040 tp=1.29193 comment= exp=1493706301
0	06:08:37.187	ax_adv_033_2 EURUSD,M5: EURUSD [BUYSTOP ]:(4109)trade is not allowed in the expert properties EURUSD lot=0.01 price=1.09156 slippage=3 sl=1.09105 tp=1.09258 comment= exp=1493706320
0	06:13:18.468	ax_adv_033_2 EURUSD,M5: EURUSD [BUYSTOP ]:(4109)trade is not allowed in the expert properties EURUSD lot=0.01 price=1.09171 slippage=3 sl=1.09110 tp=1.09293 comment= exp=1493706602
0	06:13:20.058	ax_adv_033_2 GBPUSD,M5: GBPUSD [BUYSTOP ]:(4109)trade is not allowed in the expert properties GBPUSD lot=0.01 price=1.29097 slippage=3 sl=1.29046 tp=1.29199 comment= exp=1493706603
0	06:18:24.208	ax_adv_033_2 EURUSD,M5: EURUSD [SELLSTOP ]:(4109)trade is not allowed in the expert properties EURUSD lot=0.01 price=1.09110 slippage=3 sl=1.09151 tp=1.09028 comment= exp=1493706907
0	06:18:24.608	ax_adv_033_2 GBPUSD,M5: GBPUSD [BUYSTOP ]:(4109)trade is not allowed in the expert properties GBPUSD lot=0.01 price=1.29107 slippage=3 sl=1.29039 tp=1.29243 comment= exp=1493706908
0	06:18:27.088	ax_adv_033_2 USDJPY,M5: USDJPY [SELLSTOP ]:(4109)trade is not allowed in the expert properties USDJPY lot=0.01 price=111.825 slippage=3 sl=111.882 tp=111.711 comment= exp=1493706910
0	06:23:17.969	ax_adv_033_2 EURUSD,M5: EURUSD [SELLSTOP ]:(4109)trade is not allowed in the expert properties EURUSD lot=0.01 price=1.09125 slippage=3 sl=1.09168 tp=1.09039 comment= exp=1493707201
0	06:23:18.359	ax_adv_033_2 USDJPY,M5: USDJPY [SELLSTOP ]:(4109)trade is not allowed in the expert properties USDJPY lot=0.01 price=111.827 slippage=3 sl=111.874 tp=111.733 comment= exp=1493707202
0	06:23:22.849	ax_adv_033_2 GBPUSD,M5: GBPUSD [BUYSTOP ]:(4109)trade is not allowed in the expert properties GBPUSD lot=0.01 price=1.29098 slippage=3 sl=1.29050 tp=1.29194 comment= exp=1493707206
0	06:28:18.179	ax_adv_033_2 GBPUSD,M5: GBPUSD [BUYSTOP ]:(4109)trade is not allowed in the expert properties GBPUSD lot=0.01 price=1.29107 slippage=3 sl=1.29048 tp=1.29225 comment= exp=1493707501
0	06:28:21.819	ax_adv_033_2 EURUSD,M5: EURUSD [SELLSTOP ]:(4109)trade is not allowed in the expert properties EURUSD lot=0.01 price=1.09135 slippage=3 sl=1.09184 tp=1.09037 comment= exp=1493707505
0	06:33:17.299	ax_adv_033_2 GBPUSD,M5: GBPUSD [BUYSTOP ]:(4109)trade is not allowed in the expert properties GBPUSD lot=0.01 price=1.29103 slippage=3 sl=1.29054 tp=1.29201 comment= exp=1493707801
0	06:33:17.499	ax_adv_033_2 EURUSD,M5: EURUSD [SELLSTOP ]:(4109)trade is not allowed in the expert properties EURUSD lot=0.01 price=1.09124 slippage=3 sl=1.09181 tp=1.09010 comment= exp=1493707801
0	06:38:19.090	ax_adv_033_2 EURUSD,M5: EURUSD [SELLSTOP ]:(4109)trade is not allowed in the expert properties EURUSD lot=0.01 price=1.09122 slippage=3 sl=1.09165 tp=1.09036 comment= exp=1493708102
0	06:38:19.090	ax_adv_033_2 GBPUSD,M5: GBPUSD [BUYSTOP ]:(4109)trade is not allowed in the expert properties GBPUSD lot=0.01 price=1.29102 slippage=3 sl=1.29038 tp=1.29230 comment= exp=1493708102
0	06:43:19.770	ax_adv_033_2 GBPUSD,M5: GBPUSD [BUYSTOP ]:(4109)trade is not allowed in the expert properties GBPUSD lot=0.01 price=1.29078 slippage=3 sl=1.29032 tp=1.29170 comment= exp=1493708403
0	06:43:19.780	ax_adv_033_2 EURUSD,M5: EURUSD [SELLSTOP ]:(4109)trade is not allowed in the expert properties EURUSD lot=0.01 price=1.09109 slippage=3 sl=1.09163 tp=1.09001 comment= exp=1493708403
0	06:48:17.351	ax_adv_033_2 EURUSD,M5: EURUSD [SELLSTOP ]:(4109)trade is not allowed in the expert properties EURUSD lot=0.01 price=1.09115 slippage=3 sl=1.09163 tp=1.09019 comment= exp=1493708701
0	06:48:18.161	ax_adv_033_2 GBPUSD,M5: GBPUSD [BUYSTOP ]:(4109)trade is not allowed in the expert properties GBPUSD lot=0.01 price=1.29083 slippage=3 sl=1.29031 tp=1.29187 comment= exp=1493708701
0	06:53:21.611	ax_adv_033_2 GBPUSD,M5: GBPUSD [BUYSTOP ]:(4109)trade is not allowed in the expert properties GBPUSD lot=0.01 price=1.29084 slippage=3 sl=1.29037 tp=1.29178 comment= exp=1493709005
0	06:53:21.621	ax_adv_033_2 EURUSD,M5: EURUSD [SELLSTOP ]:(4109)trade is not allowed in the expert properties EURUSD lot=0.01 price=1.09120 slippage=3 sl=1.09166 tp=1.09028 comment= exp=1493709005
0	06:58:18.761	ax_adv_033_2 EURUSD,M5: EURUSD [SELLSTOP ]:(4109)trade is not allowed in the expert properties EURUSD lot=0.01 price=1.09122 slippage=3 sl=1.09169 tp=1.09028 comment= exp=1493709302
0	07:03:17.692	ax_adv_033_2 EURUSD,M5: EURUSD [BUYSTOP ]:(4109)trade is not allowed in the expert properties EURUSD lot=0.01 price=1.09185 slippage=3 sl=1.09140 tp=1.09275 comment= exp=1493709601
0	07:03:17.692	ax_adv_033_2 GBPUSD,M5: GBPUSD [BUYSTOP ]:(4109)trade is not allowed in the expert properties GBPUSD lot=0.01 price=1.29087 slippage=3 sl=1.29037 tp=1.29187 comment= exp=1493709601
0	07:08:17.532	ax_adv_033_2 GBPUSD,M5: GBPUSD [BUYSTOP ]:(4109)trade is not allowed in the expert properties GBPUSD lot=0.01 price=1.29090 slippage=3 sl=1.29036 tp=1.29198 comment= exp=1493709901
0	07:08:17.932	ax_adv_033_2 USDJPY,M5: USDJPY [SELLSTOP ]:(4109)trade is not allowed in the expert properties USDJPY lot=0.01 price=111.852 slippage=3 sl=111.897 tp=111.762 comment= exp=1493709901
0	07:08:23.252	ax_adv_033_2 EURUSD,M5: EURUSD [BUYSTOP ]:(4109)trade is not allowed in the expert properties EURUSD lot=0.01 price=1.09180 slippage=3 sl=1.09135 tp=1.09270 comment= exp=1493709907
0	07:13:17.733	ax_adv_033_2 USDJPY,M5: USDJPY [SELLSTOP ]:(4109)trade is not allowed in the expert properties USDJPY lot=0.01 price=111.871 slippage=3 sl=111.919 tp=111.775 comment= exp=1493710201
0	07:13:19.003	ax_adv_033_2 EURUSD,M5: EURUSD [BUYSTOP ]:(4109)trade is not allowed in the expert properties EURUSD lot=0.01 price=1.09165 slippage=3 sl=1.09119 tp=1.09257 comment= exp=1493710202
0	07:18:27.463	ax_adv_033_2 GBPUSD,M5: GBPUSD [BUYSTOP ]:(4109)trade is not allowed in the expert properties GBPUSD lot=0.01 price=1.29006 slippage=3 sl=1.28956 tp=1.29106 comment= exp=1493710511
0	07:18:41.113	ax_adv_033_2 EURUSD,M5: EURUSD [BUYSTOP ]:(4109)trade is not allowed in the expert properties EURUSD lot=0.01 price=1.09161 slippage=3 sl=1.09110 tp=1.09263 comment= exp=1493710524
0	07:23:19.034	ax_adv_033_2 GBPUSD,M5: GBPUSD [BUYSTOP ]:(4109)trade is not allowed in the expert properties GBPUSD lot=0.01 price=1.29009 slippage=3 sl=1.28957 tp=1.29113 comment= exp=1493710802
0	07:23:27.434	ax_adv_033_2 EURUSD,M5: EURUSD [BUYSTOP ]:(4109)trade is not allowed in the expert properties EURUSD lot=0.01 price=1.09159 slippage=3 sl=1.09112 tp=1.09253 comment= exp=1493710811
0	07:28:19.424	ax_adv_033_2 EURUSD,M5: EURUSD [BUYSTOP ]:(4109)trade is not allowed in the expert properties EURUSD lot=0.01 price=1.09166 slippage=3 sl=1.09111 tp=1.09276 comment= exp=1493711103
0	07:33:18.254	ax_adv_033_2 EURUSD,M5: EURUSD [BUYSTOP ]:(4109)trade is not allowed in the expert properties EURUSD lot=0.01 price=1.09166 slippage=3 sl=1.09114 tp=1.09270 comment= exp=1493711402
0	07:38:20.545	ax_adv_033_2 USDJPY,M5: USDJPY [BUYSTOP ]:(4109)trade is not allowed in the expert properties USDJPY lot=0.01 price=111.929 slippage=3 sl=111.882 tp=112.023 comment= exp=1493711704
0	07:43:21.575	ax_adv_033_2 USDJPY,M5: USDJPY [BUYSTOP ]:(4109)trade is not allowed in the expert properties USDJPY lot=0.01 price=111.925 slippage=3 sl=111.869 tp=112.037 comment= exp=1493712005
0	07:43:31.005	ax_adv_033_2 GBPUSD,M5: GBPUSD [SELLSTOP ]:(4109)trade is not allowed in the expert properties GBPUSD lot=0.01 price=1.28938 slippage=3 sl=1.28992 tp=1.28830 comment= exp=1493712014
0	07:48:17.286	ax_adv_033_2 USDJPY,M5: USDJPY [BUYSTOP ]:(4109)trade is not allowed in the expert properties USDJPY lot=0.01 price=111.911 slippage=3 sl=111.840 tp=112.053 comment= exp=1493712301
0	07:48:17.686	ax_adv_033_2 GBPUSD,M5: GBPUSD [SELLSTOP ]:(4109)trade is not allowed in the expert properties GBPUSD lot=0.01 price=1.28929 slippage=3 sl=1.28979 tp=1.28829 comment= exp=1493712301
0	07:53:19.566	ax_adv_033_2 USDJPY,M5: USDJPY [BUYSTOP ]:(4109)trade is not allowed in the expert properties USDJPY lot=0.01 price=111.898 slippage=3 sl=111.839 tp=112.016 comment= exp=1493712603
0	07:53:19.966	ax_adv_033_2 GBPUSD,M5: GBPUSD [SELLSTOP ]:(4109)trade is not allowed in the expert properties GBPUSD lot=0.01 price=1.28932 slippage=3 sl=1.28974 tp=1.28848 comment= exp=1493712603
0	07:58:16.356	ax_adv_033_2 USDJPY,M5: USDJPY [BUYSTOP ]:(4109)trade is not allowed in the expert properties USDJPY lot=0.01 price=111.926 slippage=3 sl=111.852 tp=112.074 comment= exp=1493712901
0	07:58:18.666	ax_adv_033_2 GBPUSD,M5: GBPUSD [SELLSTOP ]:(4109)trade is not allowed in the expert properties GBPUSD lot=0.01 price=1.28899 slippage=3 sl=1.28976 tp=1.28745 comment= exp=1493712903
0	08:03:17.487	ax_adv_033_2 GBPUSD,M5: GBPUSD [SELLSTOP ]:(4109)trade is not allowed in the expert properties GBPUSD lot=0.01 price=1.28885 slippage=3 sl=1.28945 tp=1.28765 comment= exp=1493713202
0	08:08:20.707	ax_adv_033_2 GBPUSD,M5: GBPUSD [BUYSTOP ]:(4109)trade is not allowed in the expert properties GBPUSD lot=0.01 price=1.28965 slippage=3 sl=1.28900 tp=1.29095 comment= exp=1493713505
0	08:13:25.008	ax_adv_033_2 GBPUSD,M5: GBPUSD [SELLSTOP ]:(4109)trade is not allowed in the expert properties GBPUSD lot=0.01 price=1.28913 slippage=3 sl=1.28956 tp=1.28827 comment= exp=1493713809
0	08:18:24.498	ax_adv_033_2 GBPUSD,M5: GBPUSD [SELLSTOP ]:(4109)trade is not allowed in the expert properties GBPUSD lot=0.01 price=1.28931 slippage=3 sl=1.28980 tp=1.28833 comment= exp=1493714109
0	08:23:18.069	ax_adv_033_2 GBPUSD,M5: GBPUSD [SELLSTOP ]:(4109)trade is not allowed in the expert properties GBPUSD lot=0.01 price=1.28939 slippage=3 sl=1.28985 tp=1.28847 comment= exp=1493714402
0	08:28:16.479	ax_adv_033_2 GBPUSD,M5: GBPUSD [SELLSTOP ]:(4109)trade is not allowed in the expert properties GBPUSD lot=0.01 price=1.28960 slippage=3 sl=1.29037 tp=1.28806 comment= exp=1493714701
0	08:33:16.849	ax_adv_033_2 GBPUSD,M5: GBPUSD [SELLSTOP ]:(4109)trade is not allowed in the expert properties GBPUSD lot=0.01 price=1.28961 slippage=3 sl=1.29007 tp=1.28869 comment= exp=1493715001
0	08:33:16.859	ax_adv_033_2 EURUSD,M5: EURUSD [BUYSTOP ]:(4109)trade is not allowed in the expert properties EURUSD lot=0.01 price=1.09251 slippage=3 sl=1.09202 tp=1.09349 comment= exp=1493715001
0	08:38:17.310	ax_adv_033_2 USDJPY,M5: USDJPY [BUYSTOP ]:(4109)trade is not allowed in the expert properties USDJPY lot=0.01 price=112.022 slippage=3 sl=111.973 tp=112.120 comment= exp=1493715302
0	08:38:19.280	ax_adv_033_2 EURUSD,M5: EURUSD [BUYSTOP ]:(4109)trade is not allowed in the expert properties EURUSD lot=0.01 price=1.09251 slippage=3 sl=1.09200 tp=1.09353 comment= exp=1493715304
0	08:38:19.470	ax_adv_033_2 GBPUSD,M5: GBPUSD [SELLSTOP ]:(4109)trade is not allowed in the expert properties GBPUSD lot=0.01 price=1.28956 slippage=3 sl=1.29012 tp=1.28844 comment= exp=1493715304
0	08:43:16.610	ax_adv_033_2 GBPUSD,M5: GBPUSD [SELLSTOP ]:(4109)trade is not allowed in the expert properties GBPUSD lot=0.01 price=1.28930 slippage=3 sl=1.29021 tp=1.28748 comment= exp=1493715601
0	08:43:17.010	ax_adv_033_2 USDJPY,M5: USDJPY [BUYSTOP ]:(4109)trade is not allowed in the expert properties USDJPY lot=0.01 price=112.025 slippage=3 sl=111.973 tp=112.129 comment= exp=1493715601
0	08:43:17.220	ax_adv_033_2 EURUSD,M5: EURUSD [BUYSTOP ]:(4109)trade is not allowed in the expert properties EURUSD lot=0.01 price=1.09251 slippage=3 sl=1.09201 tp=1.09351 comment= exp=1493715601
0	08:48:22.821	ax_adv_033_2 EURUSD,M5: EURUSD [BUYSTOP ]:(4109)trade is not allowed in the expert properties EURUSD lot=0.01 price=1.09255 slippage=3 sl=1.09199 tp=1.09367 comment= exp=1493715907
0	08:53:16.501	ax_adv_033_2 EURUSD,M5: EURUSD [BUYSTOP ]:(4109)trade is not allowed in the expert properties EURUSD lot=0.01 price=1.09246 slippage=3 sl=1.09198 tp=1.09342 comment= exp=1493716201
0	08:58:16.702	ax_adv_033_2 EURUSD,M5: EURUSD [BUYSTOP ]:(4109)trade is not allowed in the expert properties EURUSD lot=0.01 price=1.09223 slippage=3 sl=1.09174 tp=1.09321 comment= exp=1493716501
0	09:03:16.570	ax_adv_033_2 EURUSD,M5: EURUSD [BUYSTOP ]:(4109)trade is not allowed in the expert properties EURUSD lot=0.01 price=1.09195 slippage=3 sl=1.09125 tp=1.09335 comment= exp=1493716801
0	09:08:16.934	ax_adv_033_2 EURUSD,M5: EURUSD [BUYSTOP ]:(4109)trade is not allowed in the expert properties EURUSD lot=0.01 price=1.09219 slippage=3 sl=1.09130 tp=1.09397 comment= exp=1493717101
0	09:13:16.491	ax_adv_033_2 USDJPY,M5: USDJPY [BUYSTOP ]:(4109)trade is not allowed in the expert properties USDJPY lot=0.01 price=112.115 slippage=3 sl=112.044 tp=112.257 comment= exp=1493717401
0	09:13:16.704	ax_adv_033_2 EURUSD,M5: EURUSD [BUYSTOP ]:(4109)trade is not allowed in the expert properties EURUSD lot=0.01 price=1.09237 slippage=3 sl=1.09166 tp=1.09379 comment= exp=1493717401
0	09:18:16.819	ax_adv_033_2 EURUSD,M5: EURUSD [BUYSTOP ]:(4109)trade is not allowed in the expert properties EURUSD lot=0.01 price=1.09235 slippage=3 sl=1.09189 tp=1.09327 comment= exp=1493717701
0	09:18:17.810	ax_adv_033_2 USDJPY,M5: USDJPY [BUYSTOP ]:(4109)trade is not allowed in the expert properties USDJPY lot=0.01 price=112.084 slippage=3 sl=112.015 tp=112.222 comment= exp=1493717702
0	09:23:16.987	ax_adv_033_2 USDJPY,M5: USDJPY [BUYSTOP ]:(4109)trade is not allowed in the expert properties USDJPY lot=0.01 price=112.079 slippage=3 sl=112.025 tp=112.187 comment= exp=1493718001
0	09:28:16.351	ax_adv_033_2 USDJPY,M5: USDJPY [BUYSTOP ]:(4109)trade is not allowed in the expert properties USDJPY lot=0.01 price=112.105 slippage=3 sl=112.024 tp=112.267 comment= exp=1493718301
0	09:28:16.772	ax_adv_033_2 GBPUSD,M5: GBPUSD [SELLSTOP ]:(4109)trade is not allowed in the expert properties GBPUSD lot=0.01 price=1.28753 slippage=3 sl=1.28894 tp=1.28471 comment= exp=1493718301
0	09:28:16.779	ax_adv_033_2 EURUSD,M5: EURUSD [BUYSTOP ]:(4109)trade is not allowed in the expert properties EURUSD lot=0.01 price=1.09186 slippage=3 sl=1.09128 tp=1.09302 comment= exp=1493718301
0	09:33:16.550	ax_adv_033_2 GBPUSD,M5: GBPUSD [SELLSTOP ]:(4109)trade is not allowed in the expert properties GBPUSD lot=0.01 price=1.28695 slippage=3 sl=1.28825 tp=1.28435 comment= exp=1493718601
0	09:33:16.556	ax_adv_033_2 EURUSD,M5: EURUSD [BUYSTOP ]:(4109)trade is not allowed in the expert properties EURUSD lot=0.01 price=1.09163 slippage=3 sl=1.09089 tp=1.09311 comment= exp=1493718601
0	09:33:17.153	ax_adv_033_2 USDJPY,M5: USDJPY [BUYSTOP ]:(4109)trade is not allowed in the expert properties USDJPY lot=0.01 price=112.124 slippage=3 sl=112.047 tp=112.278 comment= exp=1493718601
0	09:38:16.646	ax_adv_033_2 GBPUSD,M5: GBPUSD [SELLSTOP ]:(4109)trade is not allowed in the expert properties GBPUSD lot=0.01 price=1.28733 slippage=3 sl=1.28795 tp=1.28609 comment= exp=1493718901
0	09:38:16.650	ax_adv_033_2 EURUSD,M5: EURUSD [BUYSTOP ]:(4109)trade is not allowed in the expert properties EURUSD lot=0.01 price=1.09149 slippage=3 sl=1.09084 tp=1.09279 comment= exp=1493718901
0	09:38:17.472	ax_adv_033_2 USDJPY,M5: USDJPY [BUYSTOP ]:(4109)trade is not allowed in the expert properties USDJPY lot=0.01 price=112.139 slippage=3 sl=112.070 tp=112.277 comment= exp=1493718902
0	09:43:16.218	ax_adv_033_2 GBPUSD,M5: GBPUSD [SELLSTOP ]:(4109)trade is not allowed in the expert properties GBPUSD lot=0.01 price=1.28735 slippage=3 sl=1.28810 tp=1.28585 comment= exp=1493719201
0	09:43:16.417	ax_adv_033_2 USDJPY,M5: USDJPY [BUYSTOP ]:(4109)trade is not allowed in the expert properties USDJPY lot=0.01 price=112.135 slippage=3 sl=112.070 tp=112.265 comment= exp=1493719201
0	09:48:16.755	ax_adv_033_2 USDJPY,M5: USDJPY [BUYSTOP ]:(4109)trade is not allowed in the expert properties USDJPY lot=0.01 price=112.148 slippage=3 sl=112.088 tp=112.268 comment= exp=1493719501
0	09:48:16.755	ax_adv_033_2 GBPUSD,M5: GBPUSD [SELLSTOP ]:(4109)trade is not allowed in the expert properties GBPUSD lot=0.01 price=1.28774 slippage=3 sl=1.28854 tp=1.28614 comment= exp=1493719501
0	09:53:16.645	ax_adv_033_2 GBPUSD,M5: GBPUSD [SELLSTOP ]:(4109)trade is not allowed in the expert properties GBPUSD lot=0.01 price=1.28732 slippage=3 sl=1.28860 tp=1.28476 comment= exp=1493719801
0	09:53:16.845	ax_adv_033_2 USDJPY,M5: USDJPY [BUYSTOP ]:(4109)trade is not allowed in the expert properties USDJPY lot=0.01 price=112.172 slippage=3 sl=112.078 tp=112.360 comment= exp=1493719801
0	09:58:16.508	ax_adv_033_2 EURUSD,M5: EURUSD [SELLSTOP ]:(4109)trade is not allowed in the expert properties EURUSD lot=0.01 price=1.09143 slippage=3 sl=1.09222 tp=1.08985 comment= exp=1493720101
0	09:58:16.705	ax_adv_033_2 GBPUSD,M5: GBPUSD [SELLSTOP ]:(4109)trade is not allowed in the expert properties GBPUSD lot=0.01 price=1.28663 slippage=3 sl=1.28829 tp=1.28331 comment= exp=1493720101
0	09:58:17.125	ax_adv_033_2 USDJPY,M5: USDJPY [SELLSTOP ]:(4109)trade is not allowed in the expert properties USDJPY lot=0.01 price=112.119 slippage=3 sl=112.194 tp=111.969 comment= exp=1493720101
0	10:03:16.695	ax_adv_033_2 USDJPY,M5: USDJPY [SELLSTOP ]:(4109)trade is not allowed in the expert properties USDJPY lot=0.01 price=112.091 slippage=3 sl=112.186 tp=111.901 comment= exp=1493720401
0	10:03:16.695	ax_adv_033_2 GBPUSD,M5: GBPUSD [SELLSTOP ]:(4109)trade is not allowed in the expert properties GBPUSD lot=0.01 price=1.28658 slippage=3 sl=1.28737 tp=1.28500 comment= exp=1493720401
0	10:03:17.103	ax_adv_033_2 EURUSD,M5: EURUSD [SELLSTOP ]:(4109)trade is not allowed in the expert properties EURUSD lot=0.01 price=1.09131 slippage=3 sl=1.09189 tp=1.09015 comment= exp=1493720401
0	10:08:22.159	ax_adv_033_2 GBPUSD,M5: GBPUSD [SELLSTOP ]:(4109)trade is not allowed in the expert properties GBPUSD lot=0.01 price=1.28632 slippage=3 sl=1.28786 tp=1.28324 comment= exp=1493720706
0	10:08:22.360	ax_adv_033_2 USDJPY,M5: USDJPY [SELLSTOP ]:(4109)trade is not allowed in the expert properties USDJPY lot=0.01 price=112.074 slippage=3 sl=112.151 tp=111.920 comment= exp=1493720707
0	10:08:22.366	ax_adv_033_2 EURUSD,M5: EURUSD [SELLSTOP ]:(4109)trade is not allowed in the expert properties EURUSD lot=0.01 price=1.09054 slippage=3 sl=1.09206 tp=1.08750 comment= exp=1493720707
0	10:13:16.551	ax_adv_033_2 GBPUSD,M5: GBPUSD [SELLSTOP ]:(4109)trade is not allowed in the expert properties GBPUSD lot=0.01 price=1.28673 slippage=3 sl=1.28769 tp=1.28481 comment= exp=1493721001
0	10:13:16.766	ax_adv_033_2 USDJPY,M5: USDJPY [SELLSTOP ]:(4109)trade is not allowed in the expert properties USDJPY lot=0.01 price=112.075 slippage=3 sl=112.126 tp=111.973 comment= exp=1493721001
0	10:18:16.563	ax_adv_033_2 GBPUSD,M5: GBPUSD [SELLSTOP ]:(4109)trade is not allowed in the expert properties GBPUSD lot=0.01 price=1.28695 slippage=3 sl=1.28772 tp=1.28541 comment= exp=1493721301
0	10:18:16.759	ax_adv_033_2 USDJPY,M5: USDJPY [BUYSTOP ]:(4109)trade is not allowed in the expert properties USDJPY lot=0.01 price=112.141 slippage=3 sl=112.084 tp=112.255 comment= exp=1493721301
0	10:23:16.641	ax_adv_033_2 GBPUSD,M5: GBPUSD [SELLSTOP ]:(4109)trade is not allowed in the expert properties GBPUSD lot=0.01 price=1.28664 slippage=3 sl=1.28770 tp=1.28452 comment= exp=1493721601
0	10:23:16.839	ax_adv_033_2 USDJPY,M5: USDJPY [BUYSTOP ]:(4109)trade is not allowed in the expert properties USDJPY lot=0.01 price=112.122 slippage=3 sl=112.062 tp=112.242 comment= exp=1493721601
0	10:28:16.443	ax_adv_033_2 USDJPY,M5: USDJPY [BUYSTOP ]:(4109)trade is not allowed in the expert properties USDJPY lot=0.01 price=112.145 slippage=3 sl=112.062 tp=112.311 comment= exp=1493721901
0	10:28:16.643	ax_adv_033_2 GBPUSD,M5: GBPUSD [SELLSTOP ]:(4109)trade is not allowed in the expert properties GBPUSD lot=0.01 price=1.28683 slippage=3 sl=1.28783 tp=1.28483 comment= exp=1493721901
0	10:33:16.617	ax_adv_033_2 GBPUSD,M5: GBPUSD [SELLSTOP ]:(4109)trade is not allowed in the expert properties GBPUSD lot=0.01 price=1.28703 slippage=3 sl=1.28786 tp=1.28537 comment= exp=1493722201
0	10:33:17.242	ax_adv_033_2 USDJPY,M5: USDJPY [BUYSTOP ]:(4109)trade is not allowed in the expert properties USDJPY lot=0.01 price=112.131 slippage=3 sl=112.067 tp=112.259 comment= exp=1493722201
0	10:38:16.466	ax_adv_033_2 GBPUSD,M5: GBPUSD [SELLSTOP ]:(4109)trade is not allowed in the expert properties GBPUSD lot=0.01 price=1.28712 slippage=3 sl=1.28787 tp=1.28562 comment= exp=1493722501
0	10:38:17.566	ax_adv_033_2 USDJPY,M5: USDJPY [BUYSTOP ]:(4109)trade is not allowed in the expert properties USDJPY lot=0.01 price=112.145 slippage=3 sl=112.079 tp=112.277 comment= exp=1493722502
0	10:43:16.797	ax_adv_033_2 USDJPY,M5: USDJPY [BUYSTOP ]:(4109)trade is not allowed in the expert properties USDJPY lot=0.01 price=112.132 slippage=3 sl=112.051 tp=112.294 comment= exp=1493722801
0	10:43:16.797	ax_adv_033_2 GBPUSD,M5: GBPUSD [SELLSTOP ]:(4109)trade is not allowed in the expert properties GBPUSD lot=0.01 price=1.28695 slippage=3 sl=1.28793 tp=1.28499 comment= exp=1493722801
0	10:48:16.601	ax_adv_033_2 USDJPY,M5: USDJPY [BUYSTOP ]:(4109)trade is not allowed in the expert properties USDJPY lot=0.01 price=112.128 slippage=3 sl=112.073 tp=112.238 comment= exp=1493723101
0	10:48:17.004	ax_adv_033_2 GBPUSD,M5: GBPUSD [SELLSTOP ]:(4109)trade is not allowed in the expert properties GBPUSD lot=0.01 price=1.28702 slippage=3 sl=1.28779 tp=1.28548 comment= exp=1493723101
0	10:53:16.820	ax_adv_033_2 GBPUSD,M5: GBPUSD [SELLSTOP ]:(4109)trade is not allowed in the expert properties GBPUSD lot=0.01 price=1.28685 slippage=3 sl=1.28772 tp=1.28511 comment= exp=1493723401
0	10:53:17.142	ax_adv_033_2 USDJPY,M5: USDJPY [BUYSTOP ]:(4109)trade is not allowed in the expert properties USDJPY lot=0.01 price=112.154 slippage=3 sl=112.082 tp=112.298 comment= exp=1493723401
0	10:58:16.319	ax_adv_033_2 USDJPY,M5: USDJPY [BUYSTOP ]:(4109)trade is not allowed in the expert properties USDJPY lot=0.01 price=112.201 slippage=3 sl=112.095 tp=112.413 comment= exp=1493723701
0	10:58:16.332	ax_adv_033_2 GBPUSD,M5: GBPUSD [SELLSTOP ]:(4109)trade is not allowed in the expert properties GBPUSD lot=0.01 price=1.28629 slippage=3 sl=1.28771 tp=1.28345 comment= exp=1493723701
0	11:03:17.111	ax_adv_033_2 USDJPY,M5: USDJPY [BUYSTOP ]:(4109)trade is not allowed in the expert properties USDJPY lot=0.01 price=112.180 slippage=3 sl=112.130 tp=112.280 comment= exp=1493724001
0	11:03:17.116	ax_adv_033_2 GBPUSD,M5: GBPUSD [SELLSTOP ]:(4109)trade is not allowed in the expert properties GBPUSD lot=0.01 price=1.28632 slippage=3 sl=1.28716 tp=1.28464 comment= exp=1493724001
0	11:08:16.591	ax_adv_033_2 GBPUSD,M5: GBPUSD [SELLSTOP ]:(4109)trade is not allowed in the expert properties GBPUSD lot=0.01 price=1.28686 slippage=3 sl=1.28793 tp=1.28472 comment= exp=1493724301
0	11:08:16.593	ax_adv_033_2 USDJPY,M5: USDJPY [BUYSTOP ]:(4109)trade is not allowed in the expert properties USDJPY lot=0.01 price=112.168 slippage=3 sl=112.108 tp=112.288 comment= exp=1493724301
0	11:08:16.714	ax_adv_033_2 EURUSD,M5: EURUSD [SELLSTOP ]:(4109)trade is not allowed in the expert properties EURUSD lot=0.01 price=1.09064 slippage=3 sl=1.09107 tp=1.08978 comment= exp=1493724301
0	11:13:17.497	ax_adv_033_2 GBPUSD,M5: GBPUSD [SELLSTOP ]:(4109)trade is not allowed in the expert properties GBPUSD lot=0.01 price=1.28736 slippage=3 sl=1.28815 tp=1.28578 comment= exp=1493724602
0	11:13:18.495	ax_adv_033_2 USDJPY,M5: USDJPY [BUYSTOP ]:(4109)trade is not allowed in the expert properties USDJPY lot=0.01 price=112.154 slippage=3 sl=112.100 tp=112.262 comment= exp=1493724603
0	11:13:18.901	ax_adv_033_2 EURUSD,M5: EURUSD [SELLSTOP ]:(4109)trade is not allowed in the expert properties EURUSD lot=0.01 price=1.09043 slippage=3 sl=1.09117 tp=1.08895 comment= exp=1493724603
0	11:18:16.407	ax_adv_033_2 GBPUSD,M5: GBPUSD [SELLSTOP ]:(4109)trade is not allowed in the expert properties GBPUSD lot=0.01 price=1.28765 slippage=3 sl=1.28852 tp=1.28591 comment= exp=1493724901
0	11:18:16.408	ax_adv_033_2 EURUSD,M5: EURUSD [SELLSTOP ]:(4109)trade is not allowed in the expert properties EURUSD lot=0.01 price=1.09045 slippage=3 sl=1.09091 tp=1.08953 comment= exp=1493724901
0	11:18:23.911	ax_adv_033_2 USDJPY,M5: USDJPY [BUYSTOP ]:(4109)trade is not allowed in the expert properties USDJPY lot=0.01 price=112.143 slippage=3 sl=112.096 tp=112.237 comment= exp=1493724908
0	11:23:16.558	ax_adv_033_2 GBPUSD,M5: GBPUSD [SELLSTOP ]:(4109)trade is not allowed in the expert properties GBPUSD lot=0.01 price=1.28753 slippage=3 sl=1.28855 tp=1.28549 comment= exp=1493725201
0	11:23:16.968	ax_adv_033_2 EURUSD,M5: EURUSD [SELLSTOP ]:(4109)trade is not allowed in the expert properties EURUSD lot=0.01 price=1.09060 slippage=3 sl=1.09121 tp=1.08938 comment= exp=1493725201
0	11:28:16.298	ax_adv_033_2 GBPUSD,M5: GBPUSD [SELLSTOP ]:(4109)trade is not allowed in the expert properties GBPUSD lot=0.01 price=1.28794 slippage=3 sl=1.28901 tp=1.28580 comment= exp=1493725501
0	11:28:16.503	ax_adv_033_2 EURUSD,M5: EURUSD [SELLSTOP ]:(4109)trade is not allowed in the expert properties EURUSD lot=0.01 price=1.09047 slippage=3 sl=1.09105 tp=1.08931 comment= exp=1493725501
0	11:33:17.287	ax_adv_033_2 EURUSD,M5: EURUSD [SELLSTOP ]:(4109)trade is not allowed in the expert properties EURUSD lot=0.01 price=1.09080 slippage=3 sl=1.09175 tp=1.08890 comment= exp=1493725802
0	11:38:19.428	ax_adv_033_2 EURUSD,M5: EURUSD [SELLSTOP ]:(4109)trade is not allowed in the expert properties EURUSD lot=0.01 price=1.09111 slippage=3 sl=1.09167 tp=1.08999 comment= exp=1493726104
0	11:43:16.589	ax_adv_033_2 EURUSD,M5: EURUSD [SELLSTOP ]:(4109)trade is not allowed in the expert properties EURUSD lot=0.01 price=1.09088 slippage=3 sl=1.09170 tp=1.08924 comment= exp=1493726401
0	11:48:16.753	ax_adv_033_2 USDJPY,M5: USDJPY [BUYSTOP ]:(4109)trade is not allowed in the expert properties USDJPY lot=0.01 price=112.183 slippage=3 sl=112.114 tp=112.321 comment= exp=1493726701
0	11:53:16.540	ax_adv_033_2 USDJPY,M5: USDJPY [BUYSTOP ]:(4109)trade is not allowed in the expert properties USDJPY lot=0.01 price=112.200 slippage=3 sl=112.127 tp=112.346 comment= exp=1493727001
0	11:58:16.372	ax_adv_033_2 GBPUSD,M5: GBPUSD [BUYSTOP ]:(4109)trade is not allowed in the expert properties GBPUSD lot=0.01 price=1.28937 slippage=3 sl=1.28822 tp=1.29167 comment= exp=1493727301
0	11:58:16.777	ax_adv_033_2 USDJPY,M5: USDJPY [BUYSTOP ]:(4109)trade is not allowed in the expert properties USDJPY lot=0.01 price=112.205 slippage=3 sl=112.138 tp=112.339 comment= exp=1493727301
0	12:03:16.606	ax_adv_033_2 USDJPY,M5: USDJPY [BUYSTOP ]:(4109)trade is not allowed in the expert properties USDJPY lot=0.01 price=112.262 slippage=3 sl=112.149 tp=112.488 comment= exp=1493727601
0	12:03:20.699	ax_adv_033_2 GBPUSD,M5: GBPUSD [BUYSTOP ]:(4109)trade is not allowed in the expert properties GBPUSD lot=0.01 price=1.28919 slippage=3 sl=1.28827 tp=1.29103 comment= exp=1493727605
0	12:08:17.169	ax_adv_033_2 GBPUSD,M5: GBPUSD [BUYSTOP ]:(4109)trade is not allowed in the expert properties GBPUSD lot=0.01 price=1.28946 slippage=3 sl=1.28825 tp=1.29188 comment= exp=1493727901
0	12:08:17.802	ax_adv_033_2 USDJPY,M5: USDJPY [BUYSTOP ]:(4109)trade is not allowed in the expert properties USDJPY lot=0.01 price=112.261 slippage=3 sl=112.198 tp=112.387 comment= exp=1493727902
0	12:13:16.368	ax_adv_033_2 USDJPY,M5: USDJPY [BUYSTOP ]:(4109)trade is not allowed in the expert properties USDJPY lot=0.01 price=112.246 slippage=3 sl=112.184 tp=112.370 comment= exp=1493728201
0	12:13:16.368	ax_adv_033_2 GBPUSD,M5: GBPUSD [BUYSTOP ]:(4109)trade is not allowed in the expert properties GBPUSD lot=0.01 price=1.28964 slippage=3 sl=1.28889 tp=1.29114 comment= exp=1493728201
0	12:18:16.500	ax_adv_033_2 GBPUSD,M5: GBPUSD [BUYSTOP ]:(4109)trade is not allowed in the expert properties GBPUSD lot=0.01 price=1.28954 slippage=3 sl=1.28882 tp=1.29098 comment= exp=1493728501
0	12:18:19.116	ax_adv_033_2 USDJPY,M5: USDJPY [BUYSTOP ]:(4109)trade is not allowed in the expert properties USDJPY lot=0.01 price=112.238 slippage=3 sl=112.176 tp=112.362 comment= exp=1493728503
0	12:23:16.449	ax_adv_033_2 GBPUSD,M5: GBPUSD [BUYSTOP ]:(4109)trade is not allowed in the expert properties GBPUSD lot=0.01 price=1.28966 slippage=3 sl=1.28885 tp=1.29128 comment= exp=1493728801
0	12:23:16.452	ax_adv_033_2 USDJPY,M5: USDJPY [BUYSTOP ]:(4109)trade is not allowed in the expert properties USDJPY lot=0.01 price=112.270 slippage=3 sl=112.192 tp=112.426 comment= exp=1493728801
0	12:28:16.904	ax_adv_033_2 GBPUSD,M5: GBPUSD [BUYSTOP ]:(4109)trade is not allowed in the expert properties GBPUSD lot=0.01 price=1.28946 slippage=3 sl=1.28875 tp=1.29088 comment= exp=1493729101
0	12:28:18.920	ax_adv_033_2 USDJPY,M5: USDJPY [BUYSTOP ]:(4109)trade is not allowed in the expert properties USDJPY lot=0.01 price=112.267 slippage=3 sl=112.215 tp=112.371 comment= exp=1493729103
0	12:33:16.479	ax_adv_033_2 GBPUSD,M5: GBPUSD [BUYSTOP ]:(4109)trade is not allowed in the expert properties GBPUSD lot=0.01 price=1.28933 slippage=3 sl=1.28854 tp=1.29091 comment= exp=1493729401
0	12:33:18.099	ax_adv_033_2 USDJPY,M5: USDJPY [BUYSTOP ]:(4109)trade is not allowed in the expert properties USDJPY lot=0.01 price=112.272 slippage=3 sl=112.215 tp=112.386 comment= exp=1493729402
0	12:38:16.465	ax_adv_033_2 USDJPY,M5: USDJPY [BUYSTOP ]:(4109)trade is not allowed in the expert properties USDJPY lot=0.01 price=112.274 slippage=3 sl=112.214 tp=112.394 comment= exp=1493729701
0	12:38:16.466	ax_adv_033_2 GBPUSD,M5: GBPUSD [BUYSTOP ]:(4109)trade is not allowed in the expert properties GBPUSD lot=0.01 price=1.28974 slippage=3 sl=1.28881 tp=1.29160 comment= exp=1493729701
0	12:43:16.468	ax_adv_033_2 GBPUSD,M5: GBPUSD [BUYSTOP ]:(4109)trade is not allowed in the expert properties GBPUSD lot=0.01 price=1.28997 slippage=3 sl=1.28927 tp=1.29137 comment= exp=1493730001
0	12:43:16.473	ax_adv_033_2 EURUSD,M5: EURUSD [BUYSTOP ]:(4109)trade is not allowed in the expert properties EURUSD lot=0.01 price=1.09217 slippage=3 sl=1.09158 tp=1.09335 comment= exp=1493730001
0	12:43:17.068	ax_adv_033_2 USDJPY,M5: USDJPY [BUYSTOP ]:(4109)trade is not allowed in the expert properties USDJPY lot=0.01 price=112.251 slippage=3 sl=112.203 tp=112.347 comment= exp=1493730001
0	12:48:16.343	ax_adv_033_2 GBPUSD,M5: GBPUSD [BUYSTOP ]:(4109)trade is not allowed in the expert properties GBPUSD lot=0.01 price=1.29060 slippage=3 sl=1.28950 tp=1.29280 comment= exp=1493730301
0	12:48:16.550	ax_adv_033_2 USDJPY,M5: USDJPY [BUYSTOP ]:(4109)trade is not allowed in the expert properties USDJPY lot=0.01 price=112.239 slippage=3 sl=112.188 tp=112.341 comment= exp=1493730301
0	12:48:16.553	ax_adv_033_2 EURUSD,M5: EURUSD [BUYSTOP ]:(4109)trade is not allowed in the expert properties EURUSD lot=0.01 price=1.09238 slippage=3 sl=1.09171 tp=1.09372 comment= exp=1493730301
0	12:53:16.550	ax_adv_033_2 GBPUSD,M5: GBPUSD [BUYSTOP ]:(4109)trade is not allowed in the expert properties GBPUSD lot=0.01 price=1.29038 slippage=3 sl=1.28950 tp=1.29214 comment= exp=1493730601
0	12:53:16.941	ax_adv_033_2 USDJPY,M5: USDJPY [BUYSTOP ]:(4109)trade is not allowed in the expert properties USDJPY lot=0.01 price=112.271 slippage=3 sl=112.185 tp=112.443 comment= exp=1493730601
0	12:53:17.749	ax_adv_033_2 EURUSD,M5: EURUSD [BUYSTOP ]:(4109)trade is not allowed in the expert properties EURUSD lot=0.01 price=1.09217 slippage=3 sl=1.09158 tp=1.09335 comment= exp=1493730602
0	12:58:16.383	ax_adv_033_2 GBPUSD,M5: GBPUSD [BUYSTOP ]:(4109)trade is not allowed in the expert properties GBPUSD lot=0.01 price=1.29090 slippage=3 sl=1.28951 tp=1.29368 comment= exp=1493730901
0	12:58:16.390	ax_adv_033_2 EURUSD,M5: EURUSD [BUYSTOP ]:(4109)trade is not allowed in the expert properties EURUSD lot=0.01 price=1.09215 slippage=3 sl=1.09145 tp=1.09355 comment= exp=1493730901
0	12:58:16.595	ax_adv_033_2 USDJPY,M5: USDJPY [BUYSTOP ]:(4109)trade is not allowed in the expert properties USDJPY lot=0.01 price=112.271 slippage=3 sl=112.215 tp=112.383 comment= exp=1493730901
0	13:03:18.438	ax_adv_033_2 GBPUSD,M5: GBPUSD [SELLSTOP ]:(4109)trade is not allowed in the expert properties GBPUSD lot=0.01 price=1.29010 slippage=3 sl=1.29144 tp=1.28742 comment= exp=1493731203
0	13:03:18.637	ax_adv_033_2 USDJPY,M5: USDJPY [BUYSTOP ]:(4109)trade is not allowed in the expert properties USDJPY lot=0.01 price=112.263 slippage=3 sl=112.208 tp=112.373 comment= exp=1493731203
0	13:08:16.632	ax_adv_033_2 USDJPY,M5: USDJPY [BUYSTOP ]:(4109)trade is not allowed in the expert properties USDJPY lot=0.01 price=112.263 slippage=3 sl=112.209 tp=112.371 comment= exp=1493731501
0	13:08:17.037	ax_adv_033_2 GBPUSD,M5: GBPUSD [SELLSTOP ]:(4109)trade is not allowed in the expert properties GBPUSD lot=0.01 price=1.29111 slippage=3 sl=1.29214 tp=1.28905 comment= exp=1493731501
0	13:13:17.586	ax_adv_033_2 GBPUSD,M5: GBPUSD [SELLSTOP ]:(4109)trade is not allowed in the expert properties GBPUSD lot=0.01 price=1.29101 slippage=3 sl=1.29187 tp=1.28929 comment= exp=1493731802
0	13:13:18.241	ax_adv_033_2 USDJPY,M5: USDJPY [BUYSTOP ]:(4109)trade is not allowed in the expert properties USDJPY lot=0.01 price=112.298 slippage=3 sl=112.217 tp=112.460 comment= exp=1493731803
0	13:18:16.409	ax_adv_033_2 GBPUSD,M5: GBPUSD [SELLSTOP ]:(4109)trade is not allowed in the expert properties GBPUSD lot=0.01 price=1.29072 slippage=3 sl=1.29143 tp=1.28930 comment= exp=1493732101
0	13:18:16.416	ax_adv_033_2 EURUSD,M5: EURUSD [BUYSTOP ]:(4109)trade is not allowed in the expert properties EURUSD lot=0.01 price=1.09159 slippage=3 sl=1.09094 tp=1.09289 comment= exp=1493732101
0	13:18:17.005	ax_adv_033_2 USDJPY,M5: USDJPY [BUYSTOP ]:(4109)trade is not allowed in the expert properties USDJPY lot=0.01 price=112.329 slippage=3 sl=112.252 tp=112.483 comment= exp=1493732101
0	13:23:16.480	ax_adv_033_2 EURUSD,M5: EURUSD [BUYSTOP ]:(4109)trade is not allowed in the expert properties EURUSD lot=0.01 price=1.09152 slippage=3 sl=1.09092 tp=1.09272 comment= exp=1493732401
0	13:23:17.090	ax_adv_033_2 USDJPY,M5: USDJPY [BUYSTOP ]:(4109)trade is not allowed in the expert properties USDJPY lot=0.01 price=112.314 slippage=3 sl=112.265 tp=112.412 comment= exp=1493732401
0	13:23:20.000	ax_adv_033_2 GBPUSD,M5: GBPUSD [SELLSTOP ]:(4109)trade is not allowed in the expert properties GBPUSD lot=0.01 price=1.29063 slippage=3 sl=1.29133 tp=1.28923 comment= exp=1493732404
0	13:28:16.662	ax_adv_033_2 EURUSD,M5: EURUSD [BUYSTOP ]:(4109)trade is not allowed in the expert properties EURUSD lot=0.01 price=1.09133 slippage=3 sl=1.09080 tp=1.09239 comment= exp=1493732701
0	13:28:18.465	ax_adv_033_2 USDJPY,M5: USDJPY [BUYSTOP ]:(4109)trade is not allowed in the expert properties USDJPY lot=0.01 price=112.305 slippage=3 sl=112.253 tp=112.409 comment= exp=1493732703
0	13:28:21.100	ax_adv_033_2 GBPUSD,M5: GBPUSD [SELLSTOP ]:(4109)trade is not allowed in the expert properties GBPUSD lot=0.01 price=1.29065 slippage=3 sl=1.29117 tp=1.28961 comment= exp=1493732705
0	13:33:17.264	ax_adv_033_2 GBPUSD,M5: GBPUSD [BUYSTOP ]:(4109)trade is not allowed in the expert properties GBPUSD lot=0.01 price=1.29167 slippage=3 sl=1.29072 tp=1.29357 comment= exp=1493733001
0	13:33:18.907	ax_adv_033_2 USDJPY,M5: USDJPY [BUYSTOP ]:(4109)trade is not allowed in the expert properties USDJPY lot=0.01 price=112.316 slippage=3 sl=112.260 tp=112.428 comment= exp=1493733003
0	13:38:16.893	ax_adv_033_2 USDJPY,M5: USDJPY [BUYSTOP ]:(4109)trade is not allowed in the expert properties USDJPY lot=0.01 price=112.292 slippage=3 sl=112.241 tp=112.394 comment= exp=1493733301
0	13:38:17.305	ax_adv_033_2 GBPUSD,M5: GBPUSD [SELLSTOP ]:(4109)trade is not allowed in the expert properties GBPUSD lot=0.01 price=1.29119 slippage=3 sl=1.29197 tp=1.28963 comment= exp=1493733302
0	13:43:16.735	ax_adv_033_2 GBPUSD,M5: GBPUSD [SELLSTOP ]:(4109)trade is not allowed in the expert properties GBPUSD lot=0.01 price=1.29173 slippage=3 sl=1.29258 tp=1.29003 comment= exp=1493733601
0	13:43:17.743	ax_adv_033_2 USDJPY,M5: USDJPY [BUYSTOP ]:(4109)trade is not allowed in the expert properties USDJPY lot=0.01 price=112.287 slippage=3 sl=112.232 tp=112.397 comment= exp=1493733602
0	13:48:16.627	ax_adv_033_2 USDJPY,M5: USDJPY [BUYSTOP ]:(4109)trade is not allowed in the expert properties USDJPY lot=0.01 price=112.287 slippage=3 sl=112.229 tp=112.403 comment= exp=1493733901
0	13:48:17.452	ax_adv_033_2 EURUSD,M5: EURUSD [SELLSTOP ]:(4109)trade is not allowed in the expert properties EURUSD lot=0.01 price=1.09117 slippage=3 sl=1.09183 tp=1.08985 comment= exp=1493733902
0	13:48:17.862	ax_adv_033_2 GBPUSD,M5: GBPUSD [SELLSTOP ]:(4109)trade is not allowed in the expert properties GBPUSD lot=0.01 price=1.29167 slippage=3 sl=1.29272 tp=1.28957 comment= exp=1493733902
0	13:53:16.366	ax_adv_033_2 USDJPY,M5: USDJPY [BUYSTOP ]:(4109)trade is not allowed in the expert properties USDJPY lot=0.01 price=112.267 slippage=3 sl=112.204 tp=112.393 comment= exp=1493734201
0	13:53:18.399	ax_adv_033_2 GBPUSD,M5: GBPUSD [SELLSTOP ]:(4109)trade is not allowed in the expert properties GBPUSD lot=0.01 price=1.29186 slippage=3 sl=1.29296 tp=1.28966 comment= exp=1493734203
0	13:53:23.224	ax_adv_033_2 EURUSD,M5: EURUSD [SELLSTOP ]:(4109)trade is not allowed in the expert properties EURUSD lot=0.01 price=1.09133 slippage=3 sl=1.09196 tp=1.09007 comment= exp=1493734208
0	13:58:16.319	ax_adv_033_2 EURUSD,M5: EURUSD [SELLSTOP ]:(4109)trade is not allowed in the expert properties EURUSD lot=0.01 price=1.09135 slippage=3 sl=1.09204 tp=1.08997 comment= exp=1493734501
0	13:58:16.518	ax_adv_033_2 USDJPY,M5: USDJPY [BUYSTOP ]:(4109)trade is not allowed in the expert properties USDJPY lot=0.01 price=112.269 slippage=3 sl=112.207 tp=112.393 comment= exp=1493734501
0	13:58:16.518	ax_adv_033_2 GBPUSD,M5: GBPUSD [SELLSTOP ]:(4109)trade is not allowed in the expert properties GBPUSD lot=0.01 price=1.29214 slippage=3 sl=1.29274 tp=1.29094 comment= exp=1493734501
0	14:03:16.775	ax_adv_033_2 GBPUSD,M5: GBPUSD [SELLSTOP ]:(4109)trade is not allowed in the expert properties GBPUSD lot=0.01 price=1.29154 slippage=3 sl=1.29254 tp=1.28954 comment= exp=1493734801
0	14:03:21.059	ax_adv_033_2 USDJPY,M5: USDJPY [BUYSTOP ]:(4109)trade is not allowed in the expert properties USDJPY lot=0.01 price=112.252 slippage=3 sl=112.202 tp=112.352 comment= exp=1493734805
0	14:08:18.188	ax_adv_033_2 GBPUSD,M5: GBPUSD [SELLSTOP ]:(4109)trade is not allowed in the expert properties GBPUSD lot=0.01 price=1.29162 slippage=3 sl=1.29251 tp=1.28984 comment= exp=1493735102
0	14:08:18.594	ax_adv_033_2 USDJPY,M5: USDJPY [BUYSTOP ]:(4109)trade is not allowed in the expert properties USDJPY lot=0.01 price=112.242 slippage=3 sl=112.175 tp=112.376 comment= exp=1493735103
0	14:13:16.496	ax_adv_033_2 GBPUSD,M5: GBPUSD [SELLSTOP ]:(4109)trade is not allowed in the expert properties GBPUSD lot=0.01 price=1.29160 slippage=3 sl=1.29241 tp=1.28998 comment= exp=1493735401
0	14:13:16.695	ax_adv_033_2 USDJPY,M5: USDJPY [SELLSTOP ]:(4109)trade is not allowed in the expert properties USDJPY lot=0.01 price=112.169 slippage=3 sl=112.210 tp=112.087 comment= exp=1493735401
0	14:18:16.666	ax_adv_033_2 GBPUSD,M5: GBPUSD [BUYSTOP ]:(4109)trade is not allowed in the expert properties GBPUSD lot=0.01 price=1.29208 slippage=3 sl=1.29149 tp=1.29326 comment= exp=1493735701
0	14:23:16.466	ax_adv_033_2 GBPUSD,M5: GBPUSD [BUYSTOP ]:(4109)trade is not allowed in the expert properties GBPUSD lot=0.01 price=1.29220 slippage=3 sl=1.29146 tp=1.29368 comment= exp=1493736001
0	14:28:16.415	ax_adv_033_2 GBPUSD,M5: GBPUSD [BUYSTOP ]:(4109)trade is not allowed in the expert properties GBPUSD lot=0.01 price=1.29229 slippage=3 sl=1.29163 tp=1.29361 comment= exp=1493736301
0	14:33:16.450	ax_adv_033_2 GBPUSD,M5: GBPUSD [BUYSTOP ]:(4109)trade is not allowed in the expert properties GBPUSD lot=0.01 price=1.29201 slippage=3 sl=1.29133 tp=1.29337 comment= exp=1493736601
0	14:38:16.467	ax_adv_033_2 GBPUSD,M5: GBPUSD [BUYSTOP ]:(4109)trade is not allowed in the expert properties GBPUSD lot=0.01 price=1.29170 slippage=3 sl=1.29109 tp=1.29292 comment= exp=1493736901
0	14:43:16.301	ax_adv_033_2 GBPUSD,M5: GBPUSD [BUYSTOP ]:(4109)trade is not allowed in the expert properties GBPUSD lot=0.01 price=1.29162 slippage=3 sl=1.29111 tp=1.29264 comment= exp=1493737201
0	14:48:16.484	ax_adv_033_2 GBPUSD,M5: GBPUSD [BUYSTOP ]:(4109)trade is not allowed in the expert properties GBPUSD lot=0.01 price=1.29133 slippage=3 sl=1.29078 tp=1.29243 comment= exp=1493737501
0	14:53:16.614	ax_adv_033_2 GBPUSD,M5: GBPUSD [BUYSTOP ]:(4109)trade is not allowed in the expert properties GBPUSD lot=0.01 price=1.29178 slippage=3 sl=1.29081 tp=1.29372 comment= exp=1493737801
0	14:58:16.465	ax_adv_033_2 GBPUSD,M5: GBPUSD [BUYSTOP ]:(4109)trade is not allowed in the expert properties GBPUSD lot=0.01 price=1.29186 slippage=3 sl=1.29078 tp=1.29402 comment= exp=1493738101
0	14:58:16.468	ax_adv_033_2 USDJPY,M5: USDJPY [SELLSTOP ]:(4109)trade is not allowed in the expert properties USDJPY lot=0.01 price=112.143 slippage=3 sl=112.251 tp=111.927 comment= exp=1493738101
0	15:03:16.453	ax_adv_033_2 EURUSD,M5: EURUSD [SELLSTOP ]:(4109)trade is not allowed in the expert properties EURUSD lot=0.01 price=1.09030 slippage=3 sl=1.09101 tp=1.08888 comment= exp=1493738401
0	15:03:16.455	ax_adv_033_2 USDJPY,M5: USDJPY [SELLSTOP ]:(4109)trade is not allowed in the expert properties USDJPY lot=0.01 price=112.211 slippage=3 sl=112.287 tp=112.059 comment= exp=1493738401
0	15:08:17.004	ax_adv_033_2 EURUSD,M5: EURUSD [SELLSTOP ]:(4109)trade is not allowed in the expert properties EURUSD lot=0.01 price=1.09071 slippage=3 sl=1.09114 tp=1.08985 comment= exp=1493738701
0	15:08:17.007	ax_adv_033_2 USDJPY,M5: USDJPY [SELLSTOP ]:(4109)trade is not allowed in the expert properties USDJPY lot=0.01 price=112.218 slippage=3 sl=112.275 tp=112.104 comment= exp=1493738701
0	15:13:16.437	ax_adv_033_2 EURUSD,M5: EURUSD [SELLSTOP ]:(4109)trade is not allowed in the expert properties EURUSD lot=0.01 price=1.09076 slippage=3 sl=1.09166 tp=1.08896 comment= exp=1493739001
0	15:13:20.486	ax_adv_033_2 USDJPY,M5: USDJPY [SELLSTOP ]:(4109)trade is not allowed in the expert properties USDJPY lot=0.01 price=112.208 slippage=3 sl=112.281 tp=112.062 comment= exp=1493739005
0	15:20:56.041	ax_adv_033_2 EURUSD,M5: uninit reason 3
0	15:21:04.748	Expert ax_adv_033_2 EURUSD,M5: removed
0	15:21:07.479	Automated trading enabled
0	15:21:08.484	Automated trading disabled
0	15:21:12.122	ax_adv_033_2 GBPUSD,M5: uninit reason 4
0	15:21:12.804	Expert ax_adv_033_2 GBPUSD,M5: removed
0	15:21:17.458	ax_adv_033_2 USDJPY,M5: uninit reason 4
0	15:21:17.731	Expert ax_adv_033_2 USDJPY,M5: removed
0	15:49:40.919	Expert History_downloader EURUSD,M15: loaded successfully
0	15:49:42.949	History_downloader EURUSD,M15: initialized
0	15:49:44.697	Automated trading enabled
0	15:51:16.672	Automated trading disabled
0	15:51:24.466	History_downloader EURUSD,M15: uninit reason 1
0	15:51:24.470	Expert History_downloader EURUSD,M15: removed
0	16:56:29.557	Expert History_downloader EURUSD,M15: loaded successfully
0	16:56:37.065	History_downloader EURUSD,M15 inputs: bar_count=1000000; 
1	16:56:37.159	History_downloader EURUSD,M15: array out of range in 'History_downloader.mq4' (69,22)
3	16:56:37.162	History_downloader EURUSD,M15: not initialized
0	16:56:37.162	History_downloader EURUSD,M15: uninit reason 8
0	16:56:37.164	Expert History_downloader EURUSD,M15: removed
0	16:56:45.871	Expert History_downloader EURUSD,M15: loaded successfully
0	16:56:52.677	History_downloader EURUSD,M15 inputs: bar_count=1000000; 
1	16:56:52.776	History_downloader EURUSD,M15: array out of range in 'History_downloader.mq4' (69,22)
3	16:56:52.779	History_downloader EURUSD,M15: not initialized
0	16:56:52.779	History_downloader EURUSD,M15: uninit reason 8
0	16:56:52.781	Expert History_downloader EURUSD,M15: removed
0	16:57:10.633	Expert History_downloader EURUSD,M15: loaded successfully
0	16:57:17.984	History_downloader EURUSD,M15 inputs: bar_count=100; 
0	16:57:17.998	History_downloader EURUSD,M15: initialized
0	16:57:20.123	Automated trading enabled
0	16:57:29.730	Automated trading disabled
