0	14:48:12.775	Custom indicator ax_ind_001 GBPUSD,M15: loaded successfully
0	14:48:12.802	Expert ax_adv_023 GBPUSD,M15: loaded successfully
0	14:48:12.802	ax_adv_023 GBPUSD,M15 inputs: g_delta_points=10; g_lot=0.01; g_lot2=0.02; g_slippage=3; g_try_count=3; g_order_exp_bar_count=1; g_magic_distance=1; g_logging=false; g_use_ichimoku=false; g_trade_mode=2; g_mfiworkmode=0; g_mfiworkmode_sl=3; g_open_lot2_order=false; 
0	14:48:12.823	ax_ind_001 GBPUSD,M15: initialized
0	14:48:12.861	Custom indicator BetterVolume 1.4 AUDUSD,M5: loaded successfully
0	14:48:12.888	Expert ax_adv_023 AUDUSD,M5: loaded successfully
0	14:48:12.888	ax_adv_023 AUDUSD,M5 inputs: g_delta_points=10; g_lot=0.01; g_lot2=0.02; g_slippage=3; g_try_count=3; g_order_exp_bar_count=1; g_magic_distance=1; g_logging=false; g_use_ichimoku=false; g_trade_mode=2; g_mfiworkmode=1; g_mfiworkmode_sl=1; g_open_lot2_order=false; 
0	14:48:12.901	BetterVolume 1.4 AUDUSD,M5: initialized
0	14:48:12.957	Custom indicator ATR AUDUSD,M5: loaded successfully
0	14:48:12.967	ATR AUDUSD,M5: initialized
0	14:48:13.034	Custom indicator CPIv1.5 NQ,H1: loaded successfully
0	14:48:13.048	Custom indicator ACD NQ,H1: loaded successfully
0	14:48:13.061	Custom indicator jopa_001 NQ,H1: loaded successfully
0	14:48:13.109	CPIv1.5 NQ,H1: initialized
0	14:48:13.120	ACD NQ,H1: initialized
0	14:48:13.129	jopa_001 NQ,H1: initialized
0	14:48:13.130	CPIv1.5 NQ,H1: 2017.03.09 08:0060Падающая звезда in NQ
0	14:48:13.231	Custom indicator CPIv1.5 YM,H1: loaded successfully
0	14:48:13.244	Custom indicator jopa_001 YM,H1: loaded successfully
0	14:48:13.310	CPIv1.5 YM,H1: initialized
0	14:48:13.320	jopa_001 YM,H1: initialized
0	14:48:13.453	Custom indicator ACD USDJPY,M15: loaded successfully
0	14:48:13.467	Custom indicator BetterVolume 1.4 USDJPY,M15: loaded successfully
0	14:48:13.528	ACD USDJPY,M15: initialized
0	14:48:13.547	BetterVolume 1.4 USDJPY,M15: initialized
0	14:48:13.626	Custom indicator ACD EURUSD,Weekly: loaded successfully
0	14:48:13.649	Custom indicator HighVolumeBar VerticalHistogram EURUSD,Weekly: loaded successfully
0	14:48:13.666	Custom indicator CPIv1.5 EURUSD,Weekly: loaded successfully
0	14:48:13.702	ACD EURUSD,Weekly: initialized
0	14:48:13.718	HighVolumeBar VerticalHistogram EURUSD,Weekly: HighVolumeBar VerticalHistogram: Индикатор не работает на таймфреймах выше, чем H4.
0	14:48:13.718	HighVolumeBar VerticalHistogram EURUSD,Weekly: initialized
0	14:48:13.763	CPIv1.5 EURUSD,Weekly: initialized
0	14:48:13.769	CPIv1.5 EURUSD,Weekly: 2017.03.12 00:0010080 in EURUSD
0	14:48:22.599	ax_ind_001 GBPUSD,M15: uninit reason 3
0	14:48:22.625	ax_ind_001 GBPUSD,Weekly: initialized
0	14:48:23.854	CPIv1.5 NQ,H1: 2017.03.20 14:0060Медвежий Доджи in NQ
0	14:48:23.933	CPIv1.5 EURUSD,Weekly: 2017.03.19 00:0010080Медвежий Доджи in EURUSD
0	14:48:24.142	ax_adv_023 AUDUSD,M5: initialized
1	14:48:24.142	ax_adv_023 GBPUSD,Weekly: array out of range in 'ax_adv_023.mq4' (133,19)
3	14:48:24.142	ax_adv_023 GBPUSD,Weekly: not initialized
0	14:48:24.142	ax_adv_023 GBPUSD,Weekly: uninit reason 8
0	14:48:24.147	Expert ax_adv_023 GBPUSD,Weekly: removed
0	14:48:24.248	CPIv1.5 YM,H1: 2017.03.20 14:0060 in YM
0	14:48:45.223	ax_adv_023 AUDUSD,M5: uninit reason 3
0	14:48:45.224	BetterVolume 1.4 AUDUSD,M5: uninit reason 3
0	14:48:45.224	BetterVolume 1.4 AUDUSD,Weekly: initialized
0	14:48:45.614	ax_adv_023 AUDUSD,Weekly: initialized
0	14:48:55.343	ax_adv_023 AUDUSD,Weekly: uninit reason 3
0	14:48:55.344	BetterVolume 1.4 AUDUSD,Weekly: uninit reason 3
0	14:48:55.370	BetterVolume 1.4 AUDUSD,H1: initialized
0	14:48:55.726	ax_adv_023 AUDUSD,H1: initialized
0	14:58:13.684	CPIv1.5 NQ,H1: 2017.03.20 15:0060 in NQ
0	15:57:54.900	CPIv1.5 YM,H1: 2017.03.20 16:0060 in YM
0	17:57:40.150	CPIv1.5 NQ,H1: 2017.03.20 18:0060Медвежий Доджи in NQ
0	18:57:40.671	CPIv1.5 NQ,H1: 2017.03.20 19:0060Медвежий Доджи in NQ
0	18:57:42.497	CPIv1.5 YM,H1: 2017.03.20 19:0060Медвежий Доджи in YM
0	19:57:48.045	CPIv1.5 NQ,H1: 2017.03.20 20:0060 in NQ
0	19:57:52.068	CPIv1.5 YM,H1: 2017.03.20 20:0060 in YM
0	21:57:40.691	CPIv1.5 YM,H1: 2017.03.20 22:0060Бычий Доджи in YM
0	21:57:40.907	CPIv1.5 NQ,H1: 2017.03.20 22:0060Бычий Доджи in NQ
0	22:57:39.302	CPIv1.5 NQ,H1: 2017.03.20 23:0060Бычий Доджи in NQ
0	22:57:40.164	CPIv1.5 YM,H1: 2017.03.20 23:0060Модель поглощения in YM
