0	00:00:25.508	CPIv1.5 USDJPY,M1: 2017.03.30 00:031 in USDJPY
0	00:01:35.254	CPIv1.5 USDJPY,M1: 2017.03.30 00:041 in USDJPY
0	00:02:28.178	CPIv1.5 EURUSD,M5: 2017.03.30 00:055Разрыв Тасуки in EURUSD
0	00:02:30.625	CPIv1.5 USDJPY,M1: 2017.03.30 00:051 in USDJPY
0	00:03:27.053	CPIv1.5 USDJPY,M1: 2017.03.30 00:061 in USDJPY
0	00:04:26.692	CPIv1.5 USDJPY,M1: 2017.03.30 00:071Бычий Доджи in USDJPY
0	00:05:53.546	CPIv1.5 USDJPY,M1: 2017.03.30 00:081 in USDJPY
0	00:07:27.431	CPIv1.5 EURUSD,M5: 2017.03.30 00:105Разрыв Тасуки in EURUSD
0	00:08:32.546	CPIv1.5 USDJPY,M1: 2017.03.30 00:111 in USDJPY
0	00:09:25.593	CPIv1.5 USDJPY,M1: 2017.03.30 00:121Падающая звезда in USDJPY
0	00:10:26.237	CPIv1.5 USDJPY,M1: 2017.03.30 00:131 in USDJPY
0	00:12:28.775	CPIv1.5 USDJPY,M1: 2017.03.30 00:151 in USDJPY
0	00:14:27.513	CPIv1.5 USDJPY,M1: 2017.03.30 00:171 in USDJPY
0	00:15:35.094	CPIv1.5 USDJPY,M1: 2017.03.30 00:181Бычий Доджи in USDJPY
0	00:16:26.361	CPIv1.5 USDJPY,M1: 2017.03.30 00:191 in USDJPY
0	00:17:29.951	CPIv1.5 EURUSD,M5: 2017.03.30 00:205Перевернутый молот in EURUSD
0	00:18:25.920	CPIv1.5 USDJPY,M1: 2017.03.30 00:211 in USDJPY
0	00:19:30.173	CPIv1.5 USDJPY,M1: 2017.03.30 00:221 in USDJPY
0	00:20:26.517	CPIv1.5 USDJPY,M1: 2017.03.30 00:231 in USDJPY
0	00:22:25.481	CPIv1.5 EURUSD,M5: 2017.03.30 00:255Разрыв Тасуки in EURUSD
0	00:24:27.823	CPIv1.5 USDJPY,M1: 2017.03.30 00:271Бычий Доджи in USDJPY
0	00:26:26.036	CPIv1.5 USDJPY,M1: 2017.03.30 00:291 in USDJPY
0	00:27:26.413	CPIv1.5 EURUSD,M5: 2017.03.30 00:305Разрыв Тасуки in EURUSD
0	00:27:31.596	CPIv1.5 USDJPY,M1: 2017.03.30 00:301 in USDJPY
0	00:29:25.957	CPIv1.5 USDJPY,M1: 2017.03.30 00:321Падающая звезда in USDJPY
0	00:30:31.156	CPIv1.5 USDJPY,M1: 2017.03.30 00:331 in USDJPY
0	00:35:30.012	CPIv1.5 USDJPY,M1: 2017.03.30 00:381 in USDJPY
0	00:38:26.581	CPIv1.5 USDJPY,M1: 2017.03.30 00:411 in USDJPY
0	00:39:32.089	CPIv1.5 USDJPY,M1: 2017.03.30 00:421 in USDJPY
0	00:40:27.711	CPIv1.5 USDJPY,M1: 2017.03.30 00:431 in USDJPY
0	00:41:40.436	CPIv1.5 USDJPY,M1: 2017.03.30 00:441 in USDJPY
0	00:42:30.805	CPIv1.5 USDJPY,M1: 2017.03.30 00:451 in USDJPY
0	00:43:52.837	CPIv1.5 USDJPY,M1: 2017.03.30 00:461 in USDJPY
0	00:44:27.336	CPIv1.5 USDJPY,M1: 2017.03.30 00:471 in USDJPY
0	00:45:29.578	CPIv1.5 USDJPY,M1: 2017.03.30 00:481Модель поглощения in USDJPY
0	00:46:40.593	CPIv1.5 USDJPY,M1: 2017.03.30 00:491Падающая звезда in USDJPY
0	00:47:25.539	CPIv1.5 USDJPY,M1: 2017.03.30 00:501 in USDJPY
0	00:47:27.425	CPIv1.5 EURUSD,M5: 2017.03.30 00:505 in EURUSD
0	00:48:27.673	CPIv1.5 USDJPY,M1: 2017.03.30 00:511 in USDJPY
0	00:51:40.548	CPIv1.5 USDJPY,M1: 2017.03.30 00:541 in USDJPY
0	00:52:25.963	CPIv1.5 EURUSD,M5: 2017.03.30 00:555 in EURUSD
0	00:52:31.550	CPIv1.5 USDJPY,M1: 2017.03.30 00:551 in USDJPY
0	00:53:35.365	CPIv1.5 USDJPY,M1: 2017.03.30 00:561 in USDJPY
0	00:54:52.139	CPIv1.5 USDJPY,M1: 2017.03.30 00:571 in USDJPY
0	00:57:25.641	CPIv1.5 USDJPY,M1: 2017.03.30 01:001 in USDJPY
0	00:57:31.776	CPIv1.5 YM,H1: 2017.03.30 01:0060 in YM
0	00:57:34.305	CPIv1.5 NQ,H1: 2017.03.30 01:0060Медвежий Доджи in NQ
0	01:01:25.610	CPIv1.5 USDJPY,M1: 2017.03.30 01:041 in USDJPY
0	01:02:25.664	CPIv1.5 USDJPY,M1: 2017.03.30 01:051 in USDJPY
0	01:03:27.907	CPIv1.5 USDJPY,M1: 2017.03.30 01:061 in USDJPY
0	01:07:25.530	CPIv1.5 USDJPY,M1: 2017.03.30 01:101 in USDJPY
0	01:07:34.755	CPIv1.5 EURUSD,M5: 2017.03.30 01:105Разрыв Тасуки in EURUSD
0	01:08:25.866	CPIv1.5 USDJPY,M1: 2017.03.30 01:111 in USDJPY
0	01:09:27.217	CPIv1.5 USDJPY,M1: 2017.03.30 01:121Повешенный in USDJPY
0	01:10:25.792	CPIv1.5 USDJPY,M1: 2017.03.30 01:131 in USDJPY
0	01:11:25.478	CPIv1.5 USDJPY,M1: 2017.03.30 01:141 in USDJPY
0	01:12:25.834	CPIv1.5 USDJPY,M1: 2017.03.30 01:151 in USDJPY
0	01:14:27.064	CPIv1.5 USDJPY,M1: 2017.03.30 01:171 in USDJPY
0	01:16:27.926	CPIv1.5 USDJPY,M1: 2017.03.30 01:191Медвежий Доджи in USDJPY
0	01:17:25.842	CPIv1.5 EURUSD,M5: 2017.03.30 01:205Разрыв Тасуки in EURUSD
0	01:17:28.014	CPIv1.5 USDJPY,M1: 2017.03.30 01:201 in USDJPY
0	01:18:30.209	CPIv1.5 USDJPY,M1: 2017.03.30 01:211 in USDJPY
0	01:19:40.444	CPIv1.5 USDJPY,M1: 2017.03.30 01:221 in USDJPY
0	01:21:26.888	CPIv1.5 USDJPY,M1: 2017.03.30 01:241Медвежий Доджи in USDJPY
0	01:22:28.816	CPIv1.5 USDJPY,M1: 2017.03.30 01:251 in USDJPY
0	01:22:36.130	CPIv1.5 EURUSD,M5: 2017.03.30 01:255 in EURUSD
0	01:23:25.581	CPIv1.5 USDJPY,M1: 2017.03.30 01:261 in USDJPY
0	01:24:29.671	CPIv1.5 USDJPY,M1: 2017.03.30 01:271Падающая звезда in USDJPY
0	01:26:25.913	CPIv1.5 USDJPY,M1: 2017.03.30 01:291 in USDJPY
0	01:27:25.649	CPIv1.5 USDJPY,M1: 2017.03.30 01:301 in USDJPY
0	01:28:25.743	CPIv1.5 USDJPY,M1: 2017.03.30 01:311 in USDJPY
0	01:29:25.418	CPIv1.5 USDJPY,M1: 2017.03.30 01:321 in USDJPY
0	01:31:25.850	CPIv1.5 USDJPY,M1: 2017.03.30 01:341 in USDJPY
0	01:32:28.475	CPIv1.5 USDJPY,M1: 2017.03.30 01:351 in USDJPY
0	01:32:28.662	CPIv1.5 EURUSD,M5: 2017.03.30 01:355Разрыв Тасуки in EURUSD
0	01:34:25.944	CPIv1.5 USDJPY,M1: 2017.03.30 01:371 in USDJPY
0	01:36:27.688	CPIv1.5 USDJPY,M1: 2017.03.30 01:391 in USDJPY
0	01:37:35.959	CPIv1.5 USDJPY,M1: 2017.03.30 01:401 in USDJPY
0	01:40:34.949	CPIv1.5 USDJPY,M1: 2017.03.30 01:431 in USDJPY
0	01:41:25.591	CPIv1.5 USDJPY,M1: 2017.03.30 01:441 in USDJPY
0	01:42:28.674	CPIv1.5 USDJPY,M1: 2017.03.30 01:451 in USDJPY
0	01:43:25.614	CPIv1.5 USDJPY,M1: 2017.03.30 01:461Утрення звезда in USDJPY
0	01:44:25.707	CPIv1.5 USDJPY,M1: 2017.03.30 01:471Медвежий Доджи in USDJPY
0	01:45:25.528	CPIv1.5 USDJPY,M1: 2017.03.30 01:481 in USDJPY
0	01:46:26.432	CPIv1.5 USDJPY,M1: 2017.03.30 01:491Медвежий Доджи in USDJPY
0	01:47:25.638	CPIv1.5 USDJPY,M1: 2017.03.30 01:501 in USDJPY
0	01:49:31.488	CPIv1.5 USDJPY,M1: 2017.03.30 01:521 in USDJPY
0	01:55:41.605	CPIv1.5 USDJPY,M1: 2017.03.30 01:581 in USDJPY
0	01:56:29.980	CPIv1.5 USDJPY,M1: 2017.03.30 01:591 in USDJPY
0	01:57:25.468	CPIv1.5 EURUSD,M5: 2017.03.30 02:005Разрыв Тасуки in EURUSD
0	01:57:28.223	CPIv1.5 NQ,H1: 2017.03.30 02:0060Медвежий Доджи in NQ
0	01:58:28.375	CPIv1.5 USDJPY,M1: 2017.03.30 02:011 in USDJPY
0	01:59:25.641	CPIv1.5 USDJPY,M1: 2017.03.30 02:021Падающая звезда in USDJPY
0	02:01:26.455	CPIv1.5 USDJPY,M1: 2017.03.30 02:041Вечерняя звезда in USDJPY
0	02:02:42.211	CPIv1.5 USDJPY,M1: 2017.03.30 02:051 in USDJPY
0	02:03:31.623	CPIv1.5 USDJPY,M1: 2017.03.30 02:061 in USDJPY
0	02:05:25.761	CPIv1.5 USDJPY,M1: 2017.03.30 02:081 in USDJPY
0	02:06:29.553	CPIv1.5 USDJPY,M1: 2017.03.30 02:091 in USDJPY
0	02:07:25.543	CPIv1.5 EURUSD,M5: 2017.03.30 02:105 in EURUSD
0	02:08:26.719	CPIv1.5 USDJPY,M1: 2017.03.30 02:111 in USDJPY
0	02:12:26.056	CPIv1.5 EURUSD,M5: 2017.03.30 02:155Разрыв Тасуки in EURUSD
0	02:13:44.908	CPIv1.5 USDJPY,M1: 2017.03.30 02:161 in USDJPY
0	02:14:28.818	CPIv1.5 USDJPY,M1: 2017.03.30 02:171 in USDJPY
0	02:15:26.945	CPIv1.5 USDJPY,M1: 2017.03.30 02:181 in USDJPY
0	02:17:26.856	CPIv1.5 EURUSD,M5: 2017.03.30 02:205Разрыв Тасуки in EURUSD
0	02:17:28.437	CPIv1.5 USDJPY,M1: 2017.03.30 02:201 in USDJPY
0	02:18:27.422	CPIv1.5 USDJPY,M1: 2017.03.30 02:211 in USDJPY
0	02:20:26.581	CPIv1.5 USDJPY,M1: 2017.03.30 02:231 in USDJPY
0	02:22:26.246	CPIv1.5 USDJPY,M1: 2017.03.30 02:251 in USDJPY
0	02:23:35.398	CPIv1.5 USDJPY,M1: 2017.03.30 02:261 in USDJPY
0	02:24:32.146	CPIv1.5 USDJPY,M1: 2017.03.30 02:271 in USDJPY
0	02:27:25.672	CPIv1.5 USDJPY,M1: 2017.03.30 02:301Бычий Доджи in USDJPY
0	02:27:31.519	CPIv1.5 EURUSD,M5: 2017.03.30 02:305 in EURUSD
0	02:28:25.631	CPIv1.5 USDJPY,M1: 2017.03.30 02:311 in USDJPY
0	02:29:30.167	CPIv1.5 USDJPY,M1: 2017.03.30 02:321 in USDJPY
0	02:30:27.468	CPIv1.5 USDJPY,M1: 2017.03.30 02:331 in USDJPY
0	02:32:27.395	CPIv1.5 EURUSD,M5: 2017.03.30 02:355 in EURUSD
0	02:33:26.734	CPIv1.5 USDJPY,M1: 2017.03.30 02:361 in USDJPY
0	02:35:25.663	CPIv1.5 USDJPY,M1: 2017.03.30 02:381 in USDJPY
0	02:37:25.789	CPIv1.5 USDJPY,M1: 2017.03.30 02:401Медвежий Доджи in USDJPY
0	02:37:26.980	CPIv1.5 EURUSD,M5: 2017.03.30 02:405Разрыв Тасуки in EURUSD
0	02:38:30.206	CPIv1.5 USDJPY,M1: 2017.03.30 02:411 in USDJPY
0	02:39:26.458	CPIv1.5 USDJPY,M1: 2017.03.30 02:421 in USDJPY
0	02:41:26.154	CPIv1.5 USDJPY,M1: 2017.03.30 02:441 in USDJPY
0	02:42:26.890	CPIv1.5 EURUSD,M5: 2017.03.30 02:455Разрыв Тасуки in EURUSD
0	02:43:25.881	CPIv1.5 USDJPY,M1: 2017.03.30 02:461 in USDJPY
0	02:44:25.623	CPIv1.5 USDJPY,M1: 2017.03.30 02:471 in USDJPY
0	02:45:25.757	CPIv1.5 USDJPY,M1: 2017.03.30 02:481 in USDJPY
0	02:46:45.177	CPIv1.5 USDJPY,M1: 2017.03.30 02:491 in USDJPY
0	02:49:26.194	CPIv1.5 USDJPY,M1: 2017.03.30 02:521 in USDJPY
0	02:50:30.768	CPIv1.5 USDJPY,M1: 2017.03.30 02:531 in USDJPY
0	02:54:26.873	CPIv1.5 USDJPY,M1: 2017.03.30 02:571 in USDJPY
0	02:55:27.355	CPIv1.5 USDJPY,M1: 2017.03.30 02:581 in USDJPY
0	02:57:25.713	CPIv1.5 USDJPY,M1: 2017.03.30 03:001Медвежий Доджи in USDJPY
0	02:57:25.900	CPIv1.5 EURUSD,M5: 2017.03.30 03:005Разрыв Тасуки in EURUSD
0	02:57:26.345	CPIv1.5 NQ,H1: 2017.03.30 03:0060 in NQ
0	02:58:25.707	CPIv1.5 USDJPY,M1: 2017.03.30 03:011 in USDJPY
0	02:59:25.620	CPIv1.5 USDJPY,M1: 2017.03.30 03:021 in USDJPY
0	03:01:25.591	CPIv1.5 USDJPY,M1: 2017.03.30 03:041 in USDJPY
0	03:02:25.736	CPIv1.5 EURUSD,M5: 2017.03.30 03:055Разрыв Тасуки in EURUSD
0	03:03:25.687	CPIv1.5 USDJPY,M1: 2017.03.30 03:061Медвежий Доджи in USDJPY
0	03:04:26.961	CPIv1.5 USDJPY,M1: 2017.03.30 03:071 in USDJPY
0	03:07:26.449	CPIv1.5 USDJPY,M1: 2017.03.30 03:101 in USDJPY
0	03:09:25.607	CPIv1.5 USDJPY,M1: 2017.03.30 03:121Вечерняя звезда in USDJPY
0	03:12:25.668	CPIv1.5 EURUSD,M5: 2017.03.30 03:155Разрыв Тасуки in EURUSD
0	03:12:25.922	CPIv1.5 USDJPY,M1: 2017.03.30 03:151Медвежий Доджи in USDJPY
0	03:13:25.523	CPIv1.5 USDJPY,M1: 2017.03.30 03:161Вечерняя звезда in USDJPY
0	03:14:26.283	CPIv1.5 USDJPY,M1: 2017.03.30 03:171Бычий Доджи in USDJPY
0	03:15:28.571	CPIv1.5 USDJPY,M1: 2017.03.30 03:181Утрення звезда in USDJPY
0	03:17:25.777	CPIv1.5 EURUSD,M5: 2017.03.30 03:205Разрыв Тасуки in EURUSD
0	03:18:25.801	CPIv1.5 USDJPY,M1: 2017.03.30 03:211Медвежий Доджи in USDJPY
0	03:19:26.059	CPIv1.5 USDJPY,M1: 2017.03.30 03:221Вечерняя звезда in USDJPY
0	03:20:25.696	CPIv1.5 USDJPY,M1: 2017.03.30 03:231 in USDJPY
0	03:22:27.937	CPIv1.5 EURUSD,M5: 2017.03.30 03:255 in EURUSD
0	03:23:26.090	CPIv1.5 USDJPY,M1: 2017.03.30 03:261Утрення звезда in USDJPY
0	03:26:26.271	CPIv1.5 USDJPY,M1: 2017.03.30 03:291Бычий Доджи in USDJPY
0	03:27:25.766	CPIv1.5 USDJPY,M1: 2017.03.30 03:301 in USDJPY
0	03:27:25.957	CPIv1.5 EURUSD,M5: 2017.03.30 03:305Разрыв Тасуки in EURUSD
0	03:28:25.932	CPIv1.5 USDJPY,M1: 2017.03.30 03:311 in USDJPY
0	03:29:27.261	CPIv1.5 USDJPY,M1: 2017.03.30 03:321 in USDJPY
0	03:30:26.148	CPIv1.5 USDJPY,M1: 2017.03.30 03:331 in USDJPY
0	03:32:27.881	CPIv1.5 USDJPY,M1: 2017.03.30 03:351Медвежий Доджи in USDJPY
0	03:32:29.382	CPIv1.5 EURUSD,M5: 2017.03.30 03:355Разрыв Тасуки in EURUSD
0	03:33:30.692	CPIv1.5 USDJPY,M1: 2017.03.30 03:361 in USDJPY
0	03:34:30.419	CPIv1.5 USDJPY,M1: 2017.03.30 03:371 in USDJPY
0	03:37:30.506	CPIv1.5 USDJPY,M1: 2017.03.30 03:401 in USDJPY
0	03:38:26.366	CPIv1.5 USDJPY,M1: 2017.03.30 03:411 in USDJPY
0	03:39:25.853	CPIv1.5 USDJPY,M1: 2017.03.30 03:421 in USDJPY
0	03:40:28.373	CPIv1.5 USDJPY,M1: 2017.03.30 03:431 in USDJPY
0	03:43:25.883	CPIv1.5 USDJPY,M1: 2017.03.30 03:461Бычий Доджи in USDJPY
0	03:44:27.890	CPIv1.5 USDJPY,M1: 2017.03.30 03:471 in USDJPY
0	03:47:25.516	CPIv1.5 USDJPY,M1: 2017.03.30 03:501 in USDJPY
0	03:50:25.645	CPIv1.5 USDJPY,M1: 2017.03.30 03:531 in USDJPY
0	03:52:25.903	CPIv1.5 USDJPY,M1: 2017.03.30 03:551Медвежий Доджи in USDJPY
0	03:53:25.975	CPIv1.5 USDJPY,M1: 2017.03.30 03:561Медвежий Доджи in USDJPY
0	03:54:26.007	CPIv1.5 USDJPY,M1: 2017.03.30 03:571 in USDJPY
0	03:57:28.680	CPIv1.5 EURUSD,M5: 2017.03.30 04:005 in EURUSD
0	03:57:41.271	CPIv1.5 NQ,H1: 2017.03.30 04:0060Медвежий Доджи in NQ
0	04:02:25.887	CPIv1.5 USDJPY,M1: 2017.03.30 04:051Медвежий Доджи in USDJPY
0	04:02:27.703	CPIv1.5 EURUSD,M5: 2017.03.30 04:055Разрыв Тасуки in EURUSD
0	04:03:26.141	CPIv1.5 USDJPY,M1: 2017.03.30 04:061Вечерняя звезда in USDJPY
0	04:07:26.072	CPIv1.5 USDJPY,M1: 2017.03.30 04:101 in USDJPY
0	04:07:26.262	CPIv1.5 EURUSD,M5: 2017.03.30 04:105Разрыв Тасуки in EURUSD
0	04:08:26.565	CPIv1.5 USDJPY,M1: 2017.03.30 04:111 in USDJPY
0	04:09:25.514	CPIv1.5 USDJPY,M1: 2017.03.30 04:121Медвежий Доджи in USDJPY
0	04:10:25.833	CPIv1.5 USDJPY,M1: 2017.03.30 04:131 in USDJPY
0	04:12:26.203	CPIv1.5 USDJPY,M1: 2017.03.30 04:151 in USDJPY
0	04:16:25.578	CPIv1.5 USDJPY,M1: 2017.03.30 04:191 in USDJPY
0	04:17:25.582	CPIv1.5 USDJPY,M1: 2017.03.30 04:201 in USDJPY
0	04:18:26.362	CPIv1.5 USDJPY,M1: 2017.03.30 04:211 in USDJPY
0	04:20:26.911	CPIv1.5 USDJPY,M1: 2017.03.30 04:231Падающая звезда in USDJPY
0	04:21:26.756	CPIv1.5 USDJPY,M1: 2017.03.30 04:241 in USDJPY
0	04:22:25.665	CPIv1.5 EURUSD,M5: 2017.03.30 04:255Разрыв Тасуки in EURUSD
0	04:22:31.557	CPIv1.5 USDJPY,M1: 2017.03.30 04:251 in USDJPY
0	04:23:26.391	CPIv1.5 USDJPY,M1: 2017.03.30 04:261 in USDJPY
0	04:24:27.721	CPIv1.5 USDJPY,M1: 2017.03.30 04:271 in USDJPY
0	04:26:32.426	CPIv1.5 USDJPY,M1: 2017.03.30 04:291 in USDJPY
0	04:27:25.852	CPIv1.5 USDJPY,M1: 2017.03.30 04:301 in USDJPY
0	04:27:26.038	CPIv1.5 EURUSD,M5: 2017.03.30 04:305Разрыв Тасуки in EURUSD
0	04:28:26.518	CPIv1.5 USDJPY,M1: 2017.03.30 04:311 in USDJPY
0	04:29:28.552	CPIv1.5 USDJPY,M1: 2017.03.30 04:321 in USDJPY
0	04:30:26.250	CPIv1.5 USDJPY,M1: 2017.03.30 04:331Медвежий Доджи in USDJPY
0	04:31:26.039	CPIv1.5 USDJPY,M1: 2017.03.30 04:341 in USDJPY
0	04:32:30.350	CPIv1.5 USDJPY,M1: 2017.03.30 04:351 in USDJPY
0	04:32:30.541	CPIv1.5 EURUSD,M5: 2017.03.30 04:355Разрыв Тасуки in EURUSD
0	04:35:25.576	CPIv1.5 USDJPY,M1: 2017.03.30 04:381Медвежий Доджи in USDJPY
0	04:36:25.963	CPIv1.5 USDJPY,M1: 2017.03.30 04:391 in USDJPY
0	04:37:25.676	CPIv1.5 USDJPY,M1: 2017.03.30 04:401 in USDJPY
0	04:37:25.870	CPIv1.5 EURUSD,M5: 2017.03.30 04:405Разрыв Тасуки in EURUSD
0	04:38:25.746	CPIv1.5 USDJPY,M1: 2017.03.30 04:411 in USDJPY
0	04:42:29.812	CPIv1.5 EURUSD,M5: 2017.03.30 04:455Разрыв Тасуки in EURUSD
0	04:43:28.923	CPIv1.5 USDJPY,M1: 2017.03.30 04:461 in USDJPY
0	04:45:25.819	CPIv1.5 USDJPY,M1: 2017.03.30 04:481 in USDJPY
0	04:46:26.593	CPIv1.5 USDJPY,M1: 2017.03.30 04:491 in USDJPY
0	04:47:25.724	CPIv1.5 USDJPY,M1: 2017.03.30 04:501 in USDJPY
0	04:47:27.863	CPIv1.5 EURUSD,M5: 2017.03.30 04:505 in EURUSD
0	04:48:25.732	CPIv1.5 USDJPY,M1: 2017.03.30 04:511 in USDJPY
0	04:50:29.675	CPIv1.5 USDJPY,M1: 2017.03.30 04:531Медвежий Доджи in USDJPY
0	04:51:25.725	CPIv1.5 USDJPY,M1: 2017.03.30 04:541 in USDJPY
0	04:55:32.869	CPIv1.5 USDJPY,M1: 2017.03.30 04:581 in USDJPY
0	04:57:26.317	CPIv1.5 NQ,H1: 2017.03.30 05:0060Медвежий Доджи in NQ
0	04:57:26.376	CPIv1.5 YM,H1: 2017.03.30 05:0060Медвежий Доджи in YM
0	04:58:26.734	CPIv1.5 USDJPY,M1: 2017.03.30 05:011 in USDJPY
0	04:59:26.056	CPIv1.5 USDJPY,M1: 2017.03.30 05:021 in USDJPY
0	05:02:26.338	CPIv1.5 EURUSD,M5: 2017.03.30 05:055Разрыв Тасуки in EURUSD
0	05:03:27.756	CPIv1.5 USDJPY,M1: 2017.03.30 05:061 in USDJPY
0	05:05:39.891	CPIv1.5 USDJPY,M1: 2017.03.30 05:081 in USDJPY
0	05:07:28.728	CPIv1.5 EURUSD,M5: 2017.03.30 05:105Разрыв Тасуки in EURUSD
0	05:08:25.379	CPIv1.5 USDJPY,M1: 2017.03.30 05:111 in USDJPY
0	05:09:27.408	CPIv1.5 USDJPY,M1: 2017.03.30 05:121 in USDJPY
0	05:11:26.548	CPIv1.5 USDJPY,M1: 2017.03.30 05:141 in USDJPY
0	05:14:34.483	CPIv1.5 USDJPY,M1: 2017.03.30 05:171 in USDJPY
0	05:16:25.485	CPIv1.5 USDJPY,M1: 2017.03.30 05:191 in USDJPY
0	05:17:30.430	CPIv1.5 USDJPY,M1: 2017.03.30 05:201 in USDJPY
0	05:18:26.278	CPIv1.5 USDJPY,M1: 2017.03.30 05:211 in USDJPY
0	05:20:25.626	CPIv1.5 USDJPY,M1: 2017.03.30 05:231 in USDJPY
0	05:21:25.695	CPIv1.5 USDJPY,M1: 2017.03.30 05:241 in USDJPY
0	05:22:25.461	CPIv1.5 USDJPY,M1: 2017.03.30 05:251 in USDJPY
0	05:22:28.610	CPIv1.5 EURUSD,M5: 2017.03.30 05:255 in EURUSD
0	05:26:25.946	CPIv1.5 USDJPY,M1: 2017.03.30 05:291 in USDJPY
0	05:27:25.705	CPIv1.5 USDJPY,M1: 2017.03.30 05:301 in USDJPY
0	05:27:26.154	CPIv1.5 EURUSD,M5: 2017.03.30 05:305Разрыв Тасуки in EURUSD
0	05:28:30.281	CPIv1.5 USDJPY,M1: 2017.03.30 05:311 in USDJPY
0	05:29:26.115	CPIv1.5 USDJPY,M1: 2017.03.30 05:321 in USDJPY
0	05:30:25.621	CPIv1.5 USDJPY,M1: 2017.03.30 05:331 in USDJPY
0	05:32:25.588	CPIv1.5 EURUSD,M5: 2017.03.30 05:355Разрыв Тасуки in EURUSD
0	05:32:32.234	CPIv1.5 USDJPY,M1: 2017.03.30 05:351 in USDJPY
0	05:33:25.698	CPIv1.5 USDJPY,M1: 2017.03.30 05:361 in USDJPY
0	05:34:25.876	CPIv1.5 USDJPY,M1: 2017.03.30 05:371 in USDJPY
0	05:35:26.072	CPIv1.5 USDJPY,M1: 2017.03.30 05:381 in USDJPY
0	05:36:27.077	CPIv1.5 USDJPY,M1: 2017.03.30 05:391 in USDJPY
0	05:37:26.173	CPIv1.5 USDJPY,M1: 2017.03.30 05:401 in USDJPY
0	05:37:29.876	CPIv1.5 EURUSD,M5: 2017.03.30 05:405Разрыв Тасуки in EURUSD
0	05:38:25.478	CPIv1.5 USDJPY,M1: 2017.03.30 05:411 in USDJPY
0	05:40:34.085	CPIv1.5 USDJPY,M1: 2017.03.30 05:431 in USDJPY
0	05:42:25.506	CPIv1.5 EURUSD,M5: 2017.03.30 05:455 in EURUSD
0	05:42:26.274	ax_adv_023 AUDUSD,M15: AUDUSD [BUYSTOP ]:(4109)trade is not allowed in the expert properties AUDUSD lot=0.01 price=0.76682 slippage=3 sl=0.76574 tp=0.00000 comment= exp=1490853602
0	05:43:29.190	CPIv1.5 USDJPY,M1: 2017.03.30 05:461 in USDJPY
0	05:46:27.517	CPIv1.5 USDJPY,M1: 2017.03.30 05:491Утрення звезда in USDJPY
0	05:47:26.182	CPIv1.5 EURUSD,M5: 2017.03.30 05:505Разрыв Тасуки in EURUSD
0	05:49:30.521	CPIv1.5 USDJPY,M1: 2017.03.30 05:521 in USDJPY
0	05:50:27.715	CPIv1.5 USDJPY,M1: 2017.03.30 05:531 in USDJPY
0	05:52:29.190	CPIv1.5 EURUSD,M5: 2017.03.30 05:555Разрыв Тасуки in EURUSD
0	05:53:33.419	CPIv1.5 USDJPY,M1: 2017.03.30 05:561 in USDJPY
0	05:54:27.174	CPIv1.5 USDJPY,M1: 2017.03.30 05:571 in USDJPY
0	05:56:26.510	CPIv1.5 USDJPY,M1: 2017.03.30 05:591 in USDJPY
0	05:57:25.603	CPIv1.5 YM,H1: 2017.03.30 06:0060 in YM
0	05:57:25.860	CPIv1.5 USDJPY,M1: 2017.03.30 06:001 in USDJPY
0	05:57:29.555	CPIv1.5 NQ,H1: 2017.03.30 06:0060 in NQ
0	05:58:27.582	CPIv1.5 USDJPY,M1: 2017.03.30 06:011 in USDJPY
0	06:00:26.618	CPIv1.5 USDJPY,M1: 2017.03.30 06:031 in USDJPY
0	06:01:26.447	CPIv1.5 USDJPY,M1: 2017.03.30 06:041Вечерняя звезда in USDJPY
0	06:02:27.590	CPIv1.5 EURUSD,M5: 2017.03.30 06:055Разрыв Тасуки in EURUSD
0	06:02:33.616	CPIv1.5 USDJPY,M1: 2017.03.30 06:051 in USDJPY
0	06:04:27.752	CPIv1.5 USDJPY,M1: 2017.03.30 06:071 in USDJPY
0	06:06:31.077	CPIv1.5 USDJPY,M1: 2017.03.30 06:091Падающая звезда in USDJPY
0	06:07:25.654	CPIv1.5 USDJPY,M1: 2017.03.30 06:101 in USDJPY
0	06:07:25.846	CPIv1.5 EURUSD,M5: 2017.03.30 06:105Разрыв Тасуки in EURUSD
0	06:08:25.488	CPIv1.5 USDJPY,M1: 2017.03.30 06:111 in USDJPY
0	06:12:25.764	CPIv1.5 EURUSD,M5: 2017.03.30 06:155Разрыв Тасуки in EURUSD
0	06:13:25.651	CPIv1.5 USDJPY,M1: 2017.03.30 06:161 in USDJPY
0	06:14:27.663	CPIv1.5 USDJPY,M1: 2017.03.30 06:171 in USDJPY
0	06:15:25.725	CPIv1.5 USDJPY,M1: 2017.03.30 06:181 in USDJPY
0	06:17:27.262	CPIv1.5 USDJPY,M1: 2017.03.30 06:201Бычий Доджи in USDJPY
0	06:17:27.605	CPIv1.5 EURUSD,M5: 2017.03.30 06:205Разрыв Тасуки in EURUSD
0	06:18:25.560	CPIv1.5 USDJPY,M1: 2017.03.30 06:211Модель поглощения in USDJPY
0	06:19:28.758	CPIv1.5 USDJPY,M1: 2017.03.30 06:221 in USDJPY
0	06:21:26.687	CPIv1.5 USDJPY,M1: 2017.03.30 06:241Бычий Доджи in USDJPY
0	06:22:26.043	CPIv1.5 EURUSD,M5: 2017.03.30 06:255Разрыв Тасуки in EURUSD
0	06:22:27.375	CPIv1.5 USDJPY,M1: 2017.03.30 06:251 in USDJPY
0	06:25:29.215	CPIv1.5 USDJPY,M1: 2017.03.30 06:281 in USDJPY
0	06:27:25.803	CPIv1.5 EURUSD,M5: 2017.03.30 06:305Разрыв Тасуки in EURUSD
0	06:29:25.355	CPIv1.5 USDJPY,M1: 2017.03.30 06:321Медвежий Доджи in USDJPY
0	06:30:25.921	CPIv1.5 USDJPY,M1: 2017.03.30 06:331 in USDJPY
0	06:31:27.881	CPIv1.5 USDJPY,M1: 2017.03.30 06:341 in USDJPY
0	06:32:25.474	CPIv1.5 EURUSD,M5: 2017.03.30 06:355Разрыв Тасуки in EURUSD
0	06:33:27.698	CPIv1.5 USDJPY,M1: 2017.03.30 06:361Падающая звезда in USDJPY
0	06:35:27.702	CPIv1.5 USDJPY,M1: 2017.03.30 06:381 in USDJPY
0	06:36:34.858	CPIv1.5 USDJPY,M1: 2017.03.30 06:391 in USDJPY
0	06:39:29.954	CPIv1.5 USDJPY,M1: 2017.03.30 06:421 in USDJPY
0	06:41:26.865	CPIv1.5 USDJPY,M1: 2017.03.30 06:441 in USDJPY
0	06:42:31.217	CPIv1.5 USDJPY,M1: 2017.03.30 06:451 in USDJPY
0	06:42:32.230	CPIv1.5 EURUSD,M5: 2017.03.30 06:455Разрыв Тасуки in EURUSD
0	06:45:27.115	CPIv1.5 USDJPY,M1: 2017.03.30 06:481 in USDJPY
0	06:47:30.703	CPIv1.5 USDJPY,M1: 2017.03.30 06:501 in USDJPY
0	06:47:30.891	CPIv1.5 EURUSD,M5: 2017.03.30 06:505 in EURUSD
0	06:48:25.554	CPIv1.5 USDJPY,M1: 2017.03.30 06:511 in USDJPY
0	06:50:27.085	CPIv1.5 USDJPY,M1: 2017.03.30 06:531 in USDJPY
0	06:51:26.389	CPIv1.5 USDJPY,M1: 2017.03.30 06:541Падающая звезда in USDJPY
0	06:52:25.573	CPIv1.5 USDJPY,M1: 2017.03.30 06:551 in USDJPY
0	06:52:28.524	CPIv1.5 EURUSD,M5: 2017.03.30 06:555Разрыв Тасуки in EURUSD
0	06:53:27.866	CPIv1.5 USDJPY,M1: 2017.03.30 06:561 in USDJPY
0	06:55:25.635	CPIv1.5 USDJPY,M1: 2017.03.30 06:581Бычий Доджи in USDJPY
0	06:56:27.988	CPIv1.5 USDJPY,M1: 2017.03.30 06:591 in USDJPY
0	06:57:26.444	CPIv1.5 EURUSD,M5: 2017.03.30 07:005Разрыв Тасуки in EURUSD
0	06:59:25.632	CPIv1.5 USDJPY,M1: 2017.03.30 07:021 in USDJPY
0	07:00:27.749	CPIv1.5 USDJPY,M1: 2017.03.30 07:031 in USDJPY
0	07:02:25.907	CPIv1.5 EURUSD,M5: 2017.03.30 07:055Разрыв Тасуки in EURUSD
0	07:04:25.620	CPIv1.5 USDJPY,M1: 2017.03.30 07:071 in USDJPY
0	07:05:28.754	CPIv1.5 USDJPY,M1: 2017.03.30 07:081 in USDJPY
0	07:07:33.978	CPIv1.5 EURUSD,M5: 2017.03.30 07:105Разрыв Тасуки in EURUSD
0	07:09:43.795	CPIv1.5 USDJPY,M1: 2017.03.30 07:121Падающая звезда in USDJPY
0	07:10:25.948	CPIv1.5 USDJPY,M1: 2017.03.30 07:131 in USDJPY
0	07:11:26.894	CPIv1.5 USDJPY,M1: 2017.03.30 07:141 in USDJPY
0	07:12:25.608	CPIv1.5 EURUSD,M5: 2017.03.30 07:155Разрыв Тасуки in EURUSD
0	07:15:25.717	CPIv1.5 USDJPY,M1: 2017.03.30 07:181 in USDJPY
0	07:16:25.338	CPIv1.5 USDJPY,M1: 2017.03.30 07:191Медвежий Доджи in USDJPY
0	07:17:25.767	CPIv1.5 USDJPY,M1: 2017.03.30 07:201Падающая звезда in USDJPY
0	07:17:38.674	CPIv1.5 EURUSD,M5: 2017.03.30 07:205Разрыв Тасуки in EURUSD
0	07:18:25.469	CPIv1.5 USDJPY,M1: 2017.03.30 07:211 in USDJPY
0	07:21:26.243	CPIv1.5 USDJPY,M1: 2017.03.30 07:241Бычий Доджи in USDJPY
0	07:22:25.457	CPIv1.5 USDJPY,M1: 2017.03.30 07:251 in USDJPY
0	07:22:26.688	CPIv1.5 EURUSD,M5: 2017.03.30 07:255Разрыв Тасуки in EURUSD
0	07:24:30.031	CPIv1.5 USDJPY,M1: 2017.03.30 07:271 in USDJPY
0	07:26:25.407	CPIv1.5 USDJPY,M1: 2017.03.30 07:291 in USDJPY
0	07:28:25.466	CPIv1.5 USDJPY,M1: 2017.03.30 07:311Падающая звезда in USDJPY
0	07:29:27.924	CPIv1.5 USDJPY,M1: 2017.03.30 07:321 in USDJPY
0	07:30:29.966	CPIv1.5 USDJPY,M1: 2017.03.30 07:331 in USDJPY
0	07:33:29.739	CPIv1.5 USDJPY,M1: 2017.03.30 07:361 in USDJPY
0	07:36:25.609	CPIv1.5 USDJPY,M1: 2017.03.30 07:391 in USDJPY
0	07:37:25.536	CPIv1.5 EURUSD,M5: 2017.03.30 07:405Разрыв Тасуки in EURUSD
0	07:37:25.814	CPIv1.5 USDJPY,M1: 2017.03.30 07:401 in USDJPY
0	07:38:29.215	CPIv1.5 USDJPY,M1: 2017.03.30 07:411 in USDJPY
0	07:40:26.480	CPIv1.5 USDJPY,M1: 2017.03.30 07:431Медвежий Доджи in USDJPY
0	07:41:35.463	CPIv1.5 USDJPY,M1: 2017.03.30 07:441 in USDJPY
0	07:42:25.689	CPIv1.5 EURUSD,M5: 2017.03.30 07:455Разрыв Тасуки in EURUSD
0	07:42:27.564	CPIv1.5 USDJPY,M1: 2017.03.30 07:451Медвежий Доджи in USDJPY
0	07:43:25.488	CPIv1.5 USDJPY,M1: 2017.03.30 07:461 in USDJPY
0	07:46:51.792	CPIv1.5 USDJPY,M1: 2017.03.30 07:491 in USDJPY
0	07:47:26.640	CPIv1.5 USDJPY,M1: 2017.03.30 07:501 in USDJPY
0	07:47:48.706	CPIv1.5 EURUSD,M5: 2017.03.30 07:505Разрыв Тасуки in EURUSD
0	07:48:30.501	CPIv1.5 USDJPY,M1: 2017.03.30 07:511 in USDJPY
0	07:50:31.338	CPIv1.5 USDJPY,M1: 2017.03.30 07:531 in USDJPY
0	07:52:35.092	CPIv1.5 USDJPY,M1: 2017.03.30 07:551 in USDJPY
0	07:53:29.117	CPIv1.5 USDJPY,M1: 2017.03.30 07:561Бычий Доджи in USDJPY
0	07:54:45.382	CPIv1.5 USDJPY,M1: 2017.03.30 07:571 in USDJPY
0	07:55:25.642	CPIv1.5 USDJPY,M1: 2017.03.30 07:581 in USDJPY
0	07:57:25.788	CPIv1.5 NQ,H1: 2017.03.30 08:0060 in NQ
0	07:57:26.276	CPIv1.5 USDJPY,M1: 2017.03.30 08:001 in USDJPY
0	07:58:27.206	CPIv1.5 USDJPY,M1: 2017.03.30 08:011Медвежий Доджи in USDJPY
0	07:59:26.154	CPIv1.5 USDJPY,M1: 2017.03.30 08:021Бычий Доджи in USDJPY
0	08:00:26.855	CPIv1.5 USDJPY,M1: 2017.03.30 08:031 in USDJPY
0	08:02:26.471	CPIv1.5 EURUSD,M5: 2017.03.30 08:055 in EURUSD
0	08:03:28.523	CPIv1.5 USDJPY,M1: 2017.03.30 08:061 in USDJPY
0	08:04:26.480	CPIv1.5 USDJPY,M1: 2017.03.30 08:071 in USDJPY
0	08:05:26.397	CPIv1.5 USDJPY,M1: 2017.03.30 08:081 in USDJPY
0	08:07:26.484	CPIv1.5 USDJPY,M1: 2017.03.30 08:101 in USDJPY
0	08:07:26.673	CPIv1.5 EURUSD,M5: 2017.03.30 08:105Разрыв Тасуки in EURUSD
0	08:08:25.459	CPIv1.5 USDJPY,M1: 2017.03.30 08:111Бычий Доджи in USDJPY
0	08:09:25.574	CPIv1.5 USDJPY,M1: 2017.03.30 08:121Бычий Доджи in USDJPY
0	08:10:26.708	CPIv1.5 USDJPY,M1: 2017.03.30 08:131 in USDJPY
0	08:11:25.805	CPIv1.5 USDJPY,M1: 2017.03.30 08:141 in USDJPY
0	08:12:25.744	CPIv1.5 EURUSD,M5: 2017.03.30 08:155Разрыв Тасуки in EURUSD
0	08:12:26.013	CPIv1.5 USDJPY,M1: 2017.03.30 08:151 in USDJPY
0	08:13:26.662	CPIv1.5 USDJPY,M1: 2017.03.30 08:161Бычий Доджи in USDJPY
0	08:14:26.212	CPIv1.5 USDJPY,M1: 2017.03.30 08:171 in USDJPY
0	08:15:26.015	CPIv1.5 USDJPY,M1: 2017.03.30 08:181 in USDJPY
0	08:17:27.971	CPIv1.5 EURUSD,M5: 2017.03.30 08:205 in EURUSD
0	08:18:25.775	CPIv1.5 USDJPY,M1: 2017.03.30 08:211 in USDJPY
0	08:19:34.621	CPIv1.5 USDJPY,M1: 2017.03.30 08:221 in USDJPY
0	08:20:26.135	CPIv1.5 USDJPY,M1: 2017.03.30 08:231 in USDJPY
0	08:23:32.336	CPIv1.5 USDJPY,M1: 2017.03.30 08:261 in USDJPY
0	08:24:25.733	CPIv1.5 USDJPY,M1: 2017.03.30 08:271 in USDJPY
0	08:25:30.390	CPIv1.5 USDJPY,M1: 2017.03.30 08:281Медвежий Доджи in USDJPY
0	08:27:26.091	CPIv1.5 USDJPY,M1: 2017.03.30 08:301 in USDJPY
0	08:30:26.906	CPIv1.5 USDJPY,M1: 2017.03.30 08:331 in USDJPY
0	08:31:26.420	CPIv1.5 USDJPY,M1: 2017.03.30 08:341 in USDJPY
0	08:32:25.574	CPIv1.5 USDJPY,M1: 2017.03.30 08:351Бычий Доджи in USDJPY
0	08:33:27.114	CPIv1.5 USDJPY,M1: 2017.03.30 08:361Утрення звезда in USDJPY
0	08:37:25.461	CPIv1.5 USDJPY,M1: 2017.03.30 08:401 in USDJPY
0	08:37:26.995	CPIv1.5 EURUSD,M5: 2017.03.30 08:405 in EURUSD
0	08:38:28.639	CPIv1.5 USDJPY,M1: 2017.03.30 08:411Медвежий Доджи in USDJPY
0	08:39:26.975	CPIv1.5 USDJPY,M1: 2017.03.30 08:421 in USDJPY
0	08:40:25.737	CPIv1.5 USDJPY,M1: 2017.03.30 08:431 in USDJPY
0	08:42:25.742	CPIv1.5 USDJPY,M1: 2017.03.30 08:451 in USDJPY
0	08:42:49.882	CPIv1.5 EURUSD,M5: 2017.03.30 08:455Разрыв Тасуки in EURUSD
0	08:43:25.625	CPIv1.5 USDJPY,M1: 2017.03.30 08:461Падающая звезда in USDJPY
0	08:44:29.779	CPIv1.5 USDJPY,M1: 2017.03.30 08:471Вечерняя звезда in USDJPY
0	08:45:31.579	CPIv1.5 USDJPY,M1: 2017.03.30 08:481 in USDJPY
0	08:48:41.382	CPIv1.5 USDJPY,M1: 2017.03.30 08:511Утрення звезда in USDJPY
0	08:49:26.457	CPIv1.5 USDJPY,M1: 2017.03.30 08:521 in USDJPY
0	08:50:27.764	CPIv1.5 USDJPY,M1: 2017.03.30 08:531Падающая звезда in USDJPY
0	08:51:53.939	CPIv1.5 USDJPY,M1: 2017.03.30 08:541 in USDJPY
0	08:52:26.159	CPIv1.5 USDJPY,M1: 2017.03.30 08:551 in USDJPY
0	08:53:27.369	CPIv1.5 USDJPY,M1: 2017.03.30 08:561Медвежий Доджи in USDJPY
0	08:54:25.920	CPIv1.5 USDJPY,M1: 2017.03.30 08:571 in USDJPY
0	08:55:29.549	CPIv1.5 USDJPY,M1: 2017.03.30 08:581 in USDJPY
0	08:57:25.578	CPIv1.5 NQ,H1: 2017.03.30 09:0060 in NQ
0	08:57:25.908	CPIv1.5 USDJPY,M1: 2017.03.30 09:001Утрення звезда in USDJPY
0	08:59:27.446	CPIv1.5 USDJPY,M1: 2017.03.30 09:021Медвежий Доджи in USDJPY
0	09:00:25.567	CPIv1.5 USDJPY,M1: 2017.03.30 09:031 in USDJPY
0	09:01:29.038	CPIv1.5 USDJPY,M1: 2017.03.30 09:041Бычий Доджи in USDJPY
0	09:02:26.247	CPIv1.5 USDJPY,M1: 2017.03.30 09:051 in USDJPY
0	09:03:26.013	CPIv1.5 USDJPY,M1: 2017.03.30 09:061Падающая звезда in USDJPY
0	09:05:26.511	CPIv1.5 USDJPY,M1: 2017.03.30 09:081 in USDJPY
0	09:06:27.054	CPIv1.5 USDJPY,M1: 2017.03.30 09:091 in USDJPY
0	09:08:58.392	CPIv1.5 EURUSD,M5: 2017.03.30 09:105Разрыв Тасуки in EURUSD
0	09:09:12.030	CPIv1.5 USDJPY,M1: 2017.03.30 09:111Медвежий Доджи in USDJPY
0	09:09:29.323	CPIv1.5 USDJPY,M1: 2017.03.30 09:121Вечерняя звезда in USDJPY
0	09:10:29.810	CPIv1.5 USDJPY,M1: 2017.03.30 09:131 in USDJPY
0	09:12:25.404	CPIv1.5 USDJPY,M1: 2017.03.30 09:151 in USDJPY
0	09:12:25.592	ax_adv_023 AUDUSD,M15: AUDUSD [BUYSTOP ]:(4109)trade is not allowed in the expert properties AUDUSD lot=0.01 price=0.76622 slippage=3 sl=0.76514 tp=0.00000 comment= exp=1490866201
0	09:12:27.727	CPIv1.5 EURUSD,M5: 2017.03.30 09:155Разрыв Тасуки in EURUSD
0	09:13:25.496	CPIv1.5 USDJPY,M1: 2017.03.30 09:161 in USDJPY
0	09:14:25.764	CPIv1.5 USDJPY,M1: 2017.03.30 09:171Медвежий Доджи in USDJPY
0	09:15:31.149	CPIv1.5 USDJPY,M1: 2017.03.30 09:181Падающая звезда in USDJPY
0	09:16:30.755	CPIv1.5 USDJPY,M1: 2017.03.30 09:191 in USDJPY
0	09:17:25.783	CPIv1.5 USDJPY,M1: 2017.03.30 09:201 in USDJPY
0	09:17:26.858	CPIv1.5 EURUSD,M5: 2017.03.30 09:205Разрыв Тасуки in EURUSD
0	09:18:26.666	CPIv1.5 USDJPY,M1: 2017.03.30 09:211Бычий Доджи in USDJPY
0	09:19:25.672	CPIv1.5 USDJPY,M1: 2017.03.30 09:221 in USDJPY
0	09:21:25.713	CPIv1.5 USDJPY,M1: 2017.03.30 09:241 in USDJPY
0	09:22:25.442	CPIv1.5 USDJPY,M1: 2017.03.30 09:251 in USDJPY
0	09:23:25.597	CPIv1.5 USDJPY,M1: 2017.03.30 09:261 in USDJPY
0	09:25:28.039	CPIv1.5 USDJPY,M1: 2017.03.30 09:281 in USDJPY
0	09:26:26.102	CPIv1.5 USDJPY,M1: 2017.03.30 09:291 in USDJPY
0	09:28:25.662	CPIv1.5 USDJPY,M1: 2017.03.30 09:311 in USDJPY
0	09:29:27.153	CPIv1.5 USDJPY,M1: 2017.03.30 09:321 in USDJPY
0	09:33:26.494	CPIv1.5 USDJPY,M1: 2017.03.30 09:361Утрення звезда in USDJPY
0	09:35:30.505	CPIv1.5 USDJPY,M1: 2017.03.30 09:381 in USDJPY
0	09:36:28.653	CPIv1.5 USDJPY,M1: 2017.03.30 09:391 in USDJPY
0	09:37:27.346	CPIv1.5 EURUSD,M5: 2017.03.30 09:405Разрыв Тасуки in EURUSD
0	09:39:28.460	CPIv1.5 USDJPY,M1: 2017.03.30 09:421 in USDJPY
0	09:41:26.838	CPIv1.5 USDJPY,M1: 2017.03.30 09:441Бычий Доджи in USDJPY
0	09:42:28.627	CPIv1.5 USDJPY,M1: 2017.03.30 09:451Бычий Доджи in USDJPY
0	09:43:26.812	CPIv1.5 USDJPY,M1: 2017.03.30 09:461 in USDJPY
0	09:47:26.391	CPIv1.5 USDJPY,M1: 2017.03.30 09:501Медвежий Доджи in USDJPY
0	09:48:25.893	CPIv1.5 USDJPY,M1: 2017.03.30 09:511Падающая звезда in USDJPY
0	09:49:27.170	CPIv1.5 USDJPY,M1: 2017.03.30 09:521 in USDJPY
0	09:50:26.673	CPIv1.5 USDJPY,M1: 2017.03.30 09:531 in USDJPY
0	09:52:25.812	CPIv1.5 USDJPY,M1: 2017.03.30 09:551Бычий Доджи in USDJPY
0	09:52:26.008	CPIv1.5 EURUSD,M5: 2017.03.30 09:555Разрыв Тасуки in EURUSD
0	09:53:25.638	CPIv1.5 USDJPY,M1: 2017.03.30 09:561 in USDJPY
0	09:54:26.765	CPIv1.5 USDJPY,M1: 2017.03.30 09:571 in USDJPY
0	09:57:26.594	CPIv1.5 USDJPY,M1: 2017.03.30 10:001 in USDJPY
0	09:57:26.784	CPIv1.5 EURUSD,M5: 2017.03.30 10:005 in EURUSD
0	09:57:28.190	CPIv1.5 YM,H1: 2017.03.30 10:0060 in YM
0	09:58:25.826	CPIv1.5 USDJPY,M1: 2017.03.30 10:011 in USDJPY
0	09:59:27.083	CPIv1.5 USDJPY,M1: 2017.03.30 10:021Бычий Доджи in USDJPY
0	10:00:26.916	CPIv1.5 USDJPY,M1: 2017.03.30 10:031 in USDJPY
0	10:01:28.439	CPIv1.5 USDJPY,M1: 2017.03.30 10:041Модель поглощения in USDJPY
0	10:02:25.879	CPIv1.5 EURUSD,M5: 2017.03.30 10:055Разрыв Тасуки in EURUSD
0	10:02:26.158	CPIv1.5 USDJPY,M1: 2017.03.30 10:051 in USDJPY
0	10:04:26.429	CPIv1.5 USDJPY,M1: 2017.03.30 10:071Бычий Доджи in USDJPY
0	10:05:25.545	CPIv1.5 USDJPY,M1: 2017.03.30 10:081 in USDJPY
0	10:07:26.003	CPIv1.5 USDJPY,M1: 2017.03.30 10:101 in USDJPY
0	10:07:26.203	CPIv1.5 EURUSD,M5: 2017.03.30 10:105 in EURUSD
0	10:08:26.145	CPIv1.5 USDJPY,M1: 2017.03.30 10:111 in USDJPY
0	10:09:30.367	CPIv1.5 USDJPY,M1: 2017.03.30 10:121 in USDJPY
0	10:11:25.690	CPIv1.5 USDJPY,M1: 2017.03.30 10:141Модель поглощения in USDJPY
0	10:12:25.638	CPIv1.5 EURUSD,M5: 2017.03.30 10:155Разрыв Тасуки in EURUSD
0	10:12:26.550	CPIv1.5 USDJPY,M1: 2017.03.30 10:151 in USDJPY
0	10:12:26.558	ax_adv_023 AUDUSD,M15: AUDUSD [BUYSTOP ]:(4109)trade is not allowed in the expert properties AUDUSD lot=0.01 price=0.76614 slippage=3 sl=0.76482 tp=0.00000 comment= exp=1490869802
0	10:14:25.610	CPIv1.5 USDJPY,M1: 2017.03.30 10:171Бычий Доджи in USDJPY
0	10:15:26.303	CPIv1.5 USDJPY,M1: 2017.03.30 10:181 in USDJPY
0	10:16:25.567	CPIv1.5 USDJPY,M1: 2017.03.30 10:191Бычий Доджи in USDJPY
0	10:17:25.732	CPIv1.5 USDJPY,M1: 2017.03.30 10:201 in USDJPY
0	10:17:25.936	CPIv1.5 EURUSD,M5: 2017.03.30 10:205Разрыв Тасуки in EURUSD
0	10:18:27.872	CPIv1.5 USDJPY,M1: 2017.03.30 10:211 in USDJPY
0	10:22:24.821	CPIv1.5 EURUSD,M5: 2017.03.30 10:255 in EURUSD
0	10:22:25.361	CPIv1.5 USDJPY,M1: 2017.03.30 10:251 in USDJPY
0	10:23:24.678	CPIv1.5 USDJPY,M1: 2017.03.30 10:261Медвежий Доджи in USDJPY
0	10:24:24.792	CPIv1.5 USDJPY,M1: 2017.03.30 10:271 in USDJPY
0	10:26:24.657	CPIv1.5 USDJPY,M1: 2017.03.30 10:291Бычий Доджи in USDJPY
0	10:27:25.124	CPIv1.5 EURUSD,M5: 2017.03.30 10:305Разрыв Тасуки in EURUSD
0	10:27:25.397	CPIv1.5 USDJPY,M1: 2017.03.30 10:301 in USDJPY
0	10:28:28.711	CPIv1.5 USDJPY,M1: 2017.03.30 10:311 in USDJPY
0	10:30:24.819	CPIv1.5 USDJPY,M1: 2017.03.30 10:331Медвежий Доджи in USDJPY
0	10:31:24.971	CPIv1.5 USDJPY,M1: 2017.03.30 10:341 in USDJPY
0	10:32:24.439	CPIv1.5 EURUSD,M5: 2017.03.30 10:355 in EURUSD
0	10:32:24.718	CPIv1.5 USDJPY,M1: 2017.03.30 10:351 in USDJPY
0	10:33:26.475	CPIv1.5 USDJPY,M1: 2017.03.30 10:361 in USDJPY
0	10:34:25.307	CPIv1.5 USDJPY,M1: 2017.03.30 10:371 in USDJPY
0	10:37:24.573	CPIv1.5 EURUSD,M5: 2017.03.30 10:405Разрыв Тасуки in EURUSD
0	10:37:25.019	CPIv1.5 USDJPY,M1: 2017.03.30 10:401 in USDJPY
0	10:38:27.043	CPIv1.5 USDJPY,M1: 2017.03.30 10:411 in USDJPY
0	10:40:24.758	CPIv1.5 USDJPY,M1: 2017.03.30 10:431Бычий Доджи in USDJPY
0	10:41:24.666	CPIv1.5 USDJPY,M1: 2017.03.30 10:441 in USDJPY
0	10:42:25.876	CPIv1.5 EURUSD,M5: 2017.03.30 10:455Разрыв Тасуки in EURUSD
0	10:44:25.030	CPIv1.5 USDJPY,M1: 2017.03.30 10:471Медвежий Доджи in USDJPY
0	10:45:26.242	CPIv1.5 USDJPY,M1: 2017.03.30 10:481 in USDJPY
0	10:46:25.471	CPIv1.5 USDJPY,M1: 2017.03.30 10:491 in USDJPY
0	10:47:24.445	CPIv1.5 USDJPY,M1: 2017.03.30 10:501 in USDJPY
0	10:47:25.175	CPIv1.5 EURUSD,M5: 2017.03.30 10:505Разрыв Тасуки in EURUSD
0	10:48:25.322	CPIv1.5 USDJPY,M1: 2017.03.30 10:511Падающая звезда in USDJPY
0	10:50:26.289	CPIv1.5 USDJPY,M1: 2017.03.30 10:531Бычий Доджи in USDJPY
0	10:51:29.052	CPIv1.5 USDJPY,M1: 2017.03.30 10:541 in USDJPY
0	10:52:24.506	CPIv1.5 EURUSD,M5: 2017.03.30 10:555 in EURUSD
0	10:53:25.737	CPIv1.5 USDJPY,M1: 2017.03.30 10:561 in USDJPY
0	10:54:24.774	CPIv1.5 USDJPY,M1: 2017.03.30 10:571 in USDJPY
0	10:56:25.011	CPIv1.5 USDJPY,M1: 2017.03.30 10:591Падающая звезда in USDJPY
0	10:57:24.710	CPIv1.5 EURUSD,M5: 2017.03.30 11:005Разрыв Тасуки in EURUSD
0	10:57:24.984	CPIv1.5 USDJPY,M1: 2017.03.30 11:001 in USDJPY
0	10:58:26.858	CPIv1.5 USDJPY,M1: 2017.03.30 11:011 in USDJPY
0	10:59:26.234	CPIv1.5 USDJPY,M1: 2017.03.30 11:021 in USDJPY
0	11:02:24.619	CPIv1.5 EURUSD,M5: 2017.03.30 11:055Разрыв Тасуки in EURUSD
0	11:02:26.700	CPIv1.5 USDJPY,M1: 2017.03.30 11:051 in USDJPY
0	11:05:25.469	CPIv1.5 USDJPY,M1: 2017.03.30 11:081 in USDJPY
0	11:06:28.352	CPIv1.5 USDJPY,M1: 2017.03.30 11:091 in USDJPY
0	11:07:28.113	CPIv1.5 USDJPY,M1: 2017.03.30 11:101Медвежий Доджи in USDJPY
0	11:08:25.107	CPIv1.5 USDJPY,M1: 2017.03.30 11:111Модель поглощения in USDJPY
0	11:09:24.757	CPIv1.5 USDJPY,M1: 2017.03.30 11:121 in USDJPY
0	11:11:24.976	CPIv1.5 USDJPY,M1: 2017.03.30 11:141 in USDJPY
0	11:12:24.851	CPIv1.5 EURUSD,M5: 2017.03.30 11:155Разрыв Тасуки in EURUSD
0	11:12:26.348	CPIv1.5 USDJPY,M1: 2017.03.30 11:151Медвежий Доджи in USDJPY
0	11:13:29.610	CPIv1.5 USDJPY,M1: 2017.03.30 11:161 in USDJPY
0	11:17:24.533	CPIv1.5 USDJPY,M1: 2017.03.30 11:201 in USDJPY
0	11:20:24.631	CPIv1.5 USDJPY,M1: 2017.03.30 11:231 in USDJPY
0	11:22:24.580	CPIv1.5 EURUSD,M5: 2017.03.30 11:255 in EURUSD
0	11:22:25.684	CPIv1.5 USDJPY,M1: 2017.03.30 11:251 in USDJPY
0	11:24:24.420	CPIv1.5 USDJPY,M1: 2017.03.30 11:271Падающая звезда in USDJPY
0	11:25:24.990	CPIv1.5 USDJPY,M1: 2017.03.30 11:281 in USDJPY
0	11:26:24.980	CPIv1.5 USDJPY,M1: 2017.03.30 11:291Повешенный in USDJPY
0	11:27:24.672	CPIv1.5 EURUSD,M5: 2017.03.30 11:305Разрыв Тасуки in EURUSD
0	11:27:26.454	CPIv1.5 USDJPY,M1: 2017.03.30 11:301Вечерняя звезда in USDJPY
0	11:28:25.322	CPIv1.5 USDJPY,M1: 2017.03.30 11:311 in USDJPY
0	11:29:24.963	CPIv1.5 USDJPY,M1: 2017.03.30 11:321Бычий Доджи in USDJPY
0	11:30:25.236	CPIv1.5 USDJPY,M1: 2017.03.30 11:331 in USDJPY
0	11:31:26.032	CPIv1.5 USDJPY,M1: 2017.03.30 11:341 in USDJPY
0	11:32:27.009	CPIv1.5 EURUSD,M5: 2017.03.30 11:355Разрыв Тасуки in EURUSD
0	11:32:28.000	CPIv1.5 USDJPY,M1: 2017.03.30 11:351 in USDJPY
0	11:34:25.359	CPIv1.5 USDJPY,M1: 2017.03.30 11:371 in USDJPY
0	11:35:24.924	CPIv1.5 USDJPY,M1: 2017.03.30 11:381Модель поглощения in USDJPY
0	11:36:25.188	CPIv1.5 USDJPY,M1: 2017.03.30 11:391Падающая звезда in USDJPY
0	11:37:26.702	CPIv1.5 USDJPY,M1: 2017.03.30 11:401 in USDJPY
0	11:37:27.211	CPIv1.5 EURUSD,M5: 2017.03.30 11:405 in EURUSD
0	11:38:26.207	CPIv1.5 USDJPY,M1: 2017.03.30 11:411 in USDJPY
0	11:41:25.115	CPIv1.5 USDJPY,M1: 2017.03.30 11:441 in USDJPY
0	11:42:26.458	CPIv1.5 USDJPY,M1: 2017.03.30 11:451 in USDJPY
0	11:42:26.648	CPIv1.5 EURUSD,M5: 2017.03.30 11:455Разрыв Тасуки in EURUSD
0	11:46:31.905	CPIv1.5 USDJPY,M1: 2017.03.30 11:491Падающая звезда in USDJPY
0	11:47:25.057	CPIv1.5 USDJPY,M1: 2017.03.30 11:501 in USDJPY
0	11:47:25.246	CPIv1.5 EURUSD,M5: 2017.03.30 11:505Разрыв Тасуки in EURUSD
0	11:48:25.188	CPIv1.5 USDJPY,M1: 2017.03.30 11:511 in USDJPY
0	11:49:25.637	CPIv1.5 USDJPY,M1: 2017.03.30 11:521Бычий Доджи in USDJPY
0	11:51:25.214	CPIv1.5 USDJPY,M1: 2017.03.30 11:541 in USDJPY
0	11:52:49.038	CPIv1.5 USDJPY,M1: 2017.03.30 11:551Бычий Доджи in USDJPY
0	11:53:25.067	CPIv1.5 USDJPY,M1: 2017.03.30 11:561 in USDJPY
0	11:54:24.858	CPIv1.5 USDJPY,M1: 2017.03.30 11:571Бычий Доджи in USDJPY
0	11:55:24.468	CPIv1.5 USDJPY,M1: 2017.03.30 11:581Утрення звезда in USDJPY
0	11:56:26.962	CPIv1.5 USDJPY,M1: 2017.03.30 11:591Медвежий Доджи in USDJPY
0	11:57:24.889	CPIv1.5 USDJPY,M1: 2017.03.30 12:001 in USDJPY
0	11:57:26.402	CPIv1.5 NQ,H1: 2017.03.30 12:0060Бычий Доджи in NQ
0	11:59:25.362	CPIv1.5 USDJPY,M1: 2017.03.30 12:021 in USDJPY
0	12:00:24.589	CPIv1.5 USDJPY,M1: 2017.03.30 12:031 in USDJPY
0	12:02:24.312	CPIv1.5 EURUSD,M5: 2017.03.30 12:055Разрыв Тасуки in EURUSD
0	12:02:26.463	CPIv1.5 USDJPY,M1: 2017.03.30 12:051 in USDJPY
0	12:03:25.093	CPIv1.5 USDJPY,M1: 2017.03.30 12:061 in USDJPY
0	12:04:29.434	CPIv1.5 USDJPY,M1: 2017.03.30 12:071Модель поглощения in USDJPY
0	12:05:25.191	CPIv1.5 USDJPY,M1: 2017.03.30 12:081 in USDJPY
0	12:06:26.679	CPIv1.5 USDJPY,M1: 2017.03.30 12:091 in USDJPY
0	12:07:24.742	CPIv1.5 USDJPY,M1: 2017.03.30 12:101 in USDJPY
0	12:07:24.934	CPIv1.5 EURUSD,M5: 2017.03.30 12:105Разрыв Тасуки in EURUSD
0	12:08:24.651	CPIv1.5 USDJPY,M1: 2017.03.30 12:111Медвежий Доджи in USDJPY
0	12:09:25.575	CPIv1.5 USDJPY,M1: 2017.03.30 12:121 in USDJPY
0	12:12:25.019	CPIv1.5 EURUSD,M5: 2017.03.30 12:155Разрыв Тасуки in EURUSD
0	12:12:27.572	CPIv1.5 USDJPY,M1: 2017.03.30 12:151 in USDJPY
0	12:14:30.672	CPIv1.5 USDJPY,M1: 2017.03.30 12:171Бычий Доджи in USDJPY
0	12:15:25.391	CPIv1.5 USDJPY,M1: 2017.03.30 12:181 in USDJPY
0	12:16:24.731	CPIv1.5 USDJPY,M1: 2017.03.30 12:191 in USDJPY
0	12:17:25.876	CPIv1.5 EURUSD,M5: 2017.03.30 12:205Разрыв Тасуки in EURUSD
0	12:17:28.384	CPIv1.5 USDJPY,M1: 2017.03.30 12:201 in USDJPY
0	12:19:29.692	CPIv1.5 USDJPY,M1: 2017.03.30 12:221Бычий Доджи in USDJPY
0	12:20:24.529	CPIv1.5 USDJPY,M1: 2017.03.30 12:231 in USDJPY
0	12:21:24.691	CPIv1.5 USDJPY,M1: 2017.03.30 12:241Падающая звезда in USDJPY
0	12:22:28.569	CPIv1.5 EURUSD,M5: 2017.03.30 12:255Разрыв Тасуки in EURUSD
0	12:22:28.847	CPIv1.5 USDJPY,M1: 2017.03.30 12:251Падающая звезда in USDJPY
0	12:23:25.957	CPIv1.5 USDJPY,M1: 2017.03.30 12:261 in USDJPY
0	12:24:25.366	CPIv1.5 USDJPY,M1: 2017.03.30 12:271 in USDJPY
0	12:27:24.676	CPIv1.5 EURUSD,M5: 2017.03.30 12:305Разрыв Тасуки in EURUSD
0	12:27:24.958	CPIv1.5 USDJPY,M1: 2017.03.30 12:301Медвежий Доджи in USDJPY
0	12:28:25.114	CPIv1.5 USDJPY,M1: 2017.03.30 12:311 in USDJPY
0	12:29:25.322	CPIv1.5 USDJPY,M1: 2017.03.30 12:321 in USDJPY
0	12:31:24.529	CPIv1.5 USDJPY,M1: 2017.03.30 12:341Медвежий Доджи in USDJPY
0	12:32:26.382	CPIv1.5 USDJPY,M1: 2017.03.30 12:351 in USDJPY
0	12:32:26.572	CPIv1.5 EURUSD,M5: 2017.03.30 12:355Разрыв Тасуки in EURUSD
0	12:33:25.532	CPIv1.5 USDJPY,M1: 2017.03.30 12:361Медвежий Доджи in USDJPY
0	12:34:26.586	CPIv1.5 USDJPY,M1: 2017.03.30 12:371Медвежий Доджи in USDJPY
0	12:35:27.882	CPIv1.5 USDJPY,M1: 2017.03.30 12:381 in USDJPY
0	12:37:24.942	CPIv1.5 EURUSD,M5: 2017.03.30 12:405 in EURUSD
0	12:39:25.448	CPIv1.5 USDJPY,M1: 2017.03.30 12:421Медвежий Доджи in USDJPY
0	12:40:26.891	CPIv1.5 USDJPY,M1: 2017.03.30 12:431 in USDJPY
0	12:41:25.379	CPIv1.5 USDJPY,M1: 2017.03.30 12:441 in USDJPY
0	12:42:25.308	CPIv1.5 EURUSD,M5: 2017.03.30 12:455Разрыв Тасуки in EURUSD
0	12:44:26.447	CPIv1.5 USDJPY,M1: 2017.03.30 12:471 in USDJPY
0	12:45:26.233	CPIv1.5 USDJPY,M1: 2017.03.30 12:481 in USDJPY
0	12:47:25.058	CPIv1.5 EURUSD,M5: 2017.03.30 12:505Разрыв Тасуки in EURUSD
0	12:51:25.097	CPIv1.5 USDJPY,M1: 2017.03.30 12:541Бычий Доджи in USDJPY
0	12:52:24.793	CPIv1.5 USDJPY,M1: 2017.03.30 12:551Модель поглощения in USDJPY
0	12:53:36.311	CPIv1.5 USDJPY,M1: 2017.03.30 12:561Бычий Доджи in USDJPY
0	12:54:24.673	CPIv1.5 USDJPY,M1: 2017.03.30 12:571 in USDJPY
0	12:55:25.300	CPIv1.5 USDJPY,M1: 2017.03.30 12:581Падающая звезда in USDJPY
0	12:56:29.406	CPIv1.5 USDJPY,M1: 2017.03.30 12:591 in USDJPY
0	12:57:24.962	CPIv1.5 USDJPY,M1: 2017.03.30 13:001 in USDJPY
0	12:57:25.827	CPIv1.5 NQ,H1: 2017.03.30 13:0060Бычий Доджи in NQ
0	12:57:25.887	CPIv1.5 YM,H1: 2017.03.30 13:0060Бычий Доджи in YM
0	12:57:27.492	CPIv1.5 EURUSD,M5: 2017.03.30 13:005Разрыв Тасуки in EURUSD
0	13:00:24.709	CPIv1.5 USDJPY,M1: 2017.03.30 13:031Бычий Доджи in USDJPY
0	13:01:26.099	CPIv1.5 USDJPY,M1: 2017.03.30 13:041 in USDJPY
0	13:02:24.821	CPIv1.5 USDJPY,M1: 2017.03.30 13:051Медвежий Доджи in USDJPY
0	13:03:24.601	CPIv1.5 USDJPY,M1: 2017.03.30 13:061 in USDJPY
0	13:05:24.690	CPIv1.5 USDJPY,M1: 2017.03.30 13:081Бычий Доджи in USDJPY
0	13:06:25.132	CPIv1.5 USDJPY,M1: 2017.03.30 13:091 in USDJPY
0	13:07:24.778	CPIv1.5 USDJPY,M1: 2017.03.30 13:101 in USDJPY
0	13:07:33.073	CPIv1.5 EURUSD,M5: 2017.03.30 13:105 in EURUSD
0	13:08:26.399	CPIv1.5 USDJPY,M1: 2017.03.30 13:111 in USDJPY
0	13:11:25.787	CPIv1.5 USDJPY,M1: 2017.03.30 13:141 in USDJPY
0	13:12:24.978	CPIv1.5 EURUSD,M5: 2017.03.30 13:155Разрыв Тасуки in EURUSD
0	13:13:28.171	CPIv1.5 USDJPY,M1: 2017.03.30 13:161 in USDJPY
0	13:17:25.040	CPIv1.5 EURUSD,M5: 2017.03.30 13:205Разрыв Тасуки in EURUSD
0	13:17:26.131	CPIv1.5 USDJPY,M1: 2017.03.30 13:201Вечерняя звезда in USDJPY
0	13:18:32.541	CPIv1.5 USDJPY,M1: 2017.03.30 13:211 in USDJPY
0	13:19:25.348	CPIv1.5 USDJPY,M1: 2017.03.30 13:221 in USDJPY
0	13:22:26.087	CPIv1.5 USDJPY,M1: 2017.03.30 13:251 in USDJPY
0	13:22:26.838	CPIv1.5 EURUSD,M5: 2017.03.30 13:255 in EURUSD
0	13:23:28.581	CPIv1.5 USDJPY,M1: 2017.03.30 13:261 in USDJPY
0	13:24:29.583	CPIv1.5 USDJPY,M1: 2017.03.30 13:271 in USDJPY
0	13:25:25.520	CPIv1.5 USDJPY,M1: 2017.03.30 13:281 in USDJPY
0	13:27:25.201	CPIv1.5 USDJPY,M1: 2017.03.30 13:301Модель поглощения in USDJPY
0	13:27:26.576	CPIv1.5 EURUSD,M5: 2017.03.30 13:305Разрыв Тасуки in EURUSD
0	13:28:25.820	CPIv1.5 USDJPY,M1: 2017.03.30 13:311Бычий Доджи in USDJPY
0	13:29:24.649	CPIv1.5 USDJPY,M1: 2017.03.30 13:321 in USDJPY
0	13:30:30.335	CPIv1.5 USDJPY,M1: 2017.03.30 13:331 in USDJPY
0	13:32:25.697	CPIv1.5 EURUSD,M5: 2017.03.30 13:355Разрыв Тасуки in EURUSD
0	13:33:25.362	CPIv1.5 USDJPY,M1: 2017.03.30 13:361Бычий Доджи in USDJPY
0	13:34:24.587	CPIv1.5 USDJPY,M1: 2017.03.30 13:371 in USDJPY
0	13:35:24.621	CPIv1.5 USDJPY,M1: 2017.03.30 13:381 in USDJPY
0	13:37:24.934	CPIv1.5 USDJPY,M1: 2017.03.30 13:401Медвежий Доджи in USDJPY
0	13:37:25.126	CPIv1.5 EURUSD,M5: 2017.03.30 13:405Разрыв Тасуки in EURUSD
0	13:38:25.075	CPIv1.5 USDJPY,M1: 2017.03.30 13:411Бычий Доджи in USDJPY
0	13:39:28.230	CPIv1.5 USDJPY,M1: 2017.03.30 13:421 in USDJPY
0	13:40:33.039	CPIv1.5 USDJPY,M1: 2017.03.30 13:431 in USDJPY
0	13:42:24.820	CPIv1.5 EURUSD,M5: 2017.03.30 13:455Разрыв Тасуки in EURUSD
0	13:42:26.757	ax_adv_023 AUDUSD,M15: AUDUSD [SELLSTOP ]:(4109)trade is not allowed in the expert properties AUDUSD lot=0.01 price=0.76670 slippage=3 sl=0.76780 tp=0.00000 comment= exp=1490882403
0	13:44:25.738	CPIv1.5 USDJPY,M1: 2017.03.30 13:471 in USDJPY
0	13:46:26.300	CPIv1.5 USDJPY,M1: 2017.03.30 13:491 in USDJPY
0	13:47:25.211	CPIv1.5 EURUSD,M5: 2017.03.30 13:505Разрыв Тасуки in EURUSD
0	13:49:24.553	CPIv1.5 USDJPY,M1: 2017.03.30 13:521 in USDJPY
0	13:50:24.568	CPIv1.5 USDJPY,M1: 2017.03.30 13:531 in USDJPY
0	13:51:24.564	CPIv1.5 USDJPY,M1: 2017.03.30 13:541Медвежий Доджи in USDJPY
0	13:52:24.360	CPIv1.5 EURUSD,M5: 2017.03.30 13:555Разрыв Тасуки in EURUSD
0	13:52:28.115	CPIv1.5 USDJPY,M1: 2017.03.30 13:551 in USDJPY
0	13:56:25.367	CPIv1.5 USDJPY,M1: 2017.03.30 13:591Медвежий Доджи in USDJPY
0	13:57:24.857	CPIv1.5 EURUSD,M5: 2017.03.30 14:005Разрыв Тасуки in EURUSD
0	13:57:25.546	CPIv1.5 USDJPY,M1: 2017.03.30 14:001 in USDJPY
0	13:57:26.941	CPIv1.5 YM,H1: 2017.03.30 14:0060 in YM
0	13:57:34.775	CPIv1.5 NQ,H1: 2017.03.30 14:0060 in NQ
0	13:58:24.976	CPIv1.5 USDJPY,M1: 2017.03.30 14:011Падающая звезда in USDJPY
0	14:00:27.040	CPIv1.5 USDJPY,M1: 2017.03.30 14:031Перевернутый молот in USDJPY
0	14:01:25.132	CPIv1.5 USDJPY,M1: 2017.03.30 14:041 in USDJPY
0	14:02:24.529	CPIv1.5 USDJPY,M1: 2017.03.30 14:051 in USDJPY
0	14:03:25.086	CPIv1.5 USDJPY,M1: 2017.03.30 14:061Бычий Доджи in USDJPY
0	14:04:26.258	CPIv1.5 USDJPY,M1: 2017.03.30 14:071 in USDJPY
0	14:07:24.639	CPIv1.5 USDJPY,M1: 2017.03.30 14:101Медвежий Доджи in USDJPY
0	14:07:24.825	CPIv1.5 EURUSD,M5: 2017.03.30 14:105 in EURUSD
0	14:09:25.277	CPIv1.5 USDJPY,M1: 2017.03.30 14:121Падающая звезда in USDJPY
0	14:10:26.472	CPIv1.5 USDJPY,M1: 2017.03.30 14:131Падающая звезда in USDJPY
0	14:11:24.619	CPIv1.5 USDJPY,M1: 2017.03.30 14:141 in USDJPY
0	14:12:24.680	CPIv1.5 EURUSD,M5: 2017.03.30 14:155Разрыв Тасуки in EURUSD
0	14:12:25.778	CPIv1.5 USDJPY,M1: 2017.03.30 14:151 in USDJPY
0	14:12:44.478	ax_adv_023 AUDUSD,M15: AUDUSD [SELLSTOP ]:(4109)trade is not allowed in the expert properties AUDUSD lot=0.01 price=0.76712 slippage=3 sl=0.76825 tp=0.00000 comment= exp=1490884221
0	14:13:27.421	CPIv1.5 USDJPY,M1: 2017.03.30 14:161Модель поглощения in USDJPY
0	14:14:24.781	CPIv1.5 USDJPY,M1: 2017.03.30 14:171 in USDJPY
0	14:15:25.101	CPIv1.5 USDJPY,M1: 2017.03.30 14:181 in USDJPY
0	14:18:24.733	CPIv1.5 USDJPY,M1: 2017.03.30 14:211Бычий Доджи in USDJPY
0	14:20:27.990	CPIv1.5 USDJPY,M1: 2017.03.30 14:231Медвежий Доджи in USDJPY
0	14:21:26.663	CPIv1.5 USDJPY,M1: 2017.03.30 14:241 in USDJPY
0	14:22:25.552	CPIv1.5 EURUSD,M5: 2017.03.30 14:255 in EURUSD
0	14:25:27.573	CPIv1.5 USDJPY,M1: 2017.03.30 14:281Бычий Доджи in USDJPY
0	14:26:27.478	CPIv1.5 USDJPY,M1: 2017.03.30 14:291 in USDJPY
0	14:27:24.656	CPIv1.5 EURUSD,M5: 2017.03.30 14:305Разрыв Тасуки in EURUSD
0	14:27:24.941	CPIv1.5 USDJPY,M1: 2017.03.30 14:301 in USDJPY
0	14:28:26.933	CPIv1.5 USDJPY,M1: 2017.03.30 14:311 in USDJPY
0	14:29:25.420	CPIv1.5 USDJPY,M1: 2017.03.30 14:321Бычий Доджи in USDJPY
0	14:31:24.980	CPIv1.5 USDJPY,M1: 2017.03.30 14:341 in USDJPY
0	14:32:29.564	CPIv1.5 EURUSD,M5: 2017.03.30 14:355 in EURUSD
0	14:35:28.279	CPIv1.5 USDJPY,M1: 2017.03.30 14:381 in USDJPY
0	14:36:31.082	CPIv1.5 USDJPY,M1: 2017.03.30 14:391Падающая звезда in USDJPY
0	14:37:28.584	CPIv1.5 EURUSD,M5: 2017.03.30 14:405Разрыв Тасуки in EURUSD
0	14:38:24.628	CPIv1.5 USDJPY,M1: 2017.03.30 14:411Медвежий Доджи in USDJPY
0	14:39:26.812	CPIv1.5 USDJPY,M1: 2017.03.30 14:421 in USDJPY
0	14:40:26.399	CPIv1.5 USDJPY,M1: 2017.03.30 14:431Падающая звезда in USDJPY
0	14:41:27.149	CPIv1.5 USDJPY,M1: 2017.03.30 14:441 in USDJPY
0	14:43:26.651	CPIv1.5 USDJPY,M1: 2017.03.30 14:461Вечерняя звезда in USDJPY
0	14:44:24.736	CPIv1.5 USDJPY,M1: 2017.03.30 14:471 in USDJPY
0	14:45:25.065	CPIv1.5 USDJPY,M1: 2017.03.30 14:481Медвежий Доджи in USDJPY
0	14:46:25.623	CPIv1.5 USDJPY,M1: 2017.03.30 14:491 in USDJPY
0	14:47:26.621	CPIv1.5 EURUSD,M5: 2017.03.30 14:505Разрыв Тасуки in EURUSD
0	14:50:25.564	CPIv1.5 USDJPY,M1: 2017.03.30 14:531Падающая звезда in USDJPY
0	14:51:27.541	CPIv1.5 USDJPY,M1: 2017.03.30 14:541Падающая звезда in USDJPY
0	14:52:24.815	CPIv1.5 USDJPY,M1: 2017.03.30 14:551 in USDJPY
0	14:53:24.535	CPIv1.5 USDJPY,M1: 2017.03.30 14:561 in USDJPY
0	14:54:25.869	CPIv1.5 USDJPY,M1: 2017.03.30 14:571Медвежий Доджи in USDJPY
0	14:55:25.018	CPIv1.5 USDJPY,M1: 2017.03.30 14:581 in USDJPY
0	14:57:25.926	CPIv1.5 EURUSD,M5: 2017.03.30 15:005Разрыв Тасуки in EURUSD
0	14:58:29.474	CPIv1.5 USDJPY,M1: 2017.03.30 15:011 in USDJPY
0	14:59:24.540	CPIv1.5 USDJPY,M1: 2017.03.30 15:021 in USDJPY
0	15:01:24.938	CPIv1.5 USDJPY,M1: 2017.03.30 15:041Медвежий Доджи in USDJPY
0	15:02:25.171	CPIv1.5 EURUSD,M5: 2017.03.30 15:055Разрыв Тасуки in EURUSD
0	15:02:25.479	CPIv1.5 USDJPY,M1: 2017.03.30 15:051Падающая звезда in USDJPY
0	15:03:28.883	CPIv1.5 USDJPY,M1: 2017.03.30 15:061 in USDJPY
0	15:04:29.680	CPIv1.5 USDJPY,M1: 2017.03.30 15:071 in USDJPY
0	15:05:25.162	CPIv1.5 USDJPY,M1: 2017.03.30 15:081 in USDJPY
0	15:06:24.930	CPIv1.5 USDJPY,M1: 2017.03.30 15:091 in USDJPY
0	15:07:25.187	CPIv1.5 USDJPY,M1: 2017.03.30 15:101 in USDJPY
0	15:07:25.376	CPIv1.5 EURUSD,M5: 2017.03.30 15:105Разрыв Тасуки in EURUSD
0	15:08:25.723	CPIv1.5 USDJPY,M1: 2017.03.30 15:111 in USDJPY
0	15:09:25.230	CPIv1.5 USDJPY,M1: 2017.03.30 15:121Медвежий Доджи in USDJPY
0	15:10:26.981	CPIv1.5 USDJPY,M1: 2017.03.30 15:131 in USDJPY
0	15:11:25.013	CPIv1.5 USDJPY,M1: 2017.03.30 15:141 in USDJPY
0	15:12:25.858	CPIv1.5 EURUSD,M5: 2017.03.30 15:155Разрыв Тасуки in EURUSD
0	15:12:28.607	ax_adv_023 AUDUSD,M15: AUDUSD [SELLSTOP ]:(4109)trade is not allowed in the expert properties AUDUSD lot=0.01 price=0.76680 slippage=3 sl=0.76787 tp=0.00000 comment= exp=1490887805
0	15:13:24.971	CPIv1.5 USDJPY,M1: 2017.03.30 15:161Перевернутый молот in USDJPY
0	15:14:25.846	CPIv1.5 USDJPY,M1: 2017.03.30 15:171 in USDJPY
0	15:15:25.325	CPIv1.5 USDJPY,M1: 2017.03.30 15:181 in USDJPY
0	15:16:24.763	CPIv1.5 USDJPY,M1: 2017.03.30 15:191 in USDJPY
0	15:19:28.445	CPIv1.5 USDJPY,M1: 2017.03.30 15:221 in USDJPY
0	15:21:25.169	CPIv1.5 USDJPY,M1: 2017.03.30 15:241Падающая звезда in USDJPY
0	15:22:24.924	CPIv1.5 USDJPY,M1: 2017.03.30 15:251 in USDJPY
0	15:22:25.111	CPIv1.5 EURUSD,M5: 2017.03.30 15:255 in EURUSD
0	15:23:24.859	CPIv1.5 USDJPY,M1: 2017.03.30 15:261Бычий Доджи in USDJPY
0	15:24:24.740	CPIv1.5 USDJPY,M1: 2017.03.30 15:271 in USDJPY
0	15:26:24.925	CPIv1.5 USDJPY,M1: 2017.03.30 15:291 in USDJPY
0	15:27:31.525	CPIv1.5 EURUSD,M5: 2017.03.30 15:305Разрыв Тасуки in EURUSD
0	15:27:32.025	ax_adv_023 AUDUSD,M15: AUDUSD [SELLSTOP ]:(4109)trade is not allowed in the expert properties AUDUSD lot=0.01 price=0.76693 slippage=3 sl=0.76792 tp=0.00000 comment= exp=1490888703
0	15:28:30.896	CPIv1.5 USDJPY,M1: 2017.03.30 15:311Бычий Доджи in USDJPY
0	15:29:28.523	CPIv1.5 USDJPY,M1: 2017.03.30 15:321Бычий Доджи in USDJPY
0	15:30:33.001	CPIv1.5 USDJPY,M1: 2017.03.30 15:331Медвежий Доджи in USDJPY
0	15:31:24.996	CPIv1.5 USDJPY,M1: 2017.03.30 15:341 in USDJPY
0	15:32:24.537	CPIv1.5 EURUSD,M5: 2017.03.30 15:355Разрыв Тасуки in EURUSD
0	15:32:24.829	CPIv1.5 USDJPY,M1: 2017.03.30 15:351 in USDJPY
0	15:33:24.862	CPIv1.5 USDJPY,M1: 2017.03.30 15:361Перевернутый молот in USDJPY
0	15:35:26.448	CPIv1.5 USDJPY,M1: 2017.03.30 15:381 in USDJPY
0	15:36:25.807	CPIv1.5 USDJPY,M1: 2017.03.30 15:391 in USDJPY
0	15:37:25.553	CPIv1.5 USDJPY,M1: 2017.03.30 15:401Падающая звезда in USDJPY
0	15:37:25.748	CPIv1.5 EURUSD,M5: 2017.03.30 15:405Разрыв Тасуки in EURUSD
0	15:39:26.600	CPIv1.5 USDJPY,M1: 2017.03.30 15:421 in USDJPY
0	15:40:25.868	CPIv1.5 USDJPY,M1: 2017.03.30 15:431Медвежий Доджи in USDJPY
0	15:41:27.195	CPIv1.5 USDJPY,M1: 2017.03.30 15:441Медвежий Доджи in USDJPY
0	15:42:24.826	CPIv1.5 USDJPY,M1: 2017.03.30 15:451 in USDJPY
0	15:42:25.023	CPIv1.5 EURUSD,M5: 2017.03.30 15:455Разрыв Тасуки in EURUSD
0	15:45:25.286	CPIv1.5 USDJPY,M1: 2017.03.30 15:481Утрення звезда in USDJPY
0	15:46:24.889	CPIv1.5 USDJPY,M1: 2017.03.30 15:491 in USDJPY
0	15:47:24.392	CPIv1.5 EURUSD,M5: 2017.03.30 15:505Разрыв Тасуки in EURUSD
0	15:48:25.571	CPIv1.5 USDJPY,M1: 2017.03.30 15:511 in USDJPY
0	15:51:25.404	CPIv1.5 USDJPY,M1: 2017.03.30 15:541Бычий Доджи in USDJPY
0	15:52:24.956	CPIv1.5 EURUSD,M5: 2017.03.30 15:555Разрыв Тасуки in EURUSD
0	15:52:25.245	CPIv1.5 USDJPY,M1: 2017.03.30 15:551 in USDJPY
0	15:56:26.228	CPIv1.5 USDJPY,M1: 2017.03.30 15:591 in USDJPY
0	15:58:05.498	CPIv1.5 NQ,H1: 2017.03.30 16:0060Бычий Доджи in NQ
0	15:58:05.577	CPIv1.5 YM,H1: 2017.03.30 16:0060 in YM
0	15:59:25.758	CPIv1.5 USDJPY,M1: 2017.03.30 16:021 in USDJPY
0	16:01:25.347	CPIv1.5 USDJPY,M1: 2017.03.30 16:041 in USDJPY
0	16:02:25.126	CPIv1.5 EURUSD,M5: 2017.03.30 16:055 in EURUSD
0	16:02:26.247	CPIv1.5 USDJPY,M1: 2017.03.30 16:051Бычий Доджи in USDJPY
0	16:03:24.870	CPIv1.5 USDJPY,M1: 2017.03.30 16:061 in USDJPY
0	16:04:26.789	CPIv1.5 USDJPY,M1: 2017.03.30 16:071 in USDJPY
0	16:05:24.700	CPIv1.5 USDJPY,M1: 2017.03.30 16:081Утрення звезда in USDJPY
0	16:06:24.614	CPIv1.5 USDJPY,M1: 2017.03.30 16:091 in USDJPY
0	16:07:25.561	CPIv1.5 EURUSD,M5: 2017.03.30 16:105Разрыв Тасуки in EURUSD
0	16:08:25.158	CPIv1.5 USDJPY,M1: 2017.03.30 16:111Утрення звезда in USDJPY
0	16:11:25.197	CPIv1.5 USDJPY,M1: 2017.03.30 16:141Медвежий Доджи in USDJPY
0	16:12:41.014	CPIv1.5 USDJPY,M1: 2017.03.30 16:151Медвежий Доджи in USDJPY
0	16:12:41.239	CPIv1.5 EURUSD,M5: 2017.03.30 16:155 in EURUSD
0	16:13:34.576	CPIv1.5 USDJPY,M1: 2017.03.30 16:161Медвежий Доджи in USDJPY
0	16:14:26.739	CPIv1.5 USDJPY,M1: 2017.03.30 16:171Медвежий Доджи in USDJPY
0	16:15:25.830	CPIv1.5 USDJPY,M1: 2017.03.30 16:181 in USDJPY
0	16:17:25.337	CPIv1.5 EURUSD,M5: 2017.03.30 16:205Разрыв Тасуки in EURUSD
0	16:21:24.426	CPIv1.5 USDJPY,M1: 2017.03.30 16:241Бычий Доджи in USDJPY
0	16:22:24.901	CPIv1.5 USDJPY,M1: 2017.03.30 16:251 in USDJPY
0	16:22:25.572	CPIv1.5 EURUSD,M5: 2017.03.30 16:255 in EURUSD
0	16:23:24.997	CPIv1.5 USDJPY,M1: 2017.03.30 16:261 in USDJPY
0	16:24:52.014	CPIv1.5 USDJPY,M1: 2017.03.30 16:271 in USDJPY
0	16:25:43.650	CPIv1.5 USDJPY,M1: 2017.03.30 16:281Бычий Доджи in USDJPY
0	16:26:30.623	CPIv1.5 USDJPY,M1: 2017.03.30 16:291Бычий Доджи in USDJPY
0	16:27:26.511	CPIv1.5 USDJPY,M1: 2017.03.30 16:301Модель поглощения in USDJPY
0	16:27:26.714	CPIv1.5 EURUSD,M5: 2017.03.30 16:305Разрыв Тасуки in EURUSD
0	16:28:28.869	CPIv1.5 USDJPY,M1: 2017.03.30 16:311Просвет в облаках in USDJPY
0	16:30:27.827	CPIv1.5 USDJPY,M1: 2017.03.30 16:331 in USDJPY
0	16:31:28.562	CPIv1.5 USDJPY,M1: 2017.03.30 16:341Медвежий Доджи in USDJPY
0	16:32:32.677	CPIv1.5 USDJPY,M1: 2017.03.30 16:351 in USDJPY
0	16:32:32.866	CPIv1.5 EURUSD,M5: 2017.03.30 16:355 in EURUSD
0	16:33:33.270	CPIv1.5 USDJPY,M1: 2017.03.30 16:361Бычий Доджи in USDJPY
0	16:34:30.427	CPIv1.5 USDJPY,M1: 2017.03.30 16:371Модель поглощения in USDJPY
0	16:35:30.337	CPIv1.5 USDJPY,M1: 2017.03.30 16:381Бычий Доджи in USDJPY
0	16:36:27.350	CPIv1.5 USDJPY,M1: 2017.03.30 16:391 in USDJPY
0	16:37:28.644	CPIv1.5 EURUSD,M5: 2017.03.30 16:405Разрыв Тасуки in EURUSD
0	16:37:28.995	CPIv1.5 USDJPY,M1: 2017.03.30 16:401Модель поглощения in USDJPY
0	16:38:29.746	CPIv1.5 USDJPY,M1: 2017.03.30 16:411Медвежий Доджи in USDJPY
0	16:39:25.446	CPIv1.5 USDJPY,M1: 2017.03.30 16:421Медвежий Доджи in USDJPY
0	16:40:26.765	CPIv1.5 USDJPY,M1: 2017.03.30 16:431Медвежий Доджи in USDJPY
0	16:41:25.129	CPIv1.5 USDJPY,M1: 2017.03.30 16:441Медвежий Доджи in USDJPY
0	16:42:26.667	CPIv1.5 EURUSD,M5: 2017.03.30 16:455Разрыв Тасуки in EURUSD
0	16:42:26.973	CPIv1.5 USDJPY,M1: 2017.03.30 16:451 in USDJPY
0	16:44:25.365	CPIv1.5 USDJPY,M1: 2017.03.30 16:471Бычий Доджи in USDJPY
0	16:45:25.176	CPIv1.5 USDJPY,M1: 2017.03.30 16:481 in USDJPY
0	16:46:26.114	CPIv1.5 USDJPY,M1: 2017.03.30 16:491Повешенный in USDJPY
0	16:47:24.877	CPIv1.5 USDJPY,M1: 2017.03.30 16:501 in USDJPY
0	16:47:25.068	CPIv1.5 EURUSD,M5: 2017.03.30 16:505Разрыв Тасуки in EURUSD
0	16:48:24.447	CPIv1.5 USDJPY,M1: 2017.03.30 16:511Вечерняя звезда in USDJPY
0	16:49:25.034	CPIv1.5 USDJPY,M1: 2017.03.30 16:521 in USDJPY
0	16:51:25.118	CPIv1.5 USDJPY,M1: 2017.03.30 16:541 in USDJPY
0	16:52:25.716	CPIv1.5 USDJPY,M1: 2017.03.30 16:551 in USDJPY
0	16:54:25.764	CPIv1.5 USDJPY,M1: 2017.03.30 16:571Медвежий Доджи in USDJPY
0	16:55:24.715	CPIv1.5 USDJPY,M1: 2017.03.30 16:581 in USDJPY
0	16:56:24.779	CPIv1.5 USDJPY,M1: 2017.03.30 16:591 in USDJPY
0	16:57:27.386	CPIv1.5 EURUSD,M5: 2017.03.30 17:005Разрыв Тасуки in EURUSD
0	16:57:27.402	CPIv1.5 NQ,H1: 2017.03.30 17:0060Медвежий Доджи in NQ
0	16:57:27.460	CPIv1.5 YM,H1: 2017.03.30 17:0060 in YM
0	16:58:25.471	CPIv1.5 USDJPY,M1: 2017.03.30 17:011Вечерняя звезда in USDJPY
0	16:59:24.775	CPIv1.5 USDJPY,M1: 2017.03.30 17:021 in USDJPY
0	17:02:24.875	CPIv1.5 EURUSD,M5: 2017.03.30 17:055Разрыв Тасуки in EURUSD
0	17:02:25.177	CPIv1.5 USDJPY,M1: 2017.03.30 17:051 in USDJPY
0	17:03:24.832	CPIv1.5 USDJPY,M1: 2017.03.30 17:061Медвежий Доджи in USDJPY
0	17:04:26.367	CPIv1.5 USDJPY,M1: 2017.03.30 17:071 in USDJPY
0	17:06:25.462	CPIv1.5 USDJPY,M1: 2017.03.30 17:091 in USDJPY
0	17:07:24.709	CPIv1.5 USDJPY,M1: 2017.03.30 17:101 in USDJPY
0	17:07:25.245	CPIv1.5 EURUSD,M5: 2017.03.30 17:105Разрыв Тасуки in EURUSD
0	17:09:24.804	CPIv1.5 USDJPY,M1: 2017.03.30 17:121Падающая звезда in USDJPY
0	17:12:25.183	CPIv1.5 EURUSD,M5: 2017.03.30 17:155 in EURUSD
0	17:13:26.986	CPIv1.5 USDJPY,M1: 2017.03.30 17:161 in USDJPY
0	17:14:25.865	CPIv1.5 USDJPY,M1: 2017.03.30 17:171 in USDJPY
0	17:15:25.213	CPIv1.5 USDJPY,M1: 2017.03.30 17:181Медвежий Доджи in USDJPY
0	17:16:25.083	CPIv1.5 USDJPY,M1: 2017.03.30 17:191Медвежий Доджи in USDJPY
0	17:17:25.919	CPIv1.5 USDJPY,M1: 2017.03.30 17:201Медвежий Доджи in USDJPY
0	17:17:26.118	CPIv1.5 EURUSD,M5: 2017.03.30 17:205Три метода in EURUSD
0	17:18:24.925	CPIv1.5 USDJPY,M1: 2017.03.30 17:211Падающая звезда in USDJPY
0	17:20:26.002	CPIv1.5 USDJPY,M1: 2017.03.30 17:231 in USDJPY
0	17:22:24.971	CPIv1.5 EURUSD,M5: 2017.03.30 17:255Разрыв Тасуки in EURUSD
0	17:22:25.314	CPIv1.5 USDJPY,M1: 2017.03.30 17:251 in USDJPY
0	17:23:24.854	CPIv1.5 USDJPY,M1: 2017.03.30 17:261 in USDJPY
0	17:26:26.254	CPIv1.5 USDJPY,M1: 2017.03.30 17:291 in USDJPY
0	17:27:25.538	CPIv1.5 EURUSD,M5: 2017.03.30 17:305Разрыв Тасуки in EURUSD
0	17:29:24.722	CPIv1.5 USDJPY,M1: 2017.03.30 17:321 in USDJPY
0	17:30:25.291	CPIv1.5 USDJPY,M1: 2017.03.30 17:331Медвежий Доджи in USDJPY
0	17:31:24.734	CPIv1.5 USDJPY,M1: 2017.03.30 17:341Бычий Доджи in USDJPY
0	17:32:25.322	CPIv1.5 USDJPY,M1: 2017.03.30 17:351 in USDJPY
0	17:32:26.512	CPIv1.5 EURUSD,M5: 2017.03.30 17:355Разрыв Тасуки in EURUSD
0	17:33:25.855	CPIv1.5 USDJPY,M1: 2017.03.30 17:361 in USDJPY
0	17:35:24.610	CPIv1.5 USDJPY,M1: 2017.03.30 17:381Вечерняя звезда in USDJPY
0	17:36:26.386	CPIv1.5 USDJPY,M1: 2017.03.30 17:391Бычий Доджи in USDJPY
0	17:37:25.550	CPIv1.5 EURUSD,M5: 2017.03.30 17:405 in EURUSD
0	17:37:25.918	CPIv1.5 USDJPY,M1: 2017.03.30 17:401Бычий Доджи in USDJPY
0	17:38:25.000	CPIv1.5 USDJPY,M1: 2017.03.30 17:411Бычий Доджи in USDJPY
0	17:39:24.822	CPIv1.5 USDJPY,M1: 2017.03.30 17:421 in USDJPY
0	17:40:27.576	CPIv1.5 USDJPY,M1: 2017.03.30 17:431 in USDJPY
0	17:42:24.995	CPIv1.5 EURUSD,M5: 2017.03.30 17:455Разрыв Тасуки in EURUSD
0	17:46:25.219	CPIv1.5 USDJPY,M1: 2017.03.30 17:491Медвежий Доджи in USDJPY
0	17:47:24.928	CPIv1.5 EURUSD,M5: 2017.03.30 17:505Разрыв Тасуки in EURUSD
0	17:47:25.220	CPIv1.5 USDJPY,M1: 2017.03.30 17:501Медвежий Доджи in USDJPY
0	17:48:25.018	CPIv1.5 USDJPY,M1: 2017.03.30 17:511 in USDJPY
0	17:49:25.385	CPIv1.5 USDJPY,M1: 2017.03.30 17:521Бычий Доджи in USDJPY
0	17:50:24.748	CPIv1.5 USDJPY,M1: 2017.03.30 17:531Бычий Доджи in USDJPY
0	17:51:25.747	CPIv1.5 USDJPY,M1: 2017.03.30 17:541 in USDJPY
0	17:52:24.646	CPIv1.5 EURUSD,M5: 2017.03.30 17:555 in EURUSD
0	17:52:25.537	CPIv1.5 USDJPY,M1: 2017.03.30 17:551Модель поглощения in USDJPY
0	17:53:25.234	CPIv1.5 USDJPY,M1: 2017.03.30 17:561 in USDJPY
0	17:55:28.662	CPIv1.5 USDJPY,M1: 2017.03.30 17:581 in USDJPY
0	17:56:26.328	CPIv1.5 USDJPY,M1: 2017.03.30 17:591Медвежий Доджи in USDJPY
0	17:57:27.327	CPIv1.5 USDJPY,M1: 2017.03.30 18:001 in USDJPY
0	17:57:27.521	CPIv1.5 NQ,H1: 2017.03.30 18:0060Бычий Доджи in NQ
0	17:57:30.186	CPIv1.5 YM,H1: 2017.03.30 18:0060Медвежий Доджи in YM
0	17:58:25.787	CPIv1.5 USDJPY,M1: 2017.03.30 18:011Медвежий Доджи in USDJPY
0	17:59:25.951	CPIv1.5 USDJPY,M1: 2017.03.30 18:021 in USDJPY
0	18:01:31.602	CPIv1.5 USDJPY,M1: 2017.03.30 18:041Бычий Доджи in USDJPY
0	18:02:24.576	CPIv1.5 USDJPY,M1: 2017.03.30 18:051 in USDJPY
0	18:02:24.767	CPIv1.5 EURUSD,M5: 2017.03.30 18:055Разрыв Тасуки in EURUSD
0	18:03:25.266	CPIv1.5 USDJPY,M1: 2017.03.30 18:061Медвежий Доджи in USDJPY
0	18:04:25.860	CPIv1.5 USDJPY,M1: 2017.03.30 18:071 in USDJPY
0	18:05:24.789	CPIv1.5 USDJPY,M1: 2017.03.30 18:081Падающая звезда in USDJPY
0	18:06:27.005	CPIv1.5 USDJPY,M1: 2017.03.30 18:091 in USDJPY
0	18:07:24.692	CPIv1.5 USDJPY,M1: 2017.03.30 18:101 in USDJPY
0	18:07:24.886	CPIv1.5 EURUSD,M5: 2017.03.30 18:105 in EURUSD
0	18:10:26.034	CPIv1.5 USDJPY,M1: 2017.03.30 18:131Падающая звезда in USDJPY
0	18:12:24.701	CPIv1.5 USDJPY,M1: 2017.03.30 18:151Бычий Доджи in USDJPY
0	18:12:25.412	CPIv1.5 EURUSD,M5: 2017.03.30 18:155 in EURUSD
0	18:13:24.811	CPIv1.5 USDJPY,M1: 2017.03.30 18:161Бычий Доджи in USDJPY
0	18:14:25.610	CPIv1.5 USDJPY,M1: 2017.03.30 18:171Медвежий Доджи in USDJPY
0	18:16:25.561	CPIv1.5 USDJPY,M1: 2017.03.30 18:191Медвежий Доджи in USDJPY
0	18:17:24.482	CPIv1.5 USDJPY,M1: 2017.03.30 18:201 in USDJPY
0	18:17:24.668	CPIv1.5 EURUSD,M5: 2017.03.30 18:205Разрыв Тасуки in EURUSD
0	18:18:25.534	CPIv1.5 USDJPY,M1: 2017.03.30 18:211 in USDJPY
0	18:19:24.741	CPIv1.5 USDJPY,M1: 2017.03.30 18:221Медвежий Доджи in USDJPY
0	18:20:26.772	CPIv1.5 USDJPY,M1: 2017.03.30 18:231 in USDJPY
0	18:21:25.752	CPIv1.5 USDJPY,M1: 2017.03.30 18:241 in USDJPY
0	18:22:28.636	CPIv1.5 EURUSD,M5: 2017.03.30 18:255Разрыв Тасуки in EURUSD
0	18:24:25.179	CPIv1.5 USDJPY,M1: 2017.03.30 18:271 in USDJPY
0	18:27:25.266	CPIv1.5 USDJPY,M1: 2017.03.30 18:301Падающая звезда in USDJPY
0	18:28:24.480	CPIv1.5 USDJPY,M1: 2017.03.30 18:311 in USDJPY
0	18:29:25.469	CPIv1.5 USDJPY,M1: 2017.03.30 18:321 in USDJPY
0	18:30:26.890	CPIv1.5 USDJPY,M1: 2017.03.30 18:331Падающая звезда in USDJPY
0	18:31:24.815	CPIv1.5 USDJPY,M1: 2017.03.30 18:341Вечерняя звезда in USDJPY
0	18:32:26.599	CPIv1.5 USDJPY,M1: 2017.03.30 18:351 in USDJPY
0	18:32:26.791	CPIv1.5 EURUSD,M5: 2017.03.30 18:355 in EURUSD
0	18:34:24.584	CPIv1.5 USDJPY,M1: 2017.03.30 18:371 in USDJPY
0	18:35:25.438	CPIv1.5 USDJPY,M1: 2017.03.30 18:381 in USDJPY
0	18:36:24.663	CPIv1.5 USDJPY,M1: 2017.03.30 18:391 in USDJPY
0	18:37:28.155	CPIv1.5 EURUSD,M5: 2017.03.30 18:405Разрыв Тасуки in EURUSD
0	18:38:32.878	CPIv1.5 USDJPY,M1: 2017.03.30 18:411Медвежий Доджи in USDJPY
0	18:40:25.593	CPIv1.5 USDJPY,M1: 2017.03.30 18:431 in USDJPY
0	18:41:25.063	CPIv1.5 USDJPY,M1: 2017.03.30 18:441Бычий Доджи in USDJPY
0	18:42:25.045	CPIv1.5 USDJPY,M1: 2017.03.30 18:451 in USDJPY
0	18:42:25.235	CPIv1.5 EURUSD,M5: 2017.03.30 18:455Разрыв Тасуки in EURUSD
0	18:43:28.475	CPIv1.5 USDJPY,M1: 2017.03.30 18:461Бычий Доджи in USDJPY
0	18:44:28.676	CPIv1.5 USDJPY,M1: 2017.03.30 18:471 in USDJPY
0	18:45:25.181	CPIv1.5 USDJPY,M1: 2017.03.30 18:481 in USDJPY
0	18:47:24.826	CPIv1.5 EURUSD,M5: 2017.03.30 18:505Разрыв Тасуки in EURUSD
0	18:48:26.195	CPIv1.5 USDJPY,M1: 2017.03.30 18:511 in USDJPY
0	18:49:24.556	CPIv1.5 USDJPY,M1: 2017.03.30 18:521 in USDJPY
0	18:50:24.483	CPIv1.5 USDJPY,M1: 2017.03.30 18:531 in USDJPY
0	18:51:26.233	CPIv1.5 USDJPY,M1: 2017.03.30 18:541Медвежий Доджи in USDJPY
0	18:52:25.239	CPIv1.5 EURUSD,M5: 2017.03.30 18:555Разрыв Тасуки in EURUSD
0	18:53:25.930	CPIv1.5 USDJPY,M1: 2017.03.30 18:561 in USDJPY
0	18:54:26.159	CPIv1.5 USDJPY,M1: 2017.03.30 18:571 in USDJPY
0	18:55:25.086	CPIv1.5 USDJPY,M1: 2017.03.30 18:581Медвежий Доджи in USDJPY
0	18:56:24.537	CPIv1.5 USDJPY,M1: 2017.03.30 18:591Вечерняя звезда in USDJPY
0	18:57:24.642	CPIv1.5 EURUSD,M5: 2017.03.30 19:005Разрыв Тасуки in EURUSD
0	18:57:25.201	CPIv1.5 USDJPY,M1: 2017.03.30 19:001 in USDJPY
0	18:57:31.163	CPIv1.5 NQ,H1: 2017.03.30 19:0060Медвежий Доджи in NQ
0	18:57:40.657	CPIv1.5 YM,H1: 2017.03.30 19:0060Медвежий Доджи in YM
0	19:00:24.625	CPIv1.5 USDJPY,M1: 2017.03.30 19:031 in USDJPY
0	19:02:24.860	CPIv1.5 EURUSD,M5: 2017.03.30 19:055 in EURUSD
0	19:04:24.938	CPIv1.5 USDJPY,M1: 2017.03.30 19:071 in USDJPY
0	19:05:25.644	CPIv1.5 USDJPY,M1: 2017.03.30 19:081 in USDJPY
0	19:06:24.793	CPIv1.5 USDJPY,M1: 2017.03.30 19:091 in USDJPY
0	19:07:24.933	CPIv1.5 EURUSD,M5: 2017.03.30 19:105Разрыв Тасуки in EURUSD
0	19:08:25.054	CPIv1.5 USDJPY,M1: 2017.03.30 19:111Медвежий Доджи in USDJPY
0	19:09:25.395	CPIv1.5 USDJPY,M1: 2017.03.30 19:121 in USDJPY
0	19:10:29.992	CPIv1.5 USDJPY,M1: 2017.03.30 19:131 in USDJPY
0	19:13:26.810	CPIv1.5 USDJPY,M1: 2017.03.30 19:161Бычий Доджи in USDJPY
0	19:14:26.854	CPIv1.5 USDJPY,M1: 2017.03.30 19:171 in USDJPY
0	19:17:30.174	CPIv1.5 USDJPY,M1: 2017.03.30 19:201Бычий Доджи in USDJPY
0	19:18:26.575	CPIv1.5 USDJPY,M1: 2017.03.30 19:211 in USDJPY
0	19:19:24.745	CPIv1.5 USDJPY,M1: 2017.03.30 19:221 in USDJPY
0	19:21:25.892	CPIv1.5 USDJPY,M1: 2017.03.30 19:241 in USDJPY
0	19:22:28.962	CPIv1.5 EURUSD,M5: 2017.03.30 19:255Разрыв Тасуки in EURUSD
0	19:23:24.966	CPIv1.5 USDJPY,M1: 2017.03.30 19:261Бычий Доджи in USDJPY
0	19:24:25.792	CPIv1.5 USDJPY,M1: 2017.03.30 19:271 in USDJPY
0	19:25:29.527	CPIv1.5 USDJPY,M1: 2017.03.30 19:281 in USDJPY
0	19:26:25.648	CPIv1.5 USDJPY,M1: 2017.03.30 19:291 in USDJPY
0	19:27:24.783	CPIv1.5 USDJPY,M1: 2017.03.30 19:301 in USDJPY
0	19:28:25.001	CPIv1.5 USDJPY,M1: 2017.03.30 19:311 in USDJPY
0	19:30:24.859	CPIv1.5 USDJPY,M1: 2017.03.30 19:331 in USDJPY
0	19:31:24.870	CPIv1.5 USDJPY,M1: 2017.03.30 19:341 in USDJPY
0	19:36:25.062	CPIv1.5 USDJPY,M1: 2017.03.30 19:391 in USDJPY
0	19:37:24.624	CPIv1.5 USDJPY,M1: 2017.03.30 19:401Бычий Доджи in USDJPY
0	19:38:26.032	CPIv1.5 USDJPY,M1: 2017.03.30 19:411 in USDJPY
0	19:39:25.764	CPIv1.5 USDJPY,M1: 2017.03.30 19:421 in USDJPY
0	19:40:33.798	CPIv1.5 USDJPY,M1: 2017.03.30 19:431 in USDJPY
0	19:41:25.258	CPIv1.5 USDJPY,M1: 2017.03.30 19:441 in USDJPY
0	19:42:26.915	CPIv1.5 EURUSD,M5: 2017.03.30 19:455Разрыв Тасуки in EURUSD
0	19:44:25.458	CPIv1.5 USDJPY,M1: 2017.03.30 19:471 in USDJPY
0	19:45:29.155	CPIv1.5 USDJPY,M1: 2017.03.30 19:481Модель поглощения in USDJPY
0	19:46:24.730	CPIv1.5 USDJPY,M1: 2017.03.30 19:491 in USDJPY
0	19:47:24.713	CPIv1.5 USDJPY,M1: 2017.03.30 19:501 in USDJPY
0	19:49:25.949	CPIv1.5 USDJPY,M1: 2017.03.30 19:521Бычий Доджи in USDJPY
0	19:50:24.670	CPIv1.5 USDJPY,M1: 2017.03.30 19:531Утрення звезда in USDJPY
0	19:51:25.067	CPIv1.5 USDJPY,M1: 2017.03.30 19:541 in USDJPY
0	19:53:24.955	CPIv1.5 USDJPY,M1: 2017.03.30 19:561Медвежий Доджи in USDJPY
0	19:54:24.882	CPIv1.5 USDJPY,M1: 2017.03.30 19:571Медвежий Доджи in USDJPY
0	19:55:25.139	CPIv1.5 USDJPY,M1: 2017.03.30 19:581 in USDJPY
0	19:56:26.179	CPIv1.5 USDJPY,M1: 2017.03.30 19:591Медвежий Доджи in USDJPY
0	19:57:26.674	CPIv1.5 NQ,H1: 2017.03.30 20:0060Медвежий Доджи in NQ
0	19:57:27.017	CPIv1.5 USDJPY,M1: 2017.03.30 20:001 in USDJPY
0	19:57:27.204	CPIv1.5 EURUSD,M5: 2017.03.30 20:005Разрыв Тасуки in EURUSD
0	19:57:34.298	CPIv1.5 YM,H1: 2017.03.30 20:0060 in YM
0	19:58:25.767	CPIv1.5 USDJPY,M1: 2017.03.30 20:011Вечерняя звезда in USDJPY
0	19:59:25.570	CPIv1.5 USDJPY,M1: 2017.03.30 20:021 in USDJPY
0	20:00:24.815	CPIv1.5 USDJPY,M1: 2017.03.30 20:031Медвежий Доджи in USDJPY
0	20:01:25.006	CPIv1.5 USDJPY,M1: 2017.03.30 20:041Вечерняя звезда in USDJPY
0	20:02:25.087	CPIv1.5 USDJPY,M1: 2017.03.30 20:051 in USDJPY
0	20:02:25.273	CPIv1.5 EURUSD,M5: 2017.03.30 20:055Разрыв Тасуки in EURUSD
0	20:05:28.569	CPIv1.5 USDJPY,M1: 2017.03.30 20:081Медвежий Доджи in USDJPY
0	20:06:24.791	CPIv1.5 USDJPY,M1: 2017.03.30 20:091 in USDJPY
0	20:07:24.665	CPIv1.5 EURUSD,M5: 2017.03.30 20:105Разрыв Тасуки in EURUSD
0	20:07:25.196	CPIv1.5 USDJPY,M1: 2017.03.30 20:101 in USDJPY
0	20:09:25.294	CPIv1.5 USDJPY,M1: 2017.03.30 20:121 in USDJPY
0	20:10:25.700	CPIv1.5 USDJPY,M1: 2017.03.30 20:131Медвежий Доджи in USDJPY
0	20:11:24.714	CPIv1.5 USDJPY,M1: 2017.03.30 20:141 in USDJPY
0	20:12:24.508	CPIv1.5 EURUSD,M5: 2017.03.30 20:155Разрыв Тасуки in EURUSD
0	20:12:26.338	ax_adv_023 AUDUSD,M15: AUDUSD [BUYSTOP ]:(4109)trade is not allowed in the expert properties AUDUSD lot=0.01 price=0.76616 slippage=3 sl=0.76491 tp=0.00000 comment= exp=1490905803
0	20:12:30.037	CPIv1.5 USDJPY,M1: 2017.03.30 20:151 in USDJPY
0	20:13:24.920	CPIv1.5 USDJPY,M1: 2017.03.30 20:161 in USDJPY
0	20:17:24.626	CPIv1.5 USDJPY,M1: 2017.03.30 20:201 in USDJPY
0	20:17:25.979	CPIv1.5 EURUSD,M5: 2017.03.30 20:205Разрыв Тасуки in EURUSD
0	20:18:26.163	CPIv1.5 USDJPY,M1: 2017.03.30 20:211 in USDJPY
0	20:22:25.366	CPIv1.5 EURUSD,M5: 2017.03.30 20:255Разрыв Тасуки in EURUSD
0	20:23:24.900	CPIv1.5 USDJPY,M1: 2017.03.30 20:261Утрення звезда in USDJPY
0	20:26:24.617	CPIv1.5 USDJPY,M1: 2017.03.30 20:291Бычий Доджи in USDJPY
0	20:27:24.867	CPIv1.5 USDJPY,M1: 2017.03.30 20:301 in USDJPY
0	20:27:25.055	CPIv1.5 EURUSD,M5: 2017.03.30 20:305 in EURUSD
0	20:28:29.212	CPIv1.5 USDJPY,M1: 2017.03.30 20:311 in USDJPY
0	20:29:24.832	CPIv1.5 USDJPY,M1: 2017.03.30 20:321Медвежий Доджи in USDJPY
0	20:30:25.000	CPIv1.5 USDJPY,M1: 2017.03.30 20:331 in USDJPY
0	20:31:24.800	CPIv1.5 USDJPY,M1: 2017.03.30 20:341 in USDJPY
0	20:34:25.175	CPIv1.5 USDJPY,M1: 2017.03.30 20:371 in USDJPY
0	20:36:25.025	CPIv1.5 USDJPY,M1: 2017.03.30 20:391Бычий Доджи in USDJPY
0	20:37:25.255	CPIv1.5 USDJPY,M1: 2017.03.30 20:401Утрення звезда in USDJPY
0	20:38:25.599	CPIv1.5 USDJPY,M1: 2017.03.30 20:411 in USDJPY
0	20:42:25.122	CPIv1.5 EURUSD,M5: 2017.03.30 20:455Разрыв Тасуки in EURUSD
0	20:42:26.759	ax_adv_023 AUDUSD,M15: AUDUSD [BUYSTOP ]:(4109)trade is not allowed in the expert properties AUDUSD lot=0.01 price=0.76624 slippage=3 sl=0.76491 tp=0.00000 comment= exp=1490907603
0	20:42:27.040	CPIv1.5 USDJPY,M1: 2017.03.30 20:451 in USDJPY
0	20:43:25.016	CPIv1.5 USDJPY,M1: 2017.03.30 20:461Медвежий Доджи in USDJPY
0	20:44:24.958	CPIv1.5 USDJPY,M1: 2017.03.30 20:471 in USDJPY
0	20:45:25.739	CPIv1.5 USDJPY,M1: 2017.03.30 20:481 in USDJPY
0	20:47:25.069	CPIv1.5 USDJPY,M1: 2017.03.30 20:501Медвежий Доджи in USDJPY
0	20:48:24.731	CPIv1.5 USDJPY,M1: 2017.03.30 20:511 in USDJPY
0	20:49:24.975	CPIv1.5 USDJPY,M1: 2017.03.30 20:521 in USDJPY
0	20:50:28.439	CPIv1.5 USDJPY,M1: 2017.03.30 20:531Бычий Доджи in USDJPY
0	20:51:27.955	CPIv1.5 USDJPY,M1: 2017.03.30 20:541 in USDJPY
0	20:54:24.963	CPIv1.5 USDJPY,M1: 2017.03.30 20:571Падающая звезда in USDJPY
0	20:55:24.779	CPIv1.5 USDJPY,M1: 2017.03.30 20:581 in USDJPY
0	20:56:32.849	CPIv1.5 USDJPY,M1: 2017.03.30 20:591Бычий Доджи in USDJPY
0	20:57:24.705	CPIv1.5 NQ,H1: 2017.03.30 21:0060Модель поглощения in NQ
0	20:57:25.505	CPIv1.5 USDJPY,M1: 2017.03.30 21:001 in USDJPY
0	20:58:27.425	CPIv1.5 USDJPY,M1: 2017.03.30 21:011 in USDJPY
0	21:01:24.912	CPIv1.5 USDJPY,M1: 2017.03.30 21:041 in USDJPY
0	21:02:25.071	CPIv1.5 EURUSD,M5: 2017.03.30 21:055 in EURUSD
0	21:02:28.788	CPIv1.5 USDJPY,M1: 2017.03.30 21:051 in USDJPY
0	21:05:24.626	CPIv1.5 USDJPY,M1: 2017.03.30 21:081 in USDJPY
0	21:06:25.622	CPIv1.5 USDJPY,M1: 2017.03.30 21:091 in USDJPY
0	21:07:25.739	CPIv1.5 USDJPY,M1: 2017.03.30 21:101 in USDJPY
0	21:07:30.129	CPIv1.5 EURUSD,M5: 2017.03.30 21:105Разрыв Тасуки in EURUSD
0	21:08:24.521	CPIv1.5 USDJPY,M1: 2017.03.30 21:111 in USDJPY
0	21:09:24.997	CPIv1.5 USDJPY,M1: 2017.03.30 21:121 in USDJPY
0	21:10:24.905	CPIv1.5 USDJPY,M1: 2017.03.30 21:131 in USDJPY
0	21:13:24.743	CPIv1.5 USDJPY,M1: 2017.03.30 21:161Медвежий Доджи in USDJPY
0	21:14:24.562	CPIv1.5 USDJPY,M1: 2017.03.30 21:171 in USDJPY
0	21:15:24.739	CPIv1.5 USDJPY,M1: 2017.03.30 21:181Медвежий Доджи in USDJPY
0	21:16:25.077	CPIv1.5 USDJPY,M1: 2017.03.30 21:191Медвежий Доджи in USDJPY
0	21:17:28.033	CPIv1.5 USDJPY,M1: 2017.03.30 21:201Медвежий Доджи in USDJPY
0	21:18:24.786	CPIv1.5 USDJPY,M1: 2017.03.30 21:211 in USDJPY
0	21:21:25.107	CPIv1.5 USDJPY,M1: 2017.03.30 21:241Медвежий Доджи in USDJPY
0	21:22:24.720	CPIv1.5 USDJPY,M1: 2017.03.30 21:251Медвежий Доджи in USDJPY
0	21:22:25.617	CPIv1.5 EURUSD,M5: 2017.03.30 21:255 in EURUSD
0	21:23:24.910	CPIv1.5 USDJPY,M1: 2017.03.30 21:261Падающая звезда in USDJPY
0	21:27:24.899	ax_adv_023 AUDUSD,M15: AUDUSD [BUYSTOP ]:(4109)trade is not allowed in the expert properties AUDUSD lot=0.01 price=0.76621 slippage=3 sl=0.76506 tp=0.00000 comment= exp=1490910301
0	21:27:25.668	CPIv1.5 EURUSD,M5: 2017.03.30 21:305Разрыв Тасуки in EURUSD
0	21:28:24.903	CPIv1.5 USDJPY,M1: 2017.03.30 21:311 in USDJPY
0	21:29:25.390	CPIv1.5 USDJPY,M1: 2017.03.30 21:321Утрення звезда in USDJPY
0	21:30:27.624	CPIv1.5 USDJPY,M1: 2017.03.30 21:331 in USDJPY
0	21:32:30.195	CPIv1.5 EURUSD,M5: 2017.03.30 21:355Разрыв Тасуки in EURUSD
0	21:34:24.821	CPIv1.5 USDJPY,M1: 2017.03.30 21:371Утрення звезда in USDJPY
0	21:35:29.623	CPIv1.5 USDJPY,M1: 2017.03.30 21:381Падающая звезда in USDJPY
0	21:37:24.657	CPIv1.5 USDJPY,M1: 2017.03.30 21:401 in USDJPY
0	21:38:26.310	CPIv1.5 USDJPY,M1: 2017.03.30 21:411 in USDJPY
0	21:39:27.632	CPIv1.5 USDJPY,M1: 2017.03.30 21:421 in USDJPY
0	21:40:34.089	CPIv1.5 USDJPY,M1: 2017.03.30 21:431Модель поглощения in USDJPY
0	21:42:24.594	CPIv1.5 USDJPY,M1: 2017.03.30 21:451 in USDJPY
0	21:42:25.500	CPIv1.5 EURUSD,M5: 2017.03.30 21:455Разрыв Тасуки in EURUSD
0	21:43:24.946	CPIv1.5 USDJPY,M1: 2017.03.30 21:461 in USDJPY
0	21:46:25.412	CPIv1.5 USDJPY,M1: 2017.03.30 21:491Медвежий Доджи in USDJPY
0	21:47:30.083	CPIv1.5 USDJPY,M1: 2017.03.30 21:501 in USDJPY
0	21:48:32.268	CPIv1.5 USDJPY,M1: 2017.03.30 21:511 in USDJPY
0	21:49:25.098	CPIv1.5 USDJPY,M1: 2017.03.30 21:521 in USDJPY
0	21:52:24.617	CPIv1.5 EURUSD,M5: 2017.03.30 21:555 in EURUSD
0	21:52:25.920	CPIv1.5 USDJPY,M1: 2017.03.30 21:551 in USDJPY
0	21:53:26.598	CPIv1.5 USDJPY,M1: 2017.03.30 21:561Бычий Доджи in USDJPY
0	21:54:24.710	CPIv1.5 USDJPY,M1: 2017.03.30 21:571 in USDJPY
0	21:55:24.894	CPIv1.5 USDJPY,M1: 2017.03.30 21:581 in USDJPY
0	21:56:26.944	CPIv1.5 USDJPY,M1: 2017.03.30 21:591Медвежий Доджи in USDJPY
0	21:57:24.747	CPIv1.5 USDJPY,M1: 2017.03.30 22:001 in USDJPY
0	21:57:24.944	ax_adv_023 AUDUSD,M15: AUDUSD [BUYSTOP ]:(4109)trade is not allowed in the expert properties AUDUSD lot=0.01 price=0.76626 slippage=3 sl=0.76500 tp=0.00000 comment= exp=1490912101
0	21:57:25.760	CPIv1.5 EURUSD,M5: 2017.03.30 22:005Разрыв Тасуки in EURUSD
0	21:58:24.604	CPIv1.5 USDJPY,M1: 2017.03.30 22:011Модель поглощения in USDJPY
0	21:59:24.960	CPIv1.5 USDJPY,M1: 2017.03.30 22:021 in USDJPY
0	22:00:24.746	CPIv1.5 USDJPY,M1: 2017.03.30 22:031 in USDJPY
0	22:01:24.990	CPIv1.5 USDJPY,M1: 2017.03.30 22:041 in USDJPY
0	22:02:28.255	CPIv1.5 USDJPY,M1: 2017.03.30 22:051 in USDJPY
0	22:03:24.632	CPIv1.5 USDJPY,M1: 2017.03.30 22:061 in USDJPY
0	22:04:26.365	CPIv1.5 USDJPY,M1: 2017.03.30 22:071 in USDJPY
0	22:07:24.630	CPIv1.5 USDJPY,M1: 2017.03.30 22:101 in USDJPY
0	22:07:25.641	CPIv1.5 EURUSD,M5: 2017.03.30 22:105 in EURUSD
0	22:11:24.716	CPIv1.5 USDJPY,M1: 2017.03.30 22:141 in USDJPY
0	22:12:24.798	CPIv1.5 USDJPY,M1: 2017.03.30 22:151 in USDJPY
0	22:12:24.987	CPIv1.5 EURUSD,M5: 2017.03.30 22:155Разрыв Тасуки in EURUSD
0	22:15:25.027	CPIv1.5 USDJPY,M1: 2017.03.30 22:181 in USDJPY
0	22:16:25.822	CPIv1.5 USDJPY,M1: 2017.03.30 22:191 in USDJPY
0	22:17:26.094	CPIv1.5 USDJPY,M1: 2017.03.30 22:201 in USDJPY
0	22:17:28.670	CPIv1.5 EURUSD,M5: 2017.03.30 22:205Разрыв Тасуки in EURUSD
0	22:18:24.923	CPIv1.5 USDJPY,M1: 2017.03.30 22:211Падающая звезда in USDJPY
0	22:20:24.700	CPIv1.5 USDJPY,M1: 2017.03.30 22:231Медвежий Доджи in USDJPY
0	22:21:25.159	CPIv1.5 USDJPY,M1: 2017.03.30 22:241Медвежий Доджи in USDJPY
0	22:22:24.948	CPIv1.5 USDJPY,M1: 2017.03.30 22:251 in USDJPY
0	22:22:25.425	CPIv1.5 EURUSD,M5: 2017.03.30 22:255Разрыв Тасуки in EURUSD
0	22:24:24.886	CPIv1.5 USDJPY,M1: 2017.03.30 22:271Медвежий Доджи in USDJPY
0	22:25:24.904	CPIv1.5 USDJPY,M1: 2017.03.30 22:281 in USDJPY
0	22:26:25.358	CPIv1.5 USDJPY,M1: 2017.03.30 22:291Медвежий Доджи in USDJPY
0	22:27:25.275	CPIv1.5 USDJPY,M1: 2017.03.30 22:301 in USDJPY
0	22:28:24.809	CPIv1.5 USDJPY,M1: 2017.03.30 22:311 in USDJPY
0	22:30:24.671	CPIv1.5 USDJPY,M1: 2017.03.30 22:331Падающая звезда in USDJPY
0	22:31:24.543	CPIv1.5 USDJPY,M1: 2017.03.30 22:341 in USDJPY
0	22:32:24.498	CPIv1.5 USDJPY,M1: 2017.03.30 22:351 in USDJPY
0	22:33:24.923	CPIv1.5 USDJPY,M1: 2017.03.30 22:361 in USDJPY
0	22:34:28.631	CPIv1.5 USDJPY,M1: 2017.03.30 22:371 in USDJPY
0	22:36:25.815	CPIv1.5 USDJPY,M1: 2017.03.30 22:391Медвежий Доджи in USDJPY
0	22:37:24.734	CPIv1.5 USDJPY,M1: 2017.03.30 22:401 in USDJPY
0	22:37:26.370	CPIv1.5 EURUSD,M5: 2017.03.30 22:405Разрыв Тасуки in EURUSD
0	22:38:25.224	CPIv1.5 USDJPY,M1: 2017.03.30 22:411Медвежий Доджи in USDJPY
0	22:39:25.035	CPIv1.5 USDJPY,M1: 2017.03.30 22:421 in USDJPY
0	22:42:24.707	CPIv1.5 EURUSD,M5: 2017.03.30 22:455Разрыв Тасуки in EURUSD
0	22:42:24.718	ax_adv_023 AUDUSD,M15: AUDUSD [BUYSTOP ]:(4109)trade is not allowed in the expert properties AUDUSD lot=0.01 price=0.76598 slippage=3 sl=0.76498 tp=0.00000 comment= exp=1490914801
0	22:44:26.750	CPIv1.5 USDJPY,M1: 2017.03.30 22:471 in USDJPY
0	22:45:25.476	CPIv1.5 USDJPY,M1: 2017.03.30 22:481 in USDJPY
0	22:46:27.617	CPIv1.5 USDJPY,M1: 2017.03.30 22:491 in USDJPY
0	22:47:25.291	CPIv1.5 USDJPY,M1: 2017.03.30 22:501 in USDJPY
0	22:47:25.487	CPIv1.5 EURUSD,M5: 2017.03.30 22:505Разрыв Тасуки in EURUSD
0	22:51:25.144	CPIv1.5 USDJPY,M1: 2017.03.30 22:541Медвежий Доджи in USDJPY
0	22:52:24.970	CPIv1.5 USDJPY,M1: 2017.03.30 22:551 in USDJPY
0	22:52:25.441	CPIv1.5 EURUSD,M5: 2017.03.30 22:555 in EURUSD
0	22:56:24.709	CPIv1.5 USDJPY,M1: 2017.03.30 22:591 in USDJPY
0	22:57:24.721	CPIv1.5 EURUSD,M5: 2017.03.30 23:005Разрыв Тасуки in EURUSD
0	22:57:25.399	CPIv1.5 USDJPY,M1: 2017.03.30 23:001Медвежий Доджи in USDJPY
0	22:57:26.174	CPIv1.5 NQ,H1: 2017.03.30 23:0060Модель поглощения in NQ
0	22:58:40.425	CPIv1.5 USDJPY,M1: 2017.03.30 23:011 in USDJPY
0	22:59:24.699	CPIv1.5 USDJPY,M1: 2017.03.30 23:021 in USDJPY
0	23:02:30.130	CPIv1.5 EURUSD,M5: 2017.03.30 23:055 in EURUSD
0	23:02:37.557	CPIv1.5 USDJPY,M1: 2017.03.30 23:051 in USDJPY
0	23:04:25.697	CPIv1.5 USDJPY,M1: 2017.03.30 23:071Медвежий Доджи in USDJPY
0	23:05:32.881	CPIv1.5 USDJPY,M1: 2017.03.30 23:081 in USDJPY
0	23:06:28.074	CPIv1.5 USDJPY,M1: 2017.03.30 23:091 in USDJPY
0	23:07:25.109	CPIv1.5 EURUSD,M5: 2017.03.30 23:105Разрыв Тасуки in EURUSD
0	23:09:32.073	CPIv1.5 USDJPY,M1: 2017.03.30 23:121 in USDJPY
0	23:10:30.352	CPIv1.5 USDJPY,M1: 2017.03.30 23:131 in USDJPY
0	23:11:24.650	CPIv1.5 USDJPY,M1: 2017.03.30 23:141 in USDJPY
0	23:12:26.076	CPIv1.5 USDJPY,M1: 2017.03.30 23:151Медвежий Доджи in USDJPY
0	23:13:24.400	CPIv1.5 USDJPY,M1: 2017.03.30 23:161 in USDJPY
0	23:14:25.078	CPIv1.5 USDJPY,M1: 2017.03.30 23:171 in USDJPY
0	23:17:25.492	CPIv1.5 USDJPY,M1: 2017.03.30 23:201 in USDJPY
0	23:19:25.040	CPIv1.5 USDJPY,M1: 2017.03.30 23:221 in USDJPY
0	23:20:24.989	CPIv1.5 USDJPY,M1: 2017.03.30 23:231 in USDJPY
0	23:21:24.501	CPIv1.5 USDJPY,M1: 2017.03.30 23:241Медвежий Доджи in USDJPY
0	23:22:29.893	CPIv1.5 EURUSD,M5: 2017.03.30 23:255Разрыв Тасуки in EURUSD
0	23:22:33.212	CPIv1.5 USDJPY,M1: 2017.03.30 23:251Вечерняя звезда in USDJPY
0	23:24:25.023	CPIv1.5 USDJPY,M1: 2017.03.30 23:271Медвежий Доджи in USDJPY
0	23:25:52.588	CPIv1.5 USDJPY,M1: 2017.03.30 23:281 in USDJPY
0	23:26:25.051	CPIv1.5 USDJPY,M1: 2017.03.30 23:291 in USDJPY
0	23:27:24.575	ax_adv_023 AUDUSD,M15: AUDUSD [BUYSTOP ]:(4109)trade is not allowed in the expert properties AUDUSD lot=0.01 price=0.76527 slippage=3 sl=0.76427 tp=0.00000 comment= exp=1490917501
0	23:28:25.802	CPIv1.5 USDJPY,M1: 2017.03.30 23:311Повешенный in USDJPY
0	23:29:24.887	CPIv1.5 USDJPY,M1: 2017.03.30 23:321Модель поглощения in USDJPY
0	23:30:26.774	CPIv1.5 USDJPY,M1: 2017.03.30 23:331Медвежий Доджи in USDJPY
0	23:31:26.507	CPIv1.5 USDJPY,M1: 2017.03.30 23:341 in USDJPY
0	23:32:24.584	CPIv1.5 USDJPY,M1: 2017.03.30 23:351Медвежий Доджи in USDJPY
0	23:32:27.280	CPIv1.5 EURUSD,M5: 2017.03.30 23:355Разрыв Тасуки in EURUSD
0	23:33:26.036	CPIv1.5 USDJPY,M1: 2017.03.30 23:361 in USDJPY
0	23:34:24.743	CPIv1.5 USDJPY,M1: 2017.03.30 23:371Вечерняя звезда in USDJPY
0	23:36:24.559	CPIv1.5 USDJPY,M1: 2017.03.30 23:391Бычий Доджи in USDJPY
0	23:37:25.040	CPIv1.5 USDJPY,M1: 2017.03.30 23:401 in USDJPY
0	23:40:25.624	CPIv1.5 USDJPY,M1: 2017.03.30 23:431Медвежий Доджи in USDJPY
0	23:41:24.923	CPIv1.5 USDJPY,M1: 2017.03.30 23:441 in USDJPY
0	23:42:24.677	CPIv1.5 USDJPY,M1: 2017.03.30 23:451 in USDJPY
0	23:42:24.688	ax_adv_023 AUDUSD,M15: AUDUSD [BUYSTOP ]:(4109)trade is not allowed in the expert properties AUDUSD lot=0.01 price=0.76524 slippage=3 sl=0.76421 tp=0.00000 comment= exp=1490918401
0	23:42:25.150	CPIv1.5 EURUSD,M5: 2017.03.30 23:455Разрыв Тасуки in EURUSD
0	23:43:24.757	CPIv1.5 USDJPY,M1: 2017.03.30 23:461 in USDJPY
0	23:44:25.105	CPIv1.5 USDJPY,M1: 2017.03.30 23:471Медвежий Доджи in USDJPY
0	23:45:24.879	CPIv1.5 USDJPY,M1: 2017.03.30 23:481 in USDJPY
0	23:46:24.655	CPIv1.5 USDJPY,M1: 2017.03.30 23:491 in USDJPY
0	23:47:24.612	CPIv1.5 EURUSD,M5: 2017.03.30 23:505Разрыв Тасуки in EURUSD
0	23:49:25.146	CPIv1.5 USDJPY,M1: 2017.03.30 23:521 in USDJPY
0	23:50:24.609	CPIv1.5 USDJPY,M1: 2017.03.30 23:531 in USDJPY
0	23:52:24.738	CPIv1.5 EURUSD,M5: 2017.03.30 23:555Разрыв Тасуки in EURUSD
0	23:54:26.569	CPIv1.5 USDJPY,M1: 2017.03.30 23:571 in USDJPY
0	23:55:24.903	CPIv1.5 USDJPY,M1: 2017.03.30 23:581 in USDJPY
0	23:57:24.627	ax_adv_023 AUDUSD,M15: AUDUSD [BUYSTOP ]:(4109)trade is not allowed in the expert properties AUDUSD lot=0.01 price=0.76483 slippage=3 sl=0.76366 tp=0.00000 comment= exp=1490919301
0	23:57:27.077	CPIv1.5 EURUSD,M5: 2017.03.31 00:005Разрыв Тасуки in EURUSD
0	23:58:25.486	CPIv1.5 USDJPY,M1: 2017.03.31 00:011Бычий Доджи in USDJPY
0	23:59:26.917	CPIv1.5 USDJPY,M1: 2017.03.31 00:021Утрення звезда in USDJPY
