0	00:01:38.108	CPIv1.5 USDJPY,M1: 2017.03.29 00:041 in USDJPY
0	00:02:41.636	CPIv1.5 USDJPY,M1: 2017.03.29 00:051 in USDJPY
0	00:03:01.628	CPIv1.5 EURUSD,M5: 2017.03.29 00:055Разрыв Тасуки in EURUSD
0	00:04:44.627	CPIv1.5 USDJPY,M1: 2017.03.29 00:071 in USDJPY
0	00:06:21.252	CPIv1.5 USDJPY,M1: 2017.03.29 00:081 in USDJPY
0	00:06:28.486	CPIv1.5 USDJPY,M1: 2017.03.29 00:091 in USDJPY
0	00:07:32.188	CPIv1.5 USDJPY,M1: 2017.03.29 00:101 in USDJPY
0	00:07:32.379	CPIv1.5 EURUSD,M5: 2017.03.29 00:105Разрыв Тасуки in EURUSD
0	00:09:27.370	CPIv1.5 USDJPY,M1: 2017.03.29 00:121Бычий Доджи in USDJPY
0	00:10:44.234	CPIv1.5 USDJPY,M1: 2017.03.29 00:131 in USDJPY
0	00:13:40.190	CPIv1.5 USDJPY,M1: 2017.03.29 00:161 in USDJPY
0	00:15:08.324	CPIv1.5 USDJPY,M1: 2017.03.29 00:171 in USDJPY
0	00:17:43.442	CPIv1.5 USDJPY,M1: 2017.03.29 00:201 in USDJPY
0	00:18:50.011	CPIv1.5 USDJPY,M1: 2017.03.29 00:211 in USDJPY
0	00:19:30.630	CPIv1.5 USDJPY,M1: 2017.03.29 00:221 in USDJPY
0	00:20:30.883	CPIv1.5 USDJPY,M1: 2017.03.29 00:231Модель поглощения in USDJPY
0	00:21:29.614	CPIv1.5 USDJPY,M1: 2017.03.29 00:241 in USDJPY
0	00:22:27.652	CPIv1.5 USDJPY,M1: 2017.03.29 00:251 in USDJPY
0	00:22:32.604	CPIv1.5 EURUSD,M5: 2017.03.29 00:255 in EURUSD
0	00:23:39.382	CPIv1.5 USDJPY,M1: 2017.03.29 00:261Бычий Доджи in USDJPY
0	00:24:28.948	CPIv1.5 USDJPY,M1: 2017.03.29 00:271 in USDJPY
0	00:25:35.591	CPIv1.5 USDJPY,M1: 2017.03.29 00:281 in USDJPY
0	00:28:34.970	CPIv1.5 USDJPY,M1: 2017.03.29 00:311Падающая звезда in USDJPY
0	00:29:36.754	CPIv1.5 USDJPY,M1: 2017.03.29 00:321 in USDJPY
0	00:30:29.094	CPIv1.5 USDJPY,M1: 2017.03.29 00:331Падающая звезда in USDJPY
0	00:31:42.449	CPIv1.5 USDJPY,M1: 2017.03.29 00:341 in USDJPY
0	00:32:32.175	CPIv1.5 USDJPY,M1: 2017.03.29 00:351 in USDJPY
0	00:32:35.178	CPIv1.5 EURUSD,M5: 2017.03.29 00:355 in EURUSD
0	00:33:55.134	CPIv1.5 USDJPY,M1: 2017.03.29 00:361 in USDJPY
0	00:36:30.981	CPIv1.5 USDJPY,M1: 2017.03.29 00:391 in USDJPY
0	00:37:29.766	CPIv1.5 EURUSD,M5: 2017.03.29 00:405 in EURUSD
0	00:38:07.437	CPIv1.5 USDJPY,M1: 2017.03.29 00:401 in USDJPY
0	00:38:59.747	CPIv1.5 USDJPY,M1: 2017.03.29 00:411 in USDJPY
0	00:42:31.807	CPIv1.5 EURUSD,M5: 2017.03.29 00:455Разрыв Тасуки in EURUSD
0	00:44:29.769	CPIv1.5 USDJPY,M1: 2017.03.29 00:471Утрення звезда in USDJPY
0	00:45:27.806	CPIv1.5 USDJPY,M1: 2017.03.29 00:481 in USDJPY
0	00:46:37.702	CPIv1.5 USDJPY,M1: 2017.03.29 00:491 in USDJPY
0	00:47:27.923	CPIv1.5 USDJPY,M1: 2017.03.29 00:501Падающая звезда in USDJPY
0	00:47:28.118	CPIv1.5 EURUSD,M5: 2017.03.29 00:505Разрыв Тасуки in EURUSD
0	00:49:28.587	CPIv1.5 USDJPY,M1: 2017.03.29 00:521 in USDJPY
0	00:51:29.238	CPIv1.5 USDJPY,M1: 2017.03.29 00:541 in USDJPY
0	00:52:27.768	CPIv1.5 USDJPY,M1: 2017.03.29 00:551Падающая звезда in USDJPY
0	00:53:28.289	CPIv1.5 USDJPY,M1: 2017.03.29 00:561 in USDJPY
0	00:54:38.926	CPIv1.5 USDJPY,M1: 2017.03.29 00:571 in USDJPY
0	00:56:43.388	CPIv1.5 USDJPY,M1: 2017.03.29 00:591Падающая звезда in USDJPY
0	00:57:27.591	CPIv1.5 EURUSD,M5: 2017.03.29 01:005 in EURUSD
0	00:57:27.881	CPIv1.5 USDJPY,M1: 2017.03.29 01:001Модель поглощения in USDJPY
0	00:57:29.672	CPIv1.5 YM,H1: 2017.03.29 01:0060 in YM
0	00:57:31.382	CPIv1.5 NQ,H1: 2017.03.29 01:0060 in NQ
0	00:58:27.342	CPIv1.5 USDJPY,M1: 2017.03.29 01:011 in USDJPY
0	00:59:28.334	CPIv1.5 USDJPY,M1: 2017.03.29 01:021Медвежий Доджи in USDJPY
0	01:00:31.178	CPIv1.5 USDJPY,M1: 2017.03.29 01:031 in USDJPY
0	01:01:30.566	CPIv1.5 USDJPY,M1: 2017.03.29 01:041 in USDJPY
0	01:02:27.784	CPIv1.5 EURUSD,M5: 2017.03.29 01:055Разрыв Тасуки in EURUSD
0	01:03:28.228	CPIv1.5 USDJPY,M1: 2017.03.29 01:061 in USDJPY
0	01:04:27.539	CPIv1.5 USDJPY,M1: 2017.03.29 01:071Вечерняя звезда in USDJPY
0	01:05:27.559	CPIv1.5 USDJPY,M1: 2017.03.29 01:081 in USDJPY
0	01:06:30.027	CPIv1.5 USDJPY,M1: 2017.03.29 01:091Падающая звезда in USDJPY
0	01:07:46.214	CPIv1.5 EURUSD,M5: 2017.03.29 01:105 in EURUSD
0	01:08:29.942	CPIv1.5 USDJPY,M1: 2017.03.29 01:111 in USDJPY
0	01:09:30.041	CPIv1.5 USDJPY,M1: 2017.03.29 01:121 in USDJPY
0	01:12:27.560	CPIv1.5 EURUSD,M5: 2017.03.29 01:155Разрыв Тасуки in EURUSD
0	01:12:29.060	CPIv1.5 USDJPY,M1: 2017.03.29 01:151 in USDJPY
0	01:13:27.943	CPIv1.5 USDJPY,M1: 2017.03.29 01:161 in USDJPY
0	01:14:27.619	CPIv1.5 USDJPY,M1: 2017.03.29 01:171 in USDJPY
0	01:15:28.223	CPIv1.5 USDJPY,M1: 2017.03.29 01:181 in USDJPY
0	01:16:29.636	CPIv1.5 USDJPY,M1: 2017.03.29 01:191 in USDJPY
0	01:17:27.478	CPIv1.5 USDJPY,M1: 2017.03.29 01:201 in USDJPY
0	01:17:27.688	CPIv1.5 EURUSD,M5: 2017.03.29 01:205Разрыв Тасуки in EURUSD
0	01:18:27.998	CPIv1.5 USDJPY,M1: 2017.03.29 01:211 in USDJPY
0	01:20:53.311	CPIv1.5 USDJPY,M1: 2017.03.29 01:231 in USDJPY
0	01:21:33.624	CPIv1.5 USDJPY,M1: 2017.03.29 01:241 in USDJPY
0	01:22:31.577	CPIv1.5 USDJPY,M1: 2017.03.29 01:251 in USDJPY
0	01:23:32.318	CPIv1.5 USDJPY,M1: 2017.03.29 01:261 in USDJPY
0	01:25:27.817	CPIv1.5 USDJPY,M1: 2017.03.29 01:281 in USDJPY
0	01:27:28.671	CPIv1.5 EURUSD,M5: 2017.03.29 01:305Разрыв Тасуки in EURUSD
0	01:27:29.392	CPIv1.5 USDJPY,M1: 2017.03.29 01:301 in USDJPY
0	01:28:27.995	CPIv1.5 USDJPY,M1: 2017.03.29 01:311 in USDJPY
0	01:32:28.864	CPIv1.5 USDJPY,M1: 2017.03.29 01:351 in USDJPY
0	01:32:32.969	CPIv1.5 EURUSD,M5: 2017.03.29 01:355 in EURUSD
0	01:33:27.705	CPIv1.5 USDJPY,M1: 2017.03.29 01:361 in USDJPY
0	01:34:28.134	CPIv1.5 USDJPY,M1: 2017.03.29 01:371Медвежий Доджи in USDJPY
0	01:35:31.929	CPIv1.5 USDJPY,M1: 2017.03.29 01:381Вечерняя звезда in USDJPY
0	01:36:40.816	CPIv1.5 USDJPY,M1: 2017.03.29 01:391 in USDJPY
0	01:37:34.484	CPIv1.5 USDJPY,M1: 2017.03.29 01:401 in USDJPY
0	01:37:34.669	CPIv1.5 EURUSD,M5: 2017.03.29 01:405Разрыв Тасуки in EURUSD
0	01:38:31.864	CPIv1.5 USDJPY,M1: 2017.03.29 01:411Падающая звезда in USDJPY
0	01:41:05.484	CPIv1.5 USDJPY,M1: 2017.03.29 01:431 in USDJPY
0	01:44:29.723	CPIv1.5 USDJPY,M1: 2017.03.29 01:471 in USDJPY
0	01:45:37.408	CPIv1.5 USDJPY,M1: 2017.03.29 01:481 in USDJPY
0	01:49:33.393	CPIv1.5 USDJPY,M1: 2017.03.29 01:521 in USDJPY
0	01:50:34.178	CPIv1.5 USDJPY,M1: 2017.03.29 01:531Бычий Доджи in USDJPY
0	01:52:28.364	CPIv1.5 EURUSD,M5: 2017.03.29 01:555Разрыв Тасуки in EURUSD
0	01:52:30.578	CPIv1.5 USDJPY,M1: 2017.03.29 01:551 in USDJPY
0	01:57:01.615	CPIv1.5 USDJPY,M1: 2017.03.29 01:591Падающая звезда in USDJPY
0	01:57:27.572	CPIv1.5 EURUSD,M5: 2017.03.29 02:005Разрыв Тасуки in EURUSD
0	01:57:29.115	CPIv1.5 USDJPY,M1: 2017.03.29 02:001 in USDJPY
0	02:00:27.841	CPIv1.5 USDJPY,M1: 2017.03.29 02:031 in USDJPY
0	02:01:32.829	CPIv1.5 USDJPY,M1: 2017.03.29 02:041 in USDJPY
0	02:02:28.558	CPIv1.5 USDJPY,M1: 2017.03.29 02:051Вечерняя звезда in USDJPY
0	02:02:28.750	CPIv1.5 EURUSD,M5: 2017.03.29 02:055Разрыв Тасуки in EURUSD
0	02:03:30.998	CPIv1.5 USDJPY,M1: 2017.03.29 02:061 in USDJPY
0	02:05:29.165	CPIv1.5 USDJPY,M1: 2017.03.29 02:081 in USDJPY
0	02:06:27.723	CPIv1.5 USDJPY,M1: 2017.03.29 02:091Медвежий Доджи in USDJPY
0	02:07:27.993	CPIv1.5 USDJPY,M1: 2017.03.29 02:101 in USDJPY
0	02:08:27.688	CPIv1.5 USDJPY,M1: 2017.03.29 02:111 in USDJPY
0	02:09:27.481	CPIv1.5 USDJPY,M1: 2017.03.29 02:121 in USDJPY
0	02:10:27.732	CPIv1.5 USDJPY,M1: 2017.03.29 02:131 in USDJPY
0	02:12:28.062	CPIv1.5 EURUSD,M5: 2017.03.29 02:155Разрыв Тасуки in EURUSD
0	02:12:35.669	CPIv1.5 USDJPY,M1: 2017.03.29 02:151 in USDJPY
0	02:13:31.027	CPIv1.5 USDJPY,M1: 2017.03.29 02:161Падающая звезда in USDJPY
0	02:16:31.933	CPIv1.5 USDJPY,M1: 2017.03.29 02:191 in USDJPY
0	02:17:27.583	CPIv1.5 EURUSD,M5: 2017.03.29 02:205Разрыв Тасуки in EURUSD
0	02:17:28.541	CPIv1.5 USDJPY,M1: 2017.03.29 02:201 in USDJPY
0	02:18:32.864	CPIv1.5 USDJPY,M1: 2017.03.29 02:211 in USDJPY
0	02:20:27.641	CPIv1.5 USDJPY,M1: 2017.03.29 02:231 in USDJPY
0	02:22:28.470	CPIv1.5 USDJPY,M1: 2017.03.29 02:251 in USDJPY
0	02:22:28.660	CPIv1.5 EURUSD,M5: 2017.03.29 02:255Разрыв Тасуки in EURUSD
0	02:24:27.680	CPIv1.5 USDJPY,M1: 2017.03.29 02:271 in USDJPY
0	02:25:27.971	CPIv1.5 USDJPY,M1: 2017.03.29 02:281 in USDJPY
0	02:26:32.687	CPIv1.5 USDJPY,M1: 2017.03.29 02:291 in USDJPY
0	02:27:27.828	CPIv1.5 EURUSD,M5: 2017.03.29 02:305 in EURUSD
0	02:29:27.307	CPIv1.5 USDJPY,M1: 2017.03.29 02:321Модель поглощения in USDJPY
0	02:30:28.528	CPIv1.5 USDJPY,M1: 2017.03.29 02:331 in USDJPY
0	02:31:27.892	CPIv1.5 USDJPY,M1: 2017.03.29 02:341 in USDJPY
0	02:32:29.300	CPIv1.5 EURUSD,M5: 2017.03.29 02:355 in EURUSD
0	02:34:31.268	CPIv1.5 USDJPY,M1: 2017.03.29 02:371Падающая звезда in USDJPY
0	02:35:27.697	CPIv1.5 USDJPY,M1: 2017.03.29 02:381 in USDJPY
0	02:36:28.209	CPIv1.5 USDJPY,M1: 2017.03.29 02:391Просвет в облаках in USDJPY
0	02:38:29.590	CPIv1.5 USDJPY,M1: 2017.03.29 02:411 in USDJPY
0	02:39:28.112	CPIv1.5 USDJPY,M1: 2017.03.29 02:421Утрення звезда in USDJPY
0	02:41:27.719	CPIv1.5 USDJPY,M1: 2017.03.29 02:441Медвежий Доджи in USDJPY
0	02:42:27.655	CPIv1.5 EURUSD,M5: 2017.03.29 02:455 in EURUSD
0	02:42:27.998	CPIv1.5 USDJPY,M1: 2017.03.29 02:451 in USDJPY
0	02:43:27.506	CPIv1.5 USDJPY,M1: 2017.03.29 02:461 in USDJPY
0	02:44:29.423	CPIv1.5 USDJPY,M1: 2017.03.29 02:471 in USDJPY
0	02:45:32.753	CPIv1.5 USDJPY,M1: 2017.03.29 02:481Падающая звезда in USDJPY
0	02:47:29.014	CPIv1.5 EURUSD,M5: 2017.03.29 02:505 in EURUSD
0	02:47:31.184	CPIv1.5 USDJPY,M1: 2017.03.29 02:501 in USDJPY
0	02:48:27.558	CPIv1.5 USDJPY,M1: 2017.03.29 02:511 in USDJPY
0	02:50:31.061	CPIv1.5 USDJPY,M1: 2017.03.29 02:531 in USDJPY
0	02:51:27.640	CPIv1.5 USDJPY,M1: 2017.03.29 02:541Вечерняя звезда in USDJPY
0	02:52:27.275	CPIv1.5 EURUSD,M5: 2017.03.29 02:555Разрыв Тасуки in EURUSD
0	02:52:28.167	CPIv1.5 USDJPY,M1: 2017.03.29 02:551 in USDJPY
0	02:55:28.166	CPIv1.5 USDJPY,M1: 2017.03.29 02:581 in USDJPY
0	02:56:27.697	CPIv1.5 USDJPY,M1: 2017.03.29 02:591 in USDJPY
0	02:57:27.511	CPIv1.5 EURUSD,M5: 2017.03.29 03:005Разрыв Тасуки in EURUSD
0	02:57:27.835	CPIv1.5 USDJPY,M1: 2017.03.29 03:001 in USDJPY
0	02:59:27.778	CPIv1.5 USDJPY,M1: 2017.03.29 03:021Бычий Доджи in USDJPY
0	03:00:27.825	CPIv1.5 USDJPY,M1: 2017.03.29 03:031 in USDJPY
0	03:02:27.779	CPIv1.5 USDJPY,M1: 2017.03.29 03:051 in USDJPY
0	03:02:27.965	CPIv1.5 EURUSD,M5: 2017.03.29 03:055Разрыв Тасуки in EURUSD
0	03:05:28.204	CPIv1.5 USDJPY,M1: 2017.03.29 03:081 in USDJPY
0	03:06:27.535	CPIv1.5 USDJPY,M1: 2017.03.29 03:091Бычий Доджи in USDJPY
0	03:07:28.485	CPIv1.5 EURUSD,M5: 2017.03.29 03:105Разрыв Тасуки in EURUSD
0	03:07:29.441	CPIv1.5 USDJPY,M1: 2017.03.29 03:101 in USDJPY
0	03:08:28.179	CPIv1.5 USDJPY,M1: 2017.03.29 03:111 in USDJPY
0	03:09:28.485	CPIv1.5 USDJPY,M1: 2017.03.29 03:121Бычий Доджи in USDJPY
0	03:10:27.693	CPIv1.5 USDJPY,M1: 2017.03.29 03:131Бычий Доджи in USDJPY
0	03:11:27.483	CPIv1.5 USDJPY,M1: 2017.03.29 03:141 in USDJPY
0	03:12:27.434	CPIv1.5 EURUSD,M5: 2017.03.29 03:155Разрыв Тасуки in EURUSD
0	03:12:27.707	CPIv1.5 USDJPY,M1: 2017.03.29 03:151 in USDJPY
0	03:14:31.336	CPIv1.5 USDJPY,M1: 2017.03.29 03:171 in USDJPY
0	03:15:27.702	CPIv1.5 USDJPY,M1: 2017.03.29 03:181Падающая звезда in USDJPY
0	03:17:28.015	CPIv1.5 USDJPY,M1: 2017.03.29 03:201 in USDJPY
0	03:17:28.820	CPIv1.5 EURUSD,M5: 2017.03.29 03:205Разрыв Тасуки in EURUSD
0	03:18:28.926	CPIv1.5 USDJPY,M1: 2017.03.29 03:211 in USDJPY
0	03:20:27.342	CPIv1.5 USDJPY,M1: 2017.03.29 03:231 in USDJPY
0	03:22:27.722	CPIv1.5 USDJPY,M1: 2017.03.29 03:251Модель поглощения in USDJPY
0	03:22:28.539	CPIv1.5 EURUSD,M5: 2017.03.29 03:255 in EURUSD
0	03:23:27.672	CPIv1.5 USDJPY,M1: 2017.03.29 03:261 in USDJPY
0	03:24:27.805	CPIv1.5 USDJPY,M1: 2017.03.29 03:271 in USDJPY
0	03:25:32.721	CPIv1.5 USDJPY,M1: 2017.03.29 03:281 in USDJPY
0	03:28:29.686	CPIv1.5 USDJPY,M1: 2017.03.29 03:311 in USDJPY
0	03:29:30.366	CPIv1.5 USDJPY,M1: 2017.03.29 03:321 in USDJPY
0	03:31:30.898	CPIv1.5 USDJPY,M1: 2017.03.29 03:341Бычий Доджи in USDJPY
0	03:32:27.895	CPIv1.5 USDJPY,M1: 2017.03.29 03:351Бычий Доджи in USDJPY
0	03:32:28.081	CPIv1.5 EURUSD,M5: 2017.03.29 03:355Разрыв Тасуки in EURUSD
0	03:33:27.621	CPIv1.5 USDJPY,M1: 2017.03.29 03:361Бычий Доджи in USDJPY
0	03:34:31.258	CPIv1.5 USDJPY,M1: 2017.03.29 03:371 in USDJPY
0	03:35:29.527	CPIv1.5 USDJPY,M1: 2017.03.29 03:381Бычий Доджи in USDJPY
0	03:36:32.773	CPIv1.5 USDJPY,M1: 2017.03.29 03:391 in USDJPY
0	03:37:28.843	CPIv1.5 USDJPY,M1: 2017.03.29 03:401 in USDJPY
0	03:37:29.309	CPIv1.5 EURUSD,M5: 2017.03.29 03:405Разрыв Тасуки in EURUSD
0	03:39:28.810	CPIv1.5 USDJPY,M1: 2017.03.29 03:421 in USDJPY
0	03:40:30.954	CPIv1.5 USDJPY,M1: 2017.03.29 03:431Медвежий Доджи in USDJPY
0	03:41:30.017	CPIv1.5 USDJPY,M1: 2017.03.29 03:441Вечерняя звезда in USDJPY
0	03:42:28.009	CPIv1.5 USDJPY,M1: 2017.03.29 03:451 in USDJPY
0	03:42:28.600	CPIv1.5 EURUSD,M5: 2017.03.29 03:455Разрыв Тасуки in EURUSD
0	03:45:30.207	CPIv1.5 USDJPY,M1: 2017.03.29 03:481Бычий Доджи in USDJPY
0	03:46:28.230	CPIv1.5 USDJPY,M1: 2017.03.29 03:491 in USDJPY
0	03:47:29.903	CPIv1.5 USDJPY,M1: 2017.03.29 03:501Утрення звезда in USDJPY
0	03:48:28.106	CPIv1.5 USDJPY,M1: 2017.03.29 03:511 in USDJPY
0	03:50:27.704	CPIv1.5 USDJPY,M1: 2017.03.29 03:531Медвежий Доджи in USDJPY
0	03:51:30.690	CPIv1.5 USDJPY,M1: 2017.03.29 03:541 in USDJPY
0	03:52:27.473	CPIv1.5 USDJPY,M1: 2017.03.29 03:551Медвежий Доджи in USDJPY
0	03:52:27.665	CPIv1.5 EURUSD,M5: 2017.03.29 03:555 in EURUSD
0	03:53:28.194	CPIv1.5 USDJPY,M1: 2017.03.29 03:561 in USDJPY
0	03:55:28.168	CPIv1.5 USDJPY,M1: 2017.03.29 03:581Медвежий Доджи in USDJPY
0	03:56:27.956	CPIv1.5 USDJPY,M1: 2017.03.29 03:591 in USDJPY
0	03:57:27.842	CPIv1.5 EURUSD,M5: 2017.03.29 04:005Разрыв Тасуки in EURUSD
0	03:57:31.651	CPIv1.5 NQ,H1: 2017.03.29 04:0060Медвежий Доджи in NQ
0	04:00:27.312	CPIv1.5 USDJPY,M1: 2017.03.29 04:031Медвежий Доджи in USDJPY
0	04:01:29.357	CPIv1.5 USDJPY,M1: 2017.03.29 04:041 in USDJPY
0	04:02:27.654	CPIv1.5 USDJPY,M1: 2017.03.29 04:051 in USDJPY
0	04:03:27.654	CPIv1.5 USDJPY,M1: 2017.03.29 04:061 in USDJPY
0	04:06:29.619	CPIv1.5 USDJPY,M1: 2017.03.29 04:091 in USDJPY
0	04:07:28.274	CPIv1.5 EURUSD,M5: 2017.03.29 04:105 in EURUSD
0	04:09:28.424	CPIv1.5 USDJPY,M1: 2017.03.29 04:121 in USDJPY
0	04:10:27.392	CPIv1.5 USDJPY,M1: 2017.03.29 04:131Бычий Доджи in USDJPY
0	04:11:27.909	CPIv1.5 USDJPY,M1: 2017.03.29 04:141Утрення звезда in USDJPY
0	04:12:27.932	CPIv1.5 EURUSD,M5: 2017.03.29 04:155Разрыв Тасуки in EURUSD
0	04:16:36.330	CPIv1.5 USDJPY,M1: 2017.03.29 04:191 in USDJPY
0	04:17:28.025	CPIv1.5 USDJPY,M1: 2017.03.29 04:201 in USDJPY
0	04:17:28.217	CPIv1.5 EURUSD,M5: 2017.03.29 04:205Разрыв Тасуки in EURUSD
0	04:18:43.003	CPIv1.5 USDJPY,M1: 2017.03.29 04:211Медвежий Доджи in USDJPY
0	04:20:29.209	CPIv1.5 USDJPY,M1: 2017.03.29 04:231 in USDJPY
0	04:21:32.067	CPIv1.5 USDJPY,M1: 2017.03.29 04:241 in USDJPY
0	04:23:27.813	CPIv1.5 USDJPY,M1: 2017.03.29 04:261Бычий Доджи in USDJPY
0	04:24:27.642	CPIv1.5 USDJPY,M1: 2017.03.29 04:271Утрення звезда in USDJPY
0	04:25:27.579	CPIv1.5 USDJPY,M1: 2017.03.29 04:281 in USDJPY
0	04:27:28.322	CPIv1.5 USDJPY,M1: 2017.03.29 04:301 in USDJPY
0	04:27:28.522	CPIv1.5 EURUSD,M5: 2017.03.29 04:305Разрыв Тасуки in EURUSD
0	04:28:40.186	CPIv1.5 USDJPY,M1: 2017.03.29 04:311 in USDJPY
0	04:29:31.530	CPIv1.5 USDJPY,M1: 2017.03.29 04:321 in USDJPY
0	04:30:29.466	CPIv1.5 USDJPY,M1: 2017.03.29 04:331 in USDJPY
0	04:32:28.044	CPIv1.5 USDJPY,M1: 2017.03.29 04:351 in USDJPY
0	04:34:27.521	CPIv1.5 USDJPY,M1: 2017.03.29 04:371Бычий Доджи in USDJPY
0	04:35:30.551	CPIv1.5 USDJPY,M1: 2017.03.29 04:381 in USDJPY
0	04:36:27.998	CPIv1.5 USDJPY,M1: 2017.03.29 04:391Падающая звезда in USDJPY
0	04:37:28.711	CPIv1.5 EURUSD,M5: 2017.03.29 04:405 in EURUSD
0	04:37:28.982	CPIv1.5 USDJPY,M1: 2017.03.29 04:401 in USDJPY
0	04:38:27.537	CPIv1.5 USDJPY,M1: 2017.03.29 04:411 in USDJPY
0	04:40:28.674	CPIv1.5 USDJPY,M1: 2017.03.29 04:431 in USDJPY
0	04:41:27.936	CPIv1.5 USDJPY,M1: 2017.03.29 04:441 in USDJPY
0	04:44:33.912	CPIv1.5 USDJPY,M1: 2017.03.29 04:471 in USDJPY
0	04:46:39.585	CPIv1.5 USDJPY,M1: 2017.03.29 04:491 in USDJPY
0	04:47:29.285	CPIv1.5 USDJPY,M1: 2017.03.29 04:501Падающая звезда in USDJPY
0	04:49:27.454	CPIv1.5 USDJPY,M1: 2017.03.29 04:521 in USDJPY
0	04:51:27.523	CPIv1.5 USDJPY,M1: 2017.03.29 04:541Медвежий Доджи in USDJPY
0	04:52:28.164	CPIv1.5 USDJPY,M1: 2017.03.29 04:551 in USDJPY
0	04:52:28.354	CPIv1.5 EURUSD,M5: 2017.03.29 04:555 in EURUSD
0	04:53:27.456	CPIv1.5 USDJPY,M1: 2017.03.29 04:561Медвежий Доджи in USDJPY
0	04:54:30.334	CPIv1.5 USDJPY,M1: 2017.03.29 04:571 in USDJPY
0	04:55:28.184	CPIv1.5 USDJPY,M1: 2017.03.29 04:581 in USDJPY
0	04:57:27.915	CPIv1.5 USDJPY,M1: 2017.03.29 05:001 in USDJPY
0	04:57:28.157	CPIv1.5 EURUSD,M5: 2017.03.29 05:005Разрыв Тасуки in EURUSD
0	04:57:28.167	CPIv1.5 NQ,H1: 2017.03.29 05:0060Медвежий Доджи in NQ
0	04:58:27.793	CPIv1.5 USDJPY,M1: 2017.03.29 05:011Медвежий Доджи in USDJPY
0	04:59:27.491	CPIv1.5 USDJPY,M1: 2017.03.29 05:021Медвежий Доджи in USDJPY
0	05:00:27.566	CPIv1.5 USDJPY,M1: 2017.03.29 05:031 in USDJPY
0	05:02:28.284	CPIv1.5 EURUSD,M5: 2017.03.29 05:055Разрыв Тасуки in EURUSD
0	05:03:27.763	CPIv1.5 USDJPY,M1: 2017.03.29 05:061 in USDJPY
0	05:05:30.120	CPIv1.5 USDJPY,M1: 2017.03.29 05:081 in USDJPY
0	05:06:27.881	CPIv1.5 USDJPY,M1: 2017.03.29 05:091 in USDJPY
0	05:07:28.541	CPIv1.5 USDJPY,M1: 2017.03.29 05:101Бычий Доджи in USDJPY
0	05:08:27.663	CPIv1.5 USDJPY,M1: 2017.03.29 05:111Бычий Доджи in USDJPY
0	05:10:27.989	CPIv1.5 USDJPY,M1: 2017.03.29 05:131 in USDJPY
0	05:12:27.998	CPIv1.5 USDJPY,M1: 2017.03.29 05:151 in USDJPY
0	05:12:28.185	CPIv1.5 EURUSD,M5: 2017.03.29 05:155Повешенный in EURUSD
0	05:13:29.887	CPIv1.5 USDJPY,M1: 2017.03.29 05:161 in USDJPY
0	05:15:27.598	CPIv1.5 USDJPY,M1: 2017.03.29 05:181Медвежий Доджи in USDJPY
0	05:16:35.227	CPIv1.5 USDJPY,M1: 2017.03.29 05:191 in USDJPY
0	05:17:27.650	CPIv1.5 EURUSD,M5: 2017.03.29 05:205Разрыв Тасуки in EURUSD
0	05:17:28.103	CPIv1.5 USDJPY,M1: 2017.03.29 05:201 in USDJPY
0	05:18:28.941	CPIv1.5 USDJPY,M1: 2017.03.29 05:211Бычий Доджи in USDJPY
0	05:19:27.700	CPIv1.5 USDJPY,M1: 2017.03.29 05:221 in USDJPY
0	05:22:28.185	CPIv1.5 EURUSD,M5: 2017.03.29 05:255Разрыв Тасуки in EURUSD
0	05:22:29.701	CPIv1.5 USDJPY,M1: 2017.03.29 05:251 in USDJPY
0	05:24:28.361	CPIv1.5 USDJPY,M1: 2017.03.29 05:271 in USDJPY
0	05:25:36.330	CPIv1.5 USDJPY,M1: 2017.03.29 05:281 in USDJPY
0	05:27:27.572	CPIv1.5 EURUSD,M5: 2017.03.29 05:305 in EURUSD
0	05:27:31.885	ax_adv_023 AUDUSD,M15: AUDUSD [SELLSTOP ]:(4109)trade is not allowed in the expert properties AUDUSD lot=0.01 price=0.76417 slippage=3 sl=0.76513 tp=0.00000 comment= exp=1490766305
0	05:29:32.112	CPIv1.5 USDJPY,M1: 2017.03.29 05:321 in USDJPY
0	05:30:27.499	CPIv1.5 USDJPY,M1: 2017.03.29 05:331 in USDJPY
0	05:32:27.351	CPIv1.5 EURUSD,M5: 2017.03.29 05:355Разрыв Тасуки in EURUSD
0	05:33:27.735	CPIv1.5 USDJPY,M1: 2017.03.29 05:361 in USDJPY
0	05:34:27.299	CPIv1.5 USDJPY,M1: 2017.03.29 05:371 in USDJPY
0	05:36:27.454	CPIv1.5 USDJPY,M1: 2017.03.29 05:391Медвежий Доджи in USDJPY
0	05:37:27.515	CPIv1.5 EURUSD,M5: 2017.03.29 05:405Разрыв Тасуки in EURUSD
0	05:37:27.792	CPIv1.5 USDJPY,M1: 2017.03.29 05:401 in USDJPY
0	05:38:27.567	CPIv1.5 USDJPY,M1: 2017.03.29 05:411 in USDJPY
0	05:39:27.845	CPIv1.5 USDJPY,M1: 2017.03.29 05:421Медвежий Доджи in USDJPY
0	05:40:27.843	CPIv1.5 USDJPY,M1: 2017.03.29 05:431Модель поглощения in USDJPY
0	05:41:28.863	CPIv1.5 USDJPY,M1: 2017.03.29 05:441 in USDJPY
0	05:42:28.564	CPIv1.5 USDJPY,M1: 2017.03.29 05:451 in USDJPY
0	05:47:27.789	CPIv1.5 USDJPY,M1: 2017.03.29 05:501 in USDJPY
0	05:48:27.370	CPIv1.5 USDJPY,M1: 2017.03.29 05:511 in USDJPY
0	05:49:30.068	CPIv1.5 USDJPY,M1: 2017.03.29 05:521Падающая звезда in USDJPY
0	05:51:27.547	CPIv1.5 USDJPY,M1: 2017.03.29 05:541 in USDJPY
0	05:52:27.451	CPIv1.5 EURUSD,M5: 2017.03.29 05:555Разрыв Тасуки in EURUSD
0	05:52:27.721	CPIv1.5 USDJPY,M1: 2017.03.29 05:551 in USDJPY
0	05:53:34.662	CPIv1.5 USDJPY,M1: 2017.03.29 05:561Модель поглощения in USDJPY
0	05:55:31.019	CPIv1.5 USDJPY,M1: 2017.03.29 05:581 in USDJPY
0	05:56:27.684	CPIv1.5 USDJPY,M1: 2017.03.29 05:591 in USDJPY
0	05:57:27.972	CPIv1.5 USDJPY,M1: 2017.03.29 06:001Падающая звезда in USDJPY
0	05:57:28.709	CPIv1.5 YM,H1: 2017.03.29 06:0060 in YM
0	05:57:28.909	CPIv1.5 NQ,H1: 2017.03.29 06:0060 in NQ
0	05:57:30.766	CPIv1.5 EURUSD,M5: 2017.03.29 06:005Разрыв Тасуки in EURUSD
0	05:58:27.443	CPIv1.5 USDJPY,M1: 2017.03.29 06:011Утрення звезда in USDJPY
0	05:59:32.235	CPIv1.5 USDJPY,M1: 2017.03.29 06:021 in USDJPY
0	06:00:27.848	CPIv1.5 USDJPY,M1: 2017.03.29 06:031 in USDJPY
0	06:02:34.062	CPIv1.5 EURUSD,M5: 2017.03.29 06:055Разрыв Тасуки in EURUSD
0	06:06:27.523	CPIv1.5 USDJPY,M1: 2017.03.29 06:091Вечерняя звезда in USDJPY
0	06:07:44.527	CPIv1.5 USDJPY,M1: 2017.03.29 06:101 in USDJPY
0	06:09:27.701	CPIv1.5 USDJPY,M1: 2017.03.29 06:121Падающая звезда in USDJPY
0	06:11:28.929	CPIv1.5 USDJPY,M1: 2017.03.29 06:141 in USDJPY
0	06:13:28.608	CPIv1.5 USDJPY,M1: 2017.03.29 06:161 in USDJPY
0	06:14:27.455	CPIv1.5 USDJPY,M1: 2017.03.29 06:171 in USDJPY
0	06:16:39.797	CPIv1.5 USDJPY,M1: 2017.03.29 06:191 in USDJPY
0	06:17:27.710	CPIv1.5 EURUSD,M5: 2017.03.29 06:205Разрыв Тасуки in EURUSD
0	06:18:28.211	CPIv1.5 USDJPY,M1: 2017.03.29 06:211Падающая звезда in USDJPY
0	06:19:28.541	CPIv1.5 USDJPY,M1: 2017.03.29 06:221 in USDJPY
0	06:20:27.663	CPIv1.5 USDJPY,M1: 2017.03.29 06:231 in USDJPY
0	06:21:27.665	CPIv1.5 USDJPY,M1: 2017.03.29 06:241 in USDJPY
0	06:22:28.138	CPIv1.5 USDJPY,M1: 2017.03.29 06:251 in USDJPY
0	06:22:33.488	CPIv1.5 EURUSD,M5: 2017.03.29 06:255Разрыв Тасуки in EURUSD
0	06:25:27.517	CPIv1.5 USDJPY,M1: 2017.03.29 06:281Медвежий Доджи in USDJPY
0	06:26:32.450	CPIv1.5 USDJPY,M1: 2017.03.29 06:291 in USDJPY
0	06:27:26.659	CPIv1.5 EURUSD,M5: 2017.03.29 06:305Разрыв Тасуки in EURUSD
0	06:29:27.241	CPIv1.5 USDJPY,M1: 2017.03.29 06:321Бычий Доджи in USDJPY
0	06:30:26.408	CPIv1.5 USDJPY,M1: 2017.03.29 06:331 in USDJPY
0	06:31:27.692	CPIv1.5 USDJPY,M1: 2017.03.29 06:341 in USDJPY
0	06:32:27.331	CPIv1.5 USDJPY,M1: 2017.03.29 06:351Утрення звезда in USDJPY
0	06:32:29.235	CPIv1.5 EURUSD,M5: 2017.03.29 06:355Разрыв Тасуки in EURUSD
0	06:33:30.317	CPIv1.5 USDJPY,M1: 2017.03.29 06:361 in USDJPY
0	06:36:29.765	CPIv1.5 USDJPY,M1: 2017.03.29 06:391Бычий Доджи in USDJPY
0	06:37:27.073	CPIv1.5 USDJPY,M1: 2017.03.29 06:401 in USDJPY
0	06:37:27.537	CPIv1.5 EURUSD,M5: 2017.03.29 06:405Разрыв Тасуки in EURUSD
0	06:40:30.331	CPIv1.5 USDJPY,M1: 2017.03.29 06:431 in USDJPY
0	06:42:26.630	CPIv1.5 EURUSD,M5: 2017.03.29 06:455Разрыв Тасуки in EURUSD
0	06:44:26.794	CPIv1.5 USDJPY,M1: 2017.03.29 06:471 in USDJPY
0	06:45:26.549	CPIv1.5 USDJPY,M1: 2017.03.29 06:481 in USDJPY
0	06:47:26.912	CPIv1.5 USDJPY,M1: 2017.03.29 06:501 in USDJPY
0	06:47:27.108	CPIv1.5 EURUSD,M5: 2017.03.29 06:505Разрыв Тасуки in EURUSD
0	06:50:28.537	CPIv1.5 USDJPY,M1: 2017.03.29 06:531 in USDJPY
0	06:51:26.340	CPIv1.5 USDJPY,M1: 2017.03.29 06:541 in USDJPY
0	06:52:27.062	CPIv1.5 USDJPY,M1: 2017.03.29 06:551 in USDJPY
0	06:54:26.408	CPIv1.5 USDJPY,M1: 2017.03.29 06:571 in USDJPY
0	06:56:30.538	CPIv1.5 USDJPY,M1: 2017.03.29 06:591 in USDJPY
0	06:57:26.367	CPIv1.5 NQ,H1: 2017.03.29 07:0060 in NQ
0	06:57:29.171	CPIv1.5 EURUSD,M5: 2017.03.29 07:005Разрыв Тасуки in EURUSD
0	06:57:38.450	CPIv1.5 USDJPY,M1: 2017.03.29 07:001 in USDJPY
0	06:58:28.439	CPIv1.5 USDJPY,M1: 2017.03.29 07:011 in USDJPY
0	07:01:27.491	CPIv1.5 USDJPY,M1: 2017.03.29 07:041 in USDJPY
0	07:02:33.092	CPIv1.5 USDJPY,M1: 2017.03.29 07:051Модель поглощения in USDJPY
0	07:03:31.325	CPIv1.5 USDJPY,M1: 2017.03.29 07:061 in USDJPY
0	07:07:28.458	CPIv1.5 USDJPY,M1: 2017.03.29 07:101 in USDJPY
0	07:09:32.097	CPIv1.5 USDJPY,M1: 2017.03.29 07:121 in USDJPY
0	07:10:33.145	CPIv1.5 USDJPY,M1: 2017.03.29 07:131 in USDJPY
0	07:12:26.436	CPIv1.5 EURUSD,M5: 2017.03.29 07:155Разрыв Тасуки in EURUSD
0	07:12:27.187	CPIv1.5 USDJPY,M1: 2017.03.29 07:151 in USDJPY
0	07:18:42.492	CPIv1.5 USDJPY,M1: 2017.03.29 07:211 in USDJPY
0	07:19:31.198	CPIv1.5 USDJPY,M1: 2017.03.29 07:221 in USDJPY
0	07:22:26.692	CPIv1.5 EURUSD,M5: 2017.03.29 07:255Разрыв Тасуки in EURUSD
0	07:23:26.538	CPIv1.5 USDJPY,M1: 2017.03.29 07:261 in USDJPY
0	07:24:27.088	CPIv1.5 USDJPY,M1: 2017.03.29 07:271 in USDJPY
0	07:26:28.771	CPIv1.5 USDJPY,M1: 2017.03.29 07:291 in USDJPY
0	07:28:26.883	CPIv1.5 USDJPY,M1: 2017.03.29 07:311 in USDJPY
0	07:29:26.965	CPIv1.5 USDJPY,M1: 2017.03.29 07:321 in USDJPY
0	07:32:26.771	CPIv1.5 USDJPY,M1: 2017.03.29 07:351Утрення звезда in USDJPY
0	07:32:28.865	CPIv1.5 EURUSD,M5: 2017.03.29 07:355Разрыв Тасуки in EURUSD
0	07:36:26.561	CPIv1.5 USDJPY,M1: 2017.03.29 07:391 in USDJPY
0	07:37:28.718	CPIv1.5 EURUSD,M5: 2017.03.29 07:405Разрыв Тасуки in EURUSD
0	07:38:29.395	CPIv1.5 USDJPY,M1: 2017.03.29 07:411 in USDJPY
0	07:39:36.555	CPIv1.5 USDJPY,M1: 2017.03.29 07:421 in USDJPY
0	07:42:30.329	CPIv1.5 USDJPY,M1: 2017.03.29 07:451Медвежий Доджи in USDJPY
0	07:42:37.605	CPIv1.5 EURUSD,M5: 2017.03.29 07:455Разрыв Тасуки in EURUSD
0	07:43:31.204	CPIv1.5 USDJPY,M1: 2017.03.29 07:461 in USDJPY
0	07:44:45.508	CPIv1.5 USDJPY,M1: 2017.03.29 07:471 in USDJPY
0	07:47:27.342	CPIv1.5 USDJPY,M1: 2017.03.29 07:501 in USDJPY
0	07:47:34.075	CPIv1.5 EURUSD,M5: 2017.03.29 07:505Разрыв Тасуки in EURUSD
0	07:49:26.455	CPIv1.5 USDJPY,M1: 2017.03.29 07:521 in USDJPY
0	07:51:26.563	CPIv1.5 USDJPY,M1: 2017.03.29 07:541 in USDJPY
0	07:52:26.400	CPIv1.5 USDJPY,M1: 2017.03.29 07:551 in USDJPY
0	07:52:26.587	CPIv1.5 EURUSD,M5: 2017.03.29 07:555Разрыв Тасуки in EURUSD
0	07:55:30.918	CPIv1.5 USDJPY,M1: 2017.03.29 07:581 in USDJPY
0	07:56:29.607	CPIv1.5 USDJPY,M1: 2017.03.29 07:591 in USDJPY
0	07:57:26.405	CPIv1.5 EURUSD,M5: 2017.03.29 08:005Разрыв Тасуки in EURUSD
0	07:57:26.691	CPIv1.5 USDJPY,M1: 2017.03.29 08:001Бычий Доджи in USDJPY
0	07:58:29.627	CPIv1.5 USDJPY,M1: 2017.03.29 08:011 in USDJPY
0	07:59:26.580	CPIv1.5 USDJPY,M1: 2017.03.29 08:021 in USDJPY
0	08:00:26.639	CPIv1.5 USDJPY,M1: 2017.03.29 08:031 in USDJPY
0	08:03:28.025	CPIv1.5 USDJPY,M1: 2017.03.29 08:061 in USDJPY
0	08:04:26.987	CPIv1.5 USDJPY,M1: 2017.03.29 08:071 in USDJPY
0	08:05:41.968	CPIv1.5 USDJPY,M1: 2017.03.29 08:081 in USDJPY
0	08:07:28.449	CPIv1.5 EURUSD,M5: 2017.03.29 08:105Разрыв Тасуки in EURUSD
0	08:08:27.632	CPIv1.5 USDJPY,M1: 2017.03.29 08:111 in USDJPY
0	08:11:31.775	CPIv1.5 USDJPY,M1: 2017.03.29 08:141 in USDJPY
0	08:12:56.531	CPIv1.5 EURUSD,M5: 2017.03.29 08:155Разрыв Тасуки in EURUSD
0	08:13:29.073	CPIv1.5 USDJPY,M1: 2017.03.29 08:161 in USDJPY
0	08:14:38.054	CPIv1.5 USDJPY,M1: 2017.03.29 08:171 in USDJPY
0	08:15:26.983	CPIv1.5 USDJPY,M1: 2017.03.29 08:181 in USDJPY
0	08:17:26.500	CPIv1.5 USDJPY,M1: 2017.03.29 08:201 in USDJPY
0	08:17:26.687	CPIv1.5 EURUSD,M5: 2017.03.29 08:205Разрыв Тасуки in EURUSD
0	08:19:27.430	CPIv1.5 USDJPY,M1: 2017.03.29 08:221 in USDJPY
0	08:22:27.633	CPIv1.5 USDJPY,M1: 2017.03.29 08:251Медвежий Доджи in USDJPY
0	08:23:28.085	CPIv1.5 USDJPY,M1: 2017.03.29 08:261 in USDJPY
0	08:24:29.176	CPIv1.5 USDJPY,M1: 2017.03.29 08:271 in USDJPY
0	08:26:29.896	CPIv1.5 USDJPY,M1: 2017.03.29 08:291Повешенный in USDJPY
0	08:27:26.742	CPIv1.5 EURUSD,M5: 2017.03.29 08:305Разрыв Тасуки in EURUSD
0	08:28:29.557	CPIv1.5 USDJPY,M1: 2017.03.29 08:311 in USDJPY
0	08:29:26.555	CPIv1.5 USDJPY,M1: 2017.03.29 08:321 in USDJPY
0	08:30:28.201	CPIv1.5 USDJPY,M1: 2017.03.29 08:331 in USDJPY
0	08:31:34.894	CPIv1.5 USDJPY,M1: 2017.03.29 08:341 in USDJPY
0	08:32:27.918	CPIv1.5 EURUSD,M5: 2017.03.29 08:355Разрыв Тасуки in EURUSD
0	08:33:28.645	CPIv1.5 USDJPY,M1: 2017.03.29 08:361 in USDJPY
0	08:35:27.041	CPIv1.5 USDJPY,M1: 2017.03.29 08:381 in USDJPY
0	08:36:26.679	CPIv1.5 USDJPY,M1: 2017.03.29 08:391 in USDJPY
0	08:37:26.582	CPIv1.5 USDJPY,M1: 2017.03.29 08:401 in USDJPY
0	08:37:26.767	CPIv1.5 EURUSD,M5: 2017.03.29 08:405Разрыв Тасуки in EURUSD
0	08:38:27.167	CPIv1.5 USDJPY,M1: 2017.03.29 08:411 in USDJPY
0	08:39:27.345	CPIv1.5 USDJPY,M1: 2017.03.29 08:421Падающая звезда in USDJPY
0	08:40:26.990	CPIv1.5 USDJPY,M1: 2017.03.29 08:431 in USDJPY
0	08:43:26.375	CPIv1.5 USDJPY,M1: 2017.03.29 08:461Бычий Доджи in USDJPY
0	08:44:26.543	CPIv1.5 USDJPY,M1: 2017.03.29 08:471 in USDJPY
0	08:47:26.695	CPIv1.5 USDJPY,M1: 2017.03.29 08:501 in USDJPY
0	08:48:26.615	CPIv1.5 USDJPY,M1: 2017.03.29 08:511 in USDJPY
0	08:50:27.248	CPIv1.5 USDJPY,M1: 2017.03.29 08:531 in USDJPY
0	08:51:26.764	CPIv1.5 USDJPY,M1: 2017.03.29 08:541Утрення звезда in USDJPY
0	08:52:27.328	CPIv1.5 EURUSD,M5: 2017.03.29 08:555Разрыв Тасуки in EURUSD
0	08:53:27.396	CPIv1.5 USDJPY,M1: 2017.03.29 08:561 in USDJPY
0	08:54:27.490	CPIv1.5 USDJPY,M1: 2017.03.29 08:571Падающая звезда in USDJPY
0	08:55:26.766	CPIv1.5 USDJPY,M1: 2017.03.29 08:581Падающая звезда in USDJPY
0	08:56:26.358	CPIv1.5 USDJPY,M1: 2017.03.29 08:591Вечерняя звезда in USDJPY
0	08:57:26.735	CPIv1.5 EURUSD,M5: 2017.03.29 09:005Разрыв Тасуки in EURUSD
0	08:57:31.715	CPIv1.5 NQ,H1: 2017.03.29 09:0060Медвежий Доджи in NQ
0	08:57:31.761	CPIv1.5 YM,H1: 2017.03.29 09:0060 in YM
0	08:58:26.627	CPIv1.5 USDJPY,M1: 2017.03.29 09:011Медвежий Доджи in USDJPY
0	08:59:26.602	CPIv1.5 USDJPY,M1: 2017.03.29 09:021 in USDJPY
0	09:00:27.026	CPIv1.5 USDJPY,M1: 2017.03.29 09:031 in USDJPY
0	09:02:26.613	CPIv1.5 EURUSD,M5: 2017.03.29 09:055Разрыв Тасуки in EURUSD
0	09:03:26.653	CPIv1.5 USDJPY,M1: 2017.03.29 09:061Бычий Доджи in USDJPY
0	09:04:26.565	CPIv1.5 USDJPY,M1: 2017.03.29 09:071 in USDJPY
0	09:05:26.714	CPIv1.5 USDJPY,M1: 2017.03.29 09:081 in USDJPY
0	09:06:26.788	CPIv1.5 USDJPY,M1: 2017.03.29 09:091Медвежий Доджи in USDJPY
0	09:07:26.512	CPIv1.5 USDJPY,M1: 2017.03.29 09:101Медвежий Доджи in USDJPY
0	09:07:26.702	CPIv1.5 EURUSD,M5: 2017.03.29 09:105 in EURUSD
0	09:08:27.244	CPIv1.5 USDJPY,M1: 2017.03.29 09:111 in USDJPY
0	09:09:26.400	CPIv1.5 USDJPY,M1: 2017.03.29 09:121Медвежий Доджи in USDJPY
0	09:10:26.927	CPIv1.5 USDJPY,M1: 2017.03.29 09:131 in USDJPY
0	09:11:27.196	CPIv1.5 USDJPY,M1: 2017.03.29 09:141Модель поглощения in USDJPY
0	09:12:26.288	CPIv1.5 EURUSD,M5: 2017.03.29 09:155Разрыв Тасуки in EURUSD
0	09:12:27.003	CPIv1.5 USDJPY,M1: 2017.03.29 09:151Бычий Доджи in USDJPY
0	09:13:27.073	CPIv1.5 USDJPY,M1: 2017.03.29 09:161 in USDJPY
0	09:15:26.731	CPIv1.5 USDJPY,M1: 2017.03.29 09:181Бычий Доджи in USDJPY
0	09:16:26.490	CPIv1.5 USDJPY,M1: 2017.03.29 09:191 in USDJPY
0	09:17:26.431	CPIv1.5 EURUSD,M5: 2017.03.29 09:205Разрыв Тасуки in EURUSD
0	09:17:27.763	CPIv1.5 USDJPY,M1: 2017.03.29 09:201Медвежий Доджи in USDJPY
0	09:18:27.081	CPIv1.5 USDJPY,M1: 2017.03.29 09:211 in USDJPY
0	09:19:34.063	CPIv1.5 USDJPY,M1: 2017.03.29 09:221 in USDJPY
0	09:20:26.704	CPIv1.5 USDJPY,M1: 2017.03.29 09:231 in USDJPY
0	09:23:26.645	CPIv1.5 USDJPY,M1: 2017.03.29 09:261 in USDJPY
0	09:24:28.362	CPIv1.5 USDJPY,M1: 2017.03.29 09:271Бычий Доджи in USDJPY
0	09:25:26.662	CPIv1.5 USDJPY,M1: 2017.03.29 09:281 in USDJPY
0	09:26:26.395	CPIv1.5 USDJPY,M1: 2017.03.29 09:291 in USDJPY
0	09:27:26.828	CPIv1.5 USDJPY,M1: 2017.03.29 09:301 in USDJPY
0	09:29:29.258	CPIv1.5 USDJPY,M1: 2017.03.29 09:321 in USDJPY
0	09:31:33.993	CPIv1.5 USDJPY,M1: 2017.03.29 09:341Медвежий Доджи in USDJPY
0	09:32:26.846	CPIv1.5 USDJPY,M1: 2017.03.29 09:351 in USDJPY
0	09:34:26.689	CPIv1.5 USDJPY,M1: 2017.03.29 09:371 in USDJPY
0	09:35:26.638	CPIv1.5 USDJPY,M1: 2017.03.29 09:381 in USDJPY
0	09:36:27.759	CPIv1.5 USDJPY,M1: 2017.03.29 09:391 in USDJPY
0	09:40:26.599	CPIv1.5 USDJPY,M1: 2017.03.29 09:431 in USDJPY
0	09:41:26.622	CPIv1.5 USDJPY,M1: 2017.03.29 09:441Медвежий Доджи in USDJPY
0	09:42:26.520	CPIv1.5 USDJPY,M1: 2017.03.29 09:451 in USDJPY
0	09:42:27.491	CPIv1.5 EURUSD,M5: 2017.03.29 09:455 in EURUSD
0	09:42:27.708	ax_adv_023 AUDUSD,M15: AUDUSD [BUYSTOP ]:(4109)trade is not allowed in the expert properties AUDUSD lot=0.01 price=0.76433 slippage=3 sl=0.76295 tp=0.00000 comment= exp=1490781602
0	09:43:26.954	CPIv1.5 USDJPY,M1: 2017.03.29 09:461 in USDJPY
0	09:45:34.960	CPIv1.5 USDJPY,M1: 2017.03.29 09:481Бычий Доджи in USDJPY
0	09:46:27.129	CPIv1.5 USDJPY,M1: 2017.03.29 09:491 in USDJPY
0	09:47:26.496	CPIv1.5 EURUSD,M5: 2017.03.29 09:505Разрыв Тасуки in EURUSD
0	09:50:26.666	CPIv1.5 USDJPY,M1: 2017.03.29 09:531 in USDJPY
0	09:52:26.364	CPIv1.5 EURUSD,M5: 2017.03.29 09:555Разрыв Тасуки in EURUSD
0	09:52:26.637	CPIv1.5 USDJPY,M1: 2017.03.29 09:551Медвежий Доджи in USDJPY
0	09:53:32.223	CPIv1.5 USDJPY,M1: 2017.03.29 09:561 in USDJPY
0	09:54:26.748	CPIv1.5 USDJPY,M1: 2017.03.29 09:571 in USDJPY
0	09:55:31.181	CPIv1.5 USDJPY,M1: 2017.03.29 09:581Бычий Доджи in USDJPY
0	09:56:27.182	CPIv1.5 USDJPY,M1: 2017.03.29 09:591 in USDJPY
0	09:57:27.119	CPIv1.5 NQ,H1: 2017.03.29 10:0060Медвежий Доджи in NQ
0	09:57:27.165	CPIv1.5 YM,H1: 2017.03.29 10:0060 in YM
0	09:59:26.347	CPIv1.5 USDJPY,M1: 2017.03.29 10:021Бычий Доджи in USDJPY
0	10:00:26.757	CPIv1.5 USDJPY,M1: 2017.03.29 10:031 in USDJPY
0	10:01:28.029	CPIv1.5 USDJPY,M1: 2017.03.29 10:041 in USDJPY
0	10:02:26.695	CPIv1.5 USDJPY,M1: 2017.03.29 10:051 in USDJPY
0	10:02:27.418	CPIv1.5 EURUSD,M5: 2017.03.29 10:055 in EURUSD
0	10:03:26.521	CPIv1.5 USDJPY,M1: 2017.03.29 10:061Медвежий Доджи in USDJPY
0	10:04:26.553	CPIv1.5 USDJPY,M1: 2017.03.29 10:071 in USDJPY
0	10:05:28.350	CPIv1.5 USDJPY,M1: 2017.03.29 10:081Бычий Доджи in USDJPY
0	10:06:26.618	CPIv1.5 USDJPY,M1: 2017.03.29 10:091 in USDJPY
0	10:07:26.685	CPIv1.5 EURUSD,M5: 2017.03.29 10:105Разрыв Тасуки in EURUSD
0	10:07:27.015	CPIv1.5 USDJPY,M1: 2017.03.29 10:101 in USDJPY
0	10:09:27.043	CPIv1.5 USDJPY,M1: 2017.03.29 10:121Просвет в облаках in USDJPY
0	10:12:26.586	CPIv1.5 USDJPY,M1: 2017.03.29 10:151 in USDJPY
0	10:12:26.774	CPIv1.5 EURUSD,M5: 2017.03.29 10:155Разрыв Тасуки in EURUSD
0	10:15:26.575	CPIv1.5 USDJPY,M1: 2017.03.29 10:181Модель поглощения in USDJPY
0	10:16:26.566	CPIv1.5 USDJPY,M1: 2017.03.29 10:191 in USDJPY
0	10:17:26.553	CPIv1.5 USDJPY,M1: 2017.03.29 10:201Медвежий Доджи in USDJPY
0	10:18:27.935	CPIv1.5 USDJPY,M1: 2017.03.29 10:211Вечерняя звезда in USDJPY
0	10:19:29.030	CPIv1.5 USDJPY,M1: 2017.03.29 10:221 in USDJPY
0	10:23:28.781	CPIv1.5 USDJPY,M1: 2017.03.29 10:261 in USDJPY
0	10:26:26.658	CPIv1.5 USDJPY,M1: 2017.03.29 10:291 in USDJPY
0	10:27:26.676	CPIv1.5 USDJPY,M1: 2017.03.29 10:301Бычий Доджи in USDJPY
0	10:27:26.865	CPIv1.5 EURUSD,M5: 2017.03.29 10:305 in EURUSD
0	10:28:27.334	CPIv1.5 USDJPY,M1: 2017.03.29 10:311 in USDJPY
0	10:29:26.837	CPIv1.5 USDJPY,M1: 2017.03.29 10:321 in USDJPY
0	10:30:26.943	CPIv1.5 USDJPY,M1: 2017.03.29 10:331Бычий Доджи in USDJPY
0	10:31:29.196	CPIv1.5 USDJPY,M1: 2017.03.29 10:341 in USDJPY
0	10:32:26.916	CPIv1.5 EURUSD,M5: 2017.03.29 10:355Разрыв Тасуки in EURUSD
0	10:35:27.507	CPIv1.5 USDJPY,M1: 2017.03.29 10:381 in USDJPY
0	10:36:26.649	CPIv1.5 USDJPY,M1: 2017.03.29 10:391Бычий Доджи in USDJPY
0	10:37:26.267	CPIv1.5 EURUSD,M5: 2017.03.29 10:405Разрыв Тасуки in EURUSD
0	10:37:26.552	CPIv1.5 USDJPY,M1: 2017.03.29 10:401 in USDJPY
0	10:39:27.057	CPIv1.5 USDJPY,M1: 2017.03.29 10:421 in USDJPY
0	10:40:26.664	CPIv1.5 USDJPY,M1: 2017.03.29 10:431 in USDJPY
0	10:41:26.499	CPIv1.5 USDJPY,M1: 2017.03.29 10:441 in USDJPY
0	10:42:26.551	CPIv1.5 USDJPY,M1: 2017.03.29 10:451 in USDJPY
0	10:44:26.505	CPIv1.5 USDJPY,M1: 2017.03.29 10:471Медвежий Доджи in USDJPY
0	10:45:27.812	CPIv1.5 USDJPY,M1: 2017.03.29 10:481 in USDJPY
0	10:47:26.625	CPIv1.5 EURUSD,M5: 2017.03.29 10:505 in EURUSD
0	10:50:27.181	CPIv1.5 USDJPY,M1: 2017.03.29 10:531Медвежий Доджи in USDJPY
0	10:51:26.769	CPIv1.5 USDJPY,M1: 2017.03.29 10:541 in USDJPY
0	10:54:27.078	CPIv1.5 USDJPY,M1: 2017.03.29 10:571 in USDJPY
0	10:55:26.662	CPIv1.5 USDJPY,M1: 2017.03.29 10:581 in USDJPY
0	10:57:26.768	CPIv1.5 NQ,H1: 2017.03.29 11:0060Медвежий Доджи in NQ
0	10:57:26.997	CPIv1.5 EURUSD,M5: 2017.03.29 11:005Разрыв Тасуки in EURUSD
0	11:00:29.500	CPIv1.5 USDJPY,M1: 2017.03.29 11:031Бычий Доджи in USDJPY
0	11:01:27.326	CPIv1.5 USDJPY,M1: 2017.03.29 11:041 in USDJPY
0	11:02:26.327	CPIv1.5 EURUSD,M5: 2017.03.29 11:055Разрыв Тасуки in EURUSD
0	11:05:27.994	CPIv1.5 USDJPY,M1: 2017.03.29 11:081Медвежий Доджи in USDJPY
0	11:06:27.222	CPIv1.5 USDJPY,M1: 2017.03.29 11:091 in USDJPY
0	11:07:26.500	CPIv1.5 USDJPY,M1: 2017.03.29 11:101Медвежий Доджи in USDJPY
0	11:07:26.689	CPIv1.5 EURUSD,M5: 2017.03.29 11:105Разрыв Тасуки in EURUSD
0	11:08:26.789	CPIv1.5 USDJPY,M1: 2017.03.29 11:111 in USDJPY
0	11:11:26.685	CPIv1.5 USDJPY,M1: 2017.03.29 11:141Медвежий Доджи in USDJPY
0	11:12:26.589	ax_adv_023 AUDUSD,M15: AUDUSD [SELLSTOP ]:(4109)trade is not allowed in the expert properties AUDUSD lot=0.01 price=0.76492 slippage=3 sl=0.76630 tp=0.00000 comment= exp=1490787001
0	11:12:27.074	CPIv1.5 EURUSD,M5: 2017.03.29 11:155Разрыв Тасуки in EURUSD
0	11:12:31.398	CPIv1.5 USDJPY,M1: 2017.03.29 11:151 in USDJPY
0	11:13:27.787	CPIv1.5 USDJPY,M1: 2017.03.29 11:161Медвежий Доджи in USDJPY
0	11:14:27.208	CPIv1.5 USDJPY,M1: 2017.03.29 11:171 in USDJPY
0	11:15:27.509	CPIv1.5 USDJPY,M1: 2017.03.29 11:181Медвежий Доджи in USDJPY
0	11:16:27.547	CPIv1.5 USDJPY,M1: 2017.03.29 11:191 in USDJPY
0	11:18:28.667	CPIv1.5 USDJPY,M1: 2017.03.29 11:211 in USDJPY
0	11:19:26.895	CPIv1.5 USDJPY,M1: 2017.03.29 11:221 in USDJPY
0	11:20:26.523	CPIv1.5 USDJPY,M1: 2017.03.29 11:231 in USDJPY
0	11:21:27.048	CPIv1.5 USDJPY,M1: 2017.03.29 11:241Перевернутый молот in USDJPY
0	11:22:27.281	CPIv1.5 EURUSD,M5: 2017.03.29 11:255 in EURUSD
0	11:22:31.847	CPIv1.5 USDJPY,M1: 2017.03.29 11:251 in USDJPY
0	11:23:27.084	CPIv1.5 USDJPY,M1: 2017.03.29 11:261 in USDJPY
0	11:24:27.087	CPIv1.5 USDJPY,M1: 2017.03.29 11:271Утрення звезда in USDJPY
0	11:25:26.792	CPIv1.5 USDJPY,M1: 2017.03.29 11:281 in USDJPY
0	11:26:28.545	CPIv1.5 USDJPY,M1: 2017.03.29 11:291 in USDJPY
0	11:27:28.609	CPIv1.5 EURUSD,M5: 2017.03.29 11:305Разрыв Тасуки in EURUSD
0	11:29:26.546	CPIv1.5 USDJPY,M1: 2017.03.29 11:321Утрення звезда in USDJPY
0	11:30:26.775	CPIv1.5 USDJPY,M1: 2017.03.29 11:331 in USDJPY
0	11:32:28.759	CPIv1.5 EURUSD,M5: 2017.03.29 11:355Разрыв Тасуки in EURUSD
0	11:34:28.710	CPIv1.5 USDJPY,M1: 2017.03.29 11:371Бычий Доджи in USDJPY
0	11:35:34.443	CPIv1.5 USDJPY,M1: 2017.03.29 11:381Утрення звезда in USDJPY
0	11:36:26.602	CPIv1.5 USDJPY,M1: 2017.03.29 11:391 in USDJPY
0	11:39:27.575	CPIv1.5 USDJPY,M1: 2017.03.29 11:421Бычий Доджи in USDJPY
0	11:41:27.973	CPIv1.5 USDJPY,M1: 2017.03.29 11:441 in USDJPY
0	11:42:27.137	CPIv1.5 USDJPY,M1: 2017.03.29 11:451 in USDJPY
0	11:42:27.697	CPIv1.5 EURUSD,M5: 2017.03.29 11:455 in EURUSD
0	11:44:27.169	CPIv1.5 USDJPY,M1: 2017.03.29 11:471Бычий Доджи in USDJPY
0	11:45:26.900	CPIv1.5 USDJPY,M1: 2017.03.29 11:481Бычий Доджи in USDJPY
0	11:46:26.770	CPIv1.5 USDJPY,M1: 2017.03.29 11:491 in USDJPY
0	11:47:26.598	CPIv1.5 USDJPY,M1: 2017.03.29 11:501 in USDJPY
0	11:47:27.061	CPIv1.5 EURUSD,M5: 2017.03.29 11:505Разрыв Тасуки in EURUSD
0	11:50:27.836	CPIv1.5 USDJPY,M1: 2017.03.29 11:531 in USDJPY
0	11:51:27.496	CPIv1.5 USDJPY,M1: 2017.03.29 11:541Бычий Доджи in USDJPY
0	11:52:26.456	CPIv1.5 EURUSD,M5: 2017.03.29 11:555Разрыв Тасуки in EURUSD
0	11:52:27.481	CPIv1.5 USDJPY,M1: 2017.03.29 11:551 in USDJPY
0	11:57:26.293	CPIv1.5 NQ,H1: 2017.03.29 12:0060Медвежий Доджи in NQ
0	11:57:26.532	CPIv1.5 EURUSD,M5: 2017.03.29 12:005Разрыв Тасуки in EURUSD
0	11:57:26.539	ax_adv_023 AUDUSD,M15: AUDUSD [SELLSTOP ]:(4109)trade is not allowed in the expert properties AUDUSD lot=0.01 price=0.76549 slippage=3 sl=0.76686 tp=0.00000 comment= exp=1490789701
0	11:57:26.816	CPIv1.5 USDJPY,M1: 2017.03.29 12:001Утрення звезда in USDJPY
0	11:57:29.313	CPIv1.5 YM,H1: 2017.03.29 12:0060 in YM
0	11:58:29.131	CPIv1.5 USDJPY,M1: 2017.03.29 12:011 in USDJPY
0	11:59:26.746	CPIv1.5 USDJPY,M1: 2017.03.29 12:021 in USDJPY
0	12:00:29.152	CPIv1.5 USDJPY,M1: 2017.03.29 12:031Медвежий Доджи in USDJPY
0	12:01:26.500	CPIv1.5 USDJPY,M1: 2017.03.29 12:041 in USDJPY
0	12:02:27.587	CPIv1.5 USDJPY,M1: 2017.03.29 12:051 in USDJPY
0	12:02:34.268	CPIv1.5 EURUSD,M5: 2017.03.29 12:055Разрыв Тасуки in EURUSD
0	12:03:26.729	CPIv1.5 USDJPY,M1: 2017.03.29 12:061Вечерняя звезда in USDJPY
0	12:04:26.721	CPIv1.5 USDJPY,M1: 2017.03.29 12:071 in USDJPY
0	12:06:29.360	CPIv1.5 USDJPY,M1: 2017.03.29 12:091Медвежий Доджи in USDJPY
0	12:07:26.964	CPIv1.5 USDJPY,M1: 2017.03.29 12:101 in USDJPY
0	12:07:28.207	CPIv1.5 EURUSD,M5: 2017.03.29 12:105 in EURUSD
0	12:09:26.399	CPIv1.5 USDJPY,M1: 2017.03.29 12:121 in USDJPY
0	12:10:26.616	CPIv1.5 USDJPY,M1: 2017.03.29 12:131 in USDJPY
0	12:11:26.869	CPIv1.5 USDJPY,M1: 2017.03.29 12:141 in USDJPY
0	12:12:26.369	CPIv1.5 EURUSD,M5: 2017.03.29 12:155Разрыв Тасуки in EURUSD
0	12:15:27.171	CPIv1.5 USDJPY,M1: 2017.03.29 12:181 in USDJPY
0	12:16:28.944	CPIv1.5 USDJPY,M1: 2017.03.29 12:191 in USDJPY
0	12:17:27.971	CPIv1.5 EURUSD,M5: 2017.03.29 12:205 in EURUSD
0	12:19:29.076	CPIv1.5 USDJPY,M1: 2017.03.29 12:221 in USDJPY
0	12:20:29.807	CPIv1.5 USDJPY,M1: 2017.03.29 12:231 in USDJPY
0	12:21:29.903	CPIv1.5 USDJPY,M1: 2017.03.29 12:241 in USDJPY
0	12:22:26.439	CPIv1.5 EURUSD,M5: 2017.03.29 12:255 in EURUSD
0	12:22:26.887	CPIv1.5 USDJPY,M1: 2017.03.29 12:251 in USDJPY
0	12:23:26.407	CPIv1.5 USDJPY,M1: 2017.03.29 12:261 in USDJPY
0	12:24:32.236	CPIv1.5 USDJPY,M1: 2017.03.29 12:271 in USDJPY
0	12:25:26.885	CPIv1.5 USDJPY,M1: 2017.03.29 12:281 in USDJPY
0	12:26:33.093	CPIv1.5 USDJPY,M1: 2017.03.29 12:291Падающая звезда in USDJPY
0	12:27:26.256	CPIv1.5 EURUSD,M5: 2017.03.29 12:305Разрыв Тасуки in EURUSD
0	12:27:26.532	CPIv1.5 USDJPY,M1: 2017.03.29 12:301 in USDJPY
0	12:28:28.183	CPIv1.5 USDJPY,M1: 2017.03.29 12:311 in USDJPY
0	12:29:30.001	CPIv1.5 USDJPY,M1: 2017.03.29 12:321Бычий Доджи in USDJPY
0	12:30:30.431	CPIv1.5 USDJPY,M1: 2017.03.29 12:331 in USDJPY
0	12:32:26.690	CPIv1.5 USDJPY,M1: 2017.03.29 12:351 in USDJPY
0	12:32:31.020	CPIv1.5 EURUSD,M5: 2017.03.29 12:355Разрыв Тасуки in EURUSD
0	12:33:27.775	CPIv1.5 USDJPY,M1: 2017.03.29 12:361 in USDJPY
0	12:35:27.441	CPIv1.5 USDJPY,M1: 2017.03.29 12:381 in USDJPY
0	12:36:27.040	CPIv1.5 USDJPY,M1: 2017.03.29 12:391 in USDJPY
0	12:37:27.569	CPIv1.5 EURUSD,M5: 2017.03.29 12:405Разрыв Тасуки in EURUSD
0	12:37:28.017	CPIv1.5 USDJPY,M1: 2017.03.29 12:401 in USDJPY
0	12:39:26.785	CPIv1.5 USDJPY,M1: 2017.03.29 12:421Модель поглощения in USDJPY
0	12:40:36.084	CPIv1.5 USDJPY,M1: 2017.03.29 12:431 in USDJPY
0	12:41:27.412	CPIv1.5 USDJPY,M1: 2017.03.29 12:441 in USDJPY
0	12:42:27.232	ax_adv_023 AUDUSD,M15: AUDUSD [SELLSTOP ]:(4109)trade is not allowed in the expert properties AUDUSD lot=0.01 price=0.76509 slippage=3 sl=0.76637 tp=0.00000 comment= exp=1490792402
0	12:43:27.729	CPIv1.5 USDJPY,M1: 2017.03.29 12:461 in USDJPY
0	12:44:26.757	CPIv1.5 USDJPY,M1: 2017.03.29 12:471 in USDJPY
0	12:46:27.485	CPIv1.5 USDJPY,M1: 2017.03.29 12:491Медвежий Доджи in USDJPY
0	12:47:27.410	CPIv1.5 USDJPY,M1: 2017.03.29 12:501 in USDJPY
0	12:48:26.567	CPIv1.5 USDJPY,M1: 2017.03.29 12:511Модель поглощения in USDJPY
0	12:49:27.282	CPIv1.5 USDJPY,M1: 2017.03.29 12:521 in USDJPY
0	12:51:26.632	CPIv1.5 USDJPY,M1: 2017.03.29 12:541 in USDJPY
0	12:52:26.926	CPIv1.5 EURUSD,M5: 2017.03.29 12:555 in EURUSD
0	12:53:28.204	CPIv1.5 USDJPY,M1: 2017.03.29 12:561Медвежий Доджи in USDJPY
0	12:54:27.794	CPIv1.5 USDJPY,M1: 2017.03.29 12:571 in USDJPY
0	12:55:26.888	CPIv1.5 USDJPY,M1: 2017.03.29 12:581 in USDJPY
0	12:56:26.880	CPIv1.5 USDJPY,M1: 2017.03.29 12:591Медвежий Доджи in USDJPY
0	12:57:26.706	CPIv1.5 USDJPY,M1: 2017.03.29 13:001 in USDJPY
0	12:57:26.931	CPIv1.5 NQ,H1: 2017.03.29 13:0060Бычий Доджи in NQ
0	12:57:27.421	CPIv1.5 EURUSD,M5: 2017.03.29 13:005Разрыв Тасуки in EURUSD
0	12:57:33.394	CPIv1.5 YM,H1: 2017.03.29 13:0060Бычий Доджи in YM
0	12:59:26.644	CPIv1.5 USDJPY,M1: 2017.03.29 13:021 in USDJPY
0	13:01:26.513	CPIv1.5 USDJPY,M1: 2017.03.29 13:041Утрення звезда in USDJPY
0	13:02:27.389	CPIv1.5 USDJPY,M1: 2017.03.29 13:051Утрення звезда in USDJPY
0	13:02:27.579	CPIv1.5 EURUSD,M5: 2017.03.29 13:055Разрыв Тасуки in EURUSD
0	13:03:26.603	CPIv1.5 USDJPY,M1: 2017.03.29 13:061 in USDJPY
0	13:08:26.674	CPIv1.5 USDJPY,M1: 2017.03.29 13:111Утрення звезда in USDJPY
0	13:09:26.408	CPIv1.5 USDJPY,M1: 2017.03.29 13:121 in USDJPY
0	13:10:26.884	CPIv1.5 USDJPY,M1: 2017.03.29 13:131Бычий Доджи in USDJPY
0	13:11:28.561	CPIv1.5 USDJPY,M1: 2017.03.29 13:141 in USDJPY
0	13:12:36.090	CPIv1.5 USDJPY,M1: 2017.03.29 13:151 in USDJPY
0	13:15:27.884	CPIv1.5 USDJPY,M1: 2017.03.29 13:181 in USDJPY
0	13:16:26.627	CPIv1.5 USDJPY,M1: 2017.03.29 13:191 in USDJPY
0	13:17:28.343	CPIv1.5 USDJPY,M1: 2017.03.29 13:201 in USDJPY
0	13:17:36.452	CPIv1.5 EURUSD,M5: 2017.03.29 13:205Разрыв Тасуки in EURUSD
0	13:19:27.159	CPIv1.5 USDJPY,M1: 2017.03.29 13:221 in USDJPY
0	13:21:48.259	CPIv1.5 USDJPY,M1: 2017.03.29 13:241Вечерняя звезда in USDJPY
0	13:22:38.613	CPIv1.5 USDJPY,M1: 2017.03.29 13:251Медвежий Доджи in USDJPY
0	13:23:30.368	CPIv1.5 USDJPY,M1: 2017.03.29 13:261 in USDJPY
0	13:27:38.626	CPIv1.5 EURUSD,M5: 2017.03.29 13:305 in EURUSD
0	13:28:28.338	CPIv1.5 USDJPY,M1: 2017.03.29 13:311 in USDJPY
0	13:29:27.430	CPIv1.5 USDJPY,M1: 2017.03.29 13:321 in USDJPY
0	13:30:26.385	CPIv1.5 USDJPY,M1: 2017.03.29 13:331 in USDJPY
0	13:31:26.842	CPIv1.5 USDJPY,M1: 2017.03.29 13:341 in USDJPY
0	13:32:27.040	CPIv1.5 USDJPY,M1: 2017.03.29 13:351 in USDJPY
0	13:32:27.226	CPIv1.5 EURUSD,M5: 2017.03.29 13:355Разрыв Тасуки in EURUSD
0	13:33:27.262	CPIv1.5 USDJPY,M1: 2017.03.29 13:361 in USDJPY
0	13:34:26.736	CPIv1.5 USDJPY,M1: 2017.03.29 13:371Модель поглощения in USDJPY
0	13:35:32.005	CPIv1.5 USDJPY,M1: 2017.03.29 13:381Бычий Доджи in USDJPY
0	13:36:26.813	CPIv1.5 USDJPY,M1: 2017.03.29 13:391 in USDJPY
0	13:37:26.649	CPIv1.5 EURUSD,M5: 2017.03.29 13:405 in EURUSD
0	13:37:27.150	CPIv1.5 USDJPY,M1: 2017.03.29 13:401 in USDJPY
0	13:41:28.271	CPIv1.5 USDJPY,M1: 2017.03.29 13:441Падающая звезда in USDJPY
0	13:42:27.205	CPIv1.5 USDJPY,M1: 2017.03.29 13:451Падающая звезда in USDJPY
0	13:42:27.406	CPIv1.5 EURUSD,M5: 2017.03.29 13:455Разрыв Тасуки in EURUSD
0	13:43:27.682	CPIv1.5 USDJPY,M1: 2017.03.29 13:461 in USDJPY
0	13:44:27.223	CPIv1.5 USDJPY,M1: 2017.03.29 13:471 in USDJPY
0	13:46:27.086	CPIv1.5 USDJPY,M1: 2017.03.29 13:491Перевернутый молот in USDJPY
0	13:47:27.844	CPIv1.5 EURUSD,M5: 2017.03.29 13:505Разрыв Тасуки in EURUSD
0	13:48:26.768	CPIv1.5 USDJPY,M1: 2017.03.29 13:511 in USDJPY
0	13:49:31.931	CPIv1.5 USDJPY,M1: 2017.03.29 13:521 in USDJPY
0	13:50:27.492	CPIv1.5 USDJPY,M1: 2017.03.29 13:531Падающая звезда in USDJPY
0	13:52:27.047	CPIv1.5 USDJPY,M1: 2017.03.29 13:551 in USDJPY
0	13:53:26.477	CPIv1.5 USDJPY,M1: 2017.03.29 13:561 in USDJPY
0	13:54:26.727	CPIv1.5 USDJPY,M1: 2017.03.29 13:571 in USDJPY
0	13:57:26.665	CPIv1.5 EURUSD,M5: 2017.03.29 14:005Перевернутый молот in EURUSD
0	13:57:26.679	CPIv1.5 NQ,H1: 2017.03.29 14:0060Бычий Доджи in NQ
0	13:57:28.152	CPIv1.5 USDJPY,M1: 2017.03.29 14:001 in USDJPY
0	13:57:38.887	CPIv1.5 YM,H1: 2017.03.29 14:0060 in YM
0	13:58:27.944	CPIv1.5 USDJPY,M1: 2017.03.29 14:011 in USDJPY
0	13:59:27.118	CPIv1.5 USDJPY,M1: 2017.03.29 14:021 in USDJPY
0	14:00:26.894	CPIv1.5 USDJPY,M1: 2017.03.29 14:031 in USDJPY
0	14:01:28.621	CPIv1.5 USDJPY,M1: 2017.03.29 14:041Бычий Доджи in USDJPY
0	14:02:26.662	CPIv1.5 EURUSD,M5: 2017.03.29 14:055Разрыв Тасуки in EURUSD
0	14:02:26.940	CPIv1.5 USDJPY,M1: 2017.03.29 14:051 in USDJPY
0	14:04:29.838	CPIv1.5 USDJPY,M1: 2017.03.29 14:071 in USDJPY
0	14:05:27.042	CPIv1.5 USDJPY,M1: 2017.03.29 14:081Повешенный in USDJPY
0	14:07:28.566	CPIv1.5 EURUSD,M5: 2017.03.29 14:105Разрыв Тасуки in EURUSD
0	14:07:33.044	CPIv1.5 USDJPY,M1: 2017.03.29 14:101 in USDJPY
0	14:08:26.688	CPIv1.5 USDJPY,M1: 2017.03.29 14:111 in USDJPY
0	14:09:30.915	CPIv1.5 USDJPY,M1: 2017.03.29 14:121Медвежий Доджи in USDJPY
0	14:10:40.135	CPIv1.5 USDJPY,M1: 2017.03.29 14:131 in USDJPY
0	14:11:26.687	CPIv1.5 USDJPY,M1: 2017.03.29 14:141 in USDJPY
0	14:12:26.981	CPIv1.5 EURUSD,M5: 2017.03.29 14:155Разрыв Тасуки in EURUSD
0	14:12:31.709	CPIv1.5 USDJPY,M1: 2017.03.29 14:151Бычий Доджи in USDJPY
0	14:14:27.710	CPIv1.5 USDJPY,M1: 2017.03.29 14:171Бычий Доджи in USDJPY
0	14:15:26.374	CPIv1.5 USDJPY,M1: 2017.03.29 14:181 in USDJPY
0	14:17:26.946	CPIv1.5 EURUSD,M5: 2017.03.29 14:205 in EURUSD
0	14:17:27.295	CPIv1.5 USDJPY,M1: 2017.03.29 14:201 in USDJPY
0	14:18:26.691	CPIv1.5 USDJPY,M1: 2017.03.29 14:211Бычий Доджи in USDJPY
0	14:19:26.957	CPIv1.5 USDJPY,M1: 2017.03.29 14:221 in USDJPY
0	14:21:28.923	CPIv1.5 USDJPY,M1: 2017.03.29 14:241Бычий Доджи in USDJPY
0	14:22:26.798	CPIv1.5 USDJPY,M1: 2017.03.29 14:251 in USDJPY
0	14:22:27.542	CPIv1.5 EURUSD,M5: 2017.03.29 14:255Разрыв Тасуки in EURUSD
0	14:23:26.518	CPIv1.5 USDJPY,M1: 2017.03.29 14:261 in USDJPY
0	14:24:27.389	CPIv1.5 USDJPY,M1: 2017.03.29 14:271 in USDJPY
0	14:27:26.809	CPIv1.5 USDJPY,M1: 2017.03.29 14:301Падающая звезда in USDJPY
0	14:28:27.161	CPIv1.5 USDJPY,M1: 2017.03.29 14:311 in USDJPY
0	14:29:26.690	CPIv1.5 USDJPY,M1: 2017.03.29 14:321 in USDJPY
0	14:30:26.671	CPIv1.5 USDJPY,M1: 2017.03.29 14:331Бычий Доджи in USDJPY
0	14:31:28.088	CPIv1.5 USDJPY,M1: 2017.03.29 14:341 in USDJPY
0	14:35:26.852	CPIv1.5 USDJPY,M1: 2017.03.29 14:381Бычий Доджи in USDJPY
0	14:36:26.566	CPIv1.5 USDJPY,M1: 2017.03.29 14:391 in USDJPY
0	14:38:27.383	CPIv1.5 USDJPY,M1: 2017.03.29 14:411Медвежий Доджи in USDJPY
0	14:39:28.452	CPIv1.5 USDJPY,M1: 2017.03.29 14:421 in USDJPY
0	14:41:28.971	CPIv1.5 USDJPY,M1: 2017.03.29 14:441Медвежий Доджи in USDJPY
0	14:42:26.723	CPIv1.5 EURUSD,M5: 2017.03.29 14:455Разрыв Тасуки in EURUSD
0	14:42:28.081	CPIv1.5 USDJPY,M1: 2017.03.29 14:451 in USDJPY
0	14:43:30.025	CPIv1.5 USDJPY,M1: 2017.03.29 14:461 in USDJPY
0	14:46:27.531	CPIv1.5 USDJPY,M1: 2017.03.29 14:491 in USDJPY
0	14:47:26.992	CPIv1.5 EURUSD,M5: 2017.03.29 14:505Разрыв Тасуки in EURUSD
0	14:48:26.730	CPIv1.5 USDJPY,M1: 2017.03.29 14:511 in USDJPY
0	14:49:26.601	CPIv1.5 USDJPY,M1: 2017.03.29 14:521Медвежий Доджи in USDJPY
0	14:50:26.972	CPIv1.5 USDJPY,M1: 2017.03.29 14:531 in USDJPY
0	14:51:26.856	CPIv1.5 USDJPY,M1: 2017.03.29 14:541Бычий Доджи in USDJPY
0	14:52:26.754	CPIv1.5 USDJPY,M1: 2017.03.29 14:551Бычий Доджи in USDJPY
0	14:53:26.589	CPIv1.5 USDJPY,M1: 2017.03.29 14:561 in USDJPY
0	14:54:26.704	CPIv1.5 USDJPY,M1: 2017.03.29 14:571 in USDJPY
0	14:56:26.930	CPIv1.5 USDJPY,M1: 2017.03.29 14:591Медвежий Доджи in USDJPY
0	14:57:26.659	CPIv1.5 EURUSD,M5: 2017.03.29 15:005 in EURUSD
0	14:57:26.965	CPIv1.5 USDJPY,M1: 2017.03.29 15:001 in USDJPY
0	14:57:28.108	CPIv1.5 YM,H1: 2017.03.29 15:0060Утрення звезда in YM
0	14:57:41.373	CPIv1.5 NQ,H1: 2017.03.29 15:0060Бычий Доджи in NQ
0	14:58:26.947	CPIv1.5 USDJPY,M1: 2017.03.29 15:011 in USDJPY
0	14:59:26.689	CPIv1.5 USDJPY,M1: 2017.03.29 15:021Бычий Доджи in USDJPY
0	15:00:26.597	CPIv1.5 USDJPY,M1: 2017.03.29 15:031 in USDJPY
0	15:02:26.770	CPIv1.5 EURUSD,M5: 2017.03.29 15:055Разрыв Тасуки in EURUSD
0	15:03:26.690	CPIv1.5 USDJPY,M1: 2017.03.29 15:061Бычий Доджи in USDJPY
0	15:04:26.761	CPIv1.5 USDJPY,M1: 2017.03.29 15:071Медвежий Доджи in USDJPY
0	15:05:26.911	CPIv1.5 USDJPY,M1: 2017.03.29 15:081Медвежий Доджи in USDJPY
0	15:06:26.823	CPIv1.5 USDJPY,M1: 2017.03.29 15:091Вечерняя звезда in USDJPY
0	15:07:26.510	CPIv1.5 EURUSD,M5: 2017.03.29 15:105 in EURUSD
0	15:07:27.742	CPIv1.5 USDJPY,M1: 2017.03.29 15:101 in USDJPY
0	15:08:27.525	CPIv1.5 USDJPY,M1: 2017.03.29 15:111Медвежий Доджи in USDJPY
0	15:09:26.887	CPIv1.5 USDJPY,M1: 2017.03.29 15:121 in USDJPY
0	15:11:26.729	CPIv1.5 USDJPY,M1: 2017.03.29 15:141 in USDJPY
0	15:12:26.760	CPIv1.5 EURUSD,M5: 2017.03.29 15:155Разрыв Тасуки in EURUSD
0	15:14:26.991	CPIv1.5 USDJPY,M1: 2017.03.29 15:171 in USDJPY
0	15:15:26.800	CPIv1.5 USDJPY,M1: 2017.03.29 15:181Медвежий Доджи in USDJPY
0	15:16:26.788	CPIv1.5 USDJPY,M1: 2017.03.29 15:191 in USDJPY
0	15:17:26.640	CPIv1.5 EURUSD,M5: 2017.03.29 15:205Разрыв Тасуки in EURUSD
0	15:17:26.985	CPIv1.5 USDJPY,M1: 2017.03.29 15:201Медвежий Доджи in USDJPY
0	15:18:27.504	CPIv1.5 USDJPY,M1: 2017.03.29 15:211Медвежий Доджи in USDJPY
0	15:19:26.799	CPIv1.5 USDJPY,M1: 2017.03.29 15:221 in USDJPY
0	15:21:26.726	CPIv1.5 USDJPY,M1: 2017.03.29 15:241 in USDJPY
0	15:22:29.952	CPIv1.5 USDJPY,M1: 2017.03.29 15:251 in USDJPY
0	15:25:26.990	CPIv1.5 USDJPY,M1: 2017.03.29 15:281 in USDJPY
0	15:26:26.562	CPIv1.5 USDJPY,M1: 2017.03.29 15:291 in USDJPY
0	15:27:26.882	CPIv1.5 EURUSD,M5: 2017.03.29 15:305 in EURUSD
0	15:29:26.936	CPIv1.5 USDJPY,M1: 2017.03.29 15:321Модель поглощения in USDJPY
0	15:30:26.845	CPIv1.5 USDJPY,M1: 2017.03.29 15:331Медвежий Доджи in USDJPY
0	15:31:32.805	CPIv1.5 USDJPY,M1: 2017.03.29 15:341Вечерняя звезда in USDJPY
0	15:32:26.563	CPIv1.5 EURUSD,M5: 2017.03.29 15:355Разрыв Тасуки in EURUSD
0	15:32:28.456	CPIv1.5 USDJPY,M1: 2017.03.29 15:351 in USDJPY
0	15:33:26.799	CPIv1.5 USDJPY,M1: 2017.03.29 15:361 in USDJPY
0	15:35:26.945	CPIv1.5 USDJPY,M1: 2017.03.29 15:381Бычий Доджи in USDJPY
0	15:36:26.762	CPIv1.5 USDJPY,M1: 2017.03.29 15:391 in USDJPY
0	15:37:26.818	CPIv1.5 USDJPY,M1: 2017.03.29 15:401 in USDJPY
0	15:37:27.019	CPIv1.5 EURUSD,M5: 2017.03.29 15:405 in EURUSD
0	15:38:26.868	CPIv1.5 USDJPY,M1: 2017.03.29 15:411Бычий Доджи in USDJPY
0	15:39:26.505	CPIv1.5 USDJPY,M1: 2017.03.29 15:421 in USDJPY
0	15:40:30.047	CPIv1.5 USDJPY,M1: 2017.03.29 15:431 in USDJPY
0	15:42:26.599	CPIv1.5 EURUSD,M5: 2017.03.29 15:455Разрыв Тасуки in EURUSD
0	15:43:29.327	CPIv1.5 USDJPY,M1: 2017.03.29 15:461Бычий Доджи in USDJPY
0	15:44:26.912	CPIv1.5 USDJPY,M1: 2017.03.29 15:471 in USDJPY
0	15:46:28.448	CPIv1.5 USDJPY,M1: 2017.03.29 15:491Бычий Доджи in USDJPY
0	15:47:26.623	CPIv1.5 EURUSD,M5: 2017.03.29 15:505Разрыв Тасуки in EURUSD
0	15:47:30.729	CPIv1.5 USDJPY,M1: 2017.03.29 15:501 in USDJPY
0	15:48:26.904	CPIv1.5 USDJPY,M1: 2017.03.29 15:511 in USDJPY
0	15:49:26.827	CPIv1.5 USDJPY,M1: 2017.03.29 15:521 in USDJPY
0	15:50:26.858	CPIv1.5 USDJPY,M1: 2017.03.29 15:531 in USDJPY
0	15:52:26.801	CPIv1.5 EURUSD,M5: 2017.03.29 15:555Разрыв Тасуки in EURUSD
0	15:52:27.090	CPIv1.5 USDJPY,M1: 2017.03.29 15:551 in USDJPY
0	15:53:28.963	CPIv1.5 USDJPY,M1: 2017.03.29 15:561 in USDJPY
0	15:55:26.726	CPIv1.5 USDJPY,M1: 2017.03.29 15:581Повешенный in USDJPY
0	15:56:26.945	CPIv1.5 USDJPY,M1: 2017.03.29 15:591 in USDJPY
0	15:57:27.023	CPIv1.5 NQ,H1: 2017.03.29 16:0060Бычий Доджи in NQ
0	15:57:27.349	CPIv1.5 USDJPY,M1: 2017.03.29 16:001Медвежий Доджи in USDJPY
0	15:57:30.970	CPIv1.5 YM,H1: 2017.03.29 16:0060Падающая звезда in YM
0	15:58:27.228	CPIv1.5 USDJPY,M1: 2017.03.29 16:011Медвежий Доджи in USDJPY
0	15:59:27.444	CPIv1.5 USDJPY,M1: 2017.03.29 16:021 in USDJPY
0	16:01:28.202	CPIv1.5 USDJPY,M1: 2017.03.29 16:041Падающая звезда in USDJPY
0	16:02:26.583	CPIv1.5 EURUSD,M5: 2017.03.29 16:055Разрыв Тасуки in EURUSD
0	16:02:27.060	CPIv1.5 USDJPY,M1: 2017.03.29 16:051 in USDJPY
0	16:03:27.102	CPIv1.5 USDJPY,M1: 2017.03.29 16:061 in USDJPY
0	16:04:26.847	CPIv1.5 USDJPY,M1: 2017.03.29 16:071 in USDJPY
0	16:06:26.858	CPIv1.5 USDJPY,M1: 2017.03.29 16:091 in USDJPY
0	16:07:26.609	CPIv1.5 USDJPY,M1: 2017.03.29 16:101 in USDJPY
0	16:07:27.515	CPIv1.5 EURUSD,M5: 2017.03.29 16:105 in EURUSD
0	16:08:28.034	CPIv1.5 USDJPY,M1: 2017.03.29 16:111 in USDJPY
0	16:11:28.262	CPIv1.5 USDJPY,M1: 2017.03.29 16:141Медвежий Доджи in USDJPY
0	16:12:26.805	CPIv1.5 USDJPY,M1: 2017.03.29 16:151 in USDJPY
0	16:12:27.465	CPIv1.5 EURUSD,M5: 2017.03.29 16:155Разрыв Тасуки in EURUSD
0	16:13:27.244	CPIv1.5 USDJPY,M1: 2017.03.29 16:161 in USDJPY
0	16:14:26.482	CPIv1.5 USDJPY,M1: 2017.03.29 16:171Медвежий Доджи in USDJPY
0	16:15:26.666	CPIv1.5 USDJPY,M1: 2017.03.29 16:181 in USDJPY
0	16:16:28.426	CPIv1.5 USDJPY,M1: 2017.03.29 16:191 in USDJPY
0	16:17:26.456	CPIv1.5 EURUSD,M5: 2017.03.29 16:205 in EURUSD
0	16:18:26.977	CPIv1.5 USDJPY,M1: 2017.03.29 16:211Падающая звезда in USDJPY
0	16:20:26.889	CPIv1.5 USDJPY,M1: 2017.03.29 16:231 in USDJPY
0	16:22:27.435	CPIv1.5 EURUSD,M5: 2017.03.29 16:255Разрыв Тасуки in EURUSD
0	16:22:29.121	CPIv1.5 USDJPY,M1: 2017.03.29 16:251Бычий Доджи in USDJPY
0	16:23:26.678	CPIv1.5 USDJPY,M1: 2017.03.29 16:261 in USDJPY
0	16:24:26.745	CPIv1.5 USDJPY,M1: 2017.03.29 16:271 in USDJPY
0	16:25:27.514	CPIv1.5 USDJPY,M1: 2017.03.29 16:281Падающая звезда in USDJPY
0	16:27:26.753	CPIv1.5 EURUSD,M5: 2017.03.29 16:305Разрыв Тасуки in EURUSD
0	16:27:27.096	CPIv1.5 USDJPY,M1: 2017.03.29 16:301 in USDJPY
0	16:28:26.704	CPIv1.5 USDJPY,M1: 2017.03.29 16:311 in USDJPY
0	16:29:26.612	CPIv1.5 USDJPY,M1: 2017.03.29 16:321Бычий Доджи in USDJPY
0	16:30:26.753	CPIv1.5 USDJPY,M1: 2017.03.29 16:331 in USDJPY
0	16:31:26.613	CPIv1.5 USDJPY,M1: 2017.03.29 16:341 in USDJPY
0	16:32:26.783	CPIv1.5 EURUSD,M5: 2017.03.29 16:355Разрыв Тасуки in EURUSD
0	16:33:26.836	CPIv1.5 USDJPY,M1: 2017.03.29 16:361Бычий Доджи in USDJPY
0	16:34:26.548	CPIv1.5 USDJPY,M1: 2017.03.29 16:371Утрення звезда in USDJPY
0	16:35:26.603	CPIv1.5 USDJPY,M1: 2017.03.29 16:381 in USDJPY
0	16:37:26.936	CPIv1.5 USDJPY,M1: 2017.03.29 16:401 in USDJPY
0	16:37:27.221	CPIv1.5 EURUSD,M5: 2017.03.29 16:405Разрыв Тасуки in EURUSD
0	16:39:26.911	CPIv1.5 USDJPY,M1: 2017.03.29 16:421Медвежий Доджи in USDJPY
0	16:40:27.123	CPIv1.5 USDJPY,M1: 2017.03.29 16:431 in USDJPY
0	16:42:26.614	CPIv1.5 EURUSD,M5: 2017.03.29 16:455Разрыв Тасуки in EURUSD
0	16:44:27.092	CPIv1.5 USDJPY,M1: 2017.03.29 16:471 in USDJPY
0	16:45:26.942	CPIv1.5 USDJPY,M1: 2017.03.29 16:481Бычий Доджи in USDJPY
0	16:46:26.876	CPIv1.5 USDJPY,M1: 2017.03.29 16:491 in USDJPY
0	16:47:27.122	CPIv1.5 EURUSD,M5: 2017.03.29 16:505Разрыв Тасуки in EURUSD
0	16:49:26.620	CPIv1.5 USDJPY,M1: 2017.03.29 16:521 in USDJPY
0	16:50:26.855	CPIv1.5 USDJPY,M1: 2017.03.29 16:531 in USDJPY
0	16:52:26.862	CPIv1.5 USDJPY,M1: 2017.03.29 16:551 in USDJPY
0	16:52:27.130	CPIv1.5 EURUSD,M5: 2017.03.29 16:555 in EURUSD
0	16:53:27.382	CPIv1.5 USDJPY,M1: 2017.03.29 16:561Медвежий Доджи in USDJPY
0	16:54:27.075	CPIv1.5 USDJPY,M1: 2017.03.29 16:571 in USDJPY
0	16:55:29.640	CPIv1.5 USDJPY,M1: 2017.03.29 16:581 in USDJPY
0	16:56:28.908	CPIv1.5 USDJPY,M1: 2017.03.29 16:591 in USDJPY
0	16:57:26.786	CPIv1.5 EURUSD,M5: 2017.03.29 17:005Разрыв Тасуки in EURUSD
0	16:57:26.801	CPIv1.5 NQ,H1: 2017.03.29 17:0060Медвежий Доджи in NQ
0	16:58:26.818	CPIv1.5 USDJPY,M1: 2017.03.29 17:011Медвежий Доджи in USDJPY
0	16:59:27.928	CPIv1.5 USDJPY,M1: 2017.03.29 17:021Медвежий Доджи in USDJPY
0	17:00:26.871	CPIv1.5 USDJPY,M1: 2017.03.29 17:031 in USDJPY
0	17:07:26.669	CPIv1.5 USDJPY,M1: 2017.03.29 17:101 in USDJPY
0	17:07:26.864	CPIv1.5 EURUSD,M5: 2017.03.29 17:105 in EURUSD
0	17:09:26.695	CPIv1.5 USDJPY,M1: 2017.03.29 17:121 in USDJPY
0	17:10:26.793	CPIv1.5 USDJPY,M1: 2017.03.29 17:131Медвежий Доджи in USDJPY
0	17:11:26.561	CPIv1.5 USDJPY,M1: 2017.03.29 17:141 in USDJPY
0	17:12:26.799	CPIv1.5 USDJPY,M1: 2017.03.29 17:151Падающая звезда in USDJPY
0	17:12:27.049	CPIv1.5 EURUSD,M5: 2017.03.29 17:155Разрыв Тасуки in EURUSD
0	17:14:26.574	CPIv1.5 USDJPY,M1: 2017.03.29 17:171 in USDJPY
0	17:16:26.854	CPIv1.5 USDJPY,M1: 2017.03.29 17:191 in USDJPY
0	17:17:26.698	CPIv1.5 USDJPY,M1: 2017.03.29 17:201 in USDJPY
0	17:17:27.715	CPIv1.5 EURUSD,M5: 2017.03.29 17:205 in EURUSD
0	17:19:26.693	CPIv1.5 USDJPY,M1: 2017.03.29 17:221Бычий Доджи in USDJPY
0	17:20:26.708	CPIv1.5 USDJPY,M1: 2017.03.29 17:231 in USDJPY
0	17:22:26.859	CPIv1.5 USDJPY,M1: 2017.03.29 17:251Бычий Доджи in USDJPY
0	17:22:27.066	CPIv1.5 EURUSD,M5: 2017.03.29 17:255Разрыв Тасуки in EURUSD
0	17:23:28.374	CPIv1.5 USDJPY,M1: 2017.03.29 17:261Бычий Доджи in USDJPY
0	17:24:27.768	CPIv1.5 USDJPY,M1: 2017.03.29 17:271 in USDJPY
0	17:26:26.867	CPIv1.5 USDJPY,M1: 2017.03.29 17:291 in USDJPY
0	17:27:26.814	CPIv1.5 EURUSD,M5: 2017.03.29 17:305Разрыв Тасуки in EURUSD
0	17:28:27.030	CPIv1.5 USDJPY,M1: 2017.03.29 17:311 in USDJPY
0	17:29:26.775	CPIv1.5 USDJPY,M1: 2017.03.29 17:321Медвежий Доджи in USDJPY
0	17:30:27.610	CPIv1.5 USDJPY,M1: 2017.03.29 17:331 in USDJPY
0	17:31:26.751	CPIv1.5 USDJPY,M1: 2017.03.29 17:341Медвежий Доджи in USDJPY
0	17:32:26.752	CPIv1.5 USDJPY,M1: 2017.03.29 17:351 in USDJPY
0	17:32:26.945	CPIv1.5 EURUSD,M5: 2017.03.29 17:355 in EURUSD
0	17:33:26.658	CPIv1.5 USDJPY,M1: 2017.03.29 17:361 in USDJPY
0	17:35:26.509	CPIv1.5 USDJPY,M1: 2017.03.29 17:381Бычий Доджи in USDJPY
0	17:36:26.875	CPIv1.5 USDJPY,M1: 2017.03.29 17:391 in USDJPY
0	17:37:26.737	CPIv1.5 EURUSD,M5: 2017.03.29 17:405Разрыв Тасуки in EURUSD
0	17:37:27.061	CPIv1.5 USDJPY,M1: 2017.03.29 17:401 in USDJPY
0	17:39:26.926	CPIv1.5 USDJPY,M1: 2017.03.29 17:421Медвежий Доджи in USDJPY
0	17:40:27.875	CPIv1.5 USDJPY,M1: 2017.03.29 17:431 in USDJPY
0	17:41:26.627	CPIv1.5 USDJPY,M1: 2017.03.29 17:441Бычий Доджи in USDJPY
0	17:42:26.533	ax_adv_023 AUDUSD,M15: AUDUSD [SELLSTOP ]:(4109)trade is not allowed in the expert properties AUDUSD lot=0.01 price=0.76561 slippage=3 sl=0.76672 tp=0.00000 comment= exp=1490810401
0	17:42:26.843	CPIv1.5 USDJPY,M1: 2017.03.29 17:451 in USDJPY
0	17:42:27.643	CPIv1.5 EURUSD,M5: 2017.03.29 17:455Разрыв Тасуки in EURUSD
0	17:44:28.135	CPIv1.5 USDJPY,M1: 2017.03.29 17:471Медвежий Доджи in USDJPY
0	17:45:26.676	CPIv1.5 USDJPY,M1: 2017.03.29 17:481Медвежий Доджи in USDJPY
0	17:46:28.490	CPIv1.5 USDJPY,M1: 2017.03.29 17:491 in USDJPY
0	17:47:27.283	CPIv1.5 EURUSD,M5: 2017.03.29 17:505Разрыв Тасуки in EURUSD
0	17:47:28.438	CPIv1.5 USDJPY,M1: 2017.03.29 17:501 in USDJPY
0	17:48:27.443	CPIv1.5 USDJPY,M1: 2017.03.29 17:511 in USDJPY
0	17:51:28.185	CPIv1.5 USDJPY,M1: 2017.03.29 17:541 in USDJPY
0	17:52:26.420	CPIv1.5 EURUSD,M5: 2017.03.29 17:555Разрыв Тасуки in EURUSD
0	17:52:26.709	CPIv1.5 USDJPY,M1: 2017.03.29 17:551Падающая звезда in USDJPY
0	17:54:27.451	CPIv1.5 USDJPY,M1: 2017.03.29 17:571Бычий Доджи in USDJPY
0	17:55:26.858	CPIv1.5 USDJPY,M1: 2017.03.29 17:581 in USDJPY
0	17:57:26.442	CPIv1.5 NQ,H1: 2017.03.29 18:0060Медвежий Доджи in NQ
0	17:57:26.708	CPIv1.5 YM,H1: 2017.03.29 18:0060 in YM
0	17:58:27.015	CPIv1.5 USDJPY,M1: 2017.03.29 18:011Бычий Доджи in USDJPY
0	17:59:27.512	CPIv1.5 USDJPY,M1: 2017.03.29 18:021 in USDJPY
0	18:00:26.759	CPIv1.5 USDJPY,M1: 2017.03.29 18:031Бычий Доджи in USDJPY
0	18:01:27.039	CPIv1.5 USDJPY,M1: 2017.03.29 18:041Бычий Доджи in USDJPY
0	18:02:26.597	CPIv1.5 USDJPY,M1: 2017.03.29 18:051 in USDJPY
0	18:02:27.854	CPIv1.5 EURUSD,M5: 2017.03.29 18:055 in EURUSD
0	18:03:26.609	CPIv1.5 USDJPY,M1: 2017.03.29 18:061 in USDJPY
0	18:07:26.878	CPIv1.5 USDJPY,M1: 2017.03.29 18:101 in USDJPY
0	18:07:27.064	CPIv1.5 EURUSD,M5: 2017.03.29 18:105Разрыв Тасуки in EURUSD
0	18:09:27.612	CPIv1.5 USDJPY,M1: 2017.03.29 18:121Медвежий Доджи in USDJPY
0	18:10:27.174	CPIv1.5 USDJPY,M1: 2017.03.29 18:131Медвежий Доджи in USDJPY
0	18:11:26.506	CPIv1.5 USDJPY,M1: 2017.03.29 18:141Медвежий Доджи in USDJPY
0	18:12:26.734	CPIv1.5 EURUSD,M5: 2017.03.29 18:155Разрыв Тасуки in EURUSD
0	18:12:27.844	CPIv1.5 USDJPY,M1: 2017.03.29 18:151Бычий Доджи in USDJPY
0	18:13:26.612	CPIv1.5 USDJPY,M1: 2017.03.29 18:161 in USDJPY
0	18:15:26.728	CPIv1.5 USDJPY,M1: 2017.03.29 18:181Бычий Доджи in USDJPY
0	18:16:26.809	CPIv1.5 USDJPY,M1: 2017.03.29 18:191Модель поглощения in USDJPY
0	18:17:27.229	CPIv1.5 USDJPY,M1: 2017.03.29 18:201 in USDJPY
0	18:17:27.418	CPIv1.5 EURUSD,M5: 2017.03.29 18:205 in EURUSD
0	18:19:26.702	CPIv1.5 USDJPY,M1: 2017.03.29 18:221Медвежий Доджи in USDJPY
0	18:20:26.486	CPIv1.5 USDJPY,M1: 2017.03.29 18:231 in USDJPY
0	18:22:26.415	CPIv1.5 EURUSD,M5: 2017.03.29 18:255Разрыв Тасуки in EURUSD
0	18:22:27.680	CPIv1.5 USDJPY,M1: 2017.03.29 18:251 in USDJPY
0	18:25:26.952	CPIv1.5 USDJPY,M1: 2017.03.29 18:281Бычий Доджи in USDJPY
0	18:26:27.610	CPIv1.5 USDJPY,M1: 2017.03.29 18:291Модель поглощения in USDJPY
0	18:27:26.599	CPIv1.5 USDJPY,M1: 2017.03.29 18:301 in USDJPY
0	18:27:27.405	CPIv1.5 EURUSD,M5: 2017.03.29 18:305Разрыв Тасуки in EURUSD
0	18:29:27.132	CPIv1.5 USDJPY,M1: 2017.03.29 18:321Медвежий Доджи in USDJPY
0	18:30:29.262	CPIv1.5 USDJPY,M1: 2017.03.29 18:331 in USDJPY
0	18:31:26.778	CPIv1.5 USDJPY,M1: 2017.03.29 18:341 in USDJPY
0	18:34:27.030	CPIv1.5 USDJPY,M1: 2017.03.29 18:371Бычий Доджи in USDJPY
0	18:35:27.089	CPIv1.5 USDJPY,M1: 2017.03.29 18:381Медвежий Доджи in USDJPY
0	18:36:27.158	CPIv1.5 USDJPY,M1: 2017.03.29 18:391Медвежий Доджи in USDJPY
0	18:37:26.824	CPIv1.5 USDJPY,M1: 2017.03.29 18:401 in USDJPY
0	18:37:27.009	CPIv1.5 EURUSD,M5: 2017.03.29 18:405Разрыв Тасуки in EURUSD
0	18:38:26.882	CPIv1.5 USDJPY,M1: 2017.03.29 18:411 in USDJPY
0	18:40:26.553	CPIv1.5 USDJPY,M1: 2017.03.29 18:431 in USDJPY
0	18:42:26.648	CPIv1.5 EURUSD,M5: 2017.03.29 18:455 in EURUSD
0	18:42:26.957	CPIv1.5 USDJPY,M1: 2017.03.29 18:451 in USDJPY
0	18:43:26.973	CPIv1.5 USDJPY,M1: 2017.03.29 18:461 in USDJPY
0	18:46:26.796	CPIv1.5 USDJPY,M1: 2017.03.29 18:491 in USDJPY
0	18:47:27.642	CPIv1.5 EURUSD,M5: 2017.03.29 18:505Разрыв Тасуки in EURUSD
0	18:48:26.935	CPIv1.5 USDJPY,M1: 2017.03.29 18:511Медвежий Доджи in USDJPY
0	18:49:27.142	CPIv1.5 USDJPY,M1: 2017.03.29 18:521 in USDJPY
0	18:50:26.959	CPIv1.5 USDJPY,M1: 2017.03.29 18:531Бычий Доджи in USDJPY
0	18:51:28.265	CPIv1.5 USDJPY,M1: 2017.03.29 18:541 in USDJPY
0	18:52:26.998	CPIv1.5 USDJPY,M1: 2017.03.29 18:551 in USDJPY
0	18:52:27.365	CPIv1.5 EURUSD,M5: 2017.03.29 18:555Разрыв Тасуки in EURUSD
0	18:55:28.257	CPIv1.5 USDJPY,M1: 2017.03.29 18:581Вечерняя звезда in USDJPY
0	18:56:26.872	CPIv1.5 USDJPY,M1: 2017.03.29 18:591 in USDJPY
0	18:57:26.666	CPIv1.5 EURUSD,M5: 2017.03.29 19:005Разрыв Тасуки in EURUSD
0	18:57:26.672	CPIv1.5 NQ,H1: 2017.03.29 19:0060Медвежий Доджи in NQ
0	18:57:27.004	CPIv1.5 USDJPY,M1: 2017.03.29 19:001Бычий Доджи in USDJPY
0	18:57:27.499	CPIv1.5 YM,H1: 2017.03.29 19:0060 in YM
0	18:58:27.148	CPIv1.5 USDJPY,M1: 2017.03.29 19:011Модель поглощения in USDJPY
0	18:59:28.258	CPIv1.5 USDJPY,M1: 2017.03.29 19:021 in USDJPY
0	19:00:28.104	CPIv1.5 USDJPY,M1: 2017.03.29 19:031 in USDJPY
0	19:02:26.686	CPIv1.5 EURUSD,M5: 2017.03.29 19:055 in EURUSD
0	19:03:30.234	CPIv1.5 USDJPY,M1: 2017.03.29 19:061 in USDJPY
0	19:06:26.823	CPIv1.5 USDJPY,M1: 2017.03.29 19:091 in USDJPY
0	19:07:26.692	CPIv1.5 EURUSD,M5: 2017.03.29 19:105Разрыв Тасуки in EURUSD
0	19:07:30.570	CPIv1.5 USDJPY,M1: 2017.03.29 19:101 in USDJPY
0	19:08:29.864	CPIv1.5 USDJPY,M1: 2017.03.29 19:111 in USDJPY
0	19:10:30.189	CPIv1.5 USDJPY,M1: 2017.03.29 19:131Вечерняя звезда in USDJPY
0	19:11:26.839	CPIv1.5 USDJPY,M1: 2017.03.29 19:141 in USDJPY
0	19:12:29.508	CPIv1.5 USDJPY,M1: 2017.03.29 19:151 in USDJPY
0	19:12:30.448	CPIv1.5 EURUSD,M5: 2017.03.29 19:155Разрыв Тасуки in EURUSD
0	19:14:27.140	CPIv1.5 USDJPY,M1: 2017.03.29 19:171 in USDJPY
0	19:15:28.184	CPIv1.5 USDJPY,M1: 2017.03.29 19:181Медвежий Доджи in USDJPY
0	19:16:26.860	CPIv1.5 USDJPY,M1: 2017.03.29 19:191 in USDJPY
0	19:17:28.855	CPIv1.5 USDJPY,M1: 2017.03.29 19:201 in USDJPY
0	19:17:35.422	CPIv1.5 EURUSD,M5: 2017.03.29 19:205 in EURUSD
0	19:19:26.675	CPIv1.5 USDJPY,M1: 2017.03.29 19:221Падающая звезда in USDJPY
0	19:20:28.585	CPIv1.5 USDJPY,M1: 2017.03.29 19:231 in USDJPY
0	19:21:28.623	CPIv1.5 USDJPY,M1: 2017.03.29 19:241 in USDJPY
0	19:22:31.440	CPIv1.5 EURUSD,M5: 2017.03.29 19:255 in EURUSD
0	19:23:27.459	CPIv1.5 USDJPY,M1: 2017.03.29 19:261 in USDJPY
0	19:24:32.590	CPIv1.5 USDJPY,M1: 2017.03.29 19:271 in USDJPY
0	19:27:26.525	CPIv1.5 EURUSD,M5: 2017.03.29 19:305Разрыв Тасуки in EURUSD
0	19:28:31.466	CPIv1.5 USDJPY,M1: 2017.03.29 19:311 in USDJPY
0	19:29:27.772	CPIv1.5 USDJPY,M1: 2017.03.29 19:321Бычий Доджи in USDJPY
0	19:30:27.750	CPIv1.5 USDJPY,M1: 2017.03.29 19:331 in USDJPY
0	19:31:37.680	CPIv1.5 USDJPY,M1: 2017.03.29 19:341 in USDJPY
0	19:32:31.107	CPIv1.5 USDJPY,M1: 2017.03.29 19:351 in USDJPY
0	19:32:31.623	CPIv1.5 EURUSD,M5: 2017.03.29 19:355Разрыв Тасуки in EURUSD
0	19:33:26.663	CPIv1.5 USDJPY,M1: 2017.03.29 19:361 in USDJPY
0	19:37:26.425	CPIv1.5 USDJPY,M1: 2017.03.29 19:401 in USDJPY
0	19:37:26.949	CPIv1.5 EURUSD,M5: 2017.03.29 19:405 in EURUSD
0	19:38:26.908	CPIv1.5 USDJPY,M1: 2017.03.29 19:411 in USDJPY
0	19:39:29.235	CPIv1.5 USDJPY,M1: 2017.03.29 19:421 in USDJPY
0	19:40:33.724	CPIv1.5 USDJPY,M1: 2017.03.29 19:431 in USDJPY
0	19:45:26.888	CPIv1.5 USDJPY,M1: 2017.03.29 19:481 in USDJPY
0	19:46:26.913	CPIv1.5 USDJPY,M1: 2017.03.29 19:491 in USDJPY
0	19:47:28.042	CPIv1.5 USDJPY,M1: 2017.03.29 19:501 in USDJPY
0	19:48:26.931	CPIv1.5 USDJPY,M1: 2017.03.29 19:511Падающая звезда in USDJPY
0	19:50:27.419	CPIv1.5 USDJPY,M1: 2017.03.29 19:531 in USDJPY
0	19:51:27.733	CPIv1.5 USDJPY,M1: 2017.03.29 19:541 in USDJPY
0	19:54:26.904	CPIv1.5 USDJPY,M1: 2017.03.29 19:571Бычий Доджи in USDJPY
0	19:55:26.983	CPIv1.5 USDJPY,M1: 2017.03.29 19:581 in USDJPY
0	19:57:26.738	CPIv1.5 USDJPY,M1: 2017.03.29 20:001Медвежий Доджи in USDJPY
0	19:57:28.278	CPIv1.5 NQ,H1: 2017.03.29 20:0060 in NQ
0	19:58:27.483	CPIv1.5 USDJPY,M1: 2017.03.29 20:011 in USDJPY
0	19:59:28.464	CPIv1.5 USDJPY,M1: 2017.03.29 20:021 in USDJPY
0	20:01:28.532	CPIv1.5 USDJPY,M1: 2017.03.29 20:041 in USDJPY
0	20:02:26.572	CPIv1.5 EURUSD,M5: 2017.03.29 20:055Разрыв Тасуки in EURUSD
0	20:03:26.509	CPIv1.5 USDJPY,M1: 2017.03.29 20:061 in USDJPY
0	20:05:27.273	CPIv1.5 USDJPY,M1: 2017.03.29 20:081 in USDJPY
0	20:07:27.074	CPIv1.5 EURUSD,M5: 2017.03.29 20:105Разрыв Тасуки in EURUSD
0	20:09:26.556	CPIv1.5 USDJPY,M1: 2017.03.29 20:121 in USDJPY
0	20:10:27.152	CPIv1.5 USDJPY,M1: 2017.03.29 20:131 in USDJPY
0	20:12:28.865	CPIv1.5 EURUSD,M5: 2017.03.29 20:155Разрыв Тасуки in EURUSD
0	20:13:26.664	CPIv1.5 USDJPY,M1: 2017.03.29 20:161 in USDJPY
0	20:14:29.210	CPIv1.5 USDJPY,M1: 2017.03.29 20:171Медвежий Доджи in USDJPY
0	20:15:27.327	CPIv1.5 USDJPY,M1: 2017.03.29 20:181Вечерняя звезда in USDJPY
0	20:16:27.440	CPIv1.5 USDJPY,M1: 2017.03.29 20:191 in USDJPY
0	20:17:26.518	CPIv1.5 EURUSD,M5: 2017.03.29 20:205 in EURUSD
0	20:17:33.861	CPIv1.5 USDJPY,M1: 2017.03.29 20:201 in USDJPY
0	20:20:26.901	CPIv1.5 USDJPY,M1: 2017.03.29 20:231Бычий Доджи in USDJPY
0	20:21:27.341	CPIv1.5 USDJPY,M1: 2017.03.29 20:241Бычий Доджи in USDJPY
0	20:22:26.099	CPIv1.5 EURUSD,M5: 2017.03.29 20:255Разрыв Тасуки in EURUSD
0	20:22:27.208	CPIv1.5 USDJPY,M1: 2017.03.29 20:251 in USDJPY
0	20:23:43.271	CPIv1.5 USDJPY,M1: 2017.03.29 20:261 in USDJPY
0	20:24:25.788	CPIv1.5 USDJPY,M1: 2017.03.29 20:271 in USDJPY
0	20:25:25.493	CPIv1.5 USDJPY,M1: 2017.03.29 20:281 in USDJPY
0	20:26:25.694	CPIv1.5 USDJPY,M1: 2017.03.29 20:291 in USDJPY
0	20:27:25.645	CPIv1.5 EURUSD,M5: 2017.03.29 20:305 in EURUSD
0	20:28:27.038	CPIv1.5 USDJPY,M1: 2017.03.29 20:311 in USDJPY
0	20:29:26.148	CPIv1.5 USDJPY,M1: 2017.03.29 20:321 in USDJPY
0	20:30:26.870	CPIv1.5 USDJPY,M1: 2017.03.29 20:331 in USDJPY
0	20:32:29.696	CPIv1.5 USDJPY,M1: 2017.03.29 20:351 in USDJPY
0	20:32:29.892	CPIv1.5 EURUSD,M5: 2017.03.29 20:355Разрыв Тасуки in EURUSD
0	20:33:26.584	CPIv1.5 USDJPY,M1: 2017.03.29 20:361 in USDJPY
0	20:37:25.934	CPIv1.5 USDJPY,M1: 2017.03.29 20:401 in USDJPY
0	20:37:26.125	CPIv1.5 EURUSD,M5: 2017.03.29 20:405Разрыв Тасуки in EURUSD
0	20:38:26.063	CPIv1.5 USDJPY,M1: 2017.03.29 20:411 in USDJPY
0	20:42:25.601	CPIv1.5 USDJPY,M1: 2017.03.29 20:451Медвежий Доджи in USDJPY
0	20:42:26.542	ax_adv_023 AUDUSD,M15: AUDUSD [SELLSTOP ]:(4109)trade is not allowed in the expert properties AUDUSD lot=0.01 price=0.76624 slippage=3 sl=0.76750 tp=0.00000 comment= exp=1490821202
0	20:43:27.220	CPIv1.5 USDJPY,M1: 2017.03.29 20:461 in USDJPY
0	20:44:28.457	CPIv1.5 USDJPY,M1: 2017.03.29 20:471 in USDJPY
0	20:45:26.275	CPIv1.5 USDJPY,M1: 2017.03.29 20:481Падающая звезда in USDJPY
0	20:46:26.027	CPIv1.5 USDJPY,M1: 2017.03.29 20:491 in USDJPY
0	20:47:25.612	CPIv1.5 EURUSD,M5: 2017.03.29 20:505 in EURUSD
0	20:47:26.080	CPIv1.5 USDJPY,M1: 2017.03.29 20:501 in USDJPY
0	20:49:25.824	CPIv1.5 USDJPY,M1: 2017.03.29 20:521 in USDJPY
0	20:52:25.759	CPIv1.5 USDJPY,M1: 2017.03.29 20:551 in USDJPY
0	20:52:29.982	CPIv1.5 EURUSD,M5: 2017.03.29 20:555Разрыв Тасуки in EURUSD
0	20:53:26.015	CPIv1.5 USDJPY,M1: 2017.03.29 20:561 in USDJPY
0	20:54:26.463	CPIv1.5 USDJPY,M1: 2017.03.29 20:571 in USDJPY
0	20:55:25.944	CPIv1.5 USDJPY,M1: 2017.03.29 20:581 in USDJPY
0	20:56:25.796	CPIv1.5 USDJPY,M1: 2017.03.29 20:591Медвежий Доджи in USDJPY
0	20:57:25.631	CPIv1.5 EURUSD,M5: 2017.03.29 21:005Разрыв Тасуки in EURUSD
0	20:57:26.031	CPIv1.5 NQ,H1: 2017.03.29 21:0060 in NQ
0	20:57:26.076	CPIv1.5 YM,H1: 2017.03.29 21:0060 in YM
0	20:57:26.907	CPIv1.5 USDJPY,M1: 2017.03.29 21:001Медвежий Доджи in USDJPY
0	20:58:25.947	CPIv1.5 USDJPY,M1: 2017.03.29 21:011 in USDJPY
0	20:59:26.105	CPIv1.5 USDJPY,M1: 2017.03.29 21:021Медвежий Доджи in USDJPY
0	21:00:29.175	CPIv1.5 USDJPY,M1: 2017.03.29 21:031Вечерняя звезда in USDJPY
0	21:02:29.815	CPIv1.5 EURUSD,M5: 2017.03.29 21:055 in EURUSD
0	21:05:31.367	CPIv1.5 USDJPY,M1: 2017.03.29 21:081 in USDJPY
0	21:06:39.157	CPIv1.5 USDJPY,M1: 2017.03.29 21:091 in USDJPY
0	21:07:25.558	CPIv1.5 EURUSD,M5: 2017.03.29 21:105Разрыв Тасуки in EURUSD
0	21:07:25.855	CPIv1.5 USDJPY,M1: 2017.03.29 21:101 in USDJPY
0	21:08:25.679	CPIv1.5 USDJPY,M1: 2017.03.29 21:111Падающая звезда in USDJPY
0	21:10:26.631	CPIv1.5 USDJPY,M1: 2017.03.29 21:131 in USDJPY
0	21:13:26.911	CPIv1.5 USDJPY,M1: 2017.03.29 21:161 in USDJPY
0	21:14:28.603	CPIv1.5 USDJPY,M1: 2017.03.29 21:171 in USDJPY
0	21:15:26.248	CPIv1.5 USDJPY,M1: 2017.03.29 21:181 in USDJPY
0	21:18:27.130	CPIv1.5 USDJPY,M1: 2017.03.29 21:211 in USDJPY
0	21:20:29.423	CPIv1.5 USDJPY,M1: 2017.03.29 21:231 in USDJPY
0	21:21:25.674	CPIv1.5 USDJPY,M1: 2017.03.29 21:241Медвежий Доджи in USDJPY
0	21:22:26.746	CPIv1.5 USDJPY,M1: 2017.03.29 21:251Медвежий Доджи in USDJPY
0	21:23:26.235	CPIv1.5 USDJPY,M1: 2017.03.29 21:261 in USDJPY
0	21:24:28.427	CPIv1.5 USDJPY,M1: 2017.03.29 21:271 in USDJPY
0	21:27:25.267	ax_adv_023 AUDUSD,M15: AUDUSD [SELLSTOP ]:(4109)trade is not allowed in the expert properties AUDUSD lot=0.01 price=0.76664 slippage=3 sl=0.76770 tp=0.00000 comment= exp=1490823901
0	21:27:25.734	CPIv1.5 EURUSD,M5: 2017.03.29 21:305Разрыв Тасуки in EURUSD
0	21:28:25.769	CPIv1.5 USDJPY,M1: 2017.03.29 21:311 in USDJPY
0	21:31:30.297	CPIv1.5 USDJPY,M1: 2017.03.29 21:341Бычий Доджи in USDJPY
0	21:32:26.951	CPIv1.5 USDJPY,M1: 2017.03.29 21:351 in USDJPY
0	21:32:28.730	CPIv1.5 EURUSD,M5: 2017.03.29 21:355Разрыв Тасуки in EURUSD
0	21:33:26.186	CPIv1.5 USDJPY,M1: 2017.03.29 21:361 in USDJPY
0	21:34:26.893	CPIv1.5 USDJPY,M1: 2017.03.29 21:371 in USDJPY
0	21:35:26.292	CPIv1.5 USDJPY,M1: 2017.03.29 21:381 in USDJPY
0	21:37:29.876	CPIv1.5 EURUSD,M5: 2017.03.29 21:405Разрыв Тасуки in EURUSD
0	21:38:34.962	CPIv1.5 USDJPY,M1: 2017.03.29 21:411 in USDJPY
0	21:39:31.955	CPIv1.5 USDJPY,M1: 2017.03.29 21:421 in USDJPY
0	21:45:27.110	CPIv1.5 USDJPY,M1: 2017.03.29 21:481 in USDJPY
0	21:47:26.652	CPIv1.5 EURUSD,M5: 2017.03.29 21:505 in EURUSD
0	21:48:37.723	CPIv1.5 USDJPY,M1: 2017.03.29 21:511 in USDJPY
0	21:51:36.220	CPIv1.5 USDJPY,M1: 2017.03.29 21:541 in USDJPY
0	21:52:25.729	CPIv1.5 USDJPY,M1: 2017.03.29 21:551 in USDJPY
0	21:52:25.922	CPIv1.5 EURUSD,M5: 2017.03.29 21:555Разрыв Тасуки in EURUSD
0	21:55:29.208	CPIv1.5 USDJPY,M1: 2017.03.29 21:581 in USDJPY
0	21:56:26.018	CPIv1.5 USDJPY,M1: 2017.03.29 21:591Падающая звезда in USDJPY
0	21:57:25.502	CPIv1.5 EURUSD,M5: 2017.03.29 22:005Разрыв Тасуки in EURUSD
0	21:57:25.778	CPIv1.5 USDJPY,M1: 2017.03.29 22:001 in USDJPY
0	21:58:25.443	CPIv1.5 USDJPY,M1: 2017.03.29 22:011Бычий Доджи in USDJPY
0	21:59:26.393	CPIv1.5 USDJPY,M1: 2017.03.29 22:021Бычий Доджи in USDJPY
0	22:00:25.713	CPIv1.5 USDJPY,M1: 2017.03.29 22:031 in USDJPY
0	22:01:28.989	CPIv1.5 USDJPY,M1: 2017.03.29 22:041 in USDJPY
0	22:02:26.648	CPIv1.5 USDJPY,M1: 2017.03.29 22:051 in USDJPY
0	22:02:31.493	CPIv1.5 EURUSD,M5: 2017.03.29 22:055 in EURUSD
0	22:05:28.233	CPIv1.5 USDJPY,M1: 2017.03.29 22:081 in USDJPY
0	22:06:25.863	CPIv1.5 USDJPY,M1: 2017.03.29 22:091 in USDJPY
0	22:07:31.679	CPIv1.5 EURUSD,M5: 2017.03.29 22:105Разрыв Тасуки in EURUSD
0	22:10:25.720	CPIv1.5 USDJPY,M1: 2017.03.29 22:131 in USDJPY
0	22:12:28.268	CPIv1.5 EURUSD,M5: 2017.03.29 22:155Разрыв Тасуки in EURUSD
0	22:13:31.502	CPIv1.5 USDJPY,M1: 2017.03.29 22:161 in USDJPY
0	22:14:25.746	CPIv1.5 USDJPY,M1: 2017.03.29 22:171 in USDJPY
0	22:16:25.624	CPIv1.5 USDJPY,M1: 2017.03.29 22:191Бычий Доджи in USDJPY
0	22:17:25.860	CPIv1.5 USDJPY,M1: 2017.03.29 22:201Бычий Доджи in USDJPY
0	22:17:26.046	CPIv1.5 EURUSD,M5: 2017.03.29 22:205 in EURUSD
0	22:18:26.483	CPIv1.5 USDJPY,M1: 2017.03.29 22:211 in USDJPY
0	22:19:26.312	CPIv1.5 USDJPY,M1: 2017.03.29 22:221 in USDJPY
0	22:21:26.645	CPIv1.5 USDJPY,M1: 2017.03.29 22:241 in USDJPY
0	22:22:25.873	CPIv1.5 USDJPY,M1: 2017.03.29 22:251 in USDJPY
0	22:22:26.076	CPIv1.5 EURUSD,M5: 2017.03.29 22:255Разрыв Тасуки in EURUSD
0	22:24:26.557	CPIv1.5 USDJPY,M1: 2017.03.29 22:271Медвежий Доджи in USDJPY
0	22:25:25.500	CPIv1.5 USDJPY,M1: 2017.03.29 22:281 in USDJPY
0	22:26:26.472	CPIv1.5 USDJPY,M1: 2017.03.29 22:291 in USDJPY
0	22:27:25.378	CPIv1.5 USDJPY,M1: 2017.03.29 22:301 in USDJPY
0	22:27:25.562	CPIv1.5 EURUSD,M5: 2017.03.29 22:305Разрыв Тасуки in EURUSD
0	22:28:25.755	CPIv1.5 USDJPY,M1: 2017.03.29 22:311 in USDJPY
0	22:29:26.665	CPIv1.5 USDJPY,M1: 2017.03.29 22:321 in USDJPY
0	22:32:25.769	CPIv1.5 USDJPY,M1: 2017.03.29 22:351Медвежий Доджи in USDJPY
0	22:33:29.879	CPIv1.5 USDJPY,M1: 2017.03.29 22:361 in USDJPY
0	22:39:26.533	CPIv1.5 USDJPY,M1: 2017.03.29 22:421Бычий Доджи in USDJPY
0	22:40:25.754	CPIv1.5 USDJPY,M1: 2017.03.29 22:431 in USDJPY
0	22:43:26.361	CPIv1.5 USDJPY,M1: 2017.03.29 22:461Бычий Доджи in USDJPY
0	22:44:25.779	CPIv1.5 USDJPY,M1: 2017.03.29 22:471 in USDJPY
0	22:46:25.578	CPIv1.5 USDJPY,M1: 2017.03.29 22:491Бычий Доджи in USDJPY
0	22:47:25.458	CPIv1.5 USDJPY,M1: 2017.03.29 22:501 in USDJPY
0	22:47:25.650	CPIv1.5 EURUSD,M5: 2017.03.29 22:505 in EURUSD
0	22:48:27.065	CPIv1.5 USDJPY,M1: 2017.03.29 22:511 in USDJPY
0	22:49:25.998	CPIv1.5 USDJPY,M1: 2017.03.29 22:521Медвежий Доджи in USDJPY
0	22:50:25.617	CPIv1.5 USDJPY,M1: 2017.03.29 22:531 in USDJPY
0	22:51:26.738	CPIv1.5 USDJPY,M1: 2017.03.29 22:541 in USDJPY
0	22:52:28.123	CPIv1.5 EURUSD,M5: 2017.03.29 22:555Разрыв Тасуки in EURUSD
0	22:55:25.527	CPIv1.5 USDJPY,M1: 2017.03.29 22:581Медвежий Доджи in USDJPY
0	22:56:25.584	CPIv1.5 USDJPY,M1: 2017.03.29 22:591 in USDJPY
0	22:57:25.884	CPIv1.5 EURUSD,M5: 2017.03.29 23:005Разрыв Тасуки in EURUSD
0	22:57:31.522	CPIv1.5 NQ,H1: 2017.03.29 23:0060Медвежий Доджи in NQ
0	22:59:25.743	CPIv1.5 USDJPY,M1: 2017.03.29 23:021Медвежий Доджи in USDJPY
0	23:00:29.054	CPIv1.5 USDJPY,M1: 2017.03.29 23:031 in USDJPY
0	23:01:25.722	CPIv1.5 USDJPY,M1: 2017.03.29 23:041 in USDJPY
0	23:02:25.484	CPIv1.5 EURUSD,M5: 2017.03.29 23:055 in EURUSD
0	23:02:27.158	CPIv1.5 USDJPY,M1: 2017.03.29 23:051 in USDJPY
0	23:03:26.282	CPIv1.5 USDJPY,M1: 2017.03.29 23:061 in USDJPY
0	23:06:39.490	CPIv1.5 USDJPY,M1: 2017.03.29 23:091 in USDJPY
0	23:07:31.130	CPIv1.5 EURUSD,M5: 2017.03.29 23:105Разрыв Тасуки in EURUSD
0	23:10:29.740	CPIv1.5 USDJPY,M1: 2017.03.29 23:131 in USDJPY
0	23:11:26.351	CPIv1.5 USDJPY,M1: 2017.03.29 23:141Медвежий Доджи in USDJPY
0	23:12:25.615	CPIv1.5 USDJPY,M1: 2017.03.29 23:151 in USDJPY
0	23:13:32.382	CPIv1.5 USDJPY,M1: 2017.03.29 23:161 in USDJPY
0	23:17:25.332	CPIv1.5 EURUSD,M5: 2017.03.29 23:205 in EURUSD
0	23:18:26.096	CPIv1.5 USDJPY,M1: 2017.03.29 23:211 in USDJPY
0	23:19:26.779	CPIv1.5 USDJPY,M1: 2017.03.29 23:221 in USDJPY
0	23:20:27.406	CPIv1.5 USDJPY,M1: 2017.03.29 23:231 in USDJPY
0	23:21:26.000	CPIv1.5 USDJPY,M1: 2017.03.29 23:241 in USDJPY
0	23:22:26.330	CPIv1.5 USDJPY,M1: 2017.03.29 23:251 in USDJPY
0	23:22:27.863	CPIv1.5 EURUSD,M5: 2017.03.29 23:255Разрыв Тасуки in EURUSD
0	23:23:33.861	CPIv1.5 USDJPY,M1: 2017.03.29 23:261 in USDJPY
0	23:25:49.971	CPIv1.5 USDJPY,M1: 2017.03.29 23:281 in USDJPY
0	23:27:25.815	CPIv1.5 EURUSD,M5: 2017.03.29 23:305Разрыв Тасуки in EURUSD
0	23:28:25.646	CPIv1.5 USDJPY,M1: 2017.03.29 23:311 in USDJPY
0	23:29:27.248	CPIv1.5 USDJPY,M1: 2017.03.29 23:321 in USDJPY
0	23:30:26.702	CPIv1.5 USDJPY,M1: 2017.03.29 23:331 in USDJPY
0	23:31:27.978	CPIv1.5 USDJPY,M1: 2017.03.29 23:341 in USDJPY
0	23:32:28.085	CPIv1.5 EURUSD,M5: 2017.03.29 23:355Разрыв Тасуки in EURUSD
0	23:35:33.662	CPIv1.5 USDJPY,M1: 2017.03.29 23:381 in USDJPY
0	23:40:35.889	CPIv1.5 USDJPY,M1: 2017.03.29 23:431Медвежий Доджи in USDJPY
0	23:42:25.493	CPIv1.5 USDJPY,M1: 2017.03.29 23:451 in USDJPY
0	23:43:25.533	CPIv1.5 USDJPY,M1: 2017.03.29 23:461 in USDJPY
0	23:46:27.611	CPIv1.5 USDJPY,M1: 2017.03.29 23:491 in USDJPY
0	23:47:29.101	CPIv1.5 USDJPY,M1: 2017.03.29 23:501 in USDJPY
0	23:49:29.587	CPIv1.5 USDJPY,M1: 2017.03.29 23:521 in USDJPY
0	23:50:25.784	CPIv1.5 USDJPY,M1: 2017.03.29 23:531 in USDJPY
0	23:53:25.926	CPIv1.5 USDJPY,M1: 2017.03.29 23:561Медвежий Доджи in USDJPY
0	23:54:30.778	CPIv1.5 USDJPY,M1: 2017.03.29 23:571 in USDJPY
0	23:55:25.866	CPIv1.5 USDJPY,M1: 2017.03.29 23:581 in USDJPY
0	23:57:35.632	CPIv1.5 USDJPY,M1: 2017.03.30 00:001 in USDJPY
0	23:57:35.826	CPIv1.5 EURUSD,M5: 2017.03.30 00:005Разрыв Тасуки in EURUSD
0	23:58:27.431	CPIv1.5 USDJPY,M1: 2017.03.30 00:011Медвежий Доджи in USDJPY
0	23:59:44.297	CPIv1.5 USDJPY,M1: 2017.03.30 00:021 in USDJPY
