0	00:57:36.469	CPIv1.5 YM,H1: 2017.03.24 01:0060 in YM
0	00:57:37.018	CPIv1.5 NQ,H1: 2017.03.24 01:0060Модель поглощения in NQ
0	02:57:35.193	CPIv1.5 NQ,H1: 2017.03.24 03:0060Падающая звезда in NQ
0	02:57:35.346	CPIv1.5 YM,H1: 2017.03.24 03:0060Падающая звезда in YM
0	03:12:34.653	ax_adv_023 AUDUSD,M15: AUDUSD [SELLSTOP ]:(4109)trade is not allowed in the expert properties AUDUSD lot=0.01 price=0.76279 slippage=3 sl=0.76400 tp=0.00000 comment= exp=1490326201
0	04:57:34.401	CPIv1.5 YM,H1: 2017.03.24 05:0060Медвежий Доджи in YM
0	04:57:35.741	CPIv1.5 NQ,H1: 2017.03.24 05:0060Медвежий Доджи in NQ
0	05:57:37.209	CPIv1.5 NQ,H1: 2017.03.24 06:0060 in NQ
0	05:57:47.632	CPIv1.5 YM,H1: 2017.03.24 06:0060 in YM
0	06:57:39.507	CPIv1.5 NQ,H1: 2017.03.24 07:0060Модель поглощения in NQ
0	07:57:36.931	CPIv1.5 NQ,H1: 2017.03.24 08:0060 in NQ
0	09:57:34.549	CPIv1.5 NQ,H1: 2017.03.24 10:0060Падающая звезда in NQ
0	09:57:37.009	CPIv1.5 YM,H1: 2017.03.24 10:0060 in YM
0	10:57:34.590	CPIv1.5 NQ,H1: 2017.03.24 11:0060Медвежий Доджи in NQ
0	11:57:35.351	CPIv1.5 NQ,H1: 2017.03.24 12:0060Бычий Доджи in NQ
0	12:57:34.609	CPIv1.5 YM,H1: 2017.03.24 13:0060 in YM
0	12:57:36.693	CPIv1.5 NQ,H1: 2017.03.24 13:0060Бычий Доджи in NQ
0	13:13:38.761	Custom indicator CPIv1.5 EURUSD,M1: loaded successfully
0	13:13:42.666	CPIv1.5 EURUSD,M1: initialized
0	13:13:42.666	CPIv1.5 EURUSD,M1: 2017.03.24 13:161 in EURUSD
0	13:13:52.138	ACD EURUSD,M1: uninit reason 3
0	13:13:52.157	CPIv1.5 EURUSD,M1: uninit reason 3
0	13:13:52.309	ACD EURUSD,H1: initialized
0	13:13:52.558	CPIv1.5 EURUSD,H1: initialized
0	13:13:52.577	CPIv1.5 EURUSD,H1: 2017.03.14 11:0060Бычий Доджи in EURUSD
0	13:13:52.737	CPIv1.5 EURUSD,H1: 2017.03.24 13:0060Медвежий Доджи in EURUSD
0	13:13:56.357	ACD EURUSD,H1: uninit reason 3
0	13:13:56.357	CPIv1.5 EURUSD,H1: uninit reason 3
0	13:13:56.404	ACD EURUSD,H4: initialized
0	13:13:56.406	CPIv1.5 EURUSD,H4: initialized
0	13:13:56.679	CPIv1.5 EURUSD,H4: 2017.03.24 12:00240Бычий Доджи in EURUSD
0	13:13:57.973	ACD EURUSD,H4: uninit reason 3
0	13:13:57.973	CPIv1.5 EURUSD,H4: uninit reason 3
0	13:13:58.090	ACD EURUSD,M30: initialized
0	13:13:58.091	CPIv1.5 EURUSD,M30: initialized
0	13:13:58.129	CPIv1.5 EURUSD,M30: 2017.03.10 11:3030Медвежий Доджи in EURUSD
0	13:13:58.359	CPIv1.5 EURUSD,M30: 2017.03.24 13:0030Модель поглощения in EURUSD
0	13:13:59.517	ACD EURUSD,M30: uninit reason 3
0	13:13:59.517	CPIv1.5 EURUSD,M30: uninit reason 3
0	13:13:59.557	ACD EURUSD,M15: initialized
0	13:13:59.559	CPIv1.5 EURUSD,M15: initialized
0	13:13:59.803	CPIv1.5 EURUSD,M15: 2017.03.24 13:1515Медвежий Доджи in EURUSD
0	13:27:34.073	CPIv1.5 EURUSD,M15: 2017.03.24 13:3015 in EURUSD
0	13:42:33.789	CPIv1.5 EURUSD,M15: 2017.03.24 13:4515Медвежий Доджи in EURUSD
0	13:57:33.955	CPIv1.5 EURUSD,M15: 2017.03.24 14:0015 in EURUSD
0	13:57:34.340	CPIv1.5 YM,H1: 2017.03.24 14:0060 in YM
0	13:57:41.356	CPIv1.5 NQ,H1: 2017.03.24 14:0060 in NQ
0	14:12:33.509	CPIv1.5 EURUSD,M15: 2017.03.24 14:1515Бычий Доджи in EURUSD
0	14:27:33.649	CPIv1.5 EURUSD,M15: 2017.03.24 14:3015Бычий Доджи in EURUSD
0	14:42:35.596	CPIv1.5 EURUSD,M15: 2017.03.24 14:4515Модель поглощения in EURUSD
0	14:45:51.396	ACD EURUSD,M15: uninit reason 3
0	14:45:51.396	CPIv1.5 EURUSD,M15: uninit reason 3
0	14:45:51.462	ACD EURUSD,M1: initialized
0	14:45:51.463	CPIv1.5 EURUSD,M1: initialized
0	14:45:51.686	CPIv1.5 EURUSD,M1: 2017.03.24 13:161 in EURUSD
0	14:45:51.942	CPIv1.5 EURUSD,M1: 2017.03.24 14:481 in EURUSD
0	14:49:33.985	CPIv1.5 EURUSD,M1: 2017.03.24 14:521 in EURUSD
0	14:50:39.107	CPIv1.5 EURUSD,M1: 2017.03.24 14:531 in EURUSD
0	14:51:38.288	CPIv1.5 EURUSD,M1: 2017.03.24 14:541 in EURUSD
0	14:52:35.806	CPIv1.5 EURUSD,M1: 2017.03.24 14:551Падающая звезда in EURUSD
0	14:53:36.627	CPIv1.5 EURUSD,M1: 2017.03.24 14:561 in EURUSD
0	14:56:33.606	CPIv1.5 EURUSD,M1: 2017.03.24 14:591 in EURUSD
0	14:57:33.575	CPIv1.5 EURUSD,M1: 2017.03.24 15:001 in EURUSD
0	14:57:33.690	ax_adv_023 AUDUSD,M15: AUDUSD [BUYSTOP ]:(4109)trade is not allowed in the expert properties AUDUSD lot=0.01 price=0.76179 slippage=3 sl=0.76091 tp=0.00000 comment= exp=1490368501
0	14:57:39.587	CPIv1.5 NQ,H1: 2017.03.24 15:0060Бычий Доджи in NQ
0	14:58:33.806	CPIv1.5 EURUSD,M1: 2017.03.24 15:011Просвет в облаках in EURUSD
0	14:59:33.672	CPIv1.5 EURUSD,M1: 2017.03.24 15:021 in EURUSD
0	15:00:35.073	CPIv1.5 EURUSD,M1: 2017.03.24 15:031 in EURUSD
0	15:03:34.085	CPIv1.5 EURUSD,M1: 2017.03.24 15:061 in EURUSD
0	15:04:33.597	CPIv1.5 EURUSD,M1: 2017.03.24 15:071 in EURUSD
0	15:05:33.558	CPIv1.5 EURUSD,M1: 2017.03.24 15:081 in EURUSD
0	15:06:34.138	CPIv1.5 EURUSD,M1: 2017.03.24 15:091Бычий Доджи in EURUSD
0	15:07:33.835	CPIv1.5 EURUSD,M1: 2017.03.24 15:101 in EURUSD
0	15:11:36.289	CPIv1.5 EURUSD,M1: 2017.03.24 15:141 in EURUSD
0	15:12:33.648	CPIv1.5 EURUSD,M1: 2017.03.24 15:151Падающая звезда in EURUSD
0	15:13:38.617	CPIv1.5 EURUSD,M1: 2017.03.24 15:161 in EURUSD
0	15:14:33.675	CPIv1.5 EURUSD,M1: 2017.03.24 15:171Модель поглощения in EURUSD
0	15:15:33.943	CPIv1.5 EURUSD,M1: 2017.03.24 15:181 in EURUSD
0	15:16:33.588	CPIv1.5 EURUSD,M1: 2017.03.24 15:191 in EURUSD
0	15:17:33.945	CPIv1.5 EURUSD,M1: 2017.03.24 15:201 in EURUSD
0	15:18:33.567	CPIv1.5 EURUSD,M1: 2017.03.24 15:211 in EURUSD
0	15:19:33.963	CPIv1.5 EURUSD,M1: 2017.03.24 15:221 in EURUSD
0	15:27:34.238	CPIv1.5 EURUSD,M1: 2017.03.24 15:301Медвежий Доджи in EURUSD
0	15:28:33.699	CPIv1.5 EURUSD,M1: 2017.03.24 15:311 in EURUSD
0	15:29:35.341	CPIv1.5 EURUSD,M1: 2017.03.24 15:321 in EURUSD
0	15:31:33.722	CPIv1.5 EURUSD,M1: 2017.03.24 15:341Модель поглощения in EURUSD
0	15:32:34.417	CPIv1.5 EURUSD,M1: 2017.03.24 15:351 in EURUSD
0	15:33:33.941	CPIv1.5 EURUSD,M1: 2017.03.24 15:361 in EURUSD
0	15:35:33.589	CPIv1.5 EURUSD,M1: 2017.03.24 15:381 in EURUSD
0	15:36:34.053	CPIv1.5 EURUSD,M1: 2017.03.24 15:391 in EURUSD
0	15:37:33.667	CPIv1.5 EURUSD,M1: 2017.03.24 15:401 in EURUSD
0	15:40:34.787	CPIv1.5 EURUSD,M1: 2017.03.24 15:431Вечерняя звезда in EURUSD
0	15:41:33.663	CPIv1.5 EURUSD,M1: 2017.03.24 15:441 in EURUSD
0	15:42:33.847	CPIv1.5 EURUSD,M1: 2017.03.24 15:451 in EURUSD
0	15:44:33.810	CPIv1.5 EURUSD,M1: 2017.03.24 15:471 in EURUSD
0	15:45:36.059	CPIv1.5 EURUSD,M1: 2017.03.24 15:481 in EURUSD
0	15:46:34.177	CPIv1.5 EURUSD,M1: 2017.03.24 15:491 in EURUSD
0	15:47:35.579	CPIv1.5 EURUSD,M1: 2017.03.24 15:501Бычий Доджи in EURUSD
0	15:48:34.054	CPIv1.5 EURUSD,M1: 2017.03.24 15:511 in EURUSD
0	15:51:38.602	CPIv1.5 EURUSD,M1: 2017.03.24 15:541 in EURUSD
0	15:52:34.624	CPIv1.5 EURUSD,M1: 2017.03.24 15:551Медвежий Доджи in EURUSD
0	15:53:33.744	CPIv1.5 EURUSD,M1: 2017.03.24 15:561 in EURUSD
0	15:54:33.747	CPIv1.5 EURUSD,M1: 2017.03.24 15:571 in EURUSD
0	15:55:34.929	CPIv1.5 EURUSD,M1: 2017.03.24 15:581 in EURUSD
0	15:56:33.704	CPIv1.5 EURUSD,M1: 2017.03.24 15:591 in EURUSD
0	15:57:48.560	CPIv1.5 NQ,H1: 2017.03.24 16:0060 in NQ
0	15:57:54.843	CPIv1.5 YM,H1: 2017.03.24 16:0060 in YM
0	15:58:38.929	CPIv1.5 EURUSD,M1: 2017.03.24 16:011Медвежий Доджи in EURUSD
0	15:59:34.088	CPIv1.5 EURUSD,M1: 2017.03.24 16:021 in EURUSD
0	16:00:36.287	CPIv1.5 EURUSD,M1: 2017.03.24 16:031 in EURUSD
0	16:04:33.808	CPIv1.5 EURUSD,M1: 2017.03.24 16:071 in EURUSD
0	16:07:33.748	CPIv1.5 EURUSD,M1: 2017.03.24 16:101 in EURUSD
0	16:08:34.445	CPIv1.5 EURUSD,M1: 2017.03.24 16:111 in EURUSD
0	16:10:33.963	CPIv1.5 EURUSD,M1: 2017.03.24 16:131 in EURUSD
0	16:11:33.601	CPIv1.5 EURUSD,M1: 2017.03.24 16:141 in EURUSD
0	16:12:33.482	CPIv1.5 EURUSD,M1: 2017.03.24 16:151 in EURUSD
0	16:14:35.079	CPIv1.5 EURUSD,M1: 2017.03.24 16:171 in EURUSD
0	16:17:33.532	CPIv1.5 EURUSD,M1: 2017.03.24 16:201Бычий Доджи in EURUSD
0	16:18:34.280	CPIv1.5 EURUSD,M1: 2017.03.24 16:211Модель поглощения in EURUSD
0	16:19:34.519	CPIv1.5 EURUSD,M1: 2017.03.24 16:221 in EURUSD
0	16:20:35.291	CPIv1.5 EURUSD,M1: 2017.03.24 16:231 in EURUSD
0	16:22:34.005	CPIv1.5 EURUSD,M1: 2017.03.24 16:251 in EURUSD
0	16:23:35.408	CPIv1.5 EURUSD,M1: 2017.03.24 16:261Падающая звезда in EURUSD
0	16:25:33.767	CPIv1.5 EURUSD,M1: 2017.03.24 16:281 in EURUSD
0	16:27:34.045	CPIv1.5 EURUSD,M1: 2017.03.24 16:301 in EURUSD
0	16:29:33.779	CPIv1.5 EURUSD,M1: 2017.03.24 16:321Утрення звезда in EURUSD
0	16:30:34.403	CPIv1.5 EURUSD,M1: 2017.03.24 16:331 in EURUSD
0	16:31:34.021	CPIv1.5 EURUSD,M1: 2017.03.24 16:341Падающая звезда in EURUSD
0	16:32:33.775	CPIv1.5 EURUSD,M1: 2017.03.24 16:351Модель поглощения in EURUSD
0	16:33:33.761	CPIv1.5 EURUSD,M1: 2017.03.24 16:361 in EURUSD
0	16:35:33.883	CPIv1.5 EURUSD,M1: 2017.03.24 16:381Медвежий Доджи in EURUSD
0	16:37:33.710	CPIv1.5 EURUSD,M1: 2017.03.24 16:401 in EURUSD
0	16:38:34.073	CPIv1.5 EURUSD,M1: 2017.03.24 16:411 in EURUSD
0	16:42:33.929	CPIv1.5 EURUSD,M1: 2017.03.24 16:451 in EURUSD
0	16:43:33.727	CPIv1.5 EURUSD,M1: 2017.03.24 16:461Падающая звезда in EURUSD
0	16:45:33.809	CPIv1.5 EURUSD,M1: 2017.03.24 16:481Медвежий Доджи in EURUSD
0	16:46:34.112	CPIv1.5 EURUSD,M1: 2017.03.24 16:491 in EURUSD
0	16:50:34.446	CPIv1.5 EURUSD,M1: 2017.03.24 16:531Бычий Доджи in EURUSD
0	16:51:36.896	CPIv1.5 EURUSD,M1: 2017.03.24 16:541 in EURUSD
0	16:54:33.612	CPIv1.5 EURUSD,M1: 2017.03.24 16:571Падающая звезда in EURUSD
0	16:55:33.877	CPIv1.5 EURUSD,M1: 2017.03.24 16:581 in EURUSD
0	16:56:33.729	CPIv1.5 EURUSD,M1: 2017.03.24 16:591Падающая звезда in EURUSD
0	16:57:33.757	CPIv1.5 EURUSD,M1: 2017.03.24 17:001 in EURUSD
0	16:57:34.389	CPIv1.5 YM,H1: 2017.03.24 17:0060Медвежий Доджи in YM
0	16:57:35.186	CPIv1.5 NQ,H1: 2017.03.24 17:0060Медвежий Доджи in NQ
0	16:58:33.804	CPIv1.5 EURUSD,M1: 2017.03.24 17:011 in EURUSD
0	17:00:33.880	CPIv1.5 EURUSD,M1: 2017.03.24 17:031 in EURUSD
0	17:02:33.671	CPIv1.5 EURUSD,M1: 2017.03.24 17:051 in EURUSD
0	17:03:33.648	CPIv1.5 EURUSD,M1: 2017.03.24 17:061 in EURUSD
0	17:05:35.163	CPIv1.5 EURUSD,M1: 2017.03.24 17:081Бычий Доджи in EURUSD
0	17:06:33.968	CPIv1.5 EURUSD,M1: 2017.03.24 17:091 in EURUSD
0	17:09:33.923	CPIv1.5 EURUSD,M1: 2017.03.24 17:121Медвежий Доджи in EURUSD
0	17:10:33.523	CPIv1.5 EURUSD,M1: 2017.03.24 17:131 in EURUSD
0	17:11:34.833	CPIv1.5 EURUSD,M1: 2017.03.24 17:141 in EURUSD
0	17:18:34.395	CPIv1.5 EURUSD,M1: 2017.03.24 17:211 in EURUSD
0	17:19:33.744	CPIv1.5 EURUSD,M1: 2017.03.24 17:221 in EURUSD
0	17:21:33.982	CPIv1.5 EURUSD,M1: 2017.03.24 17:241 in EURUSD
0	17:22:33.934	CPIv1.5 EURUSD,M1: 2017.03.24 17:251 in EURUSD
0	17:23:34.040	CPIv1.5 EURUSD,M1: 2017.03.24 17:261Медвежий Доджи in EURUSD
0	17:24:33.697	CPIv1.5 EURUSD,M1: 2017.03.24 17:271 in EURUSD
0	17:25:33.709	CPIv1.5 EURUSD,M1: 2017.03.24 17:281 in EURUSD
0	17:27:33.711	CPIv1.5 EURUSD,M1: 2017.03.24 17:301Бычий Доджи in EURUSD
0	17:28:33.685	CPIv1.5 EURUSD,M1: 2017.03.24 17:311Утрення звезда in EURUSD
0	17:29:33.818	CPIv1.5 EURUSD,M1: 2017.03.24 17:321 in EURUSD
0	17:30:34.345	CPIv1.5 EURUSD,M1: 2017.03.24 17:331 in EURUSD
0	17:32:33.961	CPIv1.5 EURUSD,M1: 2017.03.24 17:351 in EURUSD
0	17:33:38.855	CPIv1.5 EURUSD,M1: 2017.03.24 17:361 in EURUSD
0	17:34:39.609	CPIv1.5 EURUSD,M1: 2017.03.24 17:371 in EURUSD
0	17:36:35.735	CPIv1.5 EURUSD,M1: 2017.03.24 17:391 in EURUSD
0	17:37:34.283	CPIv1.5 EURUSD,M1: 2017.03.24 17:401 in EURUSD
0	17:39:38.356	CPIv1.5 EURUSD,M1: 2017.03.24 17:421Медвежий Доджи in EURUSD
0	17:40:35.530	CPIv1.5 EURUSD,M1: 2017.03.24 17:431 in EURUSD
0	17:41:33.843	CPIv1.5 EURUSD,M1: 2017.03.24 17:441 in EURUSD
0	17:42:34.004	CPIv1.5 EURUSD,M1: 2017.03.24 17:451Бычий Доджи in EURUSD
0	17:44:34.190	CPIv1.5 EURUSD,M1: 2017.03.24 17:471 in EURUSD
0	17:47:33.713	CPIv1.5 EURUSD,M1: 2017.03.24 17:501 in EURUSD
0	17:48:34.326	CPIv1.5 EURUSD,M1: 2017.03.24 17:511 in EURUSD
0	17:49:33.702	CPIv1.5 EURUSD,M1: 2017.03.24 17:521 in EURUSD
0	17:50:34.813	CPIv1.5 EURUSD,M1: 2017.03.24 17:531 in EURUSD
0	17:52:33.709	CPIv1.5 EURUSD,M1: 2017.03.24 17:551 in EURUSD
0	17:53:33.845	CPIv1.5 EURUSD,M1: 2017.03.24 17:561 in EURUSD
0	17:54:35.049	CPIv1.5 EURUSD,M1: 2017.03.24 17:571Модель поглощения in EURUSD
0	17:55:33.764	CPIv1.5 EURUSD,M1: 2017.03.24 17:581Бычий Доджи in EURUSD
0	17:56:34.038	CPIv1.5 EURUSD,M1: 2017.03.24 17:591Перевернутый молот in EURUSD
0	17:57:33.641	CPIv1.5 EURUSD,M1: 2017.03.24 18:001 in EURUSD
0	17:57:33.860	CPIv1.5 NQ,H1: 2017.03.24 18:0060Медвежий Доджи in NQ
0	17:57:34.135	CPIv1.5 YM,H1: 2017.03.24 18:0060 in YM
0	17:58:35.399	CPIv1.5 EURUSD,M1: 2017.03.24 18:011 in EURUSD
0	17:59:33.811	CPIv1.5 EURUSD,M1: 2017.03.24 18:021 in EURUSD
0	18:01:34.294	CPIv1.5 EURUSD,M1: 2017.03.24 18:041 in EURUSD
0	18:03:34.156	CPIv1.5 EURUSD,M1: 2017.03.24 18:061Медвежий Доджи in EURUSD
0	18:04:33.835	CPIv1.5 EURUSD,M1: 2017.03.24 18:071 in EURUSD
0	18:05:35.303	CPIv1.5 EURUSD,M1: 2017.03.24 18:081Бычий Доджи in EURUSD
0	18:06:33.669	CPIv1.5 EURUSD,M1: 2017.03.24 18:091Утрення звезда in EURUSD
0	18:07:33.695	CPIv1.5 EURUSD,M1: 2017.03.24 18:101Падающая звезда in EURUSD
0	18:10:33.560	CPIv1.5 EURUSD,M1: 2017.03.24 18:131Модель поглощения in EURUSD
0	18:11:38.720	CPIv1.5 EURUSD,M1: 2017.03.24 18:141Бычий Доджи in EURUSD
0	18:12:33.659	CPIv1.5 EURUSD,M1: 2017.03.24 18:151 in EURUSD
0	18:14:33.744	CPIv1.5 EURUSD,M1: 2017.03.24 18:171Медвежий Доджи in EURUSD
0	18:16:34.519	CPIv1.5 EURUSD,M1: 2017.03.24 18:191 in EURUSD
0	18:17:33.691	CPIv1.5 EURUSD,M1: 2017.03.24 18:201 in EURUSD
0	18:18:34.274	CPIv1.5 EURUSD,M1: 2017.03.24 18:211 in EURUSD
0	18:19:34.730	CPIv1.5 EURUSD,M1: 2017.03.24 18:221 in EURUSD
0	18:21:34.024	CPIv1.5 EURUSD,M1: 2017.03.24 18:241Падающая звезда in EURUSD
0	18:22:35.368	CPIv1.5 EURUSD,M1: 2017.03.24 18:251 in EURUSD
0	18:23:33.950	CPIv1.5 EURUSD,M1: 2017.03.24 18:261 in EURUSD
0	18:24:34.280	CPIv1.5 EURUSD,M1: 2017.03.24 18:271 in EURUSD
0	18:26:33.872	CPIv1.5 EURUSD,M1: 2017.03.24 18:291 in EURUSD
0	18:28:33.561	CPIv1.5 EURUSD,M1: 2017.03.24 18:311Повешенный in EURUSD
0	18:29:33.857	CPIv1.5 EURUSD,M1: 2017.03.24 18:321 in EURUSD
0	18:30:34.358	CPIv1.5 EURUSD,M1: 2017.03.24 18:331 in EURUSD
0	18:31:33.632	CPIv1.5 EURUSD,M1: 2017.03.24 18:341Медвежий Доджи in EURUSD
0	18:32:34.697	CPIv1.5 EURUSD,M1: 2017.03.24 18:351Модель поглощения in EURUSD
0	18:33:34.658	CPIv1.5 EURUSD,M1: 2017.03.24 18:361 in EURUSD
0	18:38:34.829	CPIv1.5 EURUSD,M1: 2017.03.24 18:411 in EURUSD
0	18:39:34.683	CPIv1.5 EURUSD,M1: 2017.03.24 18:421 in EURUSD
0	18:40:34.092	CPIv1.5 EURUSD,M1: 2017.03.24 18:431 in EURUSD
0	18:41:33.785	CPIv1.5 EURUSD,M1: 2017.03.24 18:441Падающая звезда in EURUSD
0	18:43:34.036	CPIv1.5 EURUSD,M1: 2017.03.24 18:461 in EURUSD
0	18:45:34.042	CPIv1.5 EURUSD,M1: 2017.03.24 18:481 in EURUSD
0	18:47:34.116	CPIv1.5 EURUSD,M1: 2017.03.24 18:501 in EURUSD
0	18:48:33.794	CPIv1.5 EURUSD,M1: 2017.03.24 18:511 in EURUSD
0	18:49:35.340	CPIv1.5 EURUSD,M1: 2017.03.24 18:521 in EURUSD
0	18:51:35.294	CPIv1.5 EURUSD,M1: 2017.03.24 18:541 in EURUSD
0	18:52:34.119	CPIv1.5 EURUSD,M1: 2017.03.24 18:551Вечерняя звезда in EURUSD
0	18:55:33.643	CPIv1.5 EURUSD,M1: 2017.03.24 18:581 in EURUSD
0	18:57:33.701	CPIv1.5 YM,H1: 2017.03.24 19:0060Медвежий Доджи in YM
0	18:57:33.913	CPIv1.5 EURUSD,M1: 2017.03.24 19:001 in EURUSD
0	18:57:34.389	CPIv1.5 NQ,H1: 2017.03.24 19:0060 in NQ
0	19:00:34.604	CPIv1.5 EURUSD,M1: 2017.03.24 19:031 in EURUSD
0	19:03:33.794	CPIv1.5 EURUSD,M1: 2017.03.24 19:061 in EURUSD
0	19:06:36.200	CPIv1.5 EURUSD,M1: 2017.03.24 19:091 in EURUSD
0	19:07:33.965	CPIv1.5 EURUSD,M1: 2017.03.24 19:101 in EURUSD
0	19:10:33.645	CPIv1.5 EURUSD,M1: 2017.03.24 19:131Медвежий Доджи in EURUSD
0	19:11:33.869	CPIv1.5 EURUSD,M1: 2017.03.24 19:141Вечерняя звезда in EURUSD
0	19:16:34.190	CPIv1.5 EURUSD,M1: 2017.03.24 19:191 in EURUSD
0	19:18:33.601	CPIv1.5 EURUSD,M1: 2017.03.24 19:211Медвежий Доджи in EURUSD
0	19:19:33.730	CPIv1.5 EURUSD,M1: 2017.03.24 19:221 in EURUSD
0	19:20:33.669	CPIv1.5 EURUSD,M1: 2017.03.24 19:231Медвежий Доджи in EURUSD
0	19:21:33.843	CPIv1.5 EURUSD,M1: 2017.03.24 19:241 in EURUSD
0	19:24:34.454	CPIv1.5 EURUSD,M1: 2017.03.24 19:271 in EURUSD
0	19:25:34.738	CPIv1.5 EURUSD,M1: 2017.03.24 19:281Модель поглощения in EURUSD
0	19:26:33.784	CPIv1.5 EURUSD,M1: 2017.03.24 19:291Модель поглощения in EURUSD
0	19:27:33.642	CPIv1.5 EURUSD,M1: 2017.03.24 19:301Бычий Доджи in EURUSD
0	19:28:33.988	CPIv1.5 EURUSD,M1: 2017.03.24 19:311 in EURUSD
0	19:30:33.546	CPIv1.5 EURUSD,M1: 2017.03.24 19:331 in EURUSD
0	19:31:33.838	CPIv1.5 EURUSD,M1: 2017.03.24 19:341 in EURUSD
0	19:34:33.578	CPIv1.5 EURUSD,M1: 2017.03.24 19:371 in EURUSD
0	19:35:37.516	CPIv1.5 EURUSD,M1: 2017.03.24 19:381 in EURUSD
0	19:36:37.245	CPIv1.5 EURUSD,M1: 2017.03.24 19:391 in EURUSD
0	19:37:35.533	CPIv1.5 EURUSD,M1: 2017.03.24 19:401 in EURUSD
0	19:39:37.550	CPIv1.5 EURUSD,M1: 2017.03.24 19:421 in EURUSD
0	19:40:33.799	CPIv1.5 EURUSD,M1: 2017.03.24 19:431 in EURUSD
0	19:41:36.161	CPIv1.5 EURUSD,M1: 2017.03.24 19:441Бычий Доджи in EURUSD
0	19:42:34.144	CPIv1.5 EURUSD,M1: 2017.03.24 19:451 in EURUSD
0	19:43:33.528	CPIv1.5 EURUSD,M1: 2017.03.24 19:461 in EURUSD
0	19:46:36.516	CPIv1.5 EURUSD,M1: 2017.03.24 19:491 in EURUSD
0	19:47:34.065	CPIv1.5 EURUSD,M1: 2017.03.24 19:501 in EURUSD
0	19:49:33.646	CPIv1.5 EURUSD,M1: 2017.03.24 19:521Медвежий Доджи in EURUSD
0	19:50:33.860	CPIv1.5 EURUSD,M1: 2017.03.24 19:531Падающая звезда in EURUSD
0	19:51:33.645	CPIv1.5 EURUSD,M1: 2017.03.24 19:541 in EURUSD
0	19:52:33.729	CPIv1.5 EURUSD,M1: 2017.03.24 19:551 in EURUSD
0	19:54:33.705	CPIv1.5 EURUSD,M1: 2017.03.24 19:571 in EURUSD
0	19:55:34.661	CPIv1.5 EURUSD,M1: 2017.03.24 19:581 in EURUSD
0	19:56:33.697	CPIv1.5 EURUSD,M1: 2017.03.24 19:591 in EURUSD
0	19:57:34.220	CPIv1.5 NQ,H1: 2017.03.24 20:0060Медвежий Доджи in NQ
0	19:57:35.465	CPIv1.5 YM,H1: 2017.03.24 20:0060Медвежий Доджи in YM
0	19:58:34.568	CPIv1.5 EURUSD,M1: 2017.03.24 20:011Падающая звезда in EURUSD
0	20:00:33.820	CPIv1.5 EURUSD,M1: 2017.03.24 20:031 in EURUSD
0	20:03:35.354	CPIv1.5 EURUSD,M1: 2017.03.24 20:061Вечерняя звезда in EURUSD
0	20:04:33.718	CPIv1.5 EURUSD,M1: 2017.03.24 20:071 in EURUSD
0	20:07:34.006	CPIv1.5 EURUSD,M1: 2017.03.24 20:101 in EURUSD
0	20:08:34.564	CPIv1.5 EURUSD,M1: 2017.03.24 20:111 in EURUSD
0	20:11:37.927	CPIv1.5 EURUSD,M1: 2017.03.24 20:141 in EURUSD
0	20:12:33.645	CPIv1.5 EURUSD,M1: 2017.03.24 20:151 in EURUSD
0	20:15:38.025	CPIv1.5 EURUSD,M1: 2017.03.24 20:181Бычий Доджи in EURUSD
0	20:16:33.727	CPIv1.5 EURUSD,M1: 2017.03.24 20:191 in EURUSD
0	20:18:35.476	CPIv1.5 EURUSD,M1: 2017.03.24 20:211Медвежий Доджи in EURUSD
0	20:19:40.836	CPIv1.5 EURUSD,M1: 2017.03.24 20:221 in EURUSD
0	20:20:34.169	CPIv1.5 EURUSD,M1: 2017.03.24 20:231 in EURUSD
0	20:22:33.988	CPIv1.5 EURUSD,M1: 2017.03.24 20:251 in EURUSD
0	20:24:33.963	CPIv1.5 EURUSD,M1: 2017.03.24 20:271 in EURUSD
0	20:25:40.866	CPIv1.5 EURUSD,M1: 2017.03.24 20:281 in EURUSD
0	20:26:38.148	CPIv1.5 EURUSD,M1: 2017.03.24 20:291Падающая звезда in EURUSD
0	20:28:33.561	CPIv1.5 EURUSD,M1: 2017.03.24 20:311 in EURUSD
0	20:29:36.423	CPIv1.5 EURUSD,M1: 2017.03.24 20:321 in EURUSD
0	20:31:33.626	CPIv1.5 EURUSD,M1: 2017.03.24 20:341 in EURUSD
0	20:32:38.507	CPIv1.5 EURUSD,M1: 2017.03.24 20:351 in EURUSD
0	20:34:35.034	CPIv1.5 EURUSD,M1: 2017.03.24 20:371 in EURUSD
0	20:36:35.940	CPIv1.5 EURUSD,M1: 2017.03.24 20:391 in EURUSD
0	20:38:33.873	CPIv1.5 EURUSD,M1: 2017.03.24 20:411 in EURUSD
0	20:41:34.236	CPIv1.5 EURUSD,M1: 2017.03.24 20:441 in EURUSD
0	20:43:33.892	CPIv1.5 EURUSD,M1: 2017.03.24 20:461 in EURUSD
0	20:44:34.455	CPIv1.5 EURUSD,M1: 2017.03.24 20:471 in EURUSD
0	20:46:35.563	CPIv1.5 EURUSD,M1: 2017.03.24 20:491Модель поглощения in EURUSD
0	20:48:39.296	CPIv1.5 EURUSD,M1: 2017.03.24 20:511 in EURUSD
0	20:49:36.228	CPIv1.5 EURUSD,M1: 2017.03.24 20:521 in EURUSD
0	20:50:34.497	CPIv1.5 EURUSD,M1: 2017.03.24 20:531 in EURUSD
0	20:54:33.615	CPIv1.5 EURUSD,M1: 2017.03.24 20:571Бычий Доджи in EURUSD
0	20:55:33.613	CPIv1.5 EURUSD,M1: 2017.03.24 20:581Утрення звезда in EURUSD
0	20:56:33.599	CPIv1.5 EURUSD,M1: 2017.03.24 20:591 in EURUSD
0	20:57:33.804	CPIv1.5 EURUSD,M1: 2017.03.24 21:001Падающая звезда in EURUSD
0	20:57:33.817	CPIv1.5 NQ,H1: 2017.03.24 21:0060 in NQ
0	20:57:34.265	CPIv1.5 YM,H1: 2017.03.24 21:0060Бычий Доджи in YM
0	20:59:35.695	CPIv1.5 EURUSD,M1: 2017.03.24 21:021 in EURUSD
0	21:00:34.616	CPIv1.5 EURUSD,M1: 2017.03.24 21:031 in EURUSD
0	21:01:35.255	CPIv1.5 EURUSD,M1: 2017.03.24 21:041 in EURUSD
0	21:02:34.913	CPIv1.5 EURUSD,M1: 2017.03.24 21:051 in EURUSD
0	21:04:34.778	CPIv1.5 EURUSD,M1: 2017.03.24 21:071Бычий Доджи in EURUSD
0	21:05:36.913	CPIv1.5 EURUSD,M1: 2017.03.24 21:081Утрення звезда in EURUSD
0	21:06:33.643	CPIv1.5 EURUSD,M1: 2017.03.24 21:091 in EURUSD
0	21:07:34.284	CPIv1.5 EURUSD,M1: 2017.03.24 21:101Медвежий Доджи in EURUSD
0	21:09:36.574	CPIv1.5 EURUSD,M1: 2017.03.24 21:121 in EURUSD
0	21:11:38.475	CPIv1.5 EURUSD,M1: 2017.03.24 21:141 in EURUSD
0	21:13:37.236	CPIv1.5 EURUSD,M1: 2017.03.24 21:161 in EURUSD
0	21:14:35.999	CPIv1.5 EURUSD,M1: 2017.03.24 21:171Медвежий Доджи in EURUSD
0	21:15:33.998	CPIv1.5 EURUSD,M1: 2017.03.24 21:181 in EURUSD
0	21:16:35.096	CPIv1.5 EURUSD,M1: 2017.03.24 21:191 in EURUSD
0	21:18:33.549	CPIv1.5 EURUSD,M1: 2017.03.24 21:211 in EURUSD
0	21:19:36.373	CPIv1.5 EURUSD,M1: 2017.03.24 21:221 in EURUSD
0	21:20:33.697	CPIv1.5 EURUSD,M1: 2017.03.24 21:231 in EURUSD
0	21:24:36.140	CPIv1.5 EURUSD,M1: 2017.03.24 21:271Модель поглощения in EURUSD
0	21:25:33.889	CPIv1.5 EURUSD,M1: 2017.03.24 21:281 in EURUSD
0	21:26:34.899	CPIv1.5 EURUSD,M1: 2017.03.24 21:291 in EURUSD
0	21:29:36.263	CPIv1.5 EURUSD,M1: 2017.03.24 21:321Модель поглощения in EURUSD
0	21:30:33.980	CPIv1.5 EURUSD,M1: 2017.03.24 21:331 in EURUSD
0	21:32:33.752	CPIv1.5 EURUSD,M1: 2017.03.24 21:351 in EURUSD
0	21:33:34.871	CPIv1.5 EURUSD,M1: 2017.03.24 21:361 in EURUSD
0	21:35:34.237	CPIv1.5 EURUSD,M1: 2017.03.24 21:381 in EURUSD
0	21:38:35.272	CPIv1.5 EURUSD,M1: 2017.03.24 21:411 in EURUSD
0	21:39:34.080	CPIv1.5 EURUSD,M1: 2017.03.24 21:421 in EURUSD
0	21:40:33.738	CPIv1.5 EURUSD,M1: 2017.03.24 21:431Падающая звезда in EURUSD
0	21:41:34.104	CPIv1.5 EURUSD,M1: 2017.03.24 21:441 in EURUSD
0	21:42:33.965	CPIv1.5 EURUSD,M1: 2017.03.24 21:451 in EURUSD
0	21:44:40.963	CPIv1.5 EURUSD,M1: 2017.03.24 21:471 in EURUSD
0	21:45:34.003	CPIv1.5 EURUSD,M1: 2017.03.24 21:481 in EURUSD
0	21:48:34.057	CPIv1.5 EURUSD,M1: 2017.03.24 21:511 in EURUSD
0	21:50:38.127	CPIv1.5 EURUSD,M1: 2017.03.24 21:531 in EURUSD
0	21:51:43.781	CPIv1.5 EURUSD,M1: 2017.03.24 21:541 in EURUSD
0	21:53:38.102	CPIv1.5 EURUSD,M1: 2017.03.24 21:561 in EURUSD
0	21:54:33.952	CPIv1.5 EURUSD,M1: 2017.03.24 21:571 in EURUSD
0	21:55:35.960	CPIv1.5 EURUSD,M1: 2017.03.24 21:581 in EURUSD
0	21:56:34.176	CPIv1.5 EURUSD,M1: 2017.03.24 21:591 in EURUSD
0	21:57:33.717	CPIv1.5 EURUSD,M1: 2017.03.24 22:001 in EURUSD
0	21:57:33.725	CPIv1.5 NQ,H1: 2017.03.24 22:0060Бычий Доджи in NQ
0	21:57:33.783	CPIv1.5 YM,H1: 2017.03.24 22:0060Бычий Доджи in YM
0	21:58:33.774	CPIv1.5 EURUSD,M1: 2017.03.24 22:011 in EURUSD
0	21:59:33.765	CPIv1.5 EURUSD,M1: 2017.03.24 22:021Медвежий Доджи in EURUSD
0	22:00:33.827	CPIv1.5 EURUSD,M1: 2017.03.24 22:031 in EURUSD
0	22:02:36.698	CPIv1.5 EURUSD,M1: 2017.03.24 22:051 in EURUSD
0	22:03:35.381	CPIv1.5 EURUSD,M1: 2017.03.24 22:061Утрення звезда in EURUSD
0	22:05:33.639	CPIv1.5 EURUSD,M1: 2017.03.24 22:081Медвежий Доджи in EURUSD
0	22:06:35.267	CPIv1.5 EURUSD,M1: 2017.03.24 22:091 in EURUSD
0	22:07:33.698	CPIv1.5 EURUSD,M1: 2017.03.24 22:101 in EURUSD
0	22:08:33.781	CPIv1.5 EURUSD,M1: 2017.03.24 22:111 in EURUSD
0	22:10:34.214	CPIv1.5 EURUSD,M1: 2017.03.24 22:131Медвежий Доджи in EURUSD
0	22:11:34.121	CPIv1.5 EURUSD,M1: 2017.03.24 22:141Вечерняя звезда in EURUSD
0	22:12:34.199	CPIv1.5 EURUSD,M1: 2017.03.24 22:151 in EURUSD
0	22:13:34.268	CPIv1.5 EURUSD,M1: 2017.03.24 22:161 in EURUSD
0	22:15:35.688	CPIv1.5 EURUSD,M1: 2017.03.24 22:181 in EURUSD
0	22:17:33.790	CPIv1.5 EURUSD,M1: 2017.03.24 22:201 in EURUSD
0	22:18:33.884	CPIv1.5 EURUSD,M1: 2017.03.24 22:211Медвежий Доджи in EURUSD
0	22:19:33.771	CPIv1.5 EURUSD,M1: 2017.03.24 22:221 in EURUSD
0	22:20:33.606	CPIv1.5 EURUSD,M1: 2017.03.24 22:231 in EURUSD
0	22:21:33.754	CPIv1.5 EURUSD,M1: 2017.03.24 22:241 in EURUSD
0	22:22:33.685	CPIv1.5 EURUSD,M1: 2017.03.24 22:251 in EURUSD
0	22:23:33.705	CPIv1.5 EURUSD,M1: 2017.03.24 22:261Утрення звезда in EURUSD
0	22:24:34.828	CPIv1.5 EURUSD,M1: 2017.03.24 22:271 in EURUSD
0	22:25:34.510	CPIv1.5 EURUSD,M1: 2017.03.24 22:281Вечерняя звезда in EURUSD
0	22:26:33.821	CPIv1.5 EURUSD,M1: 2017.03.24 22:291 in EURUSD
0	22:27:33.726	CPIv1.5 EURUSD,M1: 2017.03.24 22:301Бычий Доджи in EURUSD
0	22:29:34.112	CPIv1.5 EURUSD,M1: 2017.03.24 22:321 in EURUSD
0	22:30:37.489	CPIv1.5 EURUSD,M1: 2017.03.24 22:331 in EURUSD
0	22:32:34.044	CPIv1.5 EURUSD,M1: 2017.03.24 22:351 in EURUSD
0	22:33:33.651	CPIv1.5 EURUSD,M1: 2017.03.24 22:361Бычий Доджи in EURUSD
0	22:34:33.726	CPIv1.5 EURUSD,M1: 2017.03.24 22:371 in EURUSD
0	22:38:33.814	CPIv1.5 EURUSD,M1: 2017.03.24 22:411Бычий Доджи in EURUSD
0	22:39:33.732	CPIv1.5 EURUSD,M1: 2017.03.24 22:421 in EURUSD
0	22:40:33.883	CPIv1.5 EURUSD,M1: 2017.03.24 22:431 in EURUSD
0	22:41:33.703	CPIv1.5 EURUSD,M1: 2017.03.24 22:441 in EURUSD
0	22:42:33.417	ax_adv_023 AUDUSD,M15: AUDUSD [SELLSTOP ]:(4109)trade is not allowed in the expert properties AUDUSD lot=0.01 price=0.76222 slippage=3 sl=0.76360 tp=0.00000 comment= exp=1490396401
0	22:42:33.671	CPIv1.5 EURUSD,M1: 2017.03.24 22:451Бычий Доджи in EURUSD
0	22:43:33.822	CPIv1.5 EURUSD,M1: 2017.03.24 22:461 in EURUSD
0	22:45:33.612	CPIv1.5 EURUSD,M1: 2017.03.24 22:481 in EURUSD
0	22:46:33.822	CPIv1.5 EURUSD,M1: 2017.03.24 22:491 in EURUSD
0	22:48:33.811	CPIv1.5 EURUSD,M1: 2017.03.24 22:511Бычий Доджи in EURUSD
0	22:49:33.881	CPIv1.5 EURUSD,M1: 2017.03.24 22:521 in EURUSD
0	22:50:33.616	CPIv1.5 EURUSD,M1: 2017.03.24 22:531Бычий Доджи in EURUSD
0	22:51:34.085	CPIv1.5 EURUSD,M1: 2017.03.24 22:541 in EURUSD
0	22:55:33.827	CPIv1.5 EURUSD,M1: 2017.03.24 22:581 in EURUSD
0	22:57:33.705	CPIv1.5 NQ,H1: 2017.03.24 23:0060Бычий Доджи in NQ
0	22:57:33.756	CPIv1.5 YM,H1: 2017.03.24 23:0060Бычий Доджи in YM
0	22:58:33.818	CPIv1.5 EURUSD,M1: 2017.03.24 23:011 in EURUSD
0	23:01:33.741	CPIv1.5 EURUSD,M1: 2017.03.24 23:041 in EURUSD
0	23:04:37.721	CPIv1.5 EURUSD,M1: 2017.03.24 23:071 in EURUSD
0	23:05:37.802	CPIv1.5 EURUSD,M1: 2017.03.24 23:081 in EURUSD
0	23:07:35.463	CPIv1.5 EURUSD,M1: 2017.03.24 23:101 in EURUSD
0	23:08:37.232	CPIv1.5 EURUSD,M1: 2017.03.24 23:111 in EURUSD
0	23:10:34.341	CPIv1.5 EURUSD,M1: 2017.03.24 23:131Падающая звезда in EURUSD
0	23:11:48.247	CPIv1.5 EURUSD,M1: 2017.03.24 23:141Вечерняя звезда in EURUSD
0	23:12:34.210	CPIv1.5 EURUSD,M1: 2017.03.24 23:151 in EURUSD
0	23:14:52.208	CPIv1.5 EURUSD,M1: 2017.03.24 23:171 in EURUSD
0	23:15:34.542	CPIv1.5 EURUSD,M1: 2017.03.24 23:181 in EURUSD
0	23:19:35.584	CPIv1.5 EURUSD,M1: 2017.03.24 23:221 in EURUSD
0	23:21:33.594	CPIv1.5 EURUSD,M1: 2017.03.24 23:241 in EURUSD
0	23:23:35.697	CPIv1.5 EURUSD,M1: 2017.03.24 23:261Модель поглощения in EURUSD
0	23:24:48.757	CPIv1.5 EURUSD,M1: 2017.03.24 23:271Модель поглощения in EURUSD
0	23:25:43.298	CPIv1.5 EURUSD,M1: 2017.03.24 23:281 in EURUSD
0	23:28:34.302	CPIv1.5 EURUSD,M1: 2017.03.24 23:311 in EURUSD
0	23:29:41.287	CPIv1.5 EURUSD,M1: 2017.03.24 23:321Падающая звезда in EURUSD
0	23:30:42.815	CPIv1.5 EURUSD,M1: 2017.03.24 23:331 in EURUSD
0	23:31:34.537	CPIv1.5 EURUSD,M1: 2017.03.24 23:341 in EURUSD
0	23:33:33.758	CPIv1.5 EURUSD,M1: 2017.03.24 23:361Бычий Доджи in EURUSD
0	23:34:34.833	CPIv1.5 EURUSD,M1: 2017.03.24 23:371 in EURUSD
0	23:35:35.022	CPIv1.5 EURUSD,M1: 2017.03.24 23:381 in EURUSD
0	23:38:35.555	CPIv1.5 EURUSD,M1: 2017.03.24 23:411 in EURUSD
0	23:39:34.055	CPIv1.5 EURUSD,M1: 2017.03.24 23:421 in EURUSD
0	23:40:33.801	CPIv1.5 EURUSD,M1: 2017.03.24 23:431Падающая звезда in EURUSD
0	23:41:39.133	CPIv1.5 EURUSD,M1: 2017.03.24 23:441Вечерняя звезда in EURUSD
0	23:42:33.747	CPIv1.5 EURUSD,M1: 2017.03.24 23:451 in EURUSD
0	23:43:33.717	CPIv1.5 EURUSD,M1: 2017.03.24 23:461Бычий Доджи in EURUSD
0	23:44:39.899	CPIv1.5 EURUSD,M1: 2017.03.24 23:471 in EURUSD
0	23:47:33.734	CPIv1.5 EURUSD,M1: 2017.03.24 23:501Падающая звезда in EURUSD
0	23:48:33.761	CPIv1.5 EURUSD,M1: 2017.03.24 23:511 in EURUSD
0	23:49:35.530	CPIv1.5 EURUSD,M1: 2017.03.24 23:521 in EURUSD
0	23:51:33.693	CPIv1.5 EURUSD,M1: 2017.03.24 23:541Вечерняя звезда in EURUSD
0	23:52:33.822	CPIv1.5 EURUSD,M1: 2017.03.24 23:551 in EURUSD
0	23:55:33.673	CPIv1.5 EURUSD,M1: 2017.03.24 23:581Бычий Доджи in EURUSD
