2	00:27:53.514	ax_adv_023 GBPUSD,M15: modify #71067998 buy 0.01 GBPUSD at 1.24128 sl: 1.24488 tp: 0.00000 ok
2	00:27:57.310	ax_adv_023 AUDUSD,M15: modify #71078481 buy 0.01 AUDUSD at 0.76601 sl: 0.76676 tp: 0.00000 ok
2	00:27:58.351	ax_adv_023 AUDUSD,M15: modify #71088313 buy 0.02 AUDUSD at 0.76683 sl: 0.76676 tp: 0.00000 ok
2	00:42:53.553	ax_adv_023 GBPUSD,M15: modify #71067998 buy 0.01 GBPUSD at 1.24128 sl: 1.24497 tp: 0.00000 ok
2	00:42:54.364	ax_adv_023 AUDUSD,M15: modify #71078481 buy 0.01 AUDUSD at 0.76601 sl: 0.76684 tp: 0.00000 ok
2	00:42:55.164	ax_adv_023 GBPUSD,M15: open #71125635 sell stop 0.01 GBPUSD at 1.24726 sl: 1.24816 ok
2	00:42:55.364	ax_adv_023 AUDUSD,M15: modify #71088313 buy 0.02 AUDUSD at 0.76683 sl: 0.76684 tp: 0.00000 ok
2	00:57:54.227	ax_adv_023 AUDUSD,M15: modify #71078481 buy 0.01 AUDUSD at 0.76601 sl: 0.76692 tp: 0.00000 ok
2	00:57:55.407	ax_adv_023 AUDUSD,M15: modify #71088313 buy 0.02 AUDUSD at 0.76683 sl: 0.76692 tp: 0.00000 ok
2	00:58:07.462	ax_adv_023 GBPUSD,M15: modify #71067998 buy 0.01 GBPUSD at 1.24128 sl: 1.24511 tp: 0.00000 ok
2	00:58:24.470	ax_adv_023 EURUSD,M15: modify #71118954 sell 0.01 EURUSD at 1.05442 sl: 1.05472 tp: 0.00000 ok
2	00:58:25.480	ax_adv_023 EURUSD,M15: open #71126722 sell 0.01 EURUSD at 1.05363 sl: 1.05472 ok
0	01:27:55.257	ax_adv_023 AUDUSD,M15: AUDUSD (130) invalid stops AUDUSD sl=0.76701
2	01:28:25.543	ax_adv_023 EURUSD,M15: modify #71118954 sell 0.01 EURUSD at 1.05442 sl: 1.05476 tp: 0.00000 ok
2	01:28:26.353	ax_adv_023 GBPUSD,M15: modify #71067998 buy 0.01 GBPUSD at 1.24128 sl: 1.24539 tp: 0.00000 ok
2	01:28:26.753	ax_adv_023 EURUSD,M15: modify #71126722 sell 0.01 EURUSD at 1.05363 sl: 1.05476 tp: 0.00000 ok
2	01:28:27.195	ax_adv_023 GBPUSD,M15: open #71128203 sell stop 0.01 GBPUSD at 1.24700 sl: 1.24803 ok
2	01:28:28.225	ax_adv_023 EURUSD,M15: open #71128206 buy stop 0.01 EURUSD at 1.05458 sl: 1.05309 ok
2	01:43:03.524	ax_adv_023 EURUSD,M15: modify #71118954 sell 0.01 EURUSD at 1.05442 sl: 1.05478 tp: 0.00000 ok
2	01:43:04.563	ax_adv_023 EURUSD,M15: modify #71126722 sell 0.01 EURUSD at 1.05363 sl: 1.05478 tp: 0.00000 ok
2	01:43:06.163	ax_adv_023 EURUSD,M15: open #71128812 buy stop 0.01 EURUSD at 1.05395 sl: 1.05303 ok
2	01:57:53.556	ax_adv_023 AUDUSD,M15: modify #71078481 buy 0.01 AUDUSD at 0.76601 sl: 0.76696 tp: 0.00000 ok
2	01:57:54.278	ax_adv_023 GBPUSD,M15: modify #71067998 buy 0.01 GBPUSD at 1.24128 sl: 1.24564 tp: 0.00000 ok
2	01:57:54.478	ax_adv_023 EURUSD,M15: modify #71118954 sell 0.01 EURUSD at 1.05442 sl: 1.05479 tp: 0.00000 ok
2	01:57:55.558	ax_adv_023 AUDUSD,M15: modify #71088313 buy 0.02 AUDUSD at 0.76683 sl: 0.76696 tp: 0.00000 ok
2	01:57:55.558	ax_adv_023 GBPUSD,M15: open #71129621 sell stop 0.01 GBPUSD at 1.24707 sl: 1.24811 ok
2	01:57:56.273	ax_adv_023 EURUSD,M15: modify #71126722 sell 0.01 EURUSD at 1.05363 sl: 1.05479 tp: 0.00000 ok
2	02:12:56.390	ax_adv_023 GBPUSD,M15: modify #71067998 buy 0.01 GBPUSD at 1.24128 sl: 1.24575 tp: 0.00000 ok
2	02:12:57.481	ax_adv_023 GBPUSD,M15: open #71130790 sell stop 0.01 GBPUSD at 1.24717 sl: 1.24896 ok
2	02:12:58.491	ax_adv_023 EURUSD,M15: modify #71118954 sell 0.01 EURUSD at 1.05442 sl: 1.05477 tp: 0.00000 ok
2	02:12:59.643	ax_adv_023 EURUSD,M15: modify #71126722 sell 0.01 EURUSD at 1.05363 sl: 1.05477 tp: 0.00000 ok
2	02:27:53.487	ax_adv_023 EURUSD,M15: modify #71118954 sell 0.01 EURUSD at 1.05442 sl: 1.05475 tp: 0.00000 ok
2	02:27:53.487	ax_adv_023 GBPUSD,M15: modify #71067998 buy 0.01 GBPUSD at 1.24128 sl: 1.24587 tp: 0.00000 ok
2	02:27:54.491	ax_adv_023 EURUSD,M15: modify #71126722 sell 0.01 EURUSD at 1.05363 sl: 1.05475 tp: 0.00000 ok
2	02:42:53.393	ax_adv_023 GBPUSD,M15: modify #71067998 buy 0.01 GBPUSD at 1.24128 sl: 1.24599 tp: 0.00000 ok
2	02:42:54.204	ax_adv_023 EURUSD,M15: modify #71118954 sell 0.01 EURUSD at 1.05442 sl: 1.05470 tp: 0.00000 ok
2	02:42:54.424	ax_adv_023 GBPUSD,M15: open #71132644 sell stop 0.01 GBPUSD at 1.24802 sl: 1.24920 ok
2	02:42:55.429	ax_adv_023 EURUSD,M15: modify #71126722 sell 0.01 EURUSD at 1.05363 sl: 1.05470 tp: 0.00000 ok
2	02:57:54.295	ax_adv_023 AUDUSD,M15: modify #71078481 buy 0.01 AUDUSD at 0.76601 sl: 0.76725 tp: 0.00000 ok
2	02:57:55.496	ax_adv_023 AUDUSD,M15: modify #71088313 buy 0.02 AUDUSD at 0.76683 sl: 0.76725 tp: 0.00000 ok
2	03:12:54.341	ax_adv_023 GBPUSD,M15: modify #71067998 buy 0.01 GBPUSD at 1.24128 sl: 1.24611 tp: 0.00000 ok
2	03:27:54.382	ax_adv_023 EURUSD,M15: modify #71128812 buy 0.01 EURUSD at 1.05395 sl: 1.05396 tp: 0.00000 ok
2	03:27:54.382	ax_adv_023 GBPUSD,M15: modify #71067998 buy 0.01 GBPUSD at 1.24128 sl: 1.24619 tp: 0.00000 ok
2	03:27:54.452	ax_adv_023 AUDUSD,M15: modify #71078481 buy 0.01 AUDUSD at 0.76601 sl: 0.76722 tp: 0.00000 ok
2	03:27:55.192	ax_adv_023 EURUSD,M15: open #71135876 buy 0.02 EURUSD at 1.05467 sl: 1.05396 ok
2	03:27:55.192	ax_adv_023 GBPUSD,M15: open #71135877 sell stop 0.01 GBPUSD at 1.24881 sl: 1.25002 ok
2	03:27:56.219	ax_adv_023 AUDUSD,M15: modify #71088313 buy 0.02 AUDUSD at 0.76683 sl: 0.76722 tp: 0.00000 ok
2	03:27:56.429	ax_adv_023 EURUSD,M15: open #71135884 sell stop 0.01 EURUSD at 1.05427 sl: 1.05525 ok
2	03:42:55.305	ax_adv_023 EURUSD,M15: modify #71128812 buy 0.01 EURUSD at 1.05395 sl: 1.05390 tp: 0.00000 ok
2	03:42:55.305	ax_adv_023 GBPUSD,M15: modify #71067998 buy 0.01 GBPUSD at 1.24128 sl: 1.24626 tp: 0.00000 ok
2	03:42:56.578	ax_adv_023 EURUSD,M15: modify #71135876 buy 0.02 EURUSD at 1.05467 sl: 1.05390 tp: 0.00000 ok
2	03:57:52.541	ax_adv_023 EURUSD,M15: modify #71135884 sell 0.01 EURUSD at 1.05427 sl: 1.05471 tp: 0.00000 ok
0	03:57:52.541	ax_adv_023 EURUSD,M15: EURUSD (130)invalid stops EURUSD lot=0.02 price=1.05433 slippage=3 sl=1.05463 tp=0.00000 comment=
2	04:12:53.565	ax_adv_023 GBPUSD,M15: modify #71067998 buy 0.01 GBPUSD at 1.24128 sl: 1.24645 tp: 0.00000 ok
2	04:12:55.405	ax_adv_023 GBPUSD,M15: open #71139757 sell stop 0.01 GBPUSD at 1.24926 sl: 1.25043 ok
2	04:27:53.533	ax_adv_023 EURUSD,M15: modify #71128812 buy 0.01 EURUSD at 1.05395 sl: 1.05380 tp: 0.00000 ok
2	04:27:55.331	ax_adv_023 EURUSD,M15: modify #71135876 buy 0.02 EURUSD at 1.05467 sl: 1.05380 tp: 0.00000 ok
2	04:57:53.277	ax_adv_023 GBPUSD,M15: modify #71067998 buy 0.01 GBPUSD at 1.24128 sl: 1.24682 tp: 0.00000 ok
2	04:57:53.277	ax_adv_023 EURUSD,M15: modify #71128812 buy 0.01 EURUSD at 1.05395 sl: 1.05381 tp: 0.00000 ok
2	04:57:54.578	ax_adv_023 EURUSD,M15: modify #71135876 buy 0.02 EURUSD at 1.05467 sl: 1.05381 tp: 0.00000 ok
2	04:57:54.578	ax_adv_023 GBPUSD,M15: open #71143656 sell stop 0.01 GBPUSD at 1.24975 sl: 1.25086 ok
2	04:57:56.462	ax_adv_023 EURUSD,M15: open #71143666 sell stop 0.01 EURUSD at 1.05455 sl: 1.05590 ok
2	05:12:53.262	ax_adv_023 EURUSD,M15: modify #71128812 buy 0.01 EURUSD at 1.05395 sl: 1.05383 tp: 0.00000 ok
2	05:12:54.441	ax_adv_023 EURUSD,M15: modify #71135876 buy 0.02 EURUSD at 1.05467 sl: 1.05383 tp: 0.00000 ok
2	05:12:56.535	ax_adv_023 GBPUSD,M15: modify #71067998 buy 0.01 GBPUSD at 1.24128 sl: 1.24697 tp: 0.00000 ok
2	05:27:56.575	ax_adv_023 EURUSD,M15: modify #71128812 buy 0.01 EURUSD at 1.05395 sl: 1.05388 tp: 0.00000 ok
2	05:27:56.575	ax_adv_023 GBPUSD,M15: modify #71067998 buy 0.01 GBPUSD at 1.24128 sl: 1.24713 tp: 0.00000 ok
2	05:27:58.276	ax_adv_023 EURUSD,M15: modify #71135876 buy 0.02 EURUSD at 1.05467 sl: 1.05388 tp: 0.00000 ok
2	05:27:58.276	ax_adv_023 GBPUSD,M15: open #71146136 sell stop 0.01 GBPUSD at 1.24923 sl: 1.25086 ok
2	05:27:59.576	ax_adv_023 EURUSD,M15: open #71146144 sell stop 0.01 EURUSD at 1.05443 sl: 1.05590 ok
2	05:42:52.553	ax_adv_023 GBPUSD,M15: modify #71067998 buy 0.01 GBPUSD at 1.24128 sl: 1.24728 tp: 0.00000 ok
2	05:42:54.381	ax_adv_023 GBPUSD,M15: open #71147220 sell stop 0.01 GBPUSD at 1.24967 sl: 1.25072 ok
2	05:57:52.425	ax_adv_023 GBPUSD,M15: modify #71067998 buy 0.01 GBPUSD at 1.24128 sl: 1.24741 tp: 0.00000 ok
2	05:57:52.625	ax_adv_023 EURUSD,M15: modify #71128812 buy 0.01 EURUSD at 1.05395 sl: 1.05390 tp: 0.00000 ok
2	05:57:53.445	ax_adv_023 EURUSD,M15: modify #71135876 buy 0.02 EURUSD at 1.05467 sl: 1.05390 tp: 0.00000 ok
2	06:12:52.438	ax_adv_023 GBPUSD,M15: modify #71067998 buy 0.01 GBPUSD at 1.24128 sl: 1.24758 tp: 0.00000 ok
2	06:12:54.260	ax_adv_023 EURUSD,M15: modify #71128812 buy 0.01 EURUSD at 1.05395 sl: 1.05393 tp: 0.00000 ok
2	06:12:55.482	ax_adv_023 EURUSD,M15: modify #71135876 buy 0.02 EURUSD at 1.05467 sl: 1.05393 tp: 0.00000 ok
2	06:27:53.330	ax_adv_023 EURUSD,M15: modify #71128812 buy 0.01 EURUSD at 1.05395 sl: 1.05397 tp: 0.00000 ok
2	06:27:53.330	ax_adv_023 GBPUSD,M15: modify #71067998 buy 0.01 GBPUSD at 1.24128 sl: 1.24772 tp: 0.00000 ok
2	06:27:54.589	ax_adv_023 EURUSD,M15: modify #71135876 buy 0.02 EURUSD at 1.05467 sl: 1.05397 tp: 0.00000 ok
2	06:42:53.347	ax_adv_023 EURUSD,M15: modify #71128812 buy 0.01 EURUSD at 1.05395 sl: 1.05403 tp: 0.00000 ok
2	06:42:53.547	ax_adv_023 GBPUSD,M15: modify #71067998 buy 0.01 GBPUSD at 1.24128 sl: 1.24787 tp: 0.00000 ok
2	06:42:54.590	ax_adv_023 EURUSD,M15: modify #71135876 buy 0.02 EURUSD at 1.05467 sl: 1.05403 tp: 0.00000 ok
2	06:57:52.469	ax_adv_023 GBPUSD,M15: modify #71067998 buy 0.01 GBPUSD at 1.24128 sl: 1.24803 tp: 0.00000 ok
2	07:27:53.603	ax_adv_023 GBPUSD,M15: modify #71067998 buy 0.01 GBPUSD at 1.24128 sl: 1.24826 tp: 0.00000 ok
2	07:42:55.459	ax_adv_023 GBPUSD,M15: modify #71067998 buy 0.01 GBPUSD at 1.24128 sl: 1.24838 tp: 0.00000 ok
2	07:57:52.535	ax_adv_023 GBPUSD,M15: modify #71067998 buy 0.01 GBPUSD at 1.24128 sl: 1.24852 tp: 0.00000 ok
0	07:57:54.077	ax_adv_023 EURUSD,M15: EURUSD (130) invalid stops EURUSD sl=1.05422
2	08:12:54.486	ax_adv_023 EURUSD,M15: modify #71135876 buy 0.02 EURUSD at 1.05467 sl: 1.05408 tp: 0.00000 ok
2	08:12:55.508	ax_adv_023 EURUSD,M15: open #71157878 buy stop 0.01 EURUSD at 1.05482 sl: 1.05402 ok
2	08:27:53.481	ax_adv_023 GBPUSD,M15: modify #71067998 buy 0.01 GBPUSD at 1.24128 sl: 1.24872 tp: 0.00000 ok
2	08:27:54.527	ax_adv_023 AUDUSD,M15: open #71158933 sell stop 0.01 AUDUSD at 0.76884 sl: 0.77005 ok
2	08:42:56.408	ax_adv_023 GBPUSD,M15: modify #71067998 buy 0.01 GBPUSD at 1.24128 sl: 1.24879 tp: 0.00000 ok
2	08:42:56.618	ax_adv_023 EURUSD,M15: modify #71128812 buy 0.01 EURUSD at 1.05395 sl: 1.05399 tp: 0.00000 ok
2	08:42:57.470	ax_adv_023 EURUSD,M15: modify #71135876 buy 0.02 EURUSD at 1.05467 sl: 1.05399 tp: 0.00000 ok
2	08:42:58.488	ax_adv_023 EURUSD,M15: open #71160017 buy stop 0.01 EURUSD at 1.05482 sl: 1.05395 ok
2	08:57:52.460	ax_adv_023 GBPUSD,M15: modify #71067998 buy 0.01 GBPUSD at 1.24128 sl: 1.24883 tp: 0.00000 ok
0	08:57:52.671	ax_adv_023 EURUSD,M15: EURUSD (130) invalid stops EURUSD sl=1.05410
2	09:27:53.353	ax_adv_023 GBPUSD,M15: modify #71067998 buy 0.01 GBPUSD at 1.24128 sl: 1.24892 tp: 0.00000 ok
2	09:27:53.573	ax_adv_023 EURUSD,M15: open #71163527 buy stop 0.01 EURUSD at 1.05420 sl: 1.05313 ok
2	09:42:52.465	ax_adv_023 GBPUSD,M15: modify #71067998 buy 0.01 GBPUSD at 1.24128 sl: 1.24878 tp: 0.00000 ok
2	09:57:53.367	ax_adv_023 EURUSD,M15: open #71166751 buy stop 0.01 EURUSD at 1.05310 sl: 1.05166 ok
2	09:57:53.367	ax_adv_023 GBPUSD,M15: open #71166753 buy stop 0.01 GBPUSD at 1.24946 sl: 1.24832 ok
2	10:42:55.606	ax_adv_023 EURUSD,M15: open #71172066 buy stop 0.01 EURUSD at 1.05206 sl: 1.05060 ok
0	11:12:52.779	ax_adv_023 EURUSD,M15: EURUSD [BUYSTOP ]:(130)invalid stops EURUSD lot=0.01 price=1.05146 slippage=3 sl=1.04989 tp=0.00000 comment= exp=1487759402
2	11:27:56.689	ax_adv_023 EURUSD,M15: open #71177444 buy stop 0.01 EURUSD at 1.05144 sl: 1.04943 ok
2	12:27:52.665	ax_adv_023 GBPUSD,M15: open #71184831 buy stop 0.01 GBPUSD at 1.24793 sl: 1.24559 ok
2	13:12:52.466	ax_adv_023 EURUSD,M15: open #71190424 buy stop 0.01 EURUSD at 1.05134 sl: 1.04990 ok
2	13:27:53.361	ax_adv_023 EURUSD,M15: open #71192135 buy stop 0.01 EURUSD at 1.05121 sl: 1.04983 ok
2	14:27:52.450	ax_adv_023 EURUSD,M15: open #71198861 buy stop 0.01 EURUSD at 1.05106 sl: 1.04934 ok
2	14:27:53.485	ax_adv_023 GBPUSD,M15: open #71198875 buy stop 0.01 GBPUSD at 1.24551 sl: 1.24390 ok
2	14:42:53.439	ax_adv_023 EURUSD,M15: open #71200594 buy stop 0.01 EURUSD at 1.05075 sl: 1.04936 ok
2	14:42:53.445	ax_adv_023 GBPUSD,M15: open #71200595 buy stop 0.01 GBPUSD at 1.24489 sl: 1.24290 ok
2	14:57:52.534	ax_adv_023 GBPUSD,M15: open #71202333 buy stop 0.01 GBPUSD at 1.24388 sl: 1.24201 ok
2	14:57:54.658	ax_adv_023 EURUSD,M15: open #71202366 buy stop 0.01 EURUSD at 1.05036 sl: 1.04904 ok
2	17:42:55.581	ax_adv_023 EURUSD,M15: open #71220474 sell stop 0.01 EURUSD at 1.05098 sl: 1.05237 ok
0	18:12:52.023	ax_adv_023 EURUSD,M15: EURUSD (130)invalid stops EURUSD lot=0.02 price=1.05122 slippage=3 sl=1.05152 tp=0.00000 comment=
2	18:57:52.614	ax_adv_023 EURUSD,M15: open #71229092 sell stop 0.01 EURUSD at 1.05229 sl: 1.05521 ok
2	20:12:51.632	ax_adv_023 EURUSD,M15: open #71237739 sell stop 0.01 EURUSD at 1.05454 sl: 1.05683 ok
2	21:12:54.551	ax_adv_023 GBPUSD,M15: open #71243807 buy stop 0.01 GBPUSD at 1.24414 sl: 1.24228 ok
2	22:57:51.555	ax_adv_023 EURUSD,M15: open #71254383 sell stop 0.01 EURUSD at 1.05597 sl: 1.05740 ok
2	23:42:51.596	ax_adv_023 AUDUSD,M15: open #71258516 sell stop 0.01 AUDUSD at 0.77023 sl: 0.77156 ok
2	23:58:04.619	ax_adv_023 AUDUSD,M15: open #71259984 sell stop 0.01 AUDUSD at 0.77025 sl: 0.77137 ok
2	23:58:04.620	ax_adv_023 GBPUSD,M15: open #71259994 sell stop 0.01 GBPUSD at 1.24546 sl: 1.24658 ok
