0	00:03:48.000	ax_adv_033_2 GBPUSD,M5: GBPUSD [BUYSTOP ]:(4109)trade is not allowed in the expert properties GBPUSD lot=0.01 price=1.25433 slippage=3 sl=1.25292 tp=1.25715 comment= exp=1492042802
0	00:03:48.004	ax_adv_033_2 EURUSD,M5: EURUSD [SELLSTOP ]:(4109)trade is not allowed in the expert properties EURUSD lot=0.01 price=1.06603 slippage=3 sl=1.06702 tp=1.06405 comment= exp=1492042802
0	00:03:48.999	ax_adv_033_2 USDJPY,M5: USDJPY [BUYSTOP ]:(4109)trade is not allowed in the expert properties USDJPY lot=0.01 price=109.071 slippage=3 sl=108.980 tp=109.253 comment= exp=1492042803
0	00:08:47.638	ax_adv_033_2 USDJPY,M5: USDJPY [BUYSTOP ]:(4109)trade is not allowed in the expert properties USDJPY lot=0.01 price=109.056 slippage=3 sl=109.009 tp=109.150 comment= exp=1492043101
0	00:08:47.832	ax_adv_033_2 GBPUSD,M5: GBPUSD [BUYSTOP ]:(4109)trade is not allowed in the expert properties GBPUSD lot=0.01 price=1.25454 slippage=3 sl=1.25378 tp=1.25606 comment= exp=1492043101
0	00:08:47.838	ax_adv_033_2 EURUSD,M5: EURUSD [SELLSTOP ]:(4109)trade is not allowed in the expert properties EURUSD lot=0.01 price=1.06612 slippage=3 sl=1.06708 tp=1.06420 comment= exp=1492043101
0	00:13:47.115	ax_adv_033_2 EURUSD,M5: EURUSD [SELLSTOP ]:(4109)trade is not allowed in the expert properties EURUSD lot=0.01 price=1.06644 slippage=3 sl=1.06736 tp=1.06460 comment= exp=1492043401
0	00:13:47.292	ax_adv_033_2 USDJPY,M5: USDJPY [BUYSTOP ]:(4109)trade is not allowed in the expert properties USDJPY lot=0.01 price=109.047 slippage=3 sl=108.905 tp=109.331 comment= exp=1492043401
0	00:13:47.906	ax_adv_033_2 GBPUSD,M5: GBPUSD [BUYSTOP ]:(4109)trade is not allowed in the expert properties GBPUSD lot=0.01 price=1.25461 slippage=3 sl=1.25390 tp=1.25603 comment= exp=1492043401
0	00:18:47.432	ax_adv_033_2 GBPUSD,M5: GBPUSD [BUYSTOP ]:(4109)trade is not allowed in the expert properties GBPUSD lot=0.01 price=1.25459 slippage=3 sl=1.25398 tp=1.25581 comment= exp=1492043701
0	00:18:48.052	ax_adv_033_2 EURUSD,M5: EURUSD [SELLSTOP ]:(4109)trade is not allowed in the expert properties EURUSD lot=0.01 price=1.06653 slippage=3 sl=1.06736 tp=1.06487 comment= exp=1492043701
0	00:18:50.066	ax_adv_033_2 USDJPY,M5: USDJPY [BUYSTOP ]:(4109)trade is not allowed in the expert properties USDJPY lot=0.01 price=108.974 slippage=3 sl=108.902 tp=109.118 comment= exp=1492043704
0	00:23:48.618	ax_adv_033_2 EURUSD,M5: EURUSD [SELLSTOP ]:(4109)trade is not allowed in the expert properties EURUSD lot=0.01 price=1.06665 slippage=3 sl=1.06728 tp=1.06539 comment= exp=1492044002
0	00:23:49.761	ax_adv_033_2 USDJPY,M5: USDJPY [BUYSTOP ]:(4109)trade is not allowed in the expert properties USDJPY lot=0.01 price=108.982 slippage=3 sl=108.907 tp=109.132 comment= exp=1492044003
0	00:28:47.451	ax_adv_033_2 EURUSD,M5: EURUSD [SELLSTOP ]:(4109)trade is not allowed in the expert properties EURUSD lot=0.01 price=1.06663 slippage=3 sl=1.06720 tp=1.06549 comment= exp=1492044301
0	00:28:53.972	ax_adv_033_2 USDJPY,M5: USDJPY [BUYSTOP ]:(4109)trade is not allowed in the expert properties USDJPY lot=0.01 price=108.991 slippage=3 sl=108.916 tp=109.141 comment= exp=1492044307
0	00:33:47.767	ax_adv_033_2 GBPUSD,M5: GBPUSD [BUYSTOP ]:(4109)trade is not allowed in the expert properties GBPUSD lot=0.01 price=1.25504 slippage=3 sl=1.25442 tp=1.25628 comment= exp=1492044601
0	00:33:47.774	ax_adv_033_2 EURUSD,M5: EURUSD [BUYSTOP ]:(4109)trade is not allowed in the expert properties EURUSD lot=0.01 price=1.06703 slippage=3 sl=1.06636 tp=1.06837 comment= exp=1492044601
0	00:33:49.382	ax_adv_033_2 USDJPY,M5: USDJPY [BUYSTOP ]:(4109)trade is not allowed in the expert properties USDJPY lot=0.01 price=108.997 slippage=3 sl=108.936 tp=109.119 comment= exp=1492044603
0	00:38:47.879	ax_adv_033_2 EURUSD,M5: EURUSD [BUYSTOP ]:(4109)trade is not allowed in the expert properties EURUSD lot=0.01 price=1.06699 slippage=3 sl=1.06637 tp=1.06823 comment= exp=1492044901
0	00:38:48.686	ax_adv_033_2 USDJPY,M5: USDJPY [SELLSTOP ]:(4109)trade is not allowed in the expert properties USDJPY lot=0.01 price=108.927 slippage=3 sl=108.980 tp=108.821 comment= exp=1492044902
0	00:39:04.357	ax_adv_033_2 GBPUSD,M5: GBPUSD [BUYSTOP ]:(4109)trade is not allowed in the expert properties GBPUSD lot=0.01 price=1.25478 slippage=3 sl=1.25431 tp=1.25572 comment= exp=1492044918
0	00:43:47.224	ax_adv_033_2 EURUSD,M5: EURUSD [BUYSTOP ]:(4109)trade is not allowed in the expert properties EURUSD lot=0.01 price=1.06715 slippage=3 sl=1.06646 tp=1.06853 comment= exp=1492045201
0	00:43:56.049	ax_adv_033_2 USDJPY,M5: USDJPY [SELLSTOP ]:(4109)trade is not allowed in the expert properties USDJPY lot=0.01 price=108.909 slippage=3 sl=108.972 tp=108.783 comment= exp=1492045209
0	00:48:48.975	ax_adv_033_2 EURUSD,M5: EURUSD [BUYSTOP ]:(4109)trade is not allowed in the expert properties EURUSD lot=0.01 price=1.06741 slippage=3 sl=1.06647 tp=1.06929 comment= exp=1492045502
0	00:49:00.537	ax_adv_033_2 USDJPY,M5: USDJPY [SELLSTOP ]:(4109)trade is not allowed in the expert properties USDJPY lot=0.01 price=108.900 slippage=3 sl=108.956 tp=108.788 comment= exp=1492045514
0	00:53:49.859	ax_adv_033_2 USDJPY,M5: USDJPY [BUYSTOP ]:(4109)trade is not allowed in the expert properties USDJPY lot=0.01 price=108.964 slippage=3 sl=108.907 tp=109.078 comment= exp=1492045803
0	00:54:02.899	ax_adv_033_2 EURUSD,M5: EURUSD [BUYSTOP ]:(4109)trade is not allowed in the expert properties EURUSD lot=0.01 price=1.06743 slippage=3 sl=1.06679 tp=1.06871 comment= exp=1492045816
0	00:58:47.170	ax_adv_033_2 USDJPY,M5: USDJPY [SELLSTOP ]:(4109)trade is not allowed in the expert properties USDJPY lot=0.01 price=108.908 slippage=3 sl=108.997 tp=108.730 comment= exp=1492046101
0	00:58:47.176	ax_adv_033_2 EURUSD,M5: EURUSD [BUYSTOP ]:(4109)trade is not allowed in the expert properties EURUSD lot=0.01 price=1.06716 slippage=3 sl=1.06646 tp=1.06856 comment= exp=1492046101
0	01:03:47.184	ax_adv_033_2 USDJPY,M5: USDJPY [SELLSTOP ]:(4109)trade is not allowed in the expert properties USDJPY lot=0.01 price=108.964 slippage=3 sl=109.064 tp=108.764 comment= exp=1492046401
0	01:03:47.189	ax_adv_033_2 EURUSD,M5: EURUSD [BUYSTOP ]:(4109)trade is not allowed in the expert properties EURUSD lot=0.01 price=1.06689 slippage=3 sl=1.06592 tp=1.06883 comment= exp=1492046401
0	01:08:47.250	ax_adv_033_2 EURUSD,M5: EURUSD [BUYSTOP ]:(4109)trade is not allowed in the expert properties EURUSD lot=0.01 price=1.06648 slippage=3 sl=1.06589 tp=1.06766 comment= exp=1492046701
0	01:08:47.251	ax_adv_033_2 USDJPY,M5: USDJPY [SELLSTOP ]:(4109)trade is not allowed in the expert properties USDJPY lot=0.01 price=109.010 slippage=3 sl=109.059 tp=108.912 comment= exp=1492046701
0	01:13:47.446	ax_adv_033_2 EURUSD,M5: EURUSD [BUYSTOP ]:(4109)trade is not allowed in the expert properties EURUSD lot=0.01 price=1.06661 slippage=3 sl=1.06593 tp=1.06797 comment= exp=1492047001
0	01:13:49.157	ax_adv_033_2 USDJPY,M5: USDJPY [SELLSTOP ]:(4109)trade is not allowed in the expert properties USDJPY lot=0.01 price=108.961 slippage=3 sl=109.054 tp=108.775 comment= exp=1492047003
0	01:18:47.652	ax_adv_033_2 USDJPY,M5: USDJPY [SELLSTOP ]:(4109)trade is not allowed in the expert properties USDJPY lot=0.01 price=108.978 slippage=3 sl=109.031 tp=108.872 comment= exp=1492047301
0	01:18:47.857	ax_adv_033_2 EURUSD,M5: EURUSD [BUYSTOP ]:(4109)trade is not allowed in the expert properties EURUSD lot=0.01 price=1.06658 slippage=3 sl=1.06600 tp=1.06774 comment= exp=1492047301
0	01:23:49.817	ax_adv_033_2 USDJPY,M5: USDJPY [SELLSTOP ]:(4109)trade is not allowed in the expert properties USDJPY lot=0.01 price=108.975 slippage=3 sl=109.048 tp=108.829 comment= exp=1492047603
0	01:28:47.223	ax_adv_033_2 USDJPY,M5: USDJPY [SELLSTOP ]:(4109)trade is not allowed in the expert properties USDJPY lot=0.01 price=108.976 slippage=3 sl=109.037 tp=108.854 comment= exp=1492047901
0	01:53:50.675	ax_adv_033_2 EURUSD,M5: EURUSD [BUYSTOP ]:(4109)trade is not allowed in the expert properties EURUSD lot=0.01 price=1.06691 slippage=3 sl=1.06631 tp=1.06811 comment= exp=1492049404
0	01:58:47.245	ax_adv_033_2 EURUSD,M5: EURUSD [BUYSTOP ]:(4109)trade is not allowed in the expert properties EURUSD lot=0.01 price=1.06703 slippage=3 sl=1.06643 tp=1.06823 comment= exp=1492049701
0	02:04:03.451	ax_adv_033_2 EURUSD,M5: EURUSD [BUYSTOP ]:(4109)trade is not allowed in the expert properties EURUSD lot=0.01 price=1.06709 slippage=3 sl=1.06647 tp=1.06833 comment= exp=1492050017
0	02:08:48.162	ax_adv_033_2 EURUSD,M5: EURUSD [BUYSTOP ]:(4109)trade is not allowed in the expert properties EURUSD lot=0.01 price=1.06693 slippage=3 sl=1.06632 tp=1.06815 comment= exp=1492050302
0	02:13:47.529	ax_adv_033_2 EURUSD,M5: EURUSD [BUYSTOP ]:(4109)trade is not allowed in the expert properties EURUSD lot=0.01 price=1.06669 slippage=3 sl=1.06622 tp=1.06763 comment= exp=1492050601
0	02:18:51.472	ax_adv_033_2 EURUSD,M5: EURUSD [BUYSTOP ]:(4109)trade is not allowed in the expert properties EURUSD lot=0.01 price=1.06687 slippage=3 sl=1.06621 tp=1.06819 comment= exp=1492050905
0	02:28:49.356	ax_adv_033_2 EURUSD,M5: EURUSD [BUYSTOP ]:(4109)trade is not allowed in the expert properties EURUSD lot=0.01 price=1.06726 slippage=3 sl=1.06643 tp=1.06892 comment= exp=1492051503
0	02:38:47.451	ax_adv_033_2 EURUSD,M5: EURUSD [BUYSTOP ]:(4109)trade is not allowed in the expert properties EURUSD lot=0.01 price=1.06739 slippage=3 sl=1.06687 tp=1.06843 comment= exp=1492052101
0	02:38:47.659	ax_adv_033_2 USDJPY,M5: USDJPY [BUYSTOP ]:(4109)trade is not allowed in the expert properties USDJPY lot=0.01 price=108.974 slippage=3 sl=108.888 tp=109.146 comment= exp=1492052101
0	02:43:47.744	ax_adv_033_2 EURUSD,M5: EURUSD [BUYSTOP ]:(4109)trade is not allowed in the expert properties EURUSD lot=0.01 price=1.06730 slippage=3 sl=1.06668 tp=1.06854 comment= exp=1492052401
0	02:43:53.537	ax_adv_033_2 GBPUSD,M5: GBPUSD [BUYSTOP ]:(4109)trade is not allowed in the expert properties GBPUSD lot=0.01 price=1.25520 slippage=3 sl=1.25456 tp=1.25648 comment= exp=1492052407
0	02:48:47.178	ax_adv_033_2 USDJPY,M5: USDJPY [SELLSTOP ]:(4109)trade is not allowed in the expert properties USDJPY lot=0.01 price=108.847 slippage=3 sl=108.938 tp=108.665 comment= exp=1492052701
0	02:48:51.695	ax_adv_033_2 EURUSD,M5: EURUSD [BUYSTOP ]:(4109)trade is not allowed in the expert properties EURUSD lot=0.01 price=1.06735 slippage=3 sl=1.06665 tp=1.06875 comment= exp=1492052705
0	02:49:08.617	ax_adv_033_2 GBPUSD,M5: GBPUSD [BUYSTOP ]:(4109)trade is not allowed in the expert properties GBPUSD lot=0.01 price=1.25520 slippage=3 sl=1.25468 tp=1.25624 comment= exp=1492052722
0	02:53:47.165	ax_adv_033_2 EURUSD,M5: EURUSD [BUYSTOP ]:(4109)trade is not allowed in the expert properties EURUSD lot=0.01 price=1.06738 slippage=3 sl=1.06684 tp=1.06846 comment= exp=1492053001
0	02:53:48.522	ax_adv_033_2 GBPUSD,M5: GBPUSD [BUYSTOP ]:(4109)trade is not allowed in the expert properties GBPUSD lot=0.01 price=1.25531 slippage=3 sl=1.25471 tp=1.25651 comment= exp=1492053002
0	02:53:50.768	ax_adv_033_2 USDJPY,M5: USDJPY [SELLSTOP ]:(4109)trade is not allowed in the expert properties USDJPY lot=0.01 price=108.832 slippage=3 sl=108.920 tp=108.656 comment= exp=1492053004
0	02:58:47.158	ax_adv_033_2 USDJPY,M5: USDJPY [SELLSTOP ]:(4109)trade is not allowed in the expert properties USDJPY lot=0.01 price=108.844 slippage=3 sl=108.921 tp=108.690 comment= exp=1492053301
0	02:58:47.163	ax_adv_033_2 EURUSD,M5: EURUSD [BUYSTOP ]:(4109)trade is not allowed in the expert properties EURUSD lot=0.01 price=1.06735 slippage=3 sl=1.06686 tp=1.06833 comment= exp=1492053301
0	02:58:47.359	ax_adv_033_2 GBPUSD,M5: GBPUSD [BUYSTOP ]:(4109)trade is not allowed in the expert properties GBPUSD lot=0.01 price=1.25521 slippage=3 sl=1.25468 tp=1.25627 comment= exp=1492053301
0	03:03:47.057	ax_adv_033_2 USDJPY,M5: USDJPY [SELLSTOP ]:(4109)trade is not allowed in the expert properties USDJPY lot=0.01 price=108.797 slippage=3 sl=108.972 tp=108.447 comment= exp=1492053601
0	03:03:47.257	ax_adv_033_2 GBPUSD,M5: GBPUSD [BUYSTOP ]:(4109)trade is not allowed in the expert properties GBPUSD lot=0.01 price=1.25554 slippage=3 sl=1.25456 tp=1.25750 comment= exp=1492053601
0	03:03:47.467	ax_adv_033_2 EURUSD,M5: EURUSD [BUYSTOP ]:(4109)trade is not allowed in the expert properties EURUSD lot=0.01 price=1.06721 slippage=3 sl=1.06625 tp=1.06913 comment= exp=1492053601
0	03:08:47.166	ax_adv_033_2 EURUSD,M5: EURUSD [BUYSTOP ]:(4109)trade is not allowed in the expert properties EURUSD lot=0.01 price=1.06701 slippage=3 sl=1.06621 tp=1.06861 comment= exp=1492053901
0	03:08:47.360	ax_adv_033_2 GBPUSD,M5: GBPUSD [SELLSTOP ]:(4109)trade is not allowed in the expert properties GBPUSD lot=0.01 price=1.25447 slippage=3 sl=1.25536 tp=1.25269 comment= exp=1492053901
0	03:08:50.184	ax_adv_033_2 USDJPY,M5: USDJPY [SELLSTOP ]:(4109)trade is not allowed in the expert properties USDJPY lot=0.01 price=108.829 slippage=3 sl=108.894 tp=108.699 comment= exp=1492053904
0	03:13:47.034	ax_adv_033_2 USDJPY,M5: USDJPY [SELLSTOP ]:(4109)trade is not allowed in the expert properties USDJPY lot=0.01 price=108.844 slippage=3 sl=108.936 tp=108.660 comment= exp=1492054201
0	03:13:48.035	ax_adv_033_2 GBPUSD,M5: GBPUSD [SELLSTOP ]:(4109)trade is not allowed in the expert properties GBPUSD lot=0.01 price=1.25452 slippage=3 sl=1.25519 tp=1.25318 comment= exp=1492054201
0	03:13:52.082	ax_adv_033_2 EURUSD,M5: EURUSD [BUYSTOP ]:(4109)trade is not allowed in the expert properties EURUSD lot=0.01 price=1.06686 slippage=3 sl=1.06629 tp=1.06800 comment= exp=1492054206
0	03:18:47.169	ax_adv_033_2 GBPUSD,M5: GBPUSD [SELLSTOP ]:(4109)trade is not allowed in the expert properties GBPUSD lot=0.01 price=1.25465 slippage=3 sl=1.25534 tp=1.25327 comment= exp=1492054501
0	03:18:47.574	ax_adv_033_2 USDJPY,M5: USDJPY [SELLSTOP ]:(4109)trade is not allowed in the expert properties USDJPY lot=0.01 price=108.839 slippage=3 sl=108.928 tp=108.661 comment= exp=1492054501
0	08:23:47.162	ax_adv_033_2 USDJPY,M5: USDJPY [BUYSTOP ]:(4109)trade is not allowed in the expert properties USDJPY lot=0.01 price=108.963 slippage=3 sl=108.880 tp=109.129 comment= exp=1492072802
0	08:28:46.901	ax_adv_033_2 USDJPY,M5: USDJPY [BUYSTOP ]:(4109)trade is not allowed in the expert properties USDJPY lot=0.01 price=108.987 slippage=3 sl=108.917 tp=109.127 comment= exp=1492073101
0	08:33:46.237	ax_adv_033_2 USDJPY,M5: USDJPY [BUYSTOP ]:(4109)trade is not allowed in the expert properties USDJPY lot=0.01 price=109.075 slippage=3 sl=108.934 tp=109.357 comment= exp=1492073401
0	08:38:46.339	ax_adv_033_2 USDJPY,M5: USDJPY [SELLSTOP ]:(4109)trade is not allowed in the expert properties USDJPY lot=0.01 price=108.987 slippage=3 sl=109.044 tp=108.873 comment= exp=1492073701
0	08:38:46.537	ax_adv_033_2 GBPUSD,M5: GBPUSD [BUYSTOP ]:(4109)trade is not allowed in the expert properties GBPUSD lot=0.01 price=1.25597 slippage=3 sl=1.25516 tp=1.25759 comment= exp=1492073701
0	08:43:46.133	ax_adv_033_2 USDJPY,M5: USDJPY [SELLSTOP ]:(4109)trade is not allowed in the expert properties USDJPY lot=0.01 price=109.008 slippage=3 sl=109.111 tp=108.802 comment= exp=1492074001
0	08:43:46.342	ax_adv_033_2 GBPUSD,M5: GBPUSD [BUYSTOP ]:(4109)trade is not allowed in the expert properties GBPUSD lot=0.01 price=1.25577 slippage=3 sl=1.25492 tp=1.25747 comment= exp=1492074001
0	08:48:46.094	ax_adv_033_2 USDJPY,M5: USDJPY [SELLSTOP ]:(4109)trade is not allowed in the expert properties USDJPY lot=0.01 price=109.007 slippage=3 sl=109.109 tp=108.803 comment= exp=1492074301
0	08:53:46.659	ax_adv_033_2 USDJPY,M5: USDJPY [SELLSTOP ]:(4109)trade is not allowed in the expert properties USDJPY lot=0.01 price=109.009 slippage=3 sl=109.062 tp=108.903 comment= exp=1492074601
0	08:58:46.291	ax_adv_033_2 EURUSD,M5: EURUSD [SELLSTOP ]:(4109)trade is not allowed in the expert properties EURUSD lot=0.01 price=1.06653 slippage=3 sl=1.06708 tp=1.06543 comment= exp=1492074901
0	08:58:46.294	ax_adv_033_2 GBPUSD,M5: GBPUSD [SELLSTOP ]:(4109)trade is not allowed in the expert properties GBPUSD lot=0.01 price=1.25576 slippage=3 sl=1.25650 tp=1.25428 comment= exp=1492074901
0	08:58:46.514	ax_adv_033_2 USDJPY,M5: USDJPY [SELLSTOP ]:(4109)trade is not allowed in the expert properties USDJPY lot=0.01 price=108.987 slippage=3 sl=109.068 tp=108.825 comment= exp=1492074901
0	09:03:46.311	ax_adv_033_2 GBPUSD,M5: GBPUSD [SELLSTOP ]:(4109)trade is not allowed in the expert properties GBPUSD lot=0.01 price=1.25599 slippage=3 sl=1.25662 tp=1.25473 comment= exp=1492075201
0	09:03:46.314	ax_adv_033_2 USDJPY,M5: USDJPY [SELLSTOP ]:(4109)trade is not allowed in the expert properties USDJPY lot=0.01 price=108.983 slippage=3 sl=109.087 tp=108.775 comment= exp=1492075201
0	09:08:46.330	ax_adv_033_2 GBPUSD,M5: GBPUSD [SELLSTOP ]:(4109)trade is not allowed in the expert properties GBPUSD lot=0.01 price=1.25616 slippage=3 sl=1.25731 tp=1.25386 comment= exp=1492075501
0	09:08:46.529	ax_adv_033_2 EURUSD,M5: EURUSD [SELLSTOP ]:(4109)trade is not allowed in the expert properties EURUSD lot=0.01 price=1.06681 slippage=3 sl=1.06762 tp=1.06519 comment= exp=1492075501
0	09:08:47.695	ax_adv_033_2 USDJPY,M5: USDJPY [SELLSTOP ]:(4109)trade is not allowed in the expert properties USDJPY lot=0.01 price=108.999 slippage=3 sl=109.112 tp=108.773 comment= exp=1492075502
0	09:13:46.046	ax_adv_033_2 GBPUSD,M5: GBPUSD [SELLSTOP ]:(4109)trade is not allowed in the expert properties GBPUSD lot=0.01 price=1.25608 slippage=3 sl=1.25735 tp=1.25354 comment= exp=1492075801
0	09:13:46.248	ax_adv_033_2 USDJPY,M5: USDJPY [SELLSTOP ]:(4109)trade is not allowed in the expert properties USDJPY lot=0.01 price=109.011 slippage=3 sl=109.150 tp=108.733 comment= exp=1492075801
0	09:13:46.877	ax_adv_033_2 EURUSD,M5: EURUSD [SELLSTOP ]:(4109)trade is not allowed in the expert properties EURUSD lot=0.01 price=1.06690 slippage=3 sl=1.06784 tp=1.06502 comment= exp=1492075801
0	09:18:46.590	ax_adv_033_2 USDJPY,M5: USDJPY [SELLSTOP ]:(4109)trade is not allowed in the expert properties USDJPY lot=0.01 price=109.046 slippage=3 sl=109.115 tp=108.908 comment= exp=1492076101
0	09:18:48.586	ax_adv_033_2 EURUSD,M5: EURUSD [SELLSTOP ]:(4109)trade is not allowed in the expert properties EURUSD lot=0.01 price=1.06706 slippage=3 sl=1.06752 tp=1.06614 comment= exp=1492076103
0	09:23:47.035	ax_adv_033_2 USDJPY,M5: USDJPY [SELLSTOP ]:(4109)trade is not allowed in the expert properties USDJPY lot=0.01 price=109.028 slippage=3 sl=109.094 tp=108.896 comment= exp=1492076401
0	09:28:46.545	ax_adv_033_2 USDJPY,M5: USDJPY [SELLSTOP ]:(4109)trade is not allowed in the expert properties USDJPY lot=0.01 price=109.041 slippage=3 sl=109.111 tp=108.901 comment= exp=1492076701
0	09:33:46.263	ax_adv_033_2 GBPUSD,M5: GBPUSD [BUYSTOP ]:(4109)trade is not allowed in the expert properties GBPUSD lot=0.01 price=1.25658 slippage=3 sl=1.25567 tp=1.25840 comment= exp=1492077001
0	09:33:46.265	ax_adv_033_2 USDJPY,M5: USDJPY [SELLSTOP ]:(4109)trade is not allowed in the expert properties USDJPY lot=0.01 price=109.044 slippage=3 sl=109.136 tp=108.860 comment= exp=1492077001
0	09:38:46.122	ax_adv_033_2 GBPUSD,M5: GBPUSD [BUYSTOP ]:(4109)trade is not allowed in the expert properties GBPUSD lot=0.01 price=1.25646 slippage=3 sl=1.25564 tp=1.25810 comment= exp=1492077301
0	09:38:47.520	ax_adv_033_2 EURUSD,M5: EURUSD [BUYSTOP ]:(4109)trade is not allowed in the expert properties EURUSD lot=0.01 price=1.06714 slippage=3 sl=1.06649 tp=1.06844 comment= exp=1492077302
0	09:38:51.903	ax_adv_033_2 USDJPY,M5: USDJPY [SELLSTOP ]:(4109)trade is not allowed in the expert properties USDJPY lot=0.01 price=109.083 slippage=3 sl=109.174 tp=108.901 comment= exp=1492077306
0	09:43:46.440	ax_adv_033_2 USDJPY,M5: USDJPY [SELLSTOP ]:(4109)trade is not allowed in the expert properties USDJPY lot=0.01 price=109.092 slippage=3 sl=109.158 tp=108.960 comment= exp=1492077601
0	09:43:46.441	ax_adv_033_2 GBPUSD,M5: GBPUSD [BUYSTOP ]:(4109)trade is not allowed in the expert properties GBPUSD lot=0.01 price=1.25621 slippage=3 sl=1.25521 tp=1.25821 comment= exp=1492077601
0	09:48:46.117	ax_adv_033_2 USDJPY,M5: USDJPY [SELLSTOP ]:(4109)trade is not allowed in the expert properties USDJPY lot=0.01 price=109.122 slippage=3 sl=109.250 tp=108.866 comment= exp=1492077901
0	09:48:46.319	ax_adv_033_2 GBPUSD,M5: GBPUSD [BUYSTOP ]:(4109)trade is not allowed in the expert properties GBPUSD lot=0.01 price=1.25545 slippage=3 sl=1.25470 tp=1.25695 comment= exp=1492077901
0	09:53:46.240	ax_adv_033_2 USDJPY,M5: USDJPY [SELLSTOP ]:(4109)trade is not allowed in the expert properties USDJPY lot=0.01 price=109.181 slippage=3 sl=109.242 tp=109.059 comment= exp=1492078201
0	09:58:46.436	ax_adv_033_2 USDJPY,M5: USDJPY [SELLSTOP ]:(4109)trade is not allowed in the expert properties USDJPY lot=0.01 price=109.166 slippage=3 sl=109.242 tp=109.014 comment= exp=1492078501
0	09:58:46.439	ax_adv_033_2 EURUSD,M5: EURUSD [SELLSTOP ]:(4109)trade is not allowed in the expert properties EURUSD lot=0.01 price=1.06494 slippage=3 sl=1.06566 tp=1.06350 comment= exp=1492078501
0	10:03:46.370	ax_adv_033_2 USDJPY,M5: USDJPY [SELLSTOP ]:(4109)trade is not allowed in the expert properties USDJPY lot=0.01 price=109.098 slippage=3 sl=109.214 tp=108.866 comment= exp=1492078801
0	10:03:46.969	ax_adv_033_2 EURUSD,M5: EURUSD [SELLSTOP ]:(4109)trade is not allowed in the expert properties EURUSD lot=0.01 price=1.06468 slippage=3 sl=1.06555 tp=1.06294 comment= exp=1492078801
0	10:08:46.137	ax_adv_033_2 USDJPY,M5: USDJPY [SELLSTOP ]:(4109)trade is not allowed in the expert properties USDJPY lot=0.01 price=109.075 slippage=3 sl=109.167 tp=108.891 comment= exp=1492079101
0	10:08:46.143	ax_adv_033_2 EURUSD,M5: EURUSD [BUYSTOP ]:(4109)trade is not allowed in the expert properties EURUSD lot=0.01 price=1.06574 slippage=3 sl=1.06488 tp=1.06746 comment= exp=1492079101
0	10:08:46.736	ax_adv_033_2 GBPUSD,M5: GBPUSD [SELLSTOP ]:(4109)trade is not allowed in the expert properties GBPUSD lot=0.01 price=1.25445 slippage=3 sl=1.25501 tp=1.25333 comment= exp=1492079101
0	10:13:46.244	ax_adv_033_2 GBPUSD,M5: GBPUSD [SELLSTOP ]:(4109)trade is not allowed in the expert properties GBPUSD lot=0.01 price=1.25436 slippage=3 sl=1.25531 tp=1.25246 comment= exp=1492079401
0	10:13:46.245	ax_adv_033_2 USDJPY,M5: USDJPY [SELLSTOP ]:(4109)trade is not allowed in the expert properties USDJPY lot=0.01 price=109.030 slippage=3 sl=109.121 tp=108.848 comment= exp=1492079401
0	10:13:46.248	ax_adv_033_2 EURUSD,M5: EURUSD [BUYSTOP ]:(4109)trade is not allowed in the expert properties EURUSD lot=0.01 price=1.06581 slippage=3 sl=1.06526 tp=1.06691 comment= exp=1492079401
0	10:18:46.876	ax_adv_033_2 GBPUSD,M5: GBPUSD [SELLSTOP ]:(4109)trade is not allowed in the expert properties GBPUSD lot=0.01 price=1.25495 slippage=3 sl=1.25581 tp=1.25323 comment= exp=1492079701
0	10:18:47.891	ax_adv_033_2 EURUSD,M5: EURUSD [SELLSTOP ]:(4109)trade is not allowed in the expert properties EURUSD lot=0.01 price=1.06535 slippage=3 sl=1.06593 tp=1.06419 comment= exp=1492079702
0	10:18:48.666	ax_adv_033_2 USDJPY,M5: USDJPY [SELLSTOP ]:(4109)trade is not allowed in the expert properties USDJPY lot=0.01 price=109.033 slippage=3 sl=109.102 tp=108.895 comment= exp=1492079703
0	10:23:46.291	ax_adv_033_2 USDJPY,M5: USDJPY [BUYSTOP ]:(4109)trade is not allowed in the expert properties USDJPY lot=0.01 price=109.143 slippage=3 sl=109.046 tp=109.337 comment= exp=1492080001
0	10:23:46.491	ax_adv_033_2 GBPUSD,M5: GBPUSD [SELLSTOP ]:(4109)trade is not allowed in the expert properties GBPUSD lot=0.01 price=1.25524 slippage=3 sl=1.25599 tp=1.25374 comment= exp=1492080001
0	10:23:46.907	ax_adv_033_2 EURUSD,M5: EURUSD [SELLSTOP ]:(4109)trade is not allowed in the expert properties EURUSD lot=0.01 price=1.06478 slippage=3 sl=1.06591 tp=1.06252 comment= exp=1492080001
0	10:28:46.292	ax_adv_033_2 GBPUSD,M5: GBPUSD [SELLSTOP ]:(4109)trade is not allowed in the expert properties GBPUSD lot=0.01 price=1.25523 slippage=3 sl=1.25635 tp=1.25299 comment= exp=1492080301
0	10:28:46.294	ax_adv_033_2 USDJPY,M5: USDJPY [BUYSTOP ]:(4109)trade is not allowed in the expert properties USDJPY lot=0.01 price=109.124 slippage=3 sl=109.043 tp=109.286 comment= exp=1492080301
0	10:28:46.298	ax_adv_033_2 EURUSD,M5: EURUSD [SELLSTOP ]:(4109)trade is not allowed in the expert properties EURUSD lot=0.01 price=1.06496 slippage=3 sl=1.06552 tp=1.06384 comment= exp=1492080301
0	10:33:46.122	ax_adv_033_2 GBPUSD,M5: GBPUSD [SELLSTOP ]:(4109)trade is not allowed in the expert properties GBPUSD lot=0.01 price=1.25561 slippage=3 sl=1.25646 tp=1.25391 comment= exp=1492080601
0	10:33:47.164	ax_adv_033_2 EURUSD,M5: EURUSD [SELLSTOP ]:(4109)trade is not allowed in the expert properties EURUSD lot=0.01 price=1.06500 slippage=3 sl=1.06553 tp=1.06394 comment= exp=1492080602
0	10:33:47.165	ax_adv_033_2 USDJPY,M5: USDJPY [BUYSTOP ]:(4109)trade is not allowed in the expert properties USDJPY lot=0.01 price=109.108 slippage=3 sl=109.039 tp=109.246 comment= exp=1492080602
0	10:38:46.200	ax_adv_033_2 GBPUSD,M5: GBPUSD [SELLSTOP ]:(4109)trade is not allowed in the expert properties GBPUSD lot=0.01 price=1.25524 slippage=3 sl=1.25601 tp=1.25370 comment= exp=1492080901
0	10:38:46.600	ax_adv_033_2 USDJPY,M5: USDJPY [BUYSTOP ]:(4109)trade is not allowed in the expert properties USDJPY lot=0.01 price=109.121 slippage=3 sl=109.054 tp=109.255 comment= exp=1492080901
0	10:38:48.421	ax_adv_033_2 EURUSD,M5: EURUSD [SELLSTOP ]:(4109)trade is not allowed in the expert properties EURUSD lot=0.01 price=1.06433 slippage=3 sl=1.06541 tp=1.06217 comment= exp=1492080903
0	10:43:46.712	ax_adv_033_2 USDJPY,M5: USDJPY [BUYSTOP ]:(4109)trade is not allowed in the expert properties USDJPY lot=0.01 price=109.104 slippage=3 sl=109.018 tp=109.276 comment= exp=1492081201
0	10:43:47.322	ax_adv_033_2 EURUSD,M5: EURUSD [BUYSTOP ]:(4109)trade is not allowed in the expert properties EURUSD lot=0.01 price=1.06507 slippage=3 sl=1.06444 tp=1.06633 comment= exp=1492081202
0	10:48:46.287	ax_adv_033_2 EURUSD,M5: EURUSD [BUYSTOP ]:(4109)trade is not allowed in the expert properties EURUSD lot=0.01 price=1.06479 slippage=3 sl=1.06417 tp=1.06603 comment= exp=1492081501
0	10:53:46.660	ax_adv_033_2 EURUSD,M5: EURUSD [BUYSTOP ]:(4109)trade is not allowed in the expert properties EURUSD lot=0.01 price=1.06486 slippage=3 sl=1.06430 tp=1.06598 comment= exp=1492081801
0	10:58:46.477	ax_adv_033_2 EURUSD,M5: EURUSD [BUYSTOP ]:(4109)trade is not allowed in the expert properties EURUSD lot=0.01 price=1.06478 slippage=3 sl=1.06412 tp=1.06610 comment= exp=1492082101
0	11:03:46.274	ax_adv_033_2 EURUSD,M5: EURUSD [BUYSTOP ]:(4109)trade is not allowed in the expert properties EURUSD lot=0.01 price=1.06493 slippage=3 sl=1.06422 tp=1.06635 comment= exp=1492082401
0	11:08:46.311	ax_adv_033_2 EURUSD,M5: EURUSD [BUYSTOP ]:(4109)trade is not allowed in the expert properties EURUSD lot=0.01 price=1.06504 slippage=3 sl=1.06432 tp=1.06648 comment= exp=1492082701
0	11:13:52.213	ax_adv_033_2 EURUSD,M5: EURUSD [BUYSTOP ]:(4109)trade is not allowed in the expert properties EURUSD lot=0.01 price=1.06516 slippage=3 sl=1.06440 tp=1.06668 comment= exp=1492083007
0	11:18:46.987	ax_adv_033_2 USDJPY,M5: USDJPY [SELLSTOP ]:(4109)trade is not allowed in the expert properties USDJPY lot=0.01 price=108.891 slippage=3 sl=108.960 tp=108.753 comment= exp=1492083301
0	11:18:46.992	ax_adv_033_2 EURUSD,M5: EURUSD [SELLSTOP ]:(4109)trade is not allowed in the expert properties EURUSD lot=0.01 price=1.06435 slippage=3 sl=1.06515 tp=1.06275 comment= exp=1492083301
0	11:23:46.339	ax_adv_033_2 USDJPY,M5: USDJPY [SELLSTOP ]:(4109)trade is not allowed in the expert properties USDJPY lot=0.01 price=108.925 slippage=3 sl=108.981 tp=108.813 comment= exp=1492083601
0	11:23:46.344	ax_adv_033_2 EURUSD,M5: EURUSD [SELLSTOP ]:(4109)trade is not allowed in the expert properties EURUSD lot=0.01 price=1.06446 slippage=3 sl=1.06504 tp=1.06330 comment= exp=1492083601
0	11:28:46.163	ax_adv_033_2 USDJPY,M5: USDJPY [SELLSTOP ]:(4109)trade is not allowed in the expert properties USDJPY lot=0.01 price=108.952 slippage=3 sl=109.004 tp=108.848 comment= exp=1492083901
0	11:28:46.587	ax_adv_033_2 EURUSD,M5: EURUSD [SELLSTOP ]:(4109)trade is not allowed in the expert properties EURUSD lot=0.01 price=1.06440 slippage=3 sl=1.06505 tp=1.06310 comment= exp=1492083901
0	11:33:46.372	ax_adv_033_2 USDJPY,M5: USDJPY [SELLSTOP ]:(4109)trade is not allowed in the expert properties USDJPY lot=0.01 price=108.972 slippage=3 sl=109.036 tp=108.844 comment= exp=1492084201
0	11:33:46.584	ax_adv_033_2 EURUSD,M5: EURUSD [SELLSTOP ]:(4109)trade is not allowed in the expert properties EURUSD lot=0.01 price=1.06409 slippage=3 sl=1.06480 tp=1.06267 comment= exp=1492084201
0	11:38:46.188	ax_adv_033_2 USDJPY,M5: USDJPY [SELLSTOP ]:(4109)trade is not allowed in the expert properties USDJPY lot=0.01 price=108.983 slippage=3 sl=109.066 tp=108.817 comment= exp=1492084501
0	11:38:47.191	ax_adv_033_2 EURUSD,M5: EURUSD [SELLSTOP ]:(4109)trade is not allowed in the expert properties EURUSD lot=0.01 price=1.06392 slippage=3 sl=1.06449 tp=1.06278 comment= exp=1492084502
0	11:43:46.266	ax_adv_033_2 GBPUSD,M5: GBPUSD [SELLSTOP ]:(4109)trade is not allowed in the expert properties GBPUSD lot=0.01 price=1.25393 slippage=3 sl=1.25469 tp=1.25241 comment= exp=1492084801
0	11:43:49.877	ax_adv_033_2 USDJPY,M5: USDJPY [SELLSTOP ]:(4109)trade is not allowed in the expert properties USDJPY lot=0.01 price=109.004 slippage=3 sl=109.065 tp=108.882 comment= exp=1492084804
0	11:43:52.641	ax_adv_033_2 EURUSD,M5: EURUSD [SELLSTOP ]:(4109)trade is not allowed in the expert properties EURUSD lot=0.01 price=1.06403 slippage=3 sl=1.06461 tp=1.06287 comment= exp=1492084807
0	11:48:46.163	ax_adv_033_2 USDJPY,M5: USDJPY [SELLSTOP ]:(4109)trade is not allowed in the expert properties USDJPY lot=0.01 price=109.023 slippage=3 sl=109.089 tp=108.891 comment= exp=1492085101
0	11:48:46.366	ax_adv_033_2 GBPUSD,M5: GBPUSD [SELLSTOP ]:(4109)trade is not allowed in the expert properties GBPUSD lot=0.01 price=1.25391 slippage=3 sl=1.25457 tp=1.25259 comment= exp=1492085101
0	11:48:46.373	ax_adv_033_2 EURUSD,M5: EURUSD [SELLSTOP ]:(4109)trade is not allowed in the expert properties EURUSD lot=0.01 price=1.06355 slippage=3 sl=1.06451 tp=1.06163 comment= exp=1492085101
0	11:53:46.220	ax_adv_033_2 GBPUSD,M5: GBPUSD [SELLSTOP ]:(4109)trade is not allowed in the expert properties GBPUSD lot=0.01 price=1.25390 slippage=3 sl=1.25463 tp=1.25244 comment= exp=1492085401
0	11:53:46.225	ax_adv_033_2 USDJPY,M5: USDJPY [SELLSTOP ]:(4109)trade is not allowed in the expert properties USDJPY lot=0.01 price=109.026 slippage=3 sl=109.090 tp=108.898 comment= exp=1492085401
0	11:53:46.226	ax_adv_033_2 EURUSD,M5: EURUSD [SELLSTOP ]:(4109)trade is not allowed in the expert properties EURUSD lot=0.01 price=1.06367 slippage=3 sl=1.06421 tp=1.06259 comment= exp=1492085401
0	11:58:46.538	ax_adv_033_2 EURUSD,M5: EURUSD [SELLSTOP ]:(4109)trade is not allowed in the expert properties EURUSD lot=0.01 price=1.06384 slippage=3 sl=1.06441 tp=1.06270 comment= exp=1492085701
0	11:58:46.733	ax_adv_033_2 GBPUSD,M5: GBPUSD [SELLSTOP ]:(4109)trade is not allowed in the expert properties GBPUSD lot=0.01 price=1.25414 slippage=3 sl=1.25505 tp=1.25232 comment= exp=1492085701
0	12:03:46.519	ax_adv_033_2 GBPUSD,M5: GBPUSD [SELLSTOP ]:(4109)trade is not allowed in the expert properties GBPUSD lot=0.01 price=1.25431 slippage=3 sl=1.25534 tp=1.25225 comment= exp=1492086001
0	12:03:46.526	ax_adv_033_2 EURUSD,M5: EURUSD [SELLSTOP ]:(4109)trade is not allowed in the expert properties EURUSD lot=0.01 price=1.06409 slippage=3 sl=1.06472 tp=1.06283 comment= exp=1492086001
0	12:08:46.394	ax_adv_033_2 EURUSD,M5: EURUSD [SELLSTOP ]:(4109)trade is not allowed in the expert properties EURUSD lot=0.01 price=1.06412 slippage=3 sl=1.06474 tp=1.06288 comment= exp=1492086301
0	12:13:48.448	ax_adv_033_2 GBPUSD,M5: GBPUSD [SELLSTOP ]:(4109)trade is not allowed in the expert properties GBPUSD lot=0.01 price=1.25510 slippage=3 sl=1.25588 tp=1.25354 comment= exp=1492086603
0	12:13:50.461	ax_adv_033_2 USDJPY,M5: USDJPY [BUYSTOP ]:(4109)trade is not allowed in the expert properties USDJPY lot=0.01 price=109.058 slippage=3 sl=108.998 tp=109.178 comment= exp=1492086605
0	12:13:50.465	ax_adv_033_2 EURUSD,M5: EURUSD [SELLSTOP ]:(4109)trade is not allowed in the expert properties EURUSD lot=0.01 price=1.06405 slippage=3 sl=1.06467 tp=1.06281 comment= exp=1492086605
0	12:18:47.048	ax_adv_033_2 GBPUSD,M5: GBPUSD [SELLSTOP ]:(4109)trade is not allowed in the expert properties GBPUSD lot=0.01 price=1.25513 slippage=3 sl=1.25564 tp=1.25411 comment= exp=1492086901
0	12:18:49.016	ax_adv_033_2 USDJPY,M5: USDJPY [BUYSTOP ]:(4109)trade is not allowed in the expert properties USDJPY lot=0.01 price=109.069 slippage=3 sl=109.011 tp=109.185 comment= exp=1492086903
0	12:18:51.505	ax_adv_033_2 EURUSD,M5: EURUSD [SELLSTOP ]:(4109)trade is not allowed in the expert properties EURUSD lot=0.01 price=1.06418 slippage=3 sl=1.06467 tp=1.06320 comment= exp=1492086906
0	12:23:46.188	ax_adv_033_2 GBPUSD,M5: GBPUSD [SELLSTOP ]:(4109)trade is not allowed in the expert properties GBPUSD lot=0.01 price=1.25459 slippage=3 sl=1.25560 tp=1.25257 comment= exp=1492087201
0	12:23:46.782	ax_adv_033_2 USDJPY,M5: USDJPY [BUYSTOP ]:(4109)trade is not allowed in the expert properties USDJPY lot=0.01 price=109.045 slippage=3 sl=108.997 tp=109.141 comment= exp=1492087201
0	12:23:46.786	ax_adv_033_2 EURUSD,M5: EURUSD [SELLSTOP ]:(4109)trade is not allowed in the expert properties EURUSD lot=0.01 price=1.06419 slippage=3 sl=1.06465 tp=1.06327 comment= exp=1492087201
0	12:28:47.043	ax_adv_033_2 EURUSD,M5: EURUSD [SELLSTOP ]:(4109)trade is not allowed in the expert properties EURUSD lot=0.01 price=1.06396 slippage=3 sl=1.06482 tp=1.06224 comment= exp=1492087501
0	12:28:48.043	ax_adv_033_2 USDJPY,M5: USDJPY [BUYSTOP ]:(4109)trade is not allowed in the expert properties USDJPY lot=0.01 price=109.034 slippage=3 sl=108.974 tp=109.154 comment= exp=1492087502
0	12:33:48.262	ax_adv_033_2 USDJPY,M5: USDJPY [BUYSTOP ]:(4109)trade is not allowed in the expert properties USDJPY lot=0.01 price=109.029 slippage=3 sl=108.966 tp=109.155 comment= exp=1492087803
0	12:38:46.760	ax_adv_033_2 EURUSD,M5: EURUSD [SELLSTOP ]:(4109)trade is not allowed in the expert properties EURUSD lot=0.01 price=1.06369 slippage=3 sl=1.06429 tp=1.06249 comment= exp=1492088101
0	12:43:46.278	ax_adv_033_2 GBPUSD,M5: GBPUSD [SELLSTOP ]:(4109)trade is not allowed in the expert properties GBPUSD lot=0.01 price=1.25327 slippage=3 sl=1.25409 tp=1.25163 comment= exp=1492088401
0	12:43:46.282	ax_adv_033_2 EURUSD,M5: EURUSD [SELLSTOP ]:(4109)trade is not allowed in the expert properties EURUSD lot=0.01 price=1.06374 slippage=3 sl=1.06416 tp=1.06290 comment= exp=1492088401
0	12:48:46.520	ax_adv_033_2 USDJPY,M5: USDJPY [SELLSTOP ]:(4109)trade is not allowed in the expert properties USDJPY lot=0.01 price=108.939 slippage=3 sl=109.004 tp=108.809 comment= exp=1492088701
0	12:48:53.375	ax_adv_033_2 GBPUSD,M5: GBPUSD [SELLSTOP ]:(4109)trade is not allowed in the expert properties GBPUSD lot=0.01 price=1.25376 slippage=3 sl=1.25441 tp=1.25246 comment= exp=1492088708
0	12:53:46.332	ax_adv_033_2 GBPUSD,M5: GBPUSD [SELLSTOP ]:(4109)trade is not allowed in the expert properties GBPUSD lot=0.01 price=1.25369 slippage=3 sl=1.25451 tp=1.25205 comment= exp=1492089001
0	12:53:46.854	ax_adv_033_2 USDJPY,M5: USDJPY [SELLSTOP ]:(4109)trade is not allowed in the expert properties USDJPY lot=0.01 price=108.916 slippage=3 sl=108.989 tp=108.770 comment= exp=1492089001
0	12:58:46.362	ax_adv_033_2 GBPUSD,M5: GBPUSD [SELLSTOP ]:(4109)trade is not allowed in the expert properties GBPUSD lot=0.01 price=1.25359 slippage=3 sl=1.25424 tp=1.25229 comment= exp=1492089301
0	12:58:47.376	ax_adv_033_2 USDJPY,M5: USDJPY [SELLSTOP ]:(4109)trade is not allowed in the expert properties USDJPY lot=0.01 price=108.904 slippage=3 sl=108.972 tp=108.768 comment= exp=1492089302
0	13:03:46.574	ax_adv_033_2 USDJPY,M5: USDJPY [SELLSTOP ]:(4109)trade is not allowed in the expert properties USDJPY lot=0.01 price=108.903 slippage=3 sl=108.950 tp=108.809 comment= exp=1492089601
0	13:03:47.378	ax_adv_033_2 GBPUSD,M5: GBPUSD [SELLSTOP ]:(4109)trade is not allowed in the expert properties GBPUSD lot=0.01 price=1.25355 slippage=3 sl=1.25435 tp=1.25195 comment= exp=1492089602
0	13:08:46.200	ax_adv_033_2 GBPUSD,M5: GBPUSD [SELLSTOP ]:(4109)trade is not allowed in the expert properties GBPUSD lot=0.01 price=1.25367 slippage=3 sl=1.25471 tp=1.25159 comment= exp=1492089901
0	13:08:46.798	ax_adv_033_2 USDJPY,M5: USDJPY [SELLSTOP ]:(4109)trade is not allowed in the expert properties USDJPY lot=0.01 price=108.906 slippage=3 sl=108.959 tp=108.800 comment= exp=1492089901
0	13:13:46.226	ax_adv_033_2 GBPUSD,M5: GBPUSD [SELLSTOP ]:(4109)trade is not allowed in the expert properties GBPUSD lot=0.01 price=1.25407 slippage=3 sl=1.25470 tp=1.25281 comment= exp=1492090201
0	13:13:48.869	ax_adv_033_2 USDJPY,M5: USDJPY [SELLSTOP ]:(4109)trade is not allowed in the expert properties USDJPY lot=0.01 price=108.914 slippage=3 sl=108.965 tp=108.812 comment= exp=1492090203
0	13:18:46.220	ax_adv_033_2 GBPUSD,M5: GBPUSD [SELLSTOP ]:(4109)trade is not allowed in the expert properties GBPUSD lot=0.01 price=1.25384 slippage=3 sl=1.25452 tp=1.25248 comment= exp=1492090501
0	13:18:46.223	ax_adv_033_2 USDJPY,M5: USDJPY [SELLSTOP ]:(4109)trade is not allowed in the expert properties USDJPY lot=0.01 price=108.910 slippage=3 sl=108.959 tp=108.812 comment= exp=1492090501
0	13:23:46.272	ax_adv_033_2 GBPUSD,M5: GBPUSD [SELLSTOP ]:(4109)trade is not allowed in the expert properties GBPUSD lot=0.01 price=1.25388 slippage=3 sl=1.25440 tp=1.25284 comment= exp=1492090801
0	13:23:46.467	ax_adv_033_2 USDJPY,M5: USDJPY [SELLSTOP ]:(4109)trade is not allowed in the expert properties USDJPY lot=0.01 price=108.929 slippage=3 sl=108.986 tp=108.815 comment= exp=1492090801
0	13:28:46.414	ax_adv_033_2 USDJPY,M5: USDJPY [SELLSTOP ]:(4109)trade is not allowed in the expert properties USDJPY lot=0.01 price=108.954 slippage=3 sl=109.018 tp=108.826 comment= exp=1492091101
0	13:28:46.817	ax_adv_033_2 GBPUSD,M5: GBPUSD [SELLSTOP ]:(4109)trade is not allowed in the expert properties GBPUSD lot=0.01 price=1.25381 slippage=3 sl=1.25438 tp=1.25267 comment= exp=1492091101
0	13:33:46.273	ax_adv_033_2 USDJPY,M5: USDJPY [SELLSTOP ]:(4109)trade is not allowed in the expert properties USDJPY lot=0.01 price=108.955 slippage=3 sl=109.022 tp=108.821 comment= exp=1492091401
0	13:33:46.274	ax_adv_033_2 GBPUSD,M5: GBPUSD [SELLSTOP ]:(4109)trade is not allowed in the expert properties GBPUSD lot=0.01 price=1.25368 slippage=3 sl=1.25449 tp=1.25206 comment= exp=1492091401
0	13:38:47.411	ax_adv_033_2 USDJPY,M5: USDJPY [SELLSTOP ]:(4109)trade is not allowed in the expert properties USDJPY lot=0.01 price=108.988 slippage=3 sl=109.042 tp=108.880 comment= exp=1492091702
0	13:38:47.412	ax_adv_033_2 GBPUSD,M5: GBPUSD [SELLSTOP ]:(4109)trade is not allowed in the expert properties GBPUSD lot=0.01 price=1.25290 slippage=3 sl=1.25409 tp=1.25052 comment= exp=1492091702
0	13:43:46.160	ax_adv_033_2 GBPUSD,M5: GBPUSD [SELLSTOP ]:(4109)trade is not allowed in the expert properties GBPUSD lot=0.01 price=1.25342 slippage=3 sl=1.25401 tp=1.25224 comment= exp=1492092001
0	13:43:46.166	ax_adv_033_2 EURUSD,M5: EURUSD [SELLSTOP ]:(4109)trade is not allowed in the expert properties EURUSD lot=0.01 price=1.06329 slippage=3 sl=1.06387 tp=1.06213 comment= exp=1492092001
0	13:43:46.555	ax_adv_033_2 USDJPY,M5: USDJPY [SELLSTOP ]:(4109)trade is not allowed in the expert properties USDJPY lot=0.01 price=108.994 slippage=3 sl=109.081 tp=108.820 comment= exp=1492092001
0	13:48:46.612	ax_adv_033_2 GBPUSD,M5: GBPUSD [SELLSTOP ]:(4109)trade is not allowed in the expert properties GBPUSD lot=0.01 price=1.25368 slippage=3 sl=1.25429 tp=1.25246 comment= exp=1492092301
0	13:48:47.636	ax_adv_033_2 EURUSD,M5: EURUSD [SELLSTOP ]:(4109)trade is not allowed in the expert properties EURUSD lot=0.01 price=1.06343 slippage=3 sl=1.06395 tp=1.06239 comment= exp=1492092302
0	13:48:49.414	ax_adv_033_2 USDJPY,M5: USDJPY [SELLSTOP ]:(4109)trade is not allowed in the expert properties USDJPY lot=0.01 price=109.022 slippage=3 sl=109.082 tp=108.902 comment= exp=1492092304
0	13:53:47.501	ax_adv_033_2 GBPUSD,M5: GBPUSD [SELLSTOP ]:(4109)trade is not allowed in the expert properties GBPUSD lot=0.01 price=1.25376 slippage=3 sl=1.25433 tp=1.25262 comment= exp=1492092602
0	13:53:49.644	ax_adv_033_2 EURUSD,M5: EURUSD [SELLSTOP ]:(4109)trade is not allowed in the expert properties EURUSD lot=0.01 price=1.06335 slippage=3 sl=1.06392 tp=1.06221 comment= exp=1492092604
0	13:58:46.295	ax_adv_033_2 EURUSD,M5: EURUSD [SELLSTOP ]:(4109)trade is not allowed in the expert properties EURUSD lot=0.01 price=1.06345 slippage=3 sl=1.06392 tp=1.06251 comment= exp=1492092901
0	13:58:46.489	ax_adv_033_2 GBPUSD,M5: GBPUSD [SELLSTOP ]:(4109)trade is not allowed in the expert properties GBPUSD lot=0.01 price=1.25389 slippage=3 sl=1.25450 tp=1.25267 comment= exp=1492092901
0	14:03:47.216	ax_adv_033_2 EURUSD,M5: EURUSD [SELLSTOP ]:(4109)trade is not allowed in the expert properties EURUSD lot=0.01 price=1.06343 slippage=3 sl=1.06389 tp=1.06251 comment= exp=1492093202
0	14:03:47.427	ax_adv_033_2 GBPUSD,M5: GBPUSD [SELLSTOP ]:(4109)trade is not allowed in the expert properties GBPUSD lot=0.01 price=1.25379 slippage=3 sl=1.25443 tp=1.25251 comment= exp=1492093202
0	14:08:46.731	ax_adv_033_2 USDJPY,M5: USDJPY [BUYSTOP ]:(4109)trade is not allowed in the expert properties USDJPY lot=0.01 price=109.051 slippage=3 sl=108.995 tp=109.163 comment= exp=1492093501
0	14:08:50.483	ax_adv_033_2 EURUSD,M5: EURUSD [SELLSTOP ]:(4109)trade is not allowed in the expert properties EURUSD lot=0.01 price=1.06344 slippage=3 sl=1.06394 tp=1.06244 comment= exp=1492093505
0	14:13:48.853	ax_adv_033_2 GBPUSD,M5: GBPUSD [SELLSTOP ]:(4109)trade is not allowed in the expert properties GBPUSD lot=0.01 price=1.25338 slippage=3 sl=1.25420 tp=1.25174 comment= exp=1492093803
0	14:13:48.873	ax_adv_033_2 EURUSD,M5: EURUSD [SELLSTOP ]:(4109)trade is not allowed in the expert properties EURUSD lot=0.01 price=1.06358 slippage=3 sl=1.06405 tp=1.06264 comment= exp=1492093803
0	14:13:49.800	ax_adv_033_2 USDJPY,M5: USDJPY [BUYSTOP ]:(4109)trade is not allowed in the expert properties USDJPY lot=0.01 price=109.039 slippage=3 sl=108.991 tp=109.135 comment= exp=1492093804
0	14:18:47.632	ax_adv_033_2 EURUSD,M5: EURUSD [SELLSTOP ]:(4109)trade is not allowed in the expert properties EURUSD lot=0.01 price=1.06370 slippage=3 sl=1.06410 tp=1.06290 comment= exp=1492094102
0	14:18:47.830	ax_adv_033_2 USDJPY,M5: USDJPY [BUYSTOP ]:(4109)trade is not allowed in the expert properties USDJPY lot=0.01 price=109.054 slippage=3 sl=108.983 tp=109.196 comment= exp=1492094102
0	14:23:47.684	ax_adv_033_2 USDJPY,M5: USDJPY [BUYSTOP ]:(4109)trade is not allowed in the expert properties USDJPY lot=0.01 price=109.103 slippage=3 sl=108.997 tp=109.315 comment= exp=1492094402
0	14:23:47.691	ax_adv_033_2 EURUSD,M5: EURUSD [SELLSTOP ]:(4109)trade is not allowed in the expert properties EURUSD lot=0.01 price=1.06350 slippage=3 sl=1.06419 tp=1.06212 comment= exp=1492094402
0	14:28:46.273	ax_adv_033_2 EURUSD,M5: EURUSD [SELLSTOP ]:(4109)trade is not allowed in the expert properties EURUSD lot=0.01 price=1.06356 slippage=3 sl=1.06400 tp=1.06268 comment= exp=1492094701
0	14:28:46.459	ax_adv_033_2 USDJPY,M5: USDJPY [BUYSTOP ]:(4109)trade is not allowed in the expert properties USDJPY lot=0.01 price=109.135 slippage=3 sl=109.050 tp=109.305 comment= exp=1492094701
0	14:28:46.866	ax_adv_033_2 GBPUSD,M5: GBPUSD [SELLSTOP ]:(4109)trade is not allowed in the expert properties GBPUSD lot=0.01 price=1.25338 slippage=3 sl=1.25402 tp=1.25210 comment= exp=1492094701
0	14:33:46.710	ax_adv_033_2 USDJPY,M5: USDJPY [BUYSTOP ]:(4109)trade is not allowed in the expert properties USDJPY lot=0.01 price=109.139 slippage=3 sl=109.078 tp=109.261 comment= exp=1492095001
0	14:33:46.916	ax_adv_033_2 EURUSD,M5: EURUSD [SELLSTOP ]:(4109)trade is not allowed in the expert properties EURUSD lot=0.01 price=1.06312 slippage=3 sl=1.06401 tp=1.06134 comment= exp=1492095001
0	14:33:48.515	ax_adv_033_2 GBPUSD,M5: GBPUSD [SELLSTOP ]:(4109)trade is not allowed in the expert properties GBPUSD lot=0.01 price=1.25298 slippage=3 sl=1.25391 tp=1.25112 comment= exp=1492095003
0	14:38:46.195	ax_adv_033_2 GBPUSD,M5: GBPUSD [SELLSTOP ]:(4109)trade is not allowed in the expert properties GBPUSD lot=0.01 price=1.25273 slippage=3 sl=1.25352 tp=1.25115 comment= exp=1492095301
0	14:38:46.391	ax_adv_033_2 USDJPY,M5: USDJPY [BUYSTOP ]:(4109)trade is not allowed in the expert properties USDJPY lot=0.01 price=109.157 slippage=3 sl=109.089 tp=109.293 comment= exp=1492095301
0	14:38:47.621	ax_adv_033_2 EURUSD,M5: EURUSD [SELLSTOP ]:(4109)trade is not allowed in the expert properties EURUSD lot=0.01 price=1.06295 slippage=3 sl=1.06364 tp=1.06157 comment= exp=1492095302
0	14:43:46.300	ax_adv_033_2 USDJPY,M5: USDJPY [BUYSTOP ]:(4109)trade is not allowed in the expert properties USDJPY lot=0.01 price=109.208 slippage=3 sl=109.111 tp=109.402 comment= exp=1492095601
0	14:43:46.301	ax_adv_033_2 GBPUSD,M5: GBPUSD [SELLSTOP ]:(4109)trade is not allowed in the expert properties GBPUSD lot=0.01 price=1.25256 slippage=3 sl=1.25320 tp=1.25128 comment= exp=1492095601
0	14:43:46.708	ax_adv_033_2 EURUSD,M5: EURUSD [SELLSTOP ]:(4109)trade is not allowed in the expert properties EURUSD lot=0.01 price=1.06260 slippage=3 sl=1.06336 tp=1.06108 comment= exp=1492095601
0	14:48:46.181	ax_adv_033_2 GBPUSD,M5: GBPUSD [SELLSTOP ]:(4109)trade is not allowed in the expert properties GBPUSD lot=0.01 price=1.25217 slippage=3 sl=1.25326 tp=1.24999 comment= exp=1492095901
0	14:48:46.188	ax_adv_033_2 EURUSD,M5: EURUSD [SELLSTOP ]:(4109)trade is not allowed in the expert properties EURUSD lot=0.01 price=1.06216 slippage=3 sl=1.06308 tp=1.06032 comment= exp=1492095901
0	14:48:46.377	ax_adv_033_2 USDJPY,M5: USDJPY [BUYSTOP ]:(4109)trade is not allowed in the expert properties USDJPY lot=0.01 price=109.189 slippage=3 sl=109.125 tp=109.317 comment= exp=1492095901
0	14:53:46.999	ax_adv_033_2 GBPUSD,M5: GBPUSD [BUYSTOP ]:(4109)trade is not allowed in the expert properties GBPUSD lot=0.01 price=1.25323 slippage=3 sl=1.25232 tp=1.25505 comment= exp=1492096201
0	14:53:47.400	ax_adv_033_2 EURUSD,M5: EURUSD [SELLSTOP ]:(4109)trade is not allowed in the expert properties EURUSD lot=0.01 price=1.06221 slippage=3 sl=1.06291 tp=1.06081 comment= exp=1492096202
0	14:53:47.811	ax_adv_033_2 USDJPY,M5: USDJPY [BUYSTOP ]:(4109)trade is not allowed in the expert properties USDJPY lot=0.01 price=109.184 slippage=3 sl=109.108 tp=109.336 comment= exp=1492096202
0	14:58:46.209	ax_adv_033_2 GBPUSD,M5: GBPUSD [BUYSTOP ]:(4109)trade is not allowed in the expert properties GBPUSD lot=0.01 price=1.25317 slippage=3 sl=1.25255 tp=1.25441 comment= exp=1492096501
0	14:58:46.214	ax_adv_033_2 EURUSD,M5: EURUSD [SELLSTOP ]:(4109)trade is not allowed in the expert properties EURUSD lot=0.01 price=1.06215 slippage=3 sl=1.06282 tp=1.06081 comment= exp=1492096501
0	14:58:47.228	ax_adv_033_2 USDJPY,M5: USDJPY [BUYSTOP ]:(4109)trade is not allowed in the expert properties USDJPY lot=0.01 price=109.201 slippage=3 sl=109.112 tp=109.379 comment= exp=1492096501
0	15:03:46.352	ax_adv_033_2 GBPUSD,M5: GBPUSD [BUYSTOP ]:(4109)trade is not allowed in the expert properties GBPUSD lot=0.01 price=1.25374 slippage=3 sl=1.25259 tp=1.25604 comment= exp=1492096801
0	15:03:46.353	ax_adv_033_2 USDJPY,M5: USDJPY [BUYSTOP ]:(4109)trade is not allowed in the expert properties USDJPY lot=0.01 price=109.213 slippage=3 sl=109.136 tp=109.367 comment= exp=1492096801
0	15:03:50.600	ax_adv_033_2 EURUSD,M5: EURUSD [BUYSTOP ]:(4109)trade is not allowed in the expert properties EURUSD lot=0.01 price=1.06296 slippage=3 sl=1.06232 tp=1.06424 comment= exp=1492096805
0	15:08:46.430	ax_adv_033_2 EURUSD,M5: EURUSD [BUYSTOP ]:(4109)trade is not allowed in the expert properties EURUSD lot=0.01 price=1.06297 slippage=3 sl=1.06247 tp=1.06397 comment= exp=1492097101
0	15:08:46.833	ax_adv_033_2 USDJPY,M5: USDJPY [BUYSTOP ]:(4109)trade is not allowed in the expert properties USDJPY lot=0.01 price=109.205 slippage=3 sl=109.126 tp=109.363 comment= exp=1492097101
0	15:08:48.040	ax_adv_033_2 GBPUSD,M5: GBPUSD [SELLSTOP ]:(4109)trade is not allowed in the expert properties GBPUSD lot=0.01 price=1.25325 slippage=3 sl=1.25385 tp=1.25205 comment= exp=1492097102
0	15:13:46.582	ax_adv_033_2 EURUSD,M5: EURUSD [SELLSTOP ]:(4109)trade is not allowed in the expert properties EURUSD lot=0.01 price=1.06250 slippage=3 sl=1.06306 tp=1.06138 comment= exp=1492097401
0	15:13:46.979	ax_adv_033_2 USDJPY,M5: USDJPY [BUYSTOP ]:(4109)trade is not allowed in the expert properties USDJPY lot=0.01 price=109.175 slippage=3 sl=109.109 tp=109.307 comment= exp=1492097401
0	15:13:47.977	ax_adv_033_2 GBPUSD,M5: GBPUSD [SELLSTOP ]:(4109)trade is not allowed in the expert properties GBPUSD lot=0.01 price=1.25339 slippage=3 sl=1.25416 tp=1.25185 comment= exp=1492097402
0	15:18:46.188	ax_adv_033_2 GBPUSD,M5: GBPUSD [SELLSTOP ]:(4109)trade is not allowed in the expert properties GBPUSD lot=0.01 price=1.25315 slippage=3 sl=1.25416 tp=1.25113 comment= exp=1492097701
0	15:18:46.194	ax_adv_033_2 EURUSD,M5: EURUSD [SELLSTOP ]:(4109)trade is not allowed in the expert properties EURUSD lot=0.01 price=1.06233 slippage=3 sl=1.06311 tp=1.06077 comment= exp=1492097701
0	15:18:46.583	ax_adv_033_2 USDJPY,M5: USDJPY [BUYSTOP ]:(4109)trade is not allowed in the expert properties USDJPY lot=0.01 price=109.188 slippage=3 sl=109.075 tp=109.414 comment= exp=1492097701
0	15:23:47.281	ax_adv_033_2 GBPUSD,M5: GBPUSD [SELLSTOP ]:(4109)trade is not allowed in the expert properties GBPUSD lot=0.01 price=1.25296 slippage=3 sl=1.25360 tp=1.25168 comment= exp=1492098002
0	15:23:47.698	ax_adv_033_2 EURUSD,M5: EURUSD [SELLSTOP ]:(4109)trade is not allowed in the expert properties EURUSD lot=0.01 price=1.06240 slippage=3 sl=1.06285 tp=1.06150 comment= exp=1492098002
0	15:23:48.964	ax_adv_033_2 USDJPY,M5: USDJPY [BUYSTOP ]:(4109)trade is not allowed in the expert properties USDJPY lot=0.01 price=109.181 slippage=3 sl=109.126 tp=109.291 comment= exp=1492098003
0	15:28:46.235	ax_adv_033_2 GBPUSD,M5: GBPUSD [SELLSTOP ]:(4109)trade is not allowed in the expert properties GBPUSD lot=0.01 price=1.25301 slippage=3 sl=1.25363 tp=1.25177 comment= exp=1492098301
0	15:28:46.424	ax_adv_033_2 EURUSD,M5: EURUSD [SELLSTOP ]:(4109)trade is not allowed in the expert properties EURUSD lot=0.01 price=1.06253 slippage=3 sl=1.06303 tp=1.06153 comment= exp=1492098301
0	15:28:47.627	ax_adv_033_2 USDJPY,M5: USDJPY [BUYSTOP ]:(4109)trade is not allowed in the expert properties USDJPY lot=0.01 price=109.181 slippage=3 sl=109.121 tp=109.301 comment= exp=1492098302
0	15:33:46.358	ax_adv_033_2 USDJPY,M5: USDJPY [BUYSTOP ]:(4109)trade is not allowed in the expert properties USDJPY lot=0.01 price=109.292 slippage=3 sl=109.100 tp=109.676 comment= exp=1492098601
0	15:33:49.803	ax_adv_033_2 EURUSD,M5: EURUSD [SELLSTOP ]:(4109)trade is not allowed in the expert properties EURUSD lot=0.01 price=1.06229 slippage=3 sl=1.06320 tp=1.06047 comment= exp=1492098604
0	15:38:46.249	ax_adv_033_2 EURUSD,M5: EURUSD [SELLSTOP ]:(4109)trade is not allowed in the expert properties EURUSD lot=0.01 price=1.06199 slippage=3 sl=1.06275 tp=1.06047 comment= exp=1492098901
0	15:38:47.663	ax_adv_033_2 USDJPY,M5: USDJPY [BUYSTOP ]:(4109)trade is not allowed in the expert properties USDJPY lot=0.01 price=109.301 slippage=3 sl=109.219 tp=109.465 comment= exp=1492098902
0	15:43:46.245	ax_adv_033_2 EURUSD,M5: EURUSD [SELLSTOP ]:(4109)trade is not allowed in the expert properties EURUSD lot=0.01 price=1.06206 slippage=3 sl=1.06271 tp=1.06076 comment= exp=1492099201
0	15:43:46.437	ax_adv_033_2 USDJPY,M5: USDJPY [BUYSTOP ]:(4109)trade is not allowed in the expert properties USDJPY lot=0.01 price=109.263 slippage=3 sl=109.196 tp=109.397 comment= exp=1492099201
0	15:48:46.701	ax_adv_033_2 USDJPY,M5: USDJPY [BUYSTOP ]:(4109)trade is not allowed in the expert properties USDJPY lot=0.01 price=109.234 slippage=3 sl=109.159 tp=109.384 comment= exp=1492099501
0	15:48:47.131	ax_adv_033_2 EURUSD,M5: EURUSD [SELLSTOP ]:(4109)trade is not allowed in the expert properties EURUSD lot=0.01 price=1.06224 slippage=3 sl=1.06282 tp=1.06108 comment= exp=1492099501
0	15:48:47.518	ax_adv_033_2 GBPUSD,M5: GBPUSD [SELLSTOP ]:(4109)trade is not allowed in the expert properties GBPUSD lot=0.01 price=1.25268 slippage=3 sl=1.25344 tp=1.25116 comment= exp=1492099502
0	15:53:46.234	ax_adv_033_2 USDJPY,M5: USDJPY [BUYSTOP ]:(4109)trade is not allowed in the expert properties USDJPY lot=0.01 price=109.192 slippage=3 sl=109.141 tp=109.294 comment= exp=1492099801
0	15:53:46.240	ax_adv_033_2 EURUSD,M5: EURUSD [SELLSTOP ]:(4109)trade is not allowed in the expert properties EURUSD lot=0.01 price=1.06249 slippage=3 sl=1.06297 tp=1.06153 comment= exp=1492099801
0	15:58:46.173	ax_adv_033_2 USDJPY,M5: USDJPY [BUYSTOP ]:(4109)trade is not allowed in the expert properties USDJPY lot=0.01 price=109.199 slippage=3 sl=109.119 tp=109.359 comment= exp=1492100101
0	15:58:46.173	ax_adv_033_2 GBPUSD,M5: GBPUSD [SELLSTOP ]:(4109)trade is not allowed in the expert properties GBPUSD lot=0.01 price=1.25234 slippage=3 sl=1.25339 tp=1.25024 comment= exp=1492100101
0	15:58:48.008	ax_adv_033_2 EURUSD,M5: EURUSD [SELLSTOP ]:(4109)trade is not allowed in the expert properties EURUSD lot=0.01 price=1.06248 slippage=3 sl=1.06301 tp=1.06142 comment= exp=1492100102
0	16:03:46.350	ax_adv_033_2 GBPUSD,M5: GBPUSD [SELLSTOP ]:(4109)trade is not allowed in the expert properties GBPUSD lot=0.01 price=1.25216 slippage=3 sl=1.25304 tp=1.25040 comment= exp=1492100401
0	16:03:46.353	ax_adv_033_2 USDJPY,M5: USDJPY [BUYSTOP ]:(4109)trade is not allowed in the expert properties USDJPY lot=0.01 price=109.186 slippage=3 sl=109.121 tp=109.316 comment= exp=1492100401
0	16:03:46.356	ax_adv_033_2 EURUSD,M5: EURUSD [SELLSTOP ]:(4109)trade is not allowed in the expert properties EURUSD lot=0.01 price=1.06255 slippage=3 sl=1.06322 tp=1.06121 comment= exp=1492100401
0	16:08:47.081	ax_adv_033_2 GBPUSD,M5: GBPUSD [SELLSTOP ]:(4109)trade is not allowed in the expert properties GBPUSD lot=0.01 price=1.25238 slippage=3 sl=1.25300 tp=1.25114 comment= exp=1492100701
0	16:08:47.285	ax_adv_033_2 EURUSD,M5: EURUSD [SELLSTOP ]:(4109)trade is not allowed in the expert properties EURUSD lot=0.01 price=1.06276 slippage=3 sl=1.06327 tp=1.06174 comment= exp=1492100702
0	16:08:47.484	ax_adv_033_2 USDJPY,M5: USDJPY [BUYSTOP ]:(4109)trade is not allowed in the expert properties USDJPY lot=0.01 price=109.188 slippage=3 sl=109.095 tp=109.374 comment= exp=1492100702
0	16:13:46.411	ax_adv_033_2 EURUSD,M5: EURUSD [SELLSTOP ]:(4109)trade is not allowed in the expert properties EURUSD lot=0.01 price=1.06281 slippage=3 sl=1.06328 tp=1.06187 comment= exp=1492101001
0	16:13:46.411	ax_adv_033_2 GBPUSD,M5: GBPUSD [SELLSTOP ]:(4109)trade is not allowed in the expert properties GBPUSD lot=0.01 price=1.25230 slippage=3 sl=1.25290 tp=1.25110 comment= exp=1492101001
0	16:13:46.412	ax_adv_033_2 USDJPY,M5: USDJPY [BUYSTOP ]:(4109)trade is not allowed in the expert properties USDJPY lot=0.01 price=109.221 slippage=3 sl=109.137 tp=109.389 comment= exp=1492101001
0	16:18:46.186	ax_adv_033_2 USDJPY,M5: USDJPY [BUYSTOP ]:(4109)trade is not allowed in the expert properties USDJPY lot=0.01 price=109.218 slippage=3 sl=109.149 tp=109.356 comment= exp=1492101301
0	16:18:47.412	ax_adv_033_2 EURUSD,M5: EURUSD [SELLSTOP ]:(4109)trade is not allowed in the expert properties EURUSD lot=0.01 price=1.06297 slippage=3 sl=1.06340 tp=1.06211 comment= exp=1492101302
0	16:18:50.622	ax_adv_033_2 GBPUSD,M5: GBPUSD [SELLSTOP ]:(4109)trade is not allowed in the expert properties GBPUSD lot=0.01 price=1.25237 slippage=3 sl=1.25323 tp=1.25065 comment= exp=1492101305
0	16:23:46.311	ax_adv_033_2 USDJPY,M5: USDJPY [BUYSTOP ]:(4109)trade is not allowed in the expert properties USDJPY lot=0.01 price=109.204 slippage=3 sl=109.128 tp=109.356 comment= exp=1492101601
0	16:23:47.336	ax_adv_033_2 GBPUSD,M5: GBPUSD [SELLSTOP ]:(4109)trade is not allowed in the expert properties GBPUSD lot=0.01 price=1.25286 slippage=3 sl=1.25335 tp=1.25188 comment= exp=1492101602
0	16:28:46.367	ax_adv_033_2 GBPUSD,M5: GBPUSD [SELLSTOP ]:(4109)trade is not allowed in the expert properties GBPUSD lot=0.01 price=1.25244 slippage=3 sl=1.25332 tp=1.25068 comment= exp=1492101901
0	16:28:46.770	ax_adv_033_2 USDJPY,M5: USDJPY [BUYSTOP ]:(4109)trade is not allowed in the expert properties USDJPY lot=0.01 price=109.233 slippage=3 sl=109.153 tp=109.393 comment= exp=1492101901
0	16:33:46.355	ax_adv_033_2 GBPUSD,M5: GBPUSD [SELLSTOP ]:(4109)trade is not allowed in the expert properties GBPUSD lot=0.01 price=1.25229 slippage=3 sl=1.25301 tp=1.25085 comment= exp=1492102201
0	16:38:46.389	ax_adv_033_2 GBPUSD,M5: GBPUSD [SELLSTOP ]:(4109)trade is not allowed in the expert properties GBPUSD lot=0.01 price=1.25137 slippage=3 sl=1.25280 tp=1.24851 comment= exp=1492102501
0	16:43:46.226	ax_adv_033_2 GBPUSD,M5: GBPUSD [SELLSTOP ]:(4109)trade is not allowed in the expert properties GBPUSD lot=0.01 price=1.25089 slippage=3 sl=1.25190 tp=1.24887 comment= exp=1492102801
0	16:43:46.229	ax_adv_033_2 USDJPY,M5: USDJPY [BUYSTOP ]:(4109)trade is not allowed in the expert properties USDJPY lot=0.01 price=109.402 slippage=3 sl=109.302 tp=109.602 comment= exp=1492102801
0	16:48:46.668	ax_adv_033_2 USDJPY,M5: USDJPY [BUYSTOP ]:(4109)trade is not allowed in the expert properties USDJPY lot=0.01 price=109.384 slippage=3 sl=109.288 tp=109.576 comment= exp=1492103101
0	16:48:46.870	ax_adv_033_2 GBPUSD,M5: GBPUSD [SELLSTOP ]:(4109)trade is not allowed in the expert properties GBPUSD lot=0.01 price=1.25087 slippage=3 sl=1.25161 tp=1.24939 comment= exp=1492103101
0	16:53:46.588	ax_adv_033_2 GBPUSD,M5: GBPUSD [SELLSTOP ]:(4109)trade is not allowed in the expert properties GBPUSD lot=0.01 price=1.25097 slippage=3 sl=1.25154 tp=1.24983 comment= exp=1492103401
0	16:53:46.596	ax_adv_033_2 EURUSD,M5: EURUSD [SELLSTOP ]:(4109)trade is not allowed in the expert properties EURUSD lot=0.01 price=1.06116 slippage=3 sl=1.06187 tp=1.05974 comment= exp=1492103401
0	16:58:46.208	ax_adv_033_2 GBPUSD,M5: GBPUSD [SELLSTOP ]:(4109)trade is not allowed in the expert properties GBPUSD lot=0.01 price=1.25109 slippage=3 sl=1.25197 tp=1.24933 comment= exp=1492103701
0	16:58:46.216	ax_adv_033_2 EURUSD,M5: EURUSD [SELLSTOP ]:(4109)trade is not allowed in the expert properties EURUSD lot=0.01 price=1.06146 slippage=3 sl=1.06197 tp=1.06044 comment= exp=1492103701
0	17:03:46.347	ax_adv_033_2 GBPUSD,M5: GBPUSD [SELLSTOP ]:(4109)trade is not allowed in the expert properties GBPUSD lot=0.01 price=1.25100 slippage=3 sl=1.25205 tp=1.24890 comment= exp=1492104001
0	17:03:46.354	ax_adv_033_2 EURUSD,M5: EURUSD [SELLSTOP ]:(4109)trade is not allowed in the expert properties EURUSD lot=0.01 price=1.06083 slippage=3 sl=1.06190 tp=1.05869 comment= exp=1492104001
0	17:08:46.495	ax_adv_033_2 EURUSD,M5: EURUSD [SELLSTOP ]:(4109)trade is not allowed in the expert properties EURUSD lot=0.01 price=1.06078 slippage=3 sl=1.06187 tp=1.05860 comment= exp=1492104301
0	17:08:46.695	ax_adv_033_2 GBPUSD,M5: GBPUSD [SELLSTOP ]:(4109)trade is not allowed in the expert properties GBPUSD lot=0.01 price=1.25095 slippage=3 sl=1.25183 tp=1.24919 comment= exp=1492104301
0	17:13:46.438	ax_adv_033_2 GBPUSD,M5: GBPUSD [SELLSTOP ]:(4109)trade is not allowed in the expert properties GBPUSD lot=0.01 price=1.25088 slippage=3 sl=1.25159 tp=1.24946 comment= exp=1492104601
0	17:13:46.445	ax_adv_033_2 EURUSD,M5: EURUSD [SELLSTOP ]:(4109)trade is not allowed in the expert properties EURUSD lot=0.01 price=1.06121 slippage=3 sl=1.06187 tp=1.05989 comment= exp=1492104601
0	17:18:46.425	ax_adv_033_2 GBPUSD,M5: GBPUSD [SELLSTOP ]:(4109)trade is not allowed in the expert properties GBPUSD lot=0.01 price=1.25127 slippage=3 sl=1.25201 tp=1.24979 comment= exp=1492104901
0	17:18:46.429	ax_adv_033_2 EURUSD,M5: EURUSD [SELLSTOP ]:(4109)trade is not allowed in the expert properties EURUSD lot=0.01 price=1.06158 slippage=3 sl=1.06213 tp=1.06048 comment= exp=1492104901
0	17:23:46.987	ax_adv_033_2 GBPUSD,M5: GBPUSD [SELLSTOP ]:(4109)trade is not allowed in the expert properties GBPUSD lot=0.01 price=1.25143 slippage=3 sl=1.25212 tp=1.25005 comment= exp=1492105201
0	17:23:46.993	ax_adv_033_2 EURUSD,M5: EURUSD [SELLSTOP ]:(4109)trade is not allowed in the expert properties EURUSD lot=0.01 price=1.06150 slippage=3 sl=1.06215 tp=1.06020 comment= exp=1492105201
0	17:28:46.201	ax_adv_033_2 GBPUSD,M5: GBPUSD [SELLSTOP ]:(4109)trade is not allowed in the expert properties GBPUSD lot=0.01 price=1.25146 slippage=3 sl=1.25203 tp=1.25032 comment= exp=1492105501
0	17:28:46.208	ax_adv_033_2 EURUSD,M5: EURUSD [SELLSTOP ]:(4109)trade is not allowed in the expert properties EURUSD lot=0.01 price=1.06167 slippage=3 sl=1.06225 tp=1.06051 comment= exp=1492105501
0	17:33:46.584	ax_adv_033_2 EURUSD,M5: EURUSD [SELLSTOP ]:(4109)trade is not allowed in the expert properties EURUSD lot=0.01 price=1.06194 slippage=3 sl=1.06243 tp=1.06096 comment= exp=1492105801
0	17:33:46.976	ax_adv_033_2 GBPUSD,M5: GBPUSD [SELLSTOP ]:(4109)trade is not allowed in the expert properties GBPUSD lot=0.01 price=1.25166 slippage=3 sl=1.25239 tp=1.25020 comment= exp=1492105801
0	17:38:46.197	ax_adv_033_2 EURUSD,M5: EURUSD [SELLSTOP ]:(4109)trade is not allowed in the expert properties EURUSD lot=0.01 price=1.06213 slippage=3 sl=1.06264 tp=1.06111 comment= exp=1492106101
0	17:38:46.391	ax_adv_033_2 GBPUSD,M5: GBPUSD [SELLSTOP ]:(4109)trade is not allowed in the expert properties GBPUSD lot=0.01 price=1.25186 slippage=3 sl=1.25245 tp=1.25068 comment= exp=1492106101
0	17:43:46.297	ax_adv_033_2 GBPUSD,M5: GBPUSD [SELLSTOP ]:(4109)trade is not allowed in the expert properties GBPUSD lot=0.01 price=1.25207 slippage=3 sl=1.25293 tp=1.25035 comment= exp=1492106401
0	17:43:46.904	ax_adv_033_2 EURUSD,M5: EURUSD [SELLSTOP ]:(4109)trade is not allowed in the expert properties EURUSD lot=0.01 price=1.06232 slippage=3 sl=1.06275 tp=1.06146 comment= exp=1492106401
0	17:43:48.312	ax_adv_033_2 USDJPY,M5: USDJPY [BUYSTOP ]:(4109)trade is not allowed in the expert properties USDJPY lot=0.01 price=109.286 slippage=3 sl=109.207 tp=109.444 comment= exp=1492106403
0	17:48:46.250	ax_adv_033_2 USDJPY,M5: USDJPY [BUYSTOP ]:(4109)trade is not allowed in the expert properties USDJPY lot=0.01 price=109.268 slippage=3 sl=109.165 tp=109.474 comment= exp=1492106701
0	17:48:46.846	ax_adv_033_2 GBPUSD,M5: GBPUSD [SELLSTOP ]:(4109)trade is not allowed in the expert properties GBPUSD lot=0.01 price=1.25212 slippage=3 sl=1.25280 tp=1.25076 comment= exp=1492106701
0	17:48:47.525	ax_adv_033_2 EURUSD,M5: EURUSD [SELLSTOP ]:(4109)trade is not allowed in the expert properties EURUSD lot=0.01 price=1.06241 slippage=3 sl=1.06288 tp=1.06147 comment= exp=1492106702
0	17:53:46.329	ax_adv_033_2 GBPUSD,M5: GBPUSD [SELLSTOP ]:(4109)trade is not allowed in the expert properties GBPUSD lot=0.01 price=1.25211 slippage=3 sl=1.25277 tp=1.25079 comment= exp=1492107001
0	17:53:46.331	ax_adv_033_2 USDJPY,M5: USDJPY [BUYSTOP ]:(4109)trade is not allowed in the expert properties USDJPY lot=0.01 price=109.269 slippage=3 sl=109.166 tp=109.475 comment= exp=1492107001
0	17:58:46.263	ax_adv_033_2 USDJPY,M5: USDJPY [BUYSTOP ]:(4109)trade is not allowed in the expert properties USDJPY lot=0.01 price=109.270 slippage=3 sl=109.196 tp=109.418 comment= exp=1492107301
0	18:18:47.774	ax_adv_033_2 GBPUSD,M5: GBPUSD [SELLSTOP ]:(4109)trade is not allowed in the expert properties GBPUSD lot=0.01 price=1.25204 slippage=3 sl=1.25265 tp=1.25082 comment= exp=1492108502
0	18:18:50.603	ax_adv_033_2 EURUSD,M5: EURUSD [BUYSTOP ]:(4109)trade is not allowed in the expert properties EURUSD lot=0.01 price=1.06349 slippage=3 sl=1.06282 tp=1.06483 comment= exp=1492108505
0	18:23:46.596	ax_adv_033_2 GBPUSD,M5: GBPUSD [SELLSTOP ]:(4109)trade is not allowed in the expert properties GBPUSD lot=0.01 price=1.25191 slippage=3 sl=1.25264 tp=1.25045 comment= exp=1492108801
0	18:23:47.207	ax_adv_033_2 EURUSD,M5: EURUSD [BUYSTOP ]:(4109)trade is not allowed in the expert properties EURUSD lot=0.01 price=1.06352 slippage=3 sl=1.06285 tp=1.06486 comment= exp=1492108802
0	18:28:48.018	ax_adv_033_2 EURUSD,M5: EURUSD [SELLSTOP ]:(4109)trade is not allowed in the expert properties EURUSD lot=0.01 price=1.06277 slippage=3 sl=1.06328 tp=1.06175 comment= exp=1492109102
0	18:33:46.402	ax_adv_033_2 EURUSD,M5: EURUSD [SELLSTOP ]:(4109)trade is not allowed in the expert properties EURUSD lot=0.01 price=1.06277 slippage=3 sl=1.06338 tp=1.06155 comment= exp=1492109401
0	18:38:47.139	ax_adv_033_2 USDJPY,M5: USDJPY [SELLSTOP ]:(4109)trade is not allowed in the expert properties USDJPY lot=0.01 price=109.193 slippage=3 sl=109.262 tp=109.055 comment= exp=1492109702
0	18:38:47.146	ax_adv_033_2 EURUSD,M5: EURUSD [SELLSTOP ]:(4109)trade is not allowed in the expert properties EURUSD lot=0.01 price=1.06268 slippage=3 sl=1.06318 tp=1.06168 comment= exp=1492109702
0	18:43:45.623	ax_adv_033_2 USDJPY,M5: USDJPY [SELLSTOP ]:(4109)trade is not allowed in the expert properties USDJPY lot=0.01 price=109.179 slippage=3 sl=109.236 tp=109.065 comment= exp=1492110001
0	18:43:46.632	ax_adv_033_2 EURUSD,M5: EURUSD [SELLSTOP ]:(4109)trade is not allowed in the expert properties EURUSD lot=0.01 price=1.06280 slippage=3 sl=1.06350 tp=1.06140 comment= exp=1492110002
0	18:48:53.985	ax_adv_033_2 USDJPY,M5: USDJPY [SELLSTOP ]:(4109)trade is not allowed in the expert properties USDJPY lot=0.01 price=109.194 slippage=3 sl=109.249 tp=109.084 comment= exp=1492110309
0	18:48:54.389	ax_adv_033_2 EURUSD,M5: EURUSD [BUYSTOP ]:(4109)trade is not allowed in the expert properties EURUSD lot=0.01 price=1.06333 slippage=3 sl=1.06278 tp=1.06443 comment= exp=1492110310
0	18:53:45.487	ax_adv_033_2 USDJPY,M5: USDJPY [SELLSTOP ]:(4109)trade is not allowed in the expert properties USDJPY lot=0.01 price=109.210 slippage=3 sl=109.283 tp=109.064 comment= exp=1492110601
0	18:53:45.493	ax_adv_033_2 EURUSD,M5: EURUSD [BUYSTOP ]:(4109)trade is not allowed in the expert properties EURUSD lot=0.01 price=1.06305 slippage=3 sl=1.06254 tp=1.06407 comment= exp=1492110601
0	18:58:45.149	ax_adv_033_2 EURUSD,M5: EURUSD [BUYSTOP ]:(4109)trade is not allowed in the expert properties EURUSD lot=0.01 price=1.06331 slippage=3 sl=1.06260 tp=1.06473 comment= exp=1492110901
0	19:03:46.225	ax_adv_033_2 EURUSD,M5: EURUSD [BUYSTOP ]:(4109)trade is not allowed in the expert properties EURUSD lot=0.01 price=1.06312 slippage=3 sl=1.06261 tp=1.06414 comment= exp=1492111202
0	19:08:47.543	ax_adv_033_2 EURUSD,M5: EURUSD [BUYSTOP ]:(4109)trade is not allowed in the expert properties EURUSD lot=0.01 price=1.06321 slippage=3 sl=1.06259 tp=1.06445 comment= exp=1492111503
0	19:13:45.347	ax_adv_033_2 EURUSD,M5: EURUSD [BUYSTOP ]:(4109)trade is not allowed in the expert properties EURUSD lot=0.01 price=1.06326 slippage=3 sl=1.06272 tp=1.06434 comment= exp=1492111801
0	19:18:46.995	ax_adv_033_2 EURUSD,M5: EURUSD [BUYSTOP ]:(4109)trade is not allowed in the expert properties EURUSD lot=0.01 price=1.06330 slippage=3 sl=1.06281 tp=1.06428 comment= exp=1492112102
0	19:28:45.411	ax_adv_033_2 GBPUSD,M5: GBPUSD [SELLSTOP ]:(4109)trade is not allowed in the expert properties GBPUSD lot=0.01 price=1.25197 slippage=3 sl=1.25261 tp=1.25069 comment= exp=1492112701
0	19:33:45.240	ax_adv_033_2 USDJPY,M5: USDJPY [SELLSTOP ]:(4109)trade is not allowed in the expert properties USDJPY lot=0.01 price=109.137 slippage=3 sl=109.206 tp=108.999 comment= exp=1492113001
0	19:33:46.043	ax_adv_033_2 GBPUSD,M5: GBPUSD [SELLSTOP ]:(4109)trade is not allowed in the expert properties GBPUSD lot=0.01 price=1.25190 slippage=3 sl=1.25260 tp=1.25050 comment= exp=1492113002
0	19:33:46.046	ax_adv_033_2 EURUSD,M5: EURUSD [BUYSTOP ]:(4109)trade is not allowed in the expert properties EURUSD lot=0.01 price=1.06291 slippage=3 sl=1.06234 tp=1.06405 comment= exp=1492113002
0	19:38:45.481	ax_adv_033_2 EURUSD,M5: EURUSD [BUYSTOP ]:(4109)trade is not allowed in the expert properties EURUSD lot=0.01 price=1.06277 slippage=3 sl=1.06228 tp=1.06375 comment= exp=1492113301
0	19:38:45.686	ax_adv_033_2 USDJPY,M5: USDJPY [SELLSTOP ]:(4109)trade is not allowed in the expert properties USDJPY lot=0.01 price=109.122 slippage=3 sl=109.198 tp=108.970 comment= exp=1492113301
0	19:43:45.307	ax_adv_033_2 EURUSD,M5: EURUSD [BUYSTOP ]:(4109)trade is not allowed in the expert properties EURUSD lot=0.01 price=1.06294 slippage=3 sl=1.06230 tp=1.06422 comment= exp=1492113601
0	19:43:45.705	ax_adv_033_2 USDJPY,M5: USDJPY [SELLSTOP ]:(4109)trade is not allowed in the expert properties USDJPY lot=0.01 price=109.068 slippage=3 sl=109.169 tp=108.866 comment= exp=1492113601
0	19:48:45.501	ax_adv_033_2 USDJPY,M5: USDJPY [SELLSTOP ]:(4109)trade is not allowed in the expert properties USDJPY lot=0.01 price=109.029 slippage=3 sl=109.122 tp=108.843 comment= exp=1492113901
0	19:53:46.371	ax_adv_033_2 USDJPY,M5: USDJPY [SELLSTOP ]:(4109)trade is not allowed in the expert properties USDJPY lot=0.01 price=109.046 slippage=3 sl=109.132 tp=108.874 comment= exp=1492114202
0	19:58:45.157	ax_adv_033_2 USDJPY,M5: USDJPY [SELLSTOP ]:(4109)trade is not allowed in the expert properties USDJPY lot=0.01 price=109.057 slippage=3 sl=109.157 tp=108.857 comment= exp=1492114501
0	20:03:45.159	ax_adv_033_2 USDJPY,M5: USDJPY [SELLSTOP ]:(4109)trade is not allowed in the expert properties USDJPY lot=0.01 price=108.990 slippage=3 sl=109.098 tp=108.774 comment= exp=1492114801
0	20:03:46.371	ax_adv_033_2 EURUSD,M5: EURUSD [SELLSTOP ]:(4109)trade is not allowed in the expert properties EURUSD lot=0.01 price=1.06182 slippage=3 sl=1.06273 tp=1.06000 comment= exp=1492114802
0	20:08:45.613	ax_adv_033_2 EURUSD,M5: EURUSD [SELLSTOP ]:(4109)trade is not allowed in the expert properties EURUSD lot=0.01 price=1.06167 slippage=3 sl=1.06248 tp=1.06005 comment= exp=1492115101
0	20:08:45.807	ax_adv_033_2 USDJPY,M5: USDJPY [SELLSTOP ]:(4109)trade is not allowed in the expert properties USDJPY lot=0.01 price=108.949 slippage=3 sl=109.033 tp=108.781 comment= exp=1492115101
0	20:13:45.360	ax_adv_033_2 USDJPY,M5: USDJPY [SELLSTOP ]:(4109)trade is not allowed in the expert properties USDJPY lot=0.01 price=108.962 slippage=3 sl=109.043 tp=108.800 comment= exp=1492115401
0	20:13:45.828	ax_adv_033_2 EURUSD,M5: EURUSD [SELLSTOP ]:(4109)trade is not allowed in the expert properties EURUSD lot=0.01 price=1.06156 slippage=3 sl=1.06208 tp=1.06052 comment= exp=1492115401
0	20:18:45.229	ax_adv_033_2 USDJPY,M5: USDJPY [SELLSTOP ]:(4109)trade is not allowed in the expert properties USDJPY lot=0.01 price=108.972 slippage=3 sl=109.030 tp=108.856 comment= exp=1492115701
0	20:18:49.050	ax_adv_033_2 EURUSD,M5: EURUSD [SELLSTOP ]:(4109)trade is not allowed in the expert properties EURUSD lot=0.01 price=1.06144 slippage=3 sl=1.06212 tp=1.06008 comment= exp=1492115704
0	20:23:45.249	ax_adv_033_2 USDJPY,M5: USDJPY [SELLSTOP ]:(4109)trade is not allowed in the expert properties USDJPY lot=0.01 price=108.998 slippage=3 sl=109.054 tp=108.886 comment= exp=1492116001
0	20:23:45.254	ax_adv_033_2 EURUSD,M5: EURUSD [SELLSTOP ]:(4109)trade is not allowed in the expert properties EURUSD lot=0.01 price=1.06149 slippage=3 sl=1.06195 tp=1.06057 comment= exp=1492116001
0	20:28:45.216	ax_adv_033_2 USDJPY,M5: USDJPY [SELLSTOP ]:(4109)trade is not allowed in the expert properties USDJPY lot=0.01 price=109.017 slippage=3 sl=109.079 tp=108.893 comment= exp=1492116301
0	20:28:45.631	ax_adv_033_2 GBPUSD,M5: GBPUSD [SELLSTOP ]:(4109)trade is not allowed in the expert properties GBPUSD lot=0.01 price=1.25106 slippage=3 sl=1.25160 tp=1.24998 comment= exp=1492116301
0	20:28:46.488	ax_adv_033_2 EURUSD,M5: EURUSD [SELLSTOP ]:(4109)trade is not allowed in the expert properties EURUSD lot=0.01 price=1.06130 slippage=3 sl=1.06189 tp=1.06012 comment= exp=1492116302
0	20:33:45.236	ax_adv_033_2 USDJPY,M5: USDJPY [SELLSTOP ]:(4109)trade is not allowed in the expert properties USDJPY lot=0.01 price=109.023 slippage=3 sl=109.078 tp=108.913 comment= exp=1492116601
0	20:33:45.241	ax_adv_033_2 EURUSD,M5: EURUSD [SELLSTOP ]:(4109)trade is not allowed in the expert properties EURUSD lot=0.01 price=1.06132 slippage=3 sl=1.06177 tp=1.06042 comment= exp=1492116601
0	20:33:45.437	ax_adv_033_2 GBPUSD,M5: GBPUSD [SELLSTOP ]:(4109)trade is not allowed in the expert properties GBPUSD lot=0.01 price=1.25097 slippage=3 sl=1.25158 tp=1.24975 comment= exp=1492116601
0	20:38:47.887	ax_adv_033_2 USDJPY,M5: USDJPY [SELLSTOP ]:(4109)trade is not allowed in the expert properties USDJPY lot=0.01 price=109.025 slippage=3 sl=109.071 tp=108.933 comment= exp=1492116903
0	20:38:48.068	ax_adv_033_2 EURUSD,M5: EURUSD [SELLSTOP ]:(4109)trade is not allowed in the expert properties EURUSD lot=0.01 price=1.06140 slippage=3 sl=1.06190 tp=1.06040 comment= exp=1492116903
0	20:43:46.375	ax_adv_033_2 USDJPY,M5: USDJPY [SELLSTOP ]:(4109)trade is not allowed in the expert properties USDJPY lot=0.01 price=109.022 slippage=3 sl=109.079 tp=108.908 comment= exp=1492117202
0	20:43:49.393	ax_adv_033_2 EURUSD,M5: EURUSD [SELLSTOP ]:(4109)trade is not allowed in the expert properties EURUSD lot=0.01 price=1.06151 slippage=3 sl=1.06202 tp=1.06049 comment= exp=1492117205
0	20:48:45.880	ax_adv_033_2 USDJPY,M5: USDJPY [SELLSTOP ]:(4109)trade is not allowed in the expert properties USDJPY lot=0.01 price=108.975 slippage=3 sl=109.069 tp=108.787 comment= exp=1492117501
0	20:48:50.699	ax_adv_033_2 EURUSD,M5: EURUSD [SELLSTOP ]:(4109)trade is not allowed in the expert properties EURUSD lot=0.01 price=1.06137 slippage=3 sl=1.06198 tp=1.06015 comment= exp=1492117506
0	20:53:45.800	ax_adv_033_2 USDJPY,M5: USDJPY [SELLSTOP ]:(4109)trade is not allowed in the expert properties USDJPY lot=0.01 price=108.992 slippage=3 sl=109.073 tp=108.830 comment= exp=1492117801
0	20:53:45.803	ax_adv_033_2 EURUSD,M5: EURUSD [SELLSTOP ]:(4109)trade is not allowed in the expert properties EURUSD lot=0.01 price=1.06143 slippage=3 sl=1.06185 tp=1.06059 comment= exp=1492117801
0	20:53:46.207	ax_adv_033_2 GBPUSD,M5: GBPUSD [SELLSTOP ]:(4109)trade is not allowed in the expert properties GBPUSD lot=0.01 price=1.25108 slippage=3 sl=1.25152 tp=1.25020 comment= exp=1492117802
0	20:58:45.357	ax_adv_033_2 GBPUSD,M5: GBPUSD [SELLSTOP ]:(4109)trade is not allowed in the expert properties GBPUSD lot=0.01 price=1.25075 slippage=3 sl=1.25149 tp=1.24927 comment= exp=1492118101
0	20:58:45.361	ax_adv_033_2 EURUSD,M5: EURUSD [SELLSTOP ]:(4109)trade is not allowed in the expert properties EURUSD lot=0.01 price=1.06139 slippage=3 sl=1.06185 tp=1.06047 comment= exp=1492118101
0	21:03:45.681	ax_adv_033_2 GBPUSD,M5: GBPUSD [SELLSTOP ]:(4109)trade is not allowed in the expert properties GBPUSD lot=0.01 price=1.25054 slippage=3 sl=1.25117 tp=1.24928 comment= exp=1492118401
0	21:03:45.688	ax_adv_033_2 EURUSD,M5: EURUSD [SELLSTOP ]:(4109)trade is not allowed in the expert properties EURUSD lot=0.01 price=1.06121 slippage=3 sl=1.06181 tp=1.06001 comment= exp=1492118401
0	21:08:45.269	ax_adv_033_2 EURUSD,M5: EURUSD [SELLSTOP ]:(4109)trade is not allowed in the expert properties EURUSD lot=0.01 price=1.06119 slippage=3 sl=1.06164 tp=1.06029 comment= exp=1492118701
0	21:08:45.463	ax_adv_033_2 GBPUSD,M5: GBPUSD [SELLSTOP ]:(4109)trade is not allowed in the expert properties GBPUSD lot=0.01 price=1.25070 slippage=3 sl=1.25116 tp=1.24978 comment= exp=1492118701
0	21:08:45.671	ax_adv_033_2 USDJPY,M5: USDJPY [SELLSTOP ]:(4109)trade is not allowed in the expert properties USDJPY lot=0.01 price=109.078 slippage=3 sl=109.137 tp=108.960 comment= exp=1492118701
0	21:13:45.437	ax_adv_033_2 GBPUSD,M5: GBPUSD [SELLSTOP ]:(4109)trade is not allowed in the expert properties GBPUSD lot=0.01 price=1.25068 slippage=3 sl=1.25131 tp=1.24942 comment= exp=1492119001
0	21:13:45.834	ax_adv_033_2 USDJPY,M5: USDJPY [SELLSTOP ]:(4109)trade is not allowed in the expert properties USDJPY lot=0.01 price=109.089 slippage=3 sl=109.141 tp=108.985 comment= exp=1492119001
0	21:13:47.747	ax_adv_033_2 EURUSD,M5: EURUSD [SELLSTOP ]:(4109)trade is not allowed in the expert properties EURUSD lot=0.01 price=1.06120 slippage=3 sl=1.06168 tp=1.06024 comment= exp=1492119003
0	21:18:45.814	ax_adv_033_2 USDJPY,M5: USDJPY [SELLSTOP ]:(4109)trade is not allowed in the expert properties USDJPY lot=0.01 price=109.094 slippage=3 sl=109.143 tp=108.996 comment= exp=1492119301
0	21:18:46.018	ax_adv_033_2 GBPUSD,M5: GBPUSD [SELLSTOP ]:(4109)trade is not allowed in the expert properties GBPUSD lot=0.01 price=1.25083 slippage=3 sl=1.25129 tp=1.24991 comment= exp=1492119301
0	21:18:46.025	ax_adv_033_2 EURUSD,M5: EURUSD [SELLSTOP ]:(4109)trade is not allowed in the expert properties EURUSD lot=0.01 price=1.06120 slippage=3 sl=1.06169 tp=1.06022 comment= exp=1492119301
0	21:23:45.988	ax_adv_033_2 GBPUSD,M5: GBPUSD [SELLSTOP ]:(4109)trade is not allowed in the expert properties GBPUSD lot=0.01 price=1.25066 slippage=3 sl=1.25131 tp=1.24936 comment= exp=1492119601
0	21:23:46.543	ax_adv_033_2 EURUSD,M5: EURUSD [SELLSTOP ]:(4109)trade is not allowed in the expert properties EURUSD lot=0.01 price=1.06119 slippage=3 sl=1.06179 tp=1.05999 comment= exp=1492119602
0	21:28:47.455	ax_adv_033_2 EURUSD,M5: EURUSD [SELLSTOP ]:(4109)trade is not allowed in the expert properties EURUSD lot=0.01 price=1.06134 slippage=3 sl=1.06182 tp=1.06038 comment= exp=1492119903
0	21:28:47.655	ax_adv_033_2 GBPUSD,M5: GBPUSD [SELLSTOP ]:(4109)trade is not allowed in the expert properties GBPUSD lot=0.01 price=1.25085 slippage=3 sl=1.25135 tp=1.24985 comment= exp=1492119903
0	21:33:45.248	ax_adv_033_2 EURUSD,M5: EURUSD [SELLSTOP ]:(4109)trade is not allowed in the expert properties EURUSD lot=0.01 price=1.06140 slippage=3 sl=1.06188 tp=1.06044 comment= exp=1492120201
0	21:33:45.447	ax_adv_033_2 GBPUSD,M5: GBPUSD [SELLSTOP ]:(4109)trade is not allowed in the expert properties GBPUSD lot=0.01 price=1.25066 slippage=3 sl=1.25136 tp=1.24926 comment= exp=1492120201
0	21:38:45.131	ax_adv_033_2 EURUSD,M5: EURUSD [SELLSTOP ]:(4109)trade is not allowed in the expert properties EURUSD lot=0.01 price=1.06135 slippage=3 sl=1.06190 tp=1.06025 comment= exp=1492120501
0	21:38:47.751	ax_adv_033_2 GBPUSD,M5: GBPUSD [SELLSTOP ]:(4109)trade is not allowed in the expert properties GBPUSD lot=0.01 price=1.25073 slippage=3 sl=1.25123 tp=1.24973 comment= exp=1492120503
0	21:43:48.607	ax_adv_033_2 GBPUSD,M5: GBPUSD [SELLSTOP ]:(4109)trade is not allowed in the expert properties GBPUSD lot=0.01 price=1.25063 slippage=3 sl=1.25114 tp=1.24961 comment= exp=1492120804
0	21:48:45.463	ax_adv_033_2 GBPUSD,M5: GBPUSD [SELLSTOP ]:(4109)trade is not allowed in the expert properties GBPUSD lot=0.01 price=1.25071 slippage=3 sl=1.25113 tp=1.24987 comment= exp=1492121101
0	21:53:45.114	ax_adv_033_2 GBPUSD,M5: GBPUSD [SELLSTOP ]:(4109)trade is not allowed in the expert properties GBPUSD lot=0.01 price=1.25065 slippage=3 sl=1.25113 tp=1.24969 comment= exp=1492121401
0	21:58:45.208	ax_adv_033_2 GBPUSD,M5: GBPUSD [SELLSTOP ]:(4109)trade is not allowed in the expert properties GBPUSD lot=0.01 price=1.25068 slippage=3 sl=1.25120 tp=1.24964 comment= exp=1492121701
0	21:58:45.210	ax_adv_033_2 USDJPY,M5: USDJPY [BUYSTOP ]:(4109)trade is not allowed in the expert properties USDJPY lot=0.01 price=109.177 slippage=3 sl=109.077 tp=109.377 comment= exp=1492121701
0	22:03:45.269	ax_adv_033_2 EURUSD,M5: EURUSD [SELLSTOP ]:(4109)trade is not allowed in the expert properties EURUSD lot=0.01 price=1.06108 slippage=3 sl=1.06164 tp=1.05996 comment= exp=1492122001
0	22:03:46.668	ax_adv_033_2 USDJPY,M5: USDJPY [BUYSTOP ]:(4109)trade is not allowed in the expert properties USDJPY lot=0.01 price=109.187 slippage=3 sl=109.130 tp=109.301 comment= exp=1492122002
0	22:03:48.890	ax_adv_033_2 GBPUSD,M5: GBPUSD [SELLSTOP ]:(4109)trade is not allowed in the expert properties GBPUSD lot=0.01 price=1.25039 slippage=3 sl=1.25109 tp=1.24899 comment= exp=1492122004
0	22:08:45.310	ax_adv_033_2 USDJPY,M5: USDJPY [BUYSTOP ]:(4109)trade is not allowed in the expert properties USDJPY lot=0.01 price=109.177 slippage=3 sl=109.128 tp=109.275 comment= exp=1492122301
0	22:08:45.316	ax_adv_033_2 EURUSD,M5: EURUSD [SELLSTOP ]:(4109)trade is not allowed in the expert properties EURUSD lot=0.01 price=1.06124 slippage=3 sl=1.06186 tp=1.06000 comment= exp=1492122301
0	22:08:46.513	ax_adv_033_2 GBPUSD,M5: GBPUSD [SELLSTOP ]:(4109)trade is not allowed in the expert properties GBPUSD lot=0.01 price=1.25044 slippage=3 sl=1.25108 tp=1.24916 comment= exp=1492122302
0	22:13:45.885	ax_adv_033_2 GBPUSD,M5: GBPUSD [SELLSTOP ]:(4109)trade is not allowed in the expert properties GBPUSD lot=0.01 price=1.25000 slippage=3 sl=1.25088 tp=1.24824 comment= exp=1492122601
0	22:13:45.892	ax_adv_033_2 EURUSD,M5: EURUSD [SELLSTOP ]:(4109)trade is not allowed in the expert properties EURUSD lot=0.01 price=1.06099 slippage=3 sl=1.06165 tp=1.05967 comment= exp=1492122601
0	22:13:46.087	ax_adv_033_2 USDJPY,M5: USDJPY [BUYSTOP ]:(4109)trade is not allowed in the expert properties USDJPY lot=0.01 price=109.185 slippage=3 sl=109.122 tp=109.311 comment= exp=1492122601
0	22:18:46.006	ax_adv_033_2 USDJPY,M5: USDJPY [BUYSTOP ]:(4109)trade is not allowed in the expert properties USDJPY lot=0.01 price=109.187 slippage=3 sl=109.124 tp=109.313 comment= exp=1492122901
0	22:18:46.011	ax_adv_033_2 EURUSD,M5: EURUSD [SELLSTOP ]:(4109)trade is not allowed in the expert properties EURUSD lot=0.01 price=1.06111 slippage=3 sl=1.06157 tp=1.06019 comment= exp=1492122901
0	22:18:47.681	ax_adv_033_2 GBPUSD,M5: GBPUSD [SELLSTOP ]:(4109)trade is not allowed in the expert properties GBPUSD lot=0.01 price=1.25018 slippage=3 sl=1.25059 tp=1.24936 comment= exp=1492122903
0	22:23:45.166	ax_adv_033_2 USDJPY,M5: USDJPY [BUYSTOP ]:(4109)trade is not allowed in the expert properties USDJPY lot=0.01 price=109.196 slippage=3 sl=109.135 tp=109.318 comment= exp=1492123201
0	22:23:47.991	ax_adv_033_2 EURUSD,M5: EURUSD [SELLSTOP ]:(4109)trade is not allowed in the expert properties EURUSD lot=0.01 price=1.06119 slippage=3 sl=1.06164 tp=1.06029 comment= exp=1492123203
0	22:23:51.238	ax_adv_033_2 GBPUSD,M5: GBPUSD [SELLSTOP ]:(4109)trade is not allowed in the expert properties GBPUSD lot=0.01 price=1.25015 slippage=3 sl=1.25075 tp=1.24895 comment= exp=1492123207
0	22:28:45.345	ax_adv_033_2 GBPUSD,M5: GBPUSD [SELLSTOP ]:(4109)trade is not allowed in the expert properties GBPUSD lot=0.01 price=1.25016 slippage=3 sl=1.25057 tp=1.24934 comment= exp=1492123501
0	22:28:45.347	ax_adv_033_2 USDJPY,M5: USDJPY [BUYSTOP ]:(4109)trade is not allowed in the expert properties USDJPY lot=0.01 price=109.173 slippage=3 sl=109.116 tp=109.287 comment= exp=1492123501
0	22:28:45.350	ax_adv_033_2 EURUSD,M5: EURUSD [SELLSTOP ]:(4109)trade is not allowed in the expert properties EURUSD lot=0.01 price=1.06128 slippage=3 sl=1.06172 tp=1.06040 comment= exp=1492123501
0	22:33:45.590	ax_adv_033_2 GBPUSD,M5: GBPUSD [SELLSTOP ]:(4109)trade is not allowed in the expert properties GBPUSD lot=0.01 price=1.24999 slippage=3 sl=1.25067 tp=1.24863 comment= exp=1492123801
0	22:33:45.591	ax_adv_033_2 EURUSD,M5: EURUSD [SELLSTOP ]:(4109)trade is not allowed in the expert properties EURUSD lot=0.01 price=1.06132 slippage=3 sl=1.06182 tp=1.06032 comment= exp=1492123801
0	22:33:49.817	ax_adv_033_2 USDJPY,M5: USDJPY [BUYSTOP ]:(4109)trade is not allowed in the expert properties USDJPY lot=0.01 price=109.162 slippage=3 sl=109.106 tp=109.274 comment= exp=1492123805
0	22:38:46.449	ax_adv_033_2 USDJPY,M5: USDJPY [BUYSTOP ]:(4109)trade is not allowed in the expert properties USDJPY lot=0.01 price=109.133 slippage=3 sl=109.087 tp=109.225 comment= exp=1492124102
0	22:38:46.454	ax_adv_033_2 EURUSD,M5: EURUSD [SELLSTOP ]:(4109)trade is not allowed in the expert properties EURUSD lot=0.01 price=1.06139 slippage=3 sl=1.06184 tp=1.06049 comment= exp=1492124102
0	22:38:47.256	ax_adv_033_2 GBPUSD,M5: GBPUSD [SELLSTOP ]:(4109)trade is not allowed in the expert properties GBPUSD lot=0.01 price=1.25008 slippage=3 sl=1.25060 tp=1.24904 comment= exp=1492124103
0	22:43:45.967	ax_adv_033_2 GBPUSD,M5: GBPUSD [SELLSTOP ]:(4109)trade is not allowed in the expert properties GBPUSD lot=0.01 price=1.25028 slippage=3 sl=1.25073 tp=1.24938 comment= exp=1492124401
0	22:43:46.574	ax_adv_033_2 USDJPY,M5: USDJPY [BUYSTOP ]:(4109)trade is not allowed in the expert properties USDJPY lot=0.01 price=109.117 slippage=3 sl=109.041 tp=109.269 comment= exp=1492124402
0	22:43:47.779	ax_adv_033_2 EURUSD,M5: EURUSD [SELLSTOP ]:(4109)trade is not allowed in the expert properties EURUSD lot=0.01 price=1.06155 slippage=3 sl=1.06197 tp=1.06071 comment= exp=1492124403
0	22:48:45.264	ax_adv_033_2 USDJPY,M5: USDJPY [BUYSTOP ]:(4109)trade is not allowed in the expert properties USDJPY lot=0.01 price=109.178 slippage=3 sl=109.067 tp=109.400 comment= exp=1492124701
0	22:48:45.266	ax_adv_033_2 EURUSD,M5: EURUSD [SELLSTOP ]:(4109)trade is not allowed in the expert properties EURUSD lot=0.01 price=1.06140 slippage=3 sl=1.06208 tp=1.06004 comment= exp=1492124701
0	22:48:45.459	ax_adv_033_2 GBPUSD,M5: GBPUSD [SELLSTOP ]:(4109)trade is not allowed in the expert properties GBPUSD lot=0.01 price=1.25026 slippage=3 sl=1.25096 tp=1.24886 comment= exp=1492124701
0	22:53:45.320	ax_adv_033_2 GBPUSD,M5: GBPUSD [SELLSTOP ]:(4109)trade is not allowed in the expert properties GBPUSD lot=0.01 price=1.25024 slippage=3 sl=1.25086 tp=1.24900 comment= exp=1492125001
0	22:53:45.323	ax_adv_033_2 USDJPY,M5: USDJPY [BUYSTOP ]:(4109)trade is not allowed in the expert properties USDJPY lot=0.01 price=109.154 slippage=3 sl=109.094 tp=109.274 comment= exp=1492125001
0	22:58:45.276	ax_adv_033_2 GBPUSD,M5: GBPUSD [SELLSTOP ]:(4109)trade is not allowed in the expert properties GBPUSD lot=0.01 price=1.25023 slippage=3 sl=1.25095 tp=1.24879 comment= exp=1492125301
0	23:03:45.157	ax_adv_033_2 GBPUSD,M5: GBPUSD [SELLSTOP ]:(4109)trade is not allowed in the expert properties GBPUSD lot=0.01 price=1.24996 slippage=3 sl=1.25067 tp=1.24854 comment= exp=1492125601
0	23:08:46.098	ax_adv_033_2 USDJPY,M5: USDJPY [SELLSTOP ]:(4109)trade is not allowed in the expert properties USDJPY lot=0.01 price=109.081 slippage=3 sl=109.139 tp=108.965 comment= exp=1492125902
0	23:13:53.122	ax_adv_033_2 USDJPY,M5: USDJPY [SELLSTOP ]:(4109)trade is not allowed in the expert properties USDJPY lot=0.01 price=109.100 slippage=3 sl=109.189 tp=108.922 comment= exp=1492126209
0	23:18:45.276	ax_adv_033_2 USDJPY,M5: USDJPY [SELLSTOP ]:(4109)trade is not allowed in the expert properties USDJPY lot=0.01 price=109.128 slippage=3 sl=109.180 tp=109.024 comment= exp=1492126501
0	23:24:29.787	ax_adv_033_2 USDJPY,M5: USDJPY [SELLSTOP ]:(4109)trade is not allowed in the expert properties USDJPY lot=0.01 price=109.137 slippage=3 sl=109.179 tp=109.053 comment= exp=1492126845
0	23:28:45.210	ax_adv_033_2 GBPUSD,M5: GBPUSD [SELLSTOP ]:(4109)trade is not allowed in the expert properties GBPUSD lot=0.01 price=1.24997 slippage=3 sl=1.25047 tp=1.24897 comment= exp=1492127101
0	23:43:45.171	ax_adv_033_2 EURUSD,M5: EURUSD [SELLSTOP ]:(4109)trade is not allowed in the expert properties EURUSD lot=0.01 price=1.06099 slippage=3 sl=1.06148 tp=1.06001 comment= exp=1492128001
0	23:48:45.320	ax_adv_033_2 EURUSD,M5: EURUSD [SELLSTOP ]:(4109)trade is not allowed in the expert properties EURUSD lot=0.01 price=1.06096 slippage=3 sl=1.06145 tp=1.05998 comment= exp=1492128301
0	23:53:46.323	ax_adv_033_2 EURUSD,M5: EURUSD [SELLSTOP ]:(4109)trade is not allowed in the expert properties EURUSD lot=0.01 price=1.06087 slippage=3 sl=1.06139 tp=1.05983 comment= exp=1492128602
0	23:58:45.404	ax_adv_033_2 EURUSD,M5: EURUSD [SELLSTOP ]:(4109)trade is not allowed in the expert properties EURUSD lot=0.01 price=1.06095 slippage=3 sl=1.06147 tp=1.05991 comment= exp=1492128901
